This file contains any messages produced by compilers while
running configure, to aid debugging if configure makes a mistake.

It was created by GNU C Library configure (see version.h), which was
generated by GNU Autoconf 2.68.  Invocation command line was

  $ ./configure --prefix=/home/anushruth/experiment/sysroot/ --target=arm-linux-androideabi --with-gmp=/home/anushruth/experiment/sysroot/ --with-mpfr=/home/anushruth/experiment/sysroot/ --host=arm-linux-androideabi --disable-shared CC=/home/anushruth/tools/android-ndk-r10d/toolchains/arm-linux-androideabi-4.6/prebuilt/linux-x86_64/bin/arm-linux-androideabi-gcc CXX=/home/anushruth/tools/android-ndk-r10d/toolchains/arm-linux-androideabi-4.6/prebuilt/linux-x86_64/bin/arm-linux-androideabi-g++ LDFLAGS=--sysroot=/home/anushruth/tools/android-ndk-r10d/platforms/android-9/arch-arm/ CFLAGS=-g -O2 --sysroot=/home/anushruth/tools/android-ndk-r10b/platforms/android-9/arch-arm/usr/ -I/home/anushruth/tools/android-ndk-r10b/platforms/android-9/arch-arm/usr/include

## --------- ##
## Platform. ##
## --------- ##

hostname = work
uname -m = x86_64
uname -r = 3.13.0-43-generic
uname -s = Linux
uname -v = #72-Ubuntu SMP Mon Dec 8 19:35:06 UTC 2014

/usr/bin/uname -p = unknown
/bin/uname -X     = unknown

/bin/arch              = unknown
/usr/bin/arch -k       = unknown
/usr/convex/getsysinfo = unknown
/usr/bin/hostinfo      = unknown
/bin/machine           = unknown
/usr/bin/oslevel       = unknown
/bin/universe          = unknown

PATH: /usr/lib/jvm/java-6-sun/bin
PATH: /home/anushruth/bin
PATH: /usr/local/sbin
PATH: /usr/local/bin
PATH: /usr/sbin
PATH: /usr/bin
PATH: /sbin
PATH: /bin
PATH: /usr/games
PATH: /usr/local/games
PATH: /usr/java/jdk1.6.0_45/bin
PATH: /usr/java/jdk1.6.0_45/jre/bin
PATH: /home/anushruth/ws/jb_built/android_fs/out/host/linux-x86/bin
PATH: /home/anushruth/ws/jb_built/android_fs/prebuilts/gcc/linux-x86/arm/arm-linux-androideabi-4.6/bin
PATH: /home/anushruth/ws/jb_built/android_fs/prebuilts/gcc/linux-x86/x86/i686-android-linux-4.4.3/bin
PATH: /home/anushruth/ws/jb_built/android_fs/development/emulator/qtools
PATH: /home/anushruth/ws/jb_built/android_fs/prebuilts/gcc/linux-x86/arm/arm-linux-androideabi-4.6/bin
PATH: /home/anushruth/ws/jb_built/android_fs/prebuilts/gcc/linux-x86/arm/arm-eabi-4.6/bin
PATH: /home/anushruth/ws/jb_built/android_fs/development/scripts


## ----------- ##
## Core tests. ##
## ----------- ##

configure:2343: checking build system type
configure:2357: result: x86_64-unknown-linux-gnu
configure:2377: checking host system type
configure:2390: result: arm-unknown-linux-androideabi
configure:2419: checking for arm-linux-androideabi-gcc
configure:2446: result: /home/anushruth/tools/android-ndk-r10d/toolchains/arm-linux-androideabi-4.6/prebuilt/linux-x86_64/bin/arm-linux-androideabi-gcc
configure:2715: checking for C compiler version
configure:2724: /home/anushruth/tools/android-ndk-r10d/toolchains/arm-linux-androideabi-4.6/prebuilt/linux-x86_64/bin/arm-linux-androideabi-gcc --version >&5
arm-linux-androideabi-gcc (GCC) 4.6 20120106 (prerelease)
Copyright (C) 2011 Free Software Foundation, Inc.
This is free software; see the source for copying conditions.  There is NO
warranty; not even for MERCHANTABILITY or FITNESS FOR A PARTICULAR PURPOSE.

configure:2735: $? = 0
configure:2724: /home/anushruth/tools/android-ndk-r10d/toolchains/arm-linux-androideabi-4.6/prebuilt/linux-x86_64/bin/arm-linux-androideabi-gcc -v >&5
Using built-in specs.
COLLECT_GCC=/home/anushruth/tools/android-ndk-r10d/toolchains/arm-linux-androideabi-4.6/prebuilt/linux-x86_64/bin/arm-linux-androideabi-gcc
COLLECT_LTO_WRAPPER=/home/anushruth/tools/android-ndk-r10d/toolchains/arm-linux-androideabi-4.6/prebuilt/linux-x86_64/bin/../libexec/gcc/arm-linux-androideabi/4.6/lto-wrapper
Target: arm-linux-androideabi
Configured with: /s/ndk-toolchain/src/build/../gcc/gcc-4.6/configure --prefix=/tmp/ndk-andrewhsieh/build/toolchain/prefix --target=arm-linux-androideabi --host=x86_64-linux-gnu --build=x86_64-linux-gnu --with-gnu-as --with-gnu-ld --enable-languages=c,c++ --with-gmp=/tmp/ndk-andrewhsieh/build/toolchain/temp-install --with-mpfr=/tmp/ndk-andrewhsieh/build/toolchain/temp-install --with-mpc=/tmp/ndk-andrewhsieh/build/toolchain/temp-install --with-cloog=/tmp/ndk-andrewhsieh/build/toolchain/temp-install --with-isl=/tmp/ndk-andrewhsieh/build/toolchain/temp-install --with-ppl=/tmp/ndk-andrewhsieh/build/toolchain/temp-install --disable-ppl-version-check --disable-cloog-version-check --disable-isl-version-check --enable-cloog-backend=isl --with-host-libstdcxx='-static-libgcc -Wl,-Bstatic,-lstdc++,-Bdynamic -lm' --disable-libssp --enable-threads --disable-nls --disable-libmudflap --disable-libgomp --disable-libstdc__-v3 --disable-sjlj-exceptions --disable-shared --disable-tls --disable-libitm --with-float=soft --with-fpu=vfp --with-arch=armv5te --enable-target-optspace --enable-initfini-array --disable-nls --prefix=/tmp/ndk-andrewhsieh/build/toolchain/prefix --with-sysroot=/tmp/ndk-andrewhsieh/build/toolchain/prefix/sysroot --with-binutils-version=2.21 --with-mpfr-version=3.1.1 --with-mpc-version=1.0.1 --with-gmp-version=5.0.5 --with-gcc-version=4.6 --with-gdb-version=7.3.x --with-python=/usr/local/google/home/andrewhsieh/mydroid/ndk/prebuilt/linux-x86_64/bin/python-config.sh --with-gxx-include-dir=/tmp/ndk-andrewhsieh/build/toolchain/prefix/include/c++/4.6 --with-bugurl=http://source.android.com/source/report-bugs.html --enable-languages=c,c++ --disable-bootstrap --enable-plugins --enable-libgomp --disable-libsanitizer --enable-gold --enable-graphite=yes --with-cloog-version=0.18.0 --with-ppl-version=1.0 --enable-eh-frame-hdr-for-static --with-arch=armv5te --program-transform-name='s&^&arm-linux-androideabi-&' --enable-gold=default
Thread model: posix
gcc version 4.6 20120106 (prerelease) (GCC) 
configure:2735: $? = 0
configure:2724: /home/anushruth/tools/android-ndk-r10d/toolchains/arm-linux-androideabi-4.6/prebuilt/linux-x86_64/bin/arm-linux-androideabi-gcc -V >&5
arm-linux-androideabi-gcc: error: unrecognized option '-V'
arm-linux-androideabi-gcc: fatal error: no input files
compilation terminated.
configure:2735: $? = 1
configure:2724: /home/anushruth/tools/android-ndk-r10d/toolchains/arm-linux-androideabi-4.6/prebuilt/linux-x86_64/bin/arm-linux-androideabi-gcc -qversion >&5
arm-linux-androideabi-gcc: error: unrecognized option '-qversion'
arm-linux-androideabi-gcc: fatal error: no input files
compilation terminated.
configure:2735: $? = 1
configure:2740: checking for suffix of object files
configure:2762: /home/anushruth/tools/android-ndk-r10d/toolchains/arm-linux-androideabi-4.6/prebuilt/linux-x86_64/bin/arm-linux-androideabi-gcc -c -g -O2 --sysroot=/home/anushruth/tools/android-ndk-r10b/platforms/android-9/arch-arm/usr/ -I/home/anushruth/tools/android-ndk-r10b/platforms/android-9/arch-arm/usr/include  conftest.c >&5
configure:2766: $? = 0
configure:2787: result: o
configure:2791: checking whether we are using the GNU C compiler
configure:2810: /home/anushruth/tools/android-ndk-r10d/toolchains/arm-linux-androideabi-4.6/prebuilt/linux-x86_64/bin/arm-linux-androideabi-gcc -c -g -O2 --sysroot=/home/anushruth/tools/android-ndk-r10b/platforms/android-9/arch-arm/usr/ -I/home/anushruth/tools/android-ndk-r10b/platforms/android-9/arch-arm/usr/include  conftest.c >&5
configure:2810: $? = 0
configure:2819: result: yes
configure:2828: checking whether /home/anushruth/tools/android-ndk-r10d/toolchains/arm-linux-androideabi-4.6/prebuilt/linux-x86_64/bin/arm-linux-androideabi-gcc accepts -g
configure:2848: /home/anushruth/tools/android-ndk-r10d/toolchains/arm-linux-androideabi-4.6/prebuilt/linux-x86_64/bin/arm-linux-androideabi-gcc -c -g  conftest.c >&5
configure:2848: $? = 0
configure:2889: result: yes
configure:2918: checking for gcc
configure:2934: found /usr/bin/gcc
configure:2945: result: gcc
configure:3079: checking for C++ compiler version
configure:3088: /home/anushruth/tools/android-ndk-r10d/toolchains/arm-linux-androideabi-4.6/prebuilt/linux-x86_64/bin/arm-linux-androideabi-g++ --version >&5
arm-linux-androideabi-g++ (GCC) 4.6 20120106 (prerelease)
Copyright (C) 2011 Free Software Foundation, Inc.
This is free software; see the source for copying conditions.  There is NO
warranty; not even for MERCHANTABILITY or FITNESS FOR A PARTICULAR PURPOSE.

configure:3099: $? = 0
configure:3088: /home/anushruth/tools/android-ndk-r10d/toolchains/arm-linux-androideabi-4.6/prebuilt/linux-x86_64/bin/arm-linux-androideabi-g++ -v >&5
Using built-in specs.
COLLECT_GCC=/home/anushruth/tools/android-ndk-r10d/toolchains/arm-linux-androideabi-4.6/prebuilt/linux-x86_64/bin/arm-linux-androideabi-g++
COLLECT_LTO_WRAPPER=/home/anushruth/tools/android-ndk-r10d/toolchains/arm-linux-androideabi-4.6/prebuilt/linux-x86_64/bin/../libexec/gcc/arm-linux-androideabi/4.6/lto-wrapper
Target: arm-linux-androideabi
Configured with: /s/ndk-toolchain/src/build/../gcc/gcc-4.6/configure --prefix=/tmp/ndk-andrewhsieh/build/toolchain/prefix --target=arm-linux-androideabi --host=x86_64-linux-gnu --build=x86_64-linux-gnu --with-gnu-as --with-gnu-ld --enable-languages=c,c++ --with-gmp=/tmp/ndk-andrewhsieh/build/toolchain/temp-install --with-mpfr=/tmp/ndk-andrewhsieh/build/toolchain/temp-install --with-mpc=/tmp/ndk-andrewhsieh/build/toolchain/temp-install --with-cloog=/tmp/ndk-andrewhsieh/build/toolchain/temp-install --with-isl=/tmp/ndk-andrewhsieh/build/toolchain/temp-install --with-ppl=/tmp/ndk-andrewhsieh/build/toolchain/temp-install --disable-ppl-version-check --disable-cloog-version-check --disable-isl-version-check --enable-cloog-backend=isl --with-host-libstdcxx='-static-libgcc -Wl,-Bstatic,-lstdc++,-Bdynamic -lm' --disable-libssp --enable-threads --disable-nls --disable-libmudflap --disable-libgomp --disable-libstdc__-v3 --disable-sjlj-exceptions --disable-shared --disable-tls --disable-libitm --with-float=soft --with-fpu=vfp --with-arch=armv5te --enable-target-optspace --enable-initfini-array --disable-nls --prefix=/tmp/ndk-andrewhsieh/build/toolchain/prefix --with-sysroot=/tmp/ndk-andrewhsieh/build/toolchain/prefix/sysroot --with-binutils-version=2.21 --with-mpfr-version=3.1.1 --with-mpc-version=1.0.1 --with-gmp-version=5.0.5 --with-gcc-version=4.6 --with-gdb-version=7.3.x --with-python=/usr/local/google/home/andrewhsieh/mydroid/ndk/prebuilt/linux-x86_64/bin/python-config.sh --with-gxx-include-dir=/tmp/ndk-andrewhsieh/build/toolchain/prefix/include/c++/4.6 --with-bugurl=http://source.android.com/source/report-bugs.html --enable-languages=c,c++ --disable-bootstrap --enable-plugins --enable-libgomp --disable-libsanitizer --enable-gold --enable-graphite=yes --with-cloog-version=0.18.0 --with-ppl-version=1.0 --enable-eh-frame-hdr-for-static --with-arch=armv5te --program-transform-name='s&^&arm-linux-androideabi-&' --enable-gold=default
Thread model: posix
gcc version 4.6 20120106 (prerelease) (GCC) 
configure:3099: $? = 0
configure:3088: /home/anushruth/tools/android-ndk-r10d/toolchains/arm-linux-androideabi-4.6/prebuilt/linux-x86_64/bin/arm-linux-androideabi-g++ -V >&5
arm-linux-androideabi-g++: error: unrecognized option '-V'
arm-linux-androideabi-g++: fatal error: no input files
compilation terminated.
configure:3099: $? = 1
configure:3088: /home/anushruth/tools/android-ndk-r10d/toolchains/arm-linux-androideabi-4.6/prebuilt/linux-x86_64/bin/arm-linux-androideabi-g++ -qversion >&5
arm-linux-androideabi-g++: error: unrecognized option '-qversion'
arm-linux-androideabi-g++: fatal error: no input files
compilation terminated.
configure:3099: $? = 1
configure:3103: checking whether we are using the GNU C++ compiler
configure:3122: /home/anushruth/tools/android-ndk-r10d/toolchains/arm-linux-androideabi-4.6/prebuilt/linux-x86_64/bin/arm-linux-androideabi-g++ -c   conftest.cpp >&5
configure:3122: $? = 0
configure:3131: result: yes
configure:3140: checking whether /home/anushruth/tools/android-ndk-r10d/toolchains/arm-linux-androideabi-4.6/prebuilt/linux-x86_64/bin/arm-linux-androideabi-g++ accepts -g
configure:3160: /home/anushruth/tools/android-ndk-r10d/toolchains/arm-linux-androideabi-4.6/prebuilt/linux-x86_64/bin/arm-linux-androideabi-g++ -c -g  conftest.cpp >&5
configure:3160: $? = 0
configure:3201: result: yes
configure:3227: checking for arm-linux-androideabi-readelf
configure:3257: result: no
configure:3267: checking for readelf
configure:3283: found /usr/bin/readelf
configure:3294: result: readelf
configure:3318: error: you must configure in a separate build directory

## ---------------- ##
## Cache variables. ##
## ---------------- ##

ac_cv_build=x86_64-unknown-linux-gnu
ac_cv_c_compiler_gnu=yes
ac_cv_cxx_compiler_gnu=yes
ac_cv_env_CCC_set=
ac_cv_env_CCC_value=
ac_cv_env_CC_set=set
ac_cv_env_CC_value=/home/anushruth/tools/android-ndk-r10d/toolchains/arm-linux-androideabi-4.6/prebuilt/linux-x86_64/bin/arm-linux-androideabi-gcc
ac_cv_env_CFLAGS_set=set
ac_cv_env_CFLAGS_value='-g -O2 --sysroot=/home/anushruth/tools/android-ndk-r10b/platforms/android-9/arch-arm/usr/ -I/home/anushruth/tools/android-ndk-r10b/platforms/android-9/arch-arm/usr/include'
ac_cv_env_CPPFLAGS_set=
ac_cv_env_CPPFLAGS_value=
ac_cv_env_CPP_set=
ac_cv_env_CPP_value=
ac_cv_env_CXXFLAGS_set=
ac_cv_env_CXXFLAGS_value=
ac_cv_env_CXX_set=set
ac_cv_env_CXX_value=/home/anushruth/tools/android-ndk-r10d/toolchains/arm-linux-androideabi-4.6/prebuilt/linux-x86_64/bin/arm-linux-androideabi-g++
ac_cv_env_LDFLAGS_set=set
ac_cv_env_LDFLAGS_value=--sysroot=/home/anushruth/tools/android-ndk-r10d/platforms/android-9/arch-arm/
ac_cv_env_LIBS_set=
ac_cv_env_LIBS_value=
ac_cv_env_build_alias_set=
ac_cv_env_build_alias_value=
ac_cv_env_host_alias_set=set
ac_cv_env_host_alias_value=arm-linux-androideabi
ac_cv_env_target_alias_set=set
ac_cv_env_target_alias_value=arm-linux-androideabi
ac_cv_host=arm-unknown-linux-androideabi
ac_cv_objext=o
ac_cv_prog_BUILD_CC=gcc
ac_cv_prog_CC=/home/anushruth/tools/android-ndk-r10d/toolchains/arm-linux-androideabi-4.6/prebuilt/linux-x86_64/bin/arm-linux-androideabi-gcc
ac_cv_prog_ac_ct_READELF=readelf
ac_cv_prog_cc_g=yes
ac_cv_prog_cxx_g=yes

## ----------------- ##
## Output variables. ##
## ----------------- ##

AR=''
AS=''
ASFLAGS_config=''
AUTOCONF=''
AWK=''
BASH_SHELL=''
BISON=''
BUILD_CC='gcc'
CC='/home/anushruth/tools/android-ndk-r10d/toolchains/arm-linux-androideabi-4.6/prebuilt/linux-x86_64/bin/arm-linux-androideabi-gcc'
CFLAGS='-g -O2 --sysroot=/home/anushruth/tools/android-ndk-r10b/platforms/android-9/arch-arm/usr/ -I/home/anushruth/tools/android-ndk-r10b/platforms/android-9/arch-arm/usr/include'
CPP='/home/anushruth/tools/android-ndk-r10d/toolchains/arm-linux-androideabi-4.6/prebuilt/linux-x86_64/bin/arm-linux-androideabi-gcc -E'
CPPFLAGS=''
CPPUNDEFS=''
CXX='/home/anushruth/tools/android-ndk-r10d/toolchains/arm-linux-androideabi-4.6/prebuilt/linux-x86_64/bin/arm-linux-androideabi-g++'
CXXFLAGS='-g -O2'
CXX_SYSINCLUDES=''
DEFINES=''
DEFS=''
ECHO_C=''
ECHO_N='-n'
ECHO_T=''
INSTALL_DATA=''
INSTALL_INFO=''
INSTALL_PROGRAM=''
INSTALL_SCRIPT=''
LD=''
LDFLAGS='--sysroot=/home/anushruth/tools/android-ndk-r10d/platforms/android-9/arch-arm/'
LIBGD=''
LIBOBJS=''
LIBS=''
LN_S=''
LTLIBOBJS=''
MAKE=''
MAKEINFO=''
MSGFMT=''
NM=''
OBJCOPY=''
OBJDUMP=''
OBJEXT='o'
PACKAGE_BUGREPORT='http://sourceware.org/bugzilla/'
PACKAGE_NAME='GNU C Library'
PACKAGE_STRING='GNU C Library (see version.h)'
PACKAGE_TARNAME='glibc'
PACKAGE_URL='http://www.gnu.org/software/glibc/'
PACKAGE_VERSION='(see version.h)'
PATH_SEPARATOR=':'
PERL=''
PKGVERSION='(GNU libc) '
PKGVERSION_TEXI='(GNU libc) '
READELF='readelf'
RELEASE=''
REPORT_BUGS_TEXI='@uref{http://www.gnu.org/software/libc/bugs.html}'
REPORT_BUGS_TO='<http://www.gnu.org/software/libc/bugs.html>'
SED=''
SHELL='/bin/bash'
SYSINCLUDES=''
VERSION=''
ac_ct_CC=''
ac_ct_CXX=''
add_on_subdirs=''
add_ons=''
all_warnings=''
base_machine=''
bindir='${exec_prefix}/bin'
bindnow=''
build='x86_64-unknown-linux-gnu'
build_alias=''
build_cpu='x86_64'
build_nscd=''
build_os='linux-gnu'
build_pt_chown=''
build_vendor='unknown'
cross_compiling='maybe'
datadir='${datarootdir}'
datarootdir='${prefix}/share'
docdir='${datarootdir}/doc/${PACKAGE_TARNAME}'
dvidir='${docdir}'
enable_lock_elision=''
exceptions=''
exec_prefix='NONE'
fno_unit_at_a_time=''
force_install=''
gnu89_inline=''
hardcoded_path_in_tests=''
have_libaudit=''
have_libcap=''
have_selinux=''
host='arm-unknown-linux-androideabi'
host_alias='arm-linux-androideabi'
host_cpu='arm'
host_os='linux-androideabi'
host_vendor='unknown'
htmldir='${docdir}'
includedir='${prefix}/include'
infodir='${datarootdir}/info'
ldd_rewrite_script=''
libc_cv_Bgroup=''
libc_cv_cc_loop_to_function=''
libc_cv_cc_nofma=''
libc_cv_cc_submachine=''
libc_cv_cc_with_libunwind=''
libc_cv_forced_unwind=''
libc_cv_fpie=''
libc_cv_gcc_static_libgcc=''
libc_cv_gcc_unwind_find_fde=''
libc_cv_hashstyle=''
libc_cv_localedir=''
libc_cv_localstatedir=''
libc_cv_nss_crypt=''
libc_cv_output_format=''
libc_cv_pic_default=''
libc_cv_rootsbindir=''
libc_cv_rtlddir=''
libc_cv_slibdir=''
libc_cv_ssp=''
libc_cv_sysconfdir=''
libc_cv_z_combreloc=''
libc_cv_z_execstack=''
libc_extra_cflags=''
libc_extra_cppflags=''
libdir='${exec_prefix}/lib'
libexecdir='${exec_prefix}/libexec'
link_obsolete_rpc=''
localedir='${datarootdir}/locale'
localstatedir='${prefix}/var'
mach_interface_list=''
mandir='${datarootdir}/man'
multi_arch=''
old_glibc_headers=''
oldest_abi=''
oldincludedir='/usr/include'
pdfdir='${docdir}'
prefix='/home/anushruth/experiment/sysroot'
profile=''
program_transform_name='s,x,x,'
psdir='${docdir}'
sbindir='${exec_prefix}/sbin'
shared=''
sharedstatedir='${prefix}/com'
sizeof_long_double=''
static=''
static_nss=''
subdirs=' '
submachine=''
sysconfdir='${prefix}/etc'
sysdeps_add_ons=''
sysheaders=''
sysnames=''
target_alias='arm-linux-androideabi'
use_default_link=''
use_ldconfig=''
use_nscd=''
with_fp=''

## ----------- ##
## confdefs.h. ##
## ----------- ##

/* confdefs.h */
#define PACKAGE_NAME "GNU C Library"
#define PACKAGE_TARNAME "glibc"
#define PACKAGE_VERSION "(see version.h)"
#define PACKAGE_STRING "GNU C Library (see version.h)"
#define PACKAGE_BUGREPORT "http://sourceware.org/bugzilla/"
#define PACKAGE_URL "http://www.gnu.org/software/glibc/"
#define PKGVERSION "(GNU libc) "
#define REPORT_BUGS_TO "<http://www.gnu.org/software/libc/bugs.html>"

configure: exit 1
