This file contains any messages produced by compilers while
running configure, to aid debugging if configure makes a mistake.

It was created by LTO plugin for ld configure 0.1, which was
generated by GNU Autoconf 2.64.  Invocation command line was

  $ /Users/regnarts/Documents/experiment/gcc/lto-plugin/configure --cache-file=./config.cache --with-system-zlib --prefix=/Users/regnarts/Documents/experiment/sysroot --with-gmp=/Users/regnarts/Documents/experiment/sysroot --with-mpfr=/Users/regnarts/Documents/experiment/sysroot --without-headers --with-newlib --disable-decimal-float --disable-libgomp --disable-libmudflap --disable-libssp --disable-libatomic --disable-libitm --disable-libsanitizer --disable-libquadmath --disable-threads --disable-multilib --disable-target-zlib --with-system-zlib --enable-languages=c,c++,lto --program-transform-name=s,y,y, --disable-option-checking --build=i386-apple-darwin14.0.0 --host=arm-linux-androideabi --target=arm-linux-androideabi --srcdir=../../gcc/lto-plugin --enable-shared

## --------- ##
## Platform. ##
## --------- ##

hostname = Anushruths-MacBook-Air.local
uname -m = x86_64
uname -r = 14.0.0
uname -s = Darwin
uname -v = Darwin Kernel Version 14.0.0: Fri Sep 19 00:26:44 PDT 2014; root:xnu-2782.1.97~2/RELEASE_X86_64

/usr/bin/uname -p = i386
/bin/uname -X     = unknown

/bin/arch              = unknown
/usr/bin/arch -k       = unknown
/usr/convex/getsysinfo = unknown
/usr/bin/hostinfo      = Mach kernel version:
	 Darwin Kernel Version 14.0.0: Fri Sep 19 00:26:44 PDT 2014; root:xnu-2782.1.97~2/RELEASE_X86_64
Kernel configured for up to 4 processors.
2 processors are physically available.
4 processors are logically available.
Processor type: x86_64h (Intel x86-64h Haswell)
Processors active: 0 1 2 3
Primary memory available: 4.00 gigabytes
Default processor set: 219 tasks, 815 threads, 4 processors
Load average: 5.25, Mach factor: 0.84
/bin/machine           = unknown
/usr/bin/oslevel       = unknown
/bin/universe          = unknown

PATH: /opt/local/bin
PATH: /opt/local/sbin
PATH: /opt/local/bin
PATH: /opt/local/sbin
PATH: /usr/bin
PATH: /bin
PATH: /usr/sbin
PATH: /sbin
PATH: /usr/local/bin
PATH: /usr/android/android-ndk-r10b
PATH: /usr/android/adt-bundle-mac-x86_64-20140702/sdk/platform-tools


## ----------- ##
## Core tests. ##
## ----------- ##

configure:2135: creating cache ./config.cache
configure:2238: checking build system type
configure:2252: result: i386-apple-darwin14.0.0
configure:2272: checking host system type
configure:2285: result: arm-unknown-linux-androideabi
configure:2305: checking target system type
configure:2318: result: arm-unknown-linux-androideabi
configure:2406: checking for a BSD-compatible install
configure:2474: result: /usr/bin/install -c
configure:2485: checking whether build environment is sane
configure:2535: result: yes
configure:2584: checking for arm-linux-androideabi-strip
configure:2614: result: no
configure:2624: checking for strip
configure:2640: found /usr/bin/strip
configure:2651: result: strip
configure:2663: WARNING: using cross tools not prefixed with host triplet
configure:2676: checking for a thread-safe mkdir -p
configure:2715: result: ../../gcc/lto-plugin/../install-sh -c -d
configure:2728: checking for gawk
configure:2755: result: awk
configure:2766: checking whether /Applications/Xcode.app/Contents/Developer/usr/bin/make sets $(MAKE)
configure:2788: result: yes
configure:2869: checking whether to enable maintainer-specific portions of Makefiles
configure:2878: result: no
configure:2899: checking for arm-linux-androideabi-gcc
configure:2926: result: /usr/android/android-ndk-r10b/toolchains/arm-linux-androideabi-4.8/prebuilt/darwin-x86_64/bin/arm-linux-androideabi-gcc
configure:3195: checking for C compiler version
configure:3204: /usr/android/android-ndk-r10b/toolchains/arm-linux-androideabi-4.8/prebuilt/darwin-x86_64/bin/arm-linux-androideabi-gcc --version >&5
arm-linux-androideabi-gcc (GCC) 4.8
Copyright (C) 2013 Free Software Foundation, Inc.
This is free software; see the source for copying conditions.  There is NO
warranty; not even for MERCHANTABILITY or FITNESS FOR A PARTICULAR PURPOSE.

configure:3215: $? = 0
configure:3204: /usr/android/android-ndk-r10b/toolchains/arm-linux-androideabi-4.8/prebuilt/darwin-x86_64/bin/arm-linux-androideabi-gcc -v >&5
Using built-in specs.
COLLECT_GCC=/usr/android/android-ndk-r10b/toolchains/arm-linux-androideabi-4.8/prebuilt/darwin-x86_64/bin/arm-linux-androideabi-gcc
COLLECT_LTO_WRAPPER=/usr/android/android-ndk-r10b/toolchains/arm-linux-androideabi-4.8/prebuilt/darwin-x86_64/bin/../libexec/gcc/arm-linux-androideabi/4.8/lto-wrapper
Target: arm-linux-androideabi
Configured with: /s/ndk-toolchain/src/build/../gcc/gcc-4.8/configure --prefix=/tmp/ndk-User/build/toolchain/prefix --target=arm-linux-androideabi --host=x86_64-apple-darwin --build=x86_64-apple-darwin --with-gnu-as --with-gnu-ld --enable-languages=c,c++ --with-gmp=/tmp/ndk-User/build/toolchain/temp-install --with-mpfr=/tmp/ndk-User/build/toolchain/temp-install --with-mpc=/tmp/ndk-User/build/toolchain/temp-install --with-cloog=/tmp/ndk-User/build/toolchain/temp-install --with-isl=/tmp/ndk-User/build/toolchain/temp-install --with-ppl=/tmp/ndk-User/build/toolchain/temp-install --disable-ppl-version-check --disable-cloog-version-check --disable-isl-version-check --enable-cloog-backend=isl --with-host-libstdcxx='-static-libgcc -lstdc++ -lm' --disable-libssp --enable-threads --disable-nls --disable-libmudflap --disable-libgomp --disable-libstdc__-v3 --disable-sjlj-exceptions --disable-shared --disable-tls --disable-libitm --with-float=soft --with-fpu=vfp --with-arch=armv5te --enable-target-optspace --enable-initfini-array --disable-nls --prefix=/tmp/ndk-User/build/toolchain/prefix --with-sysroot=/tmp/ndk-User/build/toolchain/prefix/sysroot --with-binutils-version=2.24 --with-mpfr-version=3.1.1 --with-mpc-version=1.0.1 --with-gmp-version=5.0.5 --with-gcc-version=4.8 --with-gdb-version=7.6 --with-python=/Users/User/mydroid/ndk/prebuilt/darwin-x86_64/bin/python-config.sh --with-gxx-include-dir=/tmp/ndk-User/build/toolchain/prefix/include/c++/4.8 --with-bugurl=http://source.android.com/source/report-bugs.html --disable-bootstrap --disable-libquadmath --enable-plugins --enable-libgomp --disable-libsanitizer --enable-gold --enable-graphite=yes --with-cloog-version=0.18.0 --with-isl-version=0.11.1 --enable-eh-frame-hdr-for-static --with-arch=armv5te --program-transform-name='s&^&arm-linux-androideabi-&' --enable-gold=default
Thread model: posix
gcc version 4.8 (GCC) 
configure:3215: $? = 0
configure:3204: /usr/android/android-ndk-r10b/toolchains/arm-linux-androideabi-4.8/prebuilt/darwin-x86_64/bin/arm-linux-androideabi-gcc -V >&5
arm-linux-androideabi-gcc: error: unrecognized command line option '-V'
arm-linux-androideabi-gcc: fatal error: no input files
compilation terminated.
configure:3215: $? = 1
configure:3204: /usr/android/android-ndk-r10b/toolchains/arm-linux-androideabi-4.8/prebuilt/darwin-x86_64/bin/arm-linux-androideabi-gcc -qversion >&5
arm-linux-androideabi-gcc: error: unrecognized command line option '-qversion'
arm-linux-androideabi-gcc: fatal error: no input files
compilation terminated.
configure:3215: $? = 1
configure:3235: checking for C compiler default output file name
configure:3257: /usr/android/android-ndk-r10b/toolchains/arm-linux-androideabi-4.8/prebuilt/darwin-x86_64/bin/arm-linux-androideabi-gcc -g -O2 -I/usr/android/android-ndk-r10b/platforms/android-9/arch-arm/usr/include/ --sysroot=/usr/android/android-ndk-r10b/platforms/android-9/arch-arm   -L/usr/android/android-ndk-r10b/platforms/android-9/arch-arm/usr/lib/ conftest.c  >&5
configure:3261: $? = 0
configure:3298: result: a.out
configure:3314: checking whether the C compiler works
configure:3342: result: yes
configure:3349: checking whether we are cross compiling
configure:3351: result: yes
configure:3354: checking for suffix of executables
configure:3361: /usr/android/android-ndk-r10b/toolchains/arm-linux-androideabi-4.8/prebuilt/darwin-x86_64/bin/arm-linux-androideabi-gcc -o conftest -g -O2 -I/usr/android/android-ndk-r10b/platforms/android-9/arch-arm/usr/include/ --sysroot=/usr/android/android-ndk-r10b/platforms/android-9/arch-arm   -L/usr/android/android-ndk-r10b/platforms/android-9/arch-arm/usr/lib/ conftest.c  >&5
configure:3365: $? = 0
configure:3387: result: 
configure:3393: checking for suffix of object files
configure:3415: /usr/android/android-ndk-r10b/toolchains/arm-linux-androideabi-4.8/prebuilt/darwin-x86_64/bin/arm-linux-androideabi-gcc -c -g -O2 -I/usr/android/android-ndk-r10b/platforms/android-9/arch-arm/usr/include/ --sysroot=/usr/android/android-ndk-r10b/platforms/android-9/arch-arm  conftest.c >&5
configure:3419: $? = 0
configure:3440: result: o
configure:3444: checking whether we are using the GNU C compiler
configure:3463: /usr/android/android-ndk-r10b/toolchains/arm-linux-androideabi-4.8/prebuilt/darwin-x86_64/bin/arm-linux-androideabi-gcc -c -g -O2 -I/usr/android/android-ndk-r10b/platforms/android-9/arch-arm/usr/include/ --sysroot=/usr/android/android-ndk-r10b/platforms/android-9/arch-arm  conftest.c >&5
configure:3463: $? = 0
configure:3472: result: yes
configure:3481: checking whether /usr/android/android-ndk-r10b/toolchains/arm-linux-androideabi-4.8/prebuilt/darwin-x86_64/bin/arm-linux-androideabi-gcc accepts -g
configure:3501: /usr/android/android-ndk-r10b/toolchains/arm-linux-androideabi-4.8/prebuilt/darwin-x86_64/bin/arm-linux-androideabi-gcc -c -g  conftest.c >&5
configure:3501: $? = 0
configure:3542: result: yes
configure:3559: checking for /usr/android/android-ndk-r10b/toolchains/arm-linux-androideabi-4.8/prebuilt/darwin-x86_64/bin/arm-linux-androideabi-gcc option to accept ISO C89
configure:3623: /usr/android/android-ndk-r10b/toolchains/arm-linux-androideabi-4.8/prebuilt/darwin-x86_64/bin/arm-linux-androideabi-gcc  -c -g -O2 -I/usr/android/android-ndk-r10b/platforms/android-9/arch-arm/usr/include/ --sysroot=/usr/android/android-ndk-r10b/platforms/android-9/arch-arm  conftest.c >&5
configure:3623: $? = 0
configure:3636: result: none needed
configure:3667: checking for style of include used by /Applications/Xcode.app/Contents/Developer/usr/bin/make
configure:3695: result: GNU
configure:3720: checking dependency style of /usr/android/android-ndk-r10b/toolchains/arm-linux-androideabi-4.8/prebuilt/darwin-x86_64/bin/arm-linux-androideabi-gcc
configure:3830: result: gcc3
configure:3853: checking for special C compiler options needed for large files
configure:3898: result: no
configure:3904: checking for _FILE_OFFSET_BITS value needed for large files
configure:3929: /usr/android/android-ndk-r10b/toolchains/arm-linux-androideabi-4.8/prebuilt/darwin-x86_64/bin/arm-linux-androideabi-gcc -c -g -O2 -I/usr/android/android-ndk-r10b/platforms/android-9/arch-arm/usr/include/ --sysroot=/usr/android/android-ndk-r10b/platforms/android-9/arch-arm  conftest.c >&5
conftest.c:17:3: warning: left shift count >= width of type [enabled by default]
   int off_t_is_large[(LARGE_OFF_T % 2147483629 == 721
   ^
conftest.c:17:3: warning: left shift count >= width of type [enabled by default]
conftest.c:18:10: warning: left shift count >= width of type [enabled by default]
          && LARGE_OFF_T % 2147483647 == 1)
          ^
conftest.c:18:10: warning: left shift count >= width of type [enabled by default]
conftest.c:17:7: error: variably modified 'off_t_is_large' at file scope
   int off_t_is_large[(LARGE_OFF_T % 2147483629 == 721
       ^
configure:3929: $? = 1
configure: failed program was:
| /* confdefs.h */
| #define PACKAGE_NAME "LTO plugin for ld"
| #define PACKAGE_TARNAME "lto-plugin"
| #define PACKAGE_VERSION "0.1"
| #define PACKAGE_STRING "LTO plugin for ld 0.1"
| #define PACKAGE_BUGREPORT ""
| #define PACKAGE_URL ""
| #define PACKAGE "lto-plugin"
| #define VERSION "0.1"
| /* end confdefs.h.  */
| #include <sys/types.h>
|  /* Check that off_t can represent 2**63 - 1 correctly.
|     We can't simply define LARGE_OFF_T to be 9223372036854775807,
|     since some C++ compilers masquerading as C compilers
|     incorrectly reject 9223372036854775807.  */
| #define LARGE_OFF_T (((off_t) 1 << 62) - 1 + ((off_t) 1 << 62))
|   int off_t_is_large[(LARGE_OFF_T % 2147483629 == 721
| 		       && LARGE_OFF_T % 2147483647 == 1)
| 		      ? 1 : -1];
| int
| main ()
| {
| 
|   ;
|   return 0;
| }
configure:3953: /usr/android/android-ndk-r10b/toolchains/arm-linux-androideabi-4.8/prebuilt/darwin-x86_64/bin/arm-linux-androideabi-gcc -c -g -O2 -I/usr/android/android-ndk-r10b/platforms/android-9/arch-arm/usr/include/ --sysroot=/usr/android/android-ndk-r10b/platforms/android-9/arch-arm  conftest.c >&5
conftest.c:18:3: warning: left shift count >= width of type [enabled by default]
   int off_t_is_large[(LARGE_OFF_T % 2147483629 == 721
   ^
conftest.c:18:3: warning: left shift count >= width of type [enabled by default]
conftest.c:19:10: warning: left shift count >= width of type [enabled by default]
          && LARGE_OFF_T % 2147483647 == 1)
          ^
conftest.c:19:10: warning: left shift count >= width of type [enabled by default]
conftest.c:18:7: error: variably modified 'off_t_is_large' at file scope
   int off_t_is_large[(LARGE_OFF_T % 2147483629 == 721
       ^
configure:3953: $? = 1
configure: failed program was:
| /* confdefs.h */
| #define PACKAGE_NAME "LTO plugin for ld"
| #define PACKAGE_TARNAME "lto-plugin"
| #define PACKAGE_VERSION "0.1"
| #define PACKAGE_STRING "LTO plugin for ld 0.1"
| #define PACKAGE_BUGREPORT ""
| #define PACKAGE_URL ""
| #define PACKAGE "lto-plugin"
| #define VERSION "0.1"
| /* end confdefs.h.  */
| #define _FILE_OFFSET_BITS 64
| #include <sys/types.h>
|  /* Check that off_t can represent 2**63 - 1 correctly.
|     We can't simply define LARGE_OFF_T to be 9223372036854775807,
|     since some C++ compilers masquerading as C compilers
|     incorrectly reject 9223372036854775807.  */
| #define LARGE_OFF_T (((off_t) 1 << 62) - 1 + ((off_t) 1 << 62))
|   int off_t_is_large[(LARGE_OFF_T % 2147483629 == 721
| 		       && LARGE_OFF_T % 2147483647 == 1)
| 		      ? 1 : -1];
| int
| main ()
| {
| 
|   ;
|   return 0;
| }
configure:3961: result: unknown
configure:3973: checking for _LARGE_FILES value needed for large files
configure:3998: /usr/android/android-ndk-r10b/toolchains/arm-linux-androideabi-4.8/prebuilt/darwin-x86_64/bin/arm-linux-androideabi-gcc -c -g -O2 -I/usr/android/android-ndk-r10b/platforms/android-9/arch-arm/usr/include/ --sysroot=/usr/android/android-ndk-r10b/platforms/android-9/arch-arm  conftest.c >&5
conftest.c:17:3: warning: left shift count >= width of type [enabled by default]
   int off_t_is_large[(LARGE_OFF_T % 2147483629 == 721
   ^
conftest.c:17:3: warning: left shift count >= width of type [enabled by default]
conftest.c:18:10: warning: left shift count >= width of type [enabled by default]
          && LARGE_OFF_T % 2147483647 == 1)
          ^
conftest.c:18:10: warning: left shift count >= width of type [enabled by default]
conftest.c:17:7: error: variably modified 'off_t_is_large' at file scope
   int off_t_is_large[(LARGE_OFF_T % 2147483629 == 721
       ^
configure:3998: $? = 1
configure: failed program was:
| /* confdefs.h */
| #define PACKAGE_NAME "LTO plugin for ld"
| #define PACKAGE_TARNAME "lto-plugin"
| #define PACKAGE_VERSION "0.1"
| #define PACKAGE_STRING "LTO plugin for ld 0.1"
| #define PACKAGE_BUGREPORT ""
| #define PACKAGE_URL ""
| #define PACKAGE "lto-plugin"
| #define VERSION "0.1"
| /* end confdefs.h.  */
| #include <sys/types.h>
|  /* Check that off_t can represent 2**63 - 1 correctly.
|     We can't simply define LARGE_OFF_T to be 9223372036854775807,
|     since some C++ compilers masquerading as C compilers
|     incorrectly reject 9223372036854775807.  */
| #define LARGE_OFF_T (((off_t) 1 << 62) - 1 + ((off_t) 1 << 62))
|   int off_t_is_large[(LARGE_OFF_T % 2147483629 == 721
| 		       && LARGE_OFF_T % 2147483647 == 1)
| 		      ? 1 : -1];
| int
| main ()
| {
| 
|   ;
|   return 0;
| }
configure:4022: /usr/android/android-ndk-r10b/toolchains/arm-linux-androideabi-4.8/prebuilt/darwin-x86_64/bin/arm-linux-androideabi-gcc -c -g -O2 -I/usr/android/android-ndk-r10b/platforms/android-9/arch-arm/usr/include/ --sysroot=/usr/android/android-ndk-r10b/platforms/android-9/arch-arm  conftest.c >&5
conftest.c:18:3: warning: left shift count >= width of type [enabled by default]
   int off_t_is_large[(LARGE_OFF_T % 2147483629 == 721
   ^
conftest.c:18:3: warning: left shift count >= width of type [enabled by default]
conftest.c:19:10: warning: left shift count >= width of type [enabled by default]
          && LARGE_OFF_T % 2147483647 == 1)
          ^
conftest.c:19:10: warning: left shift count >= width of type [enabled by default]
conftest.c:18:7: error: variably modified 'off_t_is_large' at file scope
   int off_t_is_large[(LARGE_OFF_T % 2147483629 == 721
       ^
configure:4022: $? = 1
configure: failed program was:
| /* confdefs.h */
| #define PACKAGE_NAME "LTO plugin for ld"
| #define PACKAGE_TARNAME "lto-plugin"
| #define PACKAGE_VERSION "0.1"
| #define PACKAGE_STRING "LTO plugin for ld 0.1"
| #define PACKAGE_BUGREPORT ""
| #define PACKAGE_URL ""
| #define PACKAGE "lto-plugin"
| #define VERSION "0.1"
| /* end confdefs.h.  */
| #define _LARGE_FILES 1
| #include <sys/types.h>
|  /* Check that off_t can represent 2**63 - 1 correctly.
|     We can't simply define LARGE_OFF_T to be 9223372036854775807,
|     since some C++ compilers masquerading as C compilers
|     incorrectly reject 9223372036854775807.  */
| #define LARGE_OFF_T (((off_t) 1 << 62) - 1 + ((off_t) 1 << 62))
|   int off_t_is_large[(LARGE_OFF_T % 2147483629 == 721
| 		       && LARGE_OFF_T % 2147483647 == 1)
| 		      ? 1 : -1];
| int
| main ()
| {
| 
|   ;
|   return 0;
| }
configure:4030: result: unknown
configure:4049: checking whether /usr/android/android-ndk-r10b/toolchains/arm-linux-androideabi-4.8/prebuilt/darwin-x86_64/bin/arm-linux-androideabi-gcc supports -Wall
configure:4066: /usr/android/android-ndk-r10b/toolchains/arm-linux-androideabi-4.8/prebuilt/darwin-x86_64/bin/arm-linux-androideabi-gcc -c -Wall  conftest.c >&5
configure:4066: $? = 0
configure:4075: result: yes
configure:4129: checking how to print strings
configure:4156: result: printf
configure:4177: checking for a sed that does not truncate output
configure:4241: result: /usr/bin/sed
configure:4259: checking for grep that handles long lines and -e
configure:4317: result: /usr/bin/grep
configure:4322: checking for egrep
configure:4384: result: /usr/bin/grep -E
configure:4389: checking for fgrep
configure:4451: result: /usr/bin/grep -F
configure:4486: checking for ld used by /usr/android/android-ndk-r10b/toolchains/arm-linux-androideabi-4.8/prebuilt/darwin-x86_64/bin/arm-linux-androideabi-gcc
configure:4553: result: /usr/android/android-ndk-r10b/toolchains/arm-linux-androideabi-4.8/prebuilt/darwin-x86_64/bin/../lib/gcc/arm-linux-androideabi/4.8/../../../../arm-linux-androideabi/bin/ld
configure:4560: checking if the linker (/usr/android/android-ndk-r10b/toolchains/arm-linux-androideabi-4.8/prebuilt/darwin-x86_64/bin/../lib/gcc/arm-linux-androideabi/4.8/../../../../arm-linux-androideabi/bin/ld) is GNU ld
configure:4575: result: yes
configure:4587: checking for BSD- or MS-compatible name lister (nm)
configure:4636: result: /usr/android/android-ndk-r10b/toolchains/arm-linux-androideabi-4.8/prebuilt/darwin-x86_64/bin/arm-linux-androideabi-nm
configure:4766: checking the name lister (/usr/android/android-ndk-r10b/toolchains/arm-linux-androideabi-4.8/prebuilt/darwin-x86_64/bin/arm-linux-androideabi-nm) interface
configure:4773: /usr/android/android-ndk-r10b/toolchains/arm-linux-androideabi-4.8/prebuilt/darwin-x86_64/bin/arm-linux-androideabi-gcc -c -g -O2 -I/usr/android/android-ndk-r10b/platforms/android-9/arch-arm/usr/include/ --sysroot=/usr/android/android-ndk-r10b/platforms/android-9/arch-arm  conftest.c >&5
configure:4776: /usr/android/android-ndk-r10b/toolchains/arm-linux-androideabi-4.8/prebuilt/darwin-x86_64/bin/arm-linux-androideabi-nm "conftest.o"
configure:4779: output
00000000 B some_variable
configure:4786: result: BSD nm
configure:4789: checking whether ln -s works
configure:4793: result: yes
configure:4801: checking the maximum length of command line arguments
configure:4926: result: 196608
configure:4943: checking whether the shell understands some XSI constructs
configure:4953: result: yes
configure:4957: checking whether the shell understands "+="
configure:4963: result: yes
configure:4998: checking for /usr/android/android-ndk-r10b/toolchains/arm-linux-androideabi-4.8/prebuilt/darwin-x86_64/bin/../lib/gcc/arm-linux-androideabi/4.8/../../../../arm-linux-androideabi/bin/ld option to reload object files
configure:5005: result: -r
configure:5034: checking for arm-linux-androideabi-objdump
configure:5061: result: arm-linux-androideabi-objdump
configure:5133: checking how to recognize dependent libraries
configure:5334: result: pass_all
configure:5354: checking for arm-linux-androideabi-ar
configure:5381: result: /usr/android/android-ndk-r10b/toolchains/arm-linux-androideabi-4.8/prebuilt/darwin-x86_64/bin/arm-linux-androideabi-ar
configure:5459: checking for arm-linux-androideabi-strip
configure:5486: result: strip
configure:5558: checking for arm-linux-androideabi-ranlib
configure:5585: result: /usr/android/android-ndk-r10b/toolchains/arm-linux-androideabi-4.8/prebuilt/darwin-x86_64/bin/arm-linux-androideabi-ranlib
configure:5727: checking command to parse /usr/android/android-ndk-r10b/toolchains/arm-linux-androideabi-4.8/prebuilt/darwin-x86_64/bin/arm-linux-androideabi-nm output from /usr/android/android-ndk-r10b/toolchains/arm-linux-androideabi-4.8/prebuilt/darwin-x86_64/bin/arm-linux-androideabi-gcc object
configure:5845: /usr/android/android-ndk-r10b/toolchains/arm-linux-androideabi-4.8/prebuilt/darwin-x86_64/bin/arm-linux-androideabi-gcc -c -g -O2 -I/usr/android/android-ndk-r10b/platforms/android-9/arch-arm/usr/include/ --sysroot=/usr/android/android-ndk-r10b/platforms/android-9/arch-arm  conftest.c >&5
configure:5848: $? = 0
configure:5852: /usr/android/android-ndk-r10b/toolchains/arm-linux-androideabi-4.8/prebuilt/darwin-x86_64/bin/arm-linux-androideabi-nm conftest.o \| sed -n -e 's/^.*[ ]\([ABCDGIRSTW][ABCDGIRSTW]*\)[ ][ ]*\([_A-Za-z][_A-Za-z0-9]*\)$/\1 \2 \2/p' \> conftest.nm
configure:5855: $? = 0
configure:5909: /usr/android/android-ndk-r10b/toolchains/arm-linux-androideabi-4.8/prebuilt/darwin-x86_64/bin/arm-linux-androideabi-gcc -o conftest -g -O2 -I/usr/android/android-ndk-r10b/platforms/android-9/arch-arm/usr/include/ --sysroot=/usr/android/android-ndk-r10b/platforms/android-9/arch-arm   -L/usr/android/android-ndk-r10b/platforms/android-9/arch-arm/usr/lib/ conftest.c conftstm.o >&5
configure:5912: $? = 0
configure:5950: result: ok
configure:6788: checking how to run the C preprocessor
configure:6819: /usr/android/android-ndk-r10b/toolchains/arm-linux-androideabi-4.8/prebuilt/darwin-x86_64/bin/arm-linux-androideabi-gcc -E  conftest.c
In file included from /usr/android/android-ndk-r10b/toolchains/arm-linux-androideabi-4.8/prebuilt/darwin-x86_64/lib/gcc/arm-linux-androideabi/4.8/include-fixed/syslimits.h:7:0,
                 from /usr/android/android-ndk-r10b/toolchains/arm-linux-androideabi-4.8/prebuilt/darwin-x86_64/lib/gcc/arm-linux-androideabi/4.8/include-fixed/limits.h:34,
                 from conftest.c:12:
/usr/android/android-ndk-r10b/toolchains/arm-linux-androideabi-4.8/prebuilt/darwin-x86_64/lib/gcc/arm-linux-androideabi/4.8/include-fixed/limits.h:168:61: error: no include path in which to search for limits.h
 #include_next <limits.h>  /* recurse down to the real one */
                                                             ^
configure:6819: $? = 1
configure: failed program was:
| /* confdefs.h */
| #define PACKAGE_NAME "LTO plugin for ld"
| #define PACKAGE_TARNAME "lto-plugin"
| #define PACKAGE_VERSION "0.1"
| #define PACKAGE_STRING "LTO plugin for ld 0.1"
| #define PACKAGE_BUGREPORT ""
| #define PACKAGE_URL ""
| #define PACKAGE "lto-plugin"
| #define VERSION "0.1"
| /* end confdefs.h.  */
| #ifdef __STDC__
| # include <limits.h>
| #else
| # include <assert.h>
| #endif
| 		     Syntax error
configure:6819: /usr/android/android-ndk-r10b/toolchains/arm-linux-androideabi-4.8/prebuilt/darwin-x86_64/bin/arm-linux-androideabi-gcc -E  conftest.c
In file included from /usr/android/android-ndk-r10b/toolchains/arm-linux-androideabi-4.8/prebuilt/darwin-x86_64/lib/gcc/arm-linux-androideabi/4.8/include-fixed/syslimits.h:7:0,
                 from /usr/android/android-ndk-r10b/toolchains/arm-linux-androideabi-4.8/prebuilt/darwin-x86_64/lib/gcc/arm-linux-androideabi/4.8/include-fixed/limits.h:34,
                 from conftest.c:12:
/usr/android/android-ndk-r10b/toolchains/arm-linux-androideabi-4.8/prebuilt/darwin-x86_64/lib/gcc/arm-linux-androideabi/4.8/include-fixed/limits.h:168:61: error: no include path in which to search for limits.h
 #include_next <limits.h>  /* recurse down to the real one */
                                                             ^
configure:6819: $? = 1
configure: failed program was:
| /* confdefs.h */
| #define PACKAGE_NAME "LTO plugin for ld"
| #define PACKAGE_TARNAME "lto-plugin"
| #define PACKAGE_VERSION "0.1"
| #define PACKAGE_STRING "LTO plugin for ld 0.1"
| #define PACKAGE_BUGREPORT ""
| #define PACKAGE_URL ""
| #define PACKAGE "lto-plugin"
| #define VERSION "0.1"
| /* end confdefs.h.  */
| #ifdef __STDC__
| # include <limits.h>
| #else
| # include <assert.h>
| #endif
| 		     Syntax error
configure:6819: /usr/android/android-ndk-r10b/toolchains/arm-linux-androideabi-4.8/prebuilt/darwin-x86_64/bin/arm-linux-androideabi-gcc -E -traditional-cpp  conftest.c
conftest.c:14:0: fatal error: assert.h: No such file or directory
 # include <assert.h>
 ^
compilation terminated.
configure:6819: $? = 1
configure: failed program was:
| /* confdefs.h */
| #define PACKAGE_NAME "LTO plugin for ld"
| #define PACKAGE_TARNAME "lto-plugin"
| #define PACKAGE_VERSION "0.1"
| #define PACKAGE_STRING "LTO plugin for ld 0.1"
| #define PACKAGE_BUGREPORT ""
| #define PACKAGE_URL ""
| #define PACKAGE "lto-plugin"
| #define VERSION "0.1"
| /* end confdefs.h.  */
| #ifdef __STDC__
| # include <limits.h>
| #else
| # include <assert.h>
| #endif
| 		     Syntax error
configure:6819: /usr/android/android-ndk-r10b/toolchains/arm-linux-androideabi-4.8/prebuilt/darwin-x86_64/bin/arm-linux-androideabi-gcc -E -traditional-cpp  conftest.c
conftest.c:14:0: fatal error: assert.h: No such file or directory
 # include <assert.h>
 ^
compilation terminated.
configure:6819: $? = 1
configure: failed program was:
| /* confdefs.h */
| #define PACKAGE_NAME "LTO plugin for ld"
| #define PACKAGE_TARNAME "lto-plugin"
| #define PACKAGE_VERSION "0.1"
| #define PACKAGE_STRING "LTO plugin for ld 0.1"
| #define PACKAGE_BUGREPORT ""
| #define PACKAGE_URL ""
| #define PACKAGE "lto-plugin"
| #define VERSION "0.1"
| /* end confdefs.h.  */
| #ifdef __STDC__
| # include <limits.h>
| #else
| # include <assert.h>
| #endif
| 		     Syntax error
configure:6819: /lib/cpp  conftest.c
configure:6819: $? = 0
configure:6833: /lib/cpp  conftest.c
conftest.c:11:10: fatal error: 'ac_nonexistent.h' file not found
#include <ac_nonexistent.h>
         ^
1 error generated.
configure:6833: $? = 1
configure: failed program was:
| /* confdefs.h */
| #define PACKAGE_NAME "LTO plugin for ld"
| #define PACKAGE_TARNAME "lto-plugin"
| #define PACKAGE_VERSION "0.1"
| #define PACKAGE_STRING "LTO plugin for ld 0.1"
| #define PACKAGE_BUGREPORT ""
| #define PACKAGE_URL ""
| #define PACKAGE "lto-plugin"
| #define VERSION "0.1"
| /* end confdefs.h.  */
| #include <ac_nonexistent.h>
configure:6858: result: /lib/cpp
configure:6878: /lib/cpp  conftest.c
configure:6878: $? = 0
configure:6892: /lib/cpp  conftest.c
conftest.c:11:10: fatal error: 'ac_nonexistent.h' file not found
#include <ac_nonexistent.h>
         ^
1 error generated.
configure:6892: $? = 1
configure: failed program was:
| /* confdefs.h */
| #define PACKAGE_NAME "LTO plugin for ld"
| #define PACKAGE_TARNAME "lto-plugin"
| #define PACKAGE_VERSION "0.1"
| #define PACKAGE_STRING "LTO plugin for ld 0.1"
| #define PACKAGE_BUGREPORT ""
| #define PACKAGE_URL ""
| #define PACKAGE "lto-plugin"
| #define VERSION "0.1"
| /* end confdefs.h.  */
| #include <ac_nonexistent.h>
configure:6921: checking for ANSI C header files
configure:6941: /usr/android/android-ndk-r10b/toolchains/arm-linux-androideabi-4.8/prebuilt/darwin-x86_64/bin/arm-linux-androideabi-gcc -c -g -O2 -I/usr/android/android-ndk-r10b/platforms/android-9/arch-arm/usr/include/ --sysroot=/usr/android/android-ndk-r10b/platforms/android-9/arch-arm  conftest.c >&5
configure:6941: $? = 0
In file included from conftest.c:11:
In file included from /usr/include/string.h:63:
In file included from /usr/include/Availability.h:151:
/usr/include/AvailabilityInternal.h:5614:10: error: unterminated conditional directive
        #if __MAC_OS_X_VERSION_MIN_REQUIRED >= __MAC_10_7
         ^
/usr/include/AvailabilityInternal.h:5583:10: error: unterminated conditional directive
        #if __MAC_OS_X_VERSION_MIN_REQUIRED >= __MAC_10_6
         ^
/usr/include/AvailabilityInternal.h:5556:10: error: unterminated conditional directive
        #if __MAC_OS_X_VERSION_MIN_REQUIRED >= __MAC_10_5
         ^
/usr/include/AvailabilityInternal.h:5533:10: error: unterminated conditional directive
        #if __MAC_OS_X_VERSION_MIN_REQUIRED >= __MAC_10_4
         ^
/usr/include/AvailabilityInternal.h:5514:10: error: unterminated conditional directive
        #if __MAC_OS_X_VERSION_MIN_REQUIRED >= __MAC_10_3
         ^
/usr/include/AvailabilityInternal.h:5499:10: error: unterminated conditional directive
        #if __MAC_OS_X_VERSION_MIN_REQUIRED >= __MAC_10_2
         ^
/usr/include/AvailabilityInternal.h:5488:10: error: unterminated conditional directive
        #if __MAC_OS_X_VERSION_MIN_REQUIRED >= __MAC_10_1
         ^
/usr/include/AvailabilityInternal.h:58:2: error: unterminated conditional directive
#ifdef __IPHONE_OS_VERSION_MIN_REQUIRED
 ^
/usr/include/AvailabilityInternal.h:30:2: error: unterminated conditional directive
#ifndef __AVAILABILITY_INTERNAL__
 ^
In file included from conftest.c:11:
In file included from /usr/include/string.h:63:
/usr/include/Availability.h:197:2: error: #else without #if
#else
 ^
/usr/include/Availability.h:200:2: error: #endif without #if
#endif
 ^
/usr/include/Availability.h:206:2: error: #endif without #if
#endif /* __AVAILABILITY__ */
 ^
In file included from conftest.c:11:
In file included from /usr/include/string.h:176:
In file included from /usr/include/strings.h:64:
/usr/include/Availability.h:197:2: error: #else without #if
#else
 ^
/usr/include/Availability.h:200:2: error: #endif without #if
#endif
 ^
/usr/include/Availability.h:206:2: error: #endif without #if
#endif /* __AVAILABILITY__ */
 ^
In file included from conftest.c:11:
In file included from /usr/include/string.h:186:
In file included from /usr/include/secure/_string.h:31:
/usr/include/Availability.h:197:2: error: #else without #if
#else
 ^
/usr/include/Availability.h:200:2: error: #endif without #if
#endif
 ^
/usr/include/Availability.h:206:2: error: #endif without #if
#endif /* __AVAILABILITY__ */
 ^
18 errors generated.
In file included from conftest.c:11:
In file included from /usr/include/stdlib.h:61:
In file included from /usr/include/Availability.h:151:
/usr/include/AvailabilityInternal.h:5614:10: error: unterminated conditional directive
        #if __MAC_OS_X_VERSION_MIN_REQUIRED >= __MAC_10_7
         ^
/usr/include/AvailabilityInternal.h:5583:10: error: unterminated conditional directive
        #if __MAC_OS_X_VERSION_MIN_REQUIRED >= __MAC_10_6
         ^
/usr/include/AvailabilityInternal.h:5556:10: error: unterminated conditional directive
        #if __MAC_OS_X_VERSION_MIN_REQUIRED >= __MAC_10_5
         ^
/usr/include/AvailabilityInternal.h:5533:10: error: unterminated conditional directive
        #if __MAC_OS_X_VERSION_MIN_REQUIRED >= __MAC_10_4
         ^
/usr/include/AvailabilityInternal.h:5514:10: error: unterminated conditional directive
        #if __MAC_OS_X_VERSION_MIN_REQUIRED >= __MAC_10_3
         ^
/usr/include/AvailabilityInternal.h:5499:10: error: unterminated conditional directive
        #if __MAC_OS_X_VERSION_MIN_REQUIRED >= __MAC_10_2
         ^
/usr/include/AvailabilityInternal.h:5488:10: error: unterminated conditional directive
        #if __MAC_OS_X_VERSION_MIN_REQUIRED >= __MAC_10_1
         ^
/usr/include/AvailabilityInternal.h:58:2: error: unterminated conditional directive
#ifdef __IPHONE_OS_VERSION_MIN_REQUIRED
 ^
/usr/include/AvailabilityInternal.h:30:2: error: unterminated conditional directive
#ifndef __AVAILABILITY_INTERNAL__
 ^
In file included from conftest.c:11:
In file included from /usr/include/stdlib.h:61:
/usr/include/Availability.h:197:2: error: #else without #if
#else
 ^
/usr/include/Availability.h:200:2: error: #endif without #if
#endif
 ^
/usr/include/Availability.h:206:2: error: #endif without #if
#endif /* __AVAILABILITY__ */
 ^
In file included from conftest.c:11:
In file included from /usr/include/stdlib.h:65:
In file included from /usr/include/sys/wait.h:110:
In file included from /usr/include/sys/resource.h:75:
/usr/include/Availability.h:197:2: error: #else without #if
#else
 ^
/usr/include/Availability.h:200:2: error: #endif without #if
#endif
 ^
/usr/include/Availability.h:206:2: error: #endif without #if
#endif /* __AVAILABILITY__ */
 ^
15 errors generated.
configure:7025: result: yes
configure:7038: checking for sys/types.h
configure:7038: /usr/android/android-ndk-r10b/toolchains/arm-linux-androideabi-4.8/prebuilt/darwin-x86_64/bin/arm-linux-androideabi-gcc -c -g -O2 -I/usr/android/android-ndk-r10b/platforms/android-9/arch-arm/usr/include/ --sysroot=/usr/android/android-ndk-r10b/platforms/android-9/arch-arm  conftest.c >&5
configure:7038: $? = 0
configure:7038: result: yes
configure:7038: checking for sys/stat.h
configure:7038: /usr/android/android-ndk-r10b/toolchains/arm-linux-androideabi-4.8/prebuilt/darwin-x86_64/bin/arm-linux-androideabi-gcc -c -g -O2 -I/usr/android/android-ndk-r10b/platforms/android-9/arch-arm/usr/include/ --sysroot=/usr/android/android-ndk-r10b/platforms/android-9/arch-arm  conftest.c >&5
configure:7038: $? = 0
configure:7038: result: yes
configure:7038: checking for stdlib.h
configure:7038: /usr/android/android-ndk-r10b/toolchains/arm-linux-androideabi-4.8/prebuilt/darwin-x86_64/bin/arm-linux-androideabi-gcc -c -g -O2 -I/usr/android/android-ndk-r10b/platforms/android-9/arch-arm/usr/include/ --sysroot=/usr/android/android-ndk-r10b/platforms/android-9/arch-arm  conftest.c >&5
configure:7038: $? = 0
configure:7038: result: yes
configure:7038: checking for string.h
configure:7038: /usr/android/android-ndk-r10b/toolchains/arm-linux-androideabi-4.8/prebuilt/darwin-x86_64/bin/arm-linux-androideabi-gcc -c -g -O2 -I/usr/android/android-ndk-r10b/platforms/android-9/arch-arm/usr/include/ --sysroot=/usr/android/android-ndk-r10b/platforms/android-9/arch-arm  conftest.c >&5
configure:7038: $? = 0
configure:7038: result: yes
configure:7038: checking for memory.h
configure:7038: /usr/android/android-ndk-r10b/toolchains/arm-linux-androideabi-4.8/prebuilt/darwin-x86_64/bin/arm-linux-androideabi-gcc -c -g -O2 -I/usr/android/android-ndk-r10b/platforms/android-9/arch-arm/usr/include/ --sysroot=/usr/android/android-ndk-r10b/platforms/android-9/arch-arm  conftest.c >&5
configure:7038: $? = 0
configure:7038: result: yes
configure:7038: checking for strings.h
configure:7038: /usr/android/android-ndk-r10b/toolchains/arm-linux-androideabi-4.8/prebuilt/darwin-x86_64/bin/arm-linux-androideabi-gcc -c -g -O2 -I/usr/android/android-ndk-r10b/platforms/android-9/arch-arm/usr/include/ --sysroot=/usr/android/android-ndk-r10b/platforms/android-9/arch-arm  conftest.c >&5
configure:7038: $? = 0
configure:7038: result: yes
configure:7038: checking for inttypes.h
configure:7038: /usr/android/android-ndk-r10b/toolchains/arm-linux-androideabi-4.8/prebuilt/darwin-x86_64/bin/arm-linux-androideabi-gcc -c -g -O2 -I/usr/android/android-ndk-r10b/platforms/android-9/arch-arm/usr/include/ --sysroot=/usr/android/android-ndk-r10b/platforms/android-9/arch-arm  conftest.c >&5
configure:7038: $? = 0
configure:7038: result: yes
configure:7038: checking for stdint.h
configure:7038: /usr/android/android-ndk-r10b/toolchains/arm-linux-androideabi-4.8/prebuilt/darwin-x86_64/bin/arm-linux-androideabi-gcc -c -g -O2 -I/usr/android/android-ndk-r10b/platforms/android-9/arch-arm/usr/include/ --sysroot=/usr/android/android-ndk-r10b/platforms/android-9/arch-arm  conftest.c >&5
configure:7038: $? = 0
configure:7038: result: yes
configure:7038: checking for unistd.h
configure:7038: /usr/android/android-ndk-r10b/toolchains/arm-linux-androideabi-4.8/prebuilt/darwin-x86_64/bin/arm-linux-androideabi-gcc -c -g -O2 -I/usr/android/android-ndk-r10b/platforms/android-9/arch-arm/usr/include/ --sysroot=/usr/android/android-ndk-r10b/platforms/android-9/arch-arm  conftest.c >&5
configure:7038: $? = 0
configure:7038: result: yes
configure:7053: checking for dlfcn.h
configure:7053: /usr/android/android-ndk-r10b/toolchains/arm-linux-androideabi-4.8/prebuilt/darwin-x86_64/bin/arm-linux-androideabi-gcc -c -g -O2 -I/usr/android/android-ndk-r10b/platforms/android-9/arch-arm/usr/include/ --sysroot=/usr/android/android-ndk-r10b/platforms/android-9/arch-arm  conftest.c >&5
configure:7053: $? = 0
configure:7053: result: yes
configure:7240: checking for objdir
configure:7255: result: .libs
configure:7526: checking if /usr/android/android-ndk-r10b/toolchains/arm-linux-androideabi-4.8/prebuilt/darwin-x86_64/bin/arm-linux-androideabi-gcc supports -fno-rtti -fno-exceptions
configure:7544: /usr/android/android-ndk-r10b/toolchains/arm-linux-androideabi-4.8/prebuilt/darwin-x86_64/bin/arm-linux-androideabi-gcc -c -g -O2 -I/usr/android/android-ndk-r10b/platforms/android-9/arch-arm/usr/include/ --sysroot=/usr/android/android-ndk-r10b/platforms/android-9/arch-arm  -fno-rtti -fno-exceptions conftest.c >&5
cc1: warning: command line option '-fno-rtti' is valid for C++/ObjC++ but not for C [enabled by default]
configure:7548: $? = 0
configure:7561: result: no
configure:7581: checking for /usr/android/android-ndk-r10b/toolchains/arm-linux-androideabi-4.8/prebuilt/darwin-x86_64/bin/arm-linux-androideabi-gcc option to produce PIC
configure:7866: result: -fPIC -DPIC
configure:7878: checking if /usr/android/android-ndk-r10b/toolchains/arm-linux-androideabi-4.8/prebuilt/darwin-x86_64/bin/arm-linux-androideabi-gcc PIC flag -fPIC -DPIC works
configure:7896: /usr/android/android-ndk-r10b/toolchains/arm-linux-androideabi-4.8/prebuilt/darwin-x86_64/bin/arm-linux-androideabi-gcc -c -g -O2 -I/usr/android/android-ndk-r10b/platforms/android-9/arch-arm/usr/include/ --sysroot=/usr/android/android-ndk-r10b/platforms/android-9/arch-arm  -fPIC -DPIC -DPIC conftest.c >&5
configure:7900: $? = 0
configure:7913: result: yes
configure:7937: checking if /usr/android/android-ndk-r10b/toolchains/arm-linux-androideabi-4.8/prebuilt/darwin-x86_64/bin/arm-linux-androideabi-gcc static flag -static works
configure:7965: result: yes
configure:7980: checking if /usr/android/android-ndk-r10b/toolchains/arm-linux-androideabi-4.8/prebuilt/darwin-x86_64/bin/arm-linux-androideabi-gcc supports -c -o file.o
configure:8001: /usr/android/android-ndk-r10b/toolchains/arm-linux-androideabi-4.8/prebuilt/darwin-x86_64/bin/arm-linux-androideabi-gcc -c -g -O2 -I/usr/android/android-ndk-r10b/platforms/android-9/arch-arm/usr/include/ --sysroot=/usr/android/android-ndk-r10b/platforms/android-9/arch-arm  -o out/conftest2.o conftest.c >&5
configure:8005: $? = 0
configure:8027: result: yes
configure:8035: checking if /usr/android/android-ndk-r10b/toolchains/arm-linux-androideabi-4.8/prebuilt/darwin-x86_64/bin/arm-linux-androideabi-gcc supports -c -o file.o
configure:8082: result: yes
configure:8115: checking whether the /usr/android/android-ndk-r10b/toolchains/arm-linux-androideabi-4.8/prebuilt/darwin-x86_64/bin/arm-linux-androideabi-gcc linker (/usr/android/android-ndk-r10b/toolchains/arm-linux-androideabi-4.8/prebuilt/darwin-x86_64/bin/../lib/gcc/arm-linux-androideabi/4.8/../../../../arm-linux-androideabi/bin/ld) supports shared libraries
configure:9186: result: yes
configure:9223: checking whether -lc should be explicitly linked in
configure:9231: /usr/android/android-ndk-r10b/toolchains/arm-linux-androideabi-4.8/prebuilt/darwin-x86_64/bin/arm-linux-androideabi-gcc -c -g -O2 -I/usr/android/android-ndk-r10b/platforms/android-9/arch-arm/usr/include/ --sysroot=/usr/android/android-ndk-r10b/platforms/android-9/arch-arm  conftest.c >&5
configure:9234: $? = 0
configure:9249: /usr/android/android-ndk-r10b/toolchains/arm-linux-androideabi-4.8/prebuilt/darwin-x86_64/bin/arm-linux-androideabi-gcc -shared conftest.o  -v -Wl,-soname -Wl,conftest -o conftest 2\>\&1 \| /usr/bin/grep  -lc  \>/dev/null 2\>\&1
configure:9252: $? = 0
configure:9266: result: no
configure:9431: checking dynamic linker characteristics
configure:9882: /usr/android/android-ndk-r10b/toolchains/arm-linux-androideabi-4.8/prebuilt/darwin-x86_64/bin/arm-linux-androideabi-gcc -o conftest -g -O2 -I/usr/android/android-ndk-r10b/platforms/android-9/arch-arm/usr/include/ --sysroot=/usr/android/android-ndk-r10b/platforms/android-9/arch-arm   -L/usr/android/android-ndk-r10b/platforms/android-9/arch-arm/usr/lib/ -Wl,-rpath -Wl,/foo conftest.c  >&5
configure:9882: $? = 0
configure:10104: result: GNU/Linux ld.so
configure:10211: checking how to hardcode library paths into programs
configure:10236: result: immediate
configure:10776: checking whether stripping libraries is possible
configure:10798: result: no
configure:10816: checking if libtool supports shared libraries
configure:10818: result: yes
configure:10821: checking whether to build shared libraries
configure:10842: result: yes
configure:10845: checking whether to build static libraries
configure:10849: result: yes
configure:10907: checking for int64_t
configure:10907: /usr/android/android-ndk-r10b/toolchains/arm-linux-androideabi-4.8/prebuilt/darwin-x86_64/bin/arm-linux-androideabi-gcc -c -g -O2 -I/usr/android/android-ndk-r10b/platforms/android-9/arch-arm/usr/include/ --sysroot=/usr/android/android-ndk-r10b/platforms/android-9/arch-arm  conftest.c >&5
configure:10907: $? = 0
configure:10907: /usr/android/android-ndk-r10b/toolchains/arm-linux-androideabi-4.8/prebuilt/darwin-x86_64/bin/arm-linux-androideabi-gcc -c -g -O2 -I/usr/android/android-ndk-r10b/platforms/android-9/arch-arm/usr/include/ --sysroot=/usr/android/android-ndk-r10b/platforms/android-9/arch-arm  conftest.c >&5
conftest.c: In function 'main':
conftest.c:60:53: warning: integer overflow in expression [-Woverflow]
    < (int64_t) ((((int64_t) 1 << (64 - 2)) - 1) * 2 + 2))];
                                                     ^
conftest.c:59:12: error: storage size of 'test_array' isn't constant
 static int test_array [1 - 2 * !((int64_t) ((((int64_t) 1 << (64 - 2)) - 1) * 2 + 1)
            ^
configure:10907: $? = 1
configure: failed program was:
| /* confdefs.h */
| #define PACKAGE_NAME "LTO plugin for ld"
| #define PACKAGE_TARNAME "lto-plugin"
| #define PACKAGE_VERSION "0.1"
| #define PACKAGE_STRING "LTO plugin for ld 0.1"
| #define PACKAGE_BUGREPORT ""
| #define PACKAGE_URL ""
| #define PACKAGE "lto-plugin"
| #define VERSION "0.1"
| #define STDC_HEADERS 1
| #define HAVE_SYS_TYPES_H 1
| #define HAVE_SYS_STAT_H 1
| #define HAVE_STDLIB_H 1
| #define HAVE_STRING_H 1
| #define HAVE_MEMORY_H 1
| #define HAVE_STRINGS_H 1
| #define HAVE_INTTYPES_H 1
| #define HAVE_STDINT_H 1
| #define HAVE_UNISTD_H 1
| #define HAVE_DLFCN_H 1
| #define LT_OBJDIR ".libs/"
| /* end confdefs.h.  */
| #include <stdio.h>
| #ifdef HAVE_SYS_TYPES_H
| # include <sys/types.h>
| #endif
| #ifdef HAVE_SYS_STAT_H
| # include <sys/stat.h>
| #endif
| #ifdef STDC_HEADERS
| # include <stdlib.h>
| # include <stddef.h>
| #else
| # ifdef HAVE_STDLIB_H
| #  include <stdlib.h>
| # endif
| #endif
| #ifdef HAVE_STRING_H
| # if !defined STDC_HEADERS && defined HAVE_MEMORY_H
| #  include <memory.h>
| # endif
| # include <string.h>
| #endif
| #ifdef HAVE_STRINGS_H
| # include <strings.h>
| #endif
| #ifdef HAVE_INTTYPES_H
| # include <inttypes.h>
| #endif
| #ifdef HAVE_STDINT_H
| # include <stdint.h>
| #endif
| #ifdef HAVE_UNISTD_H
| # include <unistd.h>
| #endif
| int
| main ()
| {
| static int test_array [1 - 2 * !((int64_t) ((((int64_t) 1 << (64 - 2)) - 1) * 2 + 1)
| 		 < (int64_t) ((((int64_t) 1 << (64 - 2)) - 1) * 2 + 2))];
| test_array [0] = 0
| 
|   ;
|   return 0;
| }
configure:10907: result: yes
configure:10918: checking for uint64_t
configure:10918: /usr/android/android-ndk-r10b/toolchains/arm-linux-androideabi-4.8/prebuilt/darwin-x86_64/bin/arm-linux-androideabi-gcc -c -g -O2 -I/usr/android/android-ndk-r10b/platforms/android-9/arch-arm/usr/include/ --sysroot=/usr/android/android-ndk-r10b/platforms/android-9/arch-arm  conftest.c >&5
configure:10918: $? = 0
configure:10918: result: yes
configure:10932: checking for sys/wait.h that is POSIX.1 compatible
configure:10958: /usr/android/android-ndk-r10b/toolchains/arm-linux-androideabi-4.8/prebuilt/darwin-x86_64/bin/arm-linux-androideabi-gcc -c -g -O2 -I/usr/android/android-ndk-r10b/platforms/android-9/arch-arm/usr/include/ --sysroot=/usr/android/android-ndk-r10b/platforms/android-9/arch-arm  conftest.c >&5
configure:10958: $? = 0
configure:10965: result: yes
configure:11042: updating cache ./config.cache
configure:11099: creating ./config.status

## ---------------------- ##
## Running config.status. ##
## ---------------------- ##

This file was extended by LTO plugin for ld config.status 0.1, which was
generated by GNU Autoconf 2.64.  Invocation command line was

  CONFIG_FILES    = 
  CONFIG_HEADERS  = 
  CONFIG_LINKS    = 
  CONFIG_COMMANDS = 
  $ ./config.status 

on Anushruths-MacBook-Air.local

config.status:1078: creating Makefile
config.status:1078: creating config.h
config.status:1291: executing depfiles commands
config.status:1291: executing libtool commands

## ---------------- ##
## Cache variables. ##
## ---------------- ##

ac_cv_build=i386-apple-darwin14.0.0
ac_cv_c_compiler_gnu=yes
ac_cv_c_int64_t=yes
ac_cv_c_uint64_t=yes
ac_cv_env_CC_set=set
ac_cv_env_CC_value=/usr/android/android-ndk-r10b/toolchains/arm-linux-androideabi-4.8/prebuilt/darwin-x86_64/bin/arm-linux-androideabi-gcc
ac_cv_env_CFLAGS_set=set
ac_cv_env_CFLAGS_value='-g -O2 -I/usr/android/android-ndk-r10b/platforms/android-9/arch-arm/usr/include/ --sysroot=/usr/android/android-ndk-r10b/platforms/android-9/arch-arm'
ac_cv_env_CPPFLAGS_set=
ac_cv_env_CPPFLAGS_value=
ac_cv_env_CPP_set=
ac_cv_env_CPP_value=
ac_cv_env_LDFLAGS_set=set
ac_cv_env_LDFLAGS_value=' -L/usr/android/android-ndk-r10b/platforms/android-9/arch-arm/usr/lib/'
ac_cv_env_LIBS_set=
ac_cv_env_LIBS_value=
ac_cv_env_build_alias_set=set
ac_cv_env_build_alias_value=i386-apple-darwin14.0.0
ac_cv_env_host_alias_set=set
ac_cv_env_host_alias_value=arm-linux-androideabi
ac_cv_env_target_alias_set=set
ac_cv_env_target_alias_value=arm-linux-androideabi
ac_cv_header_dlfcn_h=yes
ac_cv_header_inttypes_h=yes
ac_cv_header_memory_h=yes
ac_cv_header_stdc=yes
ac_cv_header_stdint_h=yes
ac_cv_header_stdlib_h=yes
ac_cv_header_string_h=yes
ac_cv_header_strings_h=yes
ac_cv_header_sys_stat_h=yes
ac_cv_header_sys_types_h=yes
ac_cv_header_sys_wait_h=yes
ac_cv_header_unistd_h=yes
ac_cv_host=arm-unknown-linux-androideabi
ac_cv_objext=o
ac_cv_path_EGREP='/usr/bin/grep -E'
ac_cv_path_FGREP='/usr/bin/grep -F'
ac_cv_path_GREP=/usr/bin/grep
ac_cv_path_SED=/usr/bin/sed
ac_cv_prog_AR=/usr/android/android-ndk-r10b/toolchains/arm-linux-androideabi-4.8/prebuilt/darwin-x86_64/bin/arm-linux-androideabi-ar
ac_cv_prog_AWK=awk
ac_cv_prog_CC=/usr/android/android-ndk-r10b/toolchains/arm-linux-androideabi-4.8/prebuilt/darwin-x86_64/bin/arm-linux-androideabi-gcc
ac_cv_prog_CPP=/lib/cpp
ac_cv_prog_OBJDUMP=arm-linux-androideabi-objdump
ac_cv_prog_RANLIB=/usr/android/android-ndk-r10b/toolchains/arm-linux-androideabi-4.8/prebuilt/darwin-x86_64/bin/arm-linux-androideabi-ranlib
ac_cv_prog_STRIP=strip
ac_cv_prog_ac_ct_STRIP=strip
ac_cv_prog_cc_c89=
ac_cv_prog_cc_g=yes
ac_cv_prog_make__Applications_Xcode_app_Contents_Developer_usr_bin_make_set=yes
ac_cv_sys_file_offset_bits=unknown
ac_cv_sys_large_files=unknown
ac_cv_sys_largefile_CC=no
ac_cv_target=arm-unknown-linux-androideabi
acx_cv_prog_cc_warning__Wall=yes
am_cv_CC_dependencies_compiler_type=gcc3
lt_cv_archive_cmds_need_lc=no
lt_cv_deplibs_check_method=pass_all
lt_cv_file_magic_cmd='$MAGIC_CMD'
lt_cv_file_magic_test_file=
lt_cv_ld_reload_flag=-r
lt_cv_nm_interface='BSD nm'
lt_cv_objdir=.libs
lt_cv_path_LD=/usr/android/android-ndk-r10b/toolchains/arm-linux-androideabi-4.8/prebuilt/darwin-x86_64/bin/../lib/gcc/arm-linux-androideabi/4.8/../../../../arm-linux-androideabi/bin/ld
lt_cv_path_NM=/usr/android/android-ndk-r10b/toolchains/arm-linux-androideabi-4.8/prebuilt/darwin-x86_64/bin/arm-linux-androideabi-nm
lt_cv_prog_compiler_c_o=yes
lt_cv_prog_compiler_pic_works=yes
lt_cv_prog_compiler_rtti_exceptions=no
lt_cv_prog_compiler_static_works=yes
lt_cv_prog_gnu_ld=yes
lt_cv_shlibpath_overrides_runpath=no
lt_cv_sys_global_symbol_pipe='sed -n -e '\''s/^.*[	 ]\([ABCDGIRSTW][ABCDGIRSTW]*\)[	 ][	 ]*\([_A-Za-z][_A-Za-z0-9]*\)$/\1 \2 \2/p'\'''
lt_cv_sys_global_symbol_to_c_name_address='sed -n -e '\''s/^: \([^ ]*\) $/  {\"\1\", (void *) 0},/p'\'' -e '\''s/^[ABCDGIRSTW]* \([^ ]*\) \([^ ]*\)$/  {"\2", (void *) \&\2},/p'\'''
lt_cv_sys_global_symbol_to_c_name_address_lib_prefix='sed -n -e '\''s/^: \([^ ]*\) $/  {\"\1\", (void *) 0},/p'\'' -e '\''s/^[ABCDGIRSTW]* \([^ ]*\) \(lib[^ ]*\)$/  {"\2", (void *) \&\2},/p'\'' -e '\''s/^[ABCDGIRSTW]* \([^ ]*\) \([^ ]*\)$/  {"lib\2", (void *) \&\2},/p'\'''
lt_cv_sys_global_symbol_to_cdecl='sed -n -e '\''s/^T .* \(.*\)$/extern int \1();/p'\'' -e '\''s/^[ABCDGIRSTW]* .* \(.*\)$/extern char \1;/p'\'''
lt_cv_sys_max_cmd_len=196608

## ----------------- ##
## Output variables. ##
## ----------------- ##

ACLOCAL='${SHELL} /Users/regnarts/Documents/experiment/gcc/missing --run aclocal-1.11'
AMDEPBACKSLASH='\'
AMDEP_FALSE='#'
AMDEP_TRUE=''
AMTAR='${SHELL} /Users/regnarts/Documents/experiment/gcc/missing --run tar'
AR='/usr/android/android-ndk-r10b/toolchains/arm-linux-androideabi-4.8/prebuilt/darwin-x86_64/bin/arm-linux-androideabi-ar'
AUTOCONF='${SHELL} /Users/regnarts/Documents/experiment/gcc/missing --run autoconf'
AUTOHEADER='${SHELL} /Users/regnarts/Documents/experiment/gcc/missing --run autoheader'
AUTOMAKE='${SHELL} /Users/regnarts/Documents/experiment/gcc/missing --run automake-1.11'
AWK='awk'
CC='/usr/android/android-ndk-r10b/toolchains/arm-linux-androideabi-4.8/prebuilt/darwin-x86_64/bin/arm-linux-androideabi-gcc'
CCDEPMODE='depmode=gcc3'
CFLAGS='-g -O2 -I/usr/android/android-ndk-r10b/platforms/android-9/arch-arm/usr/include/ --sysroot=/usr/android/android-ndk-r10b/platforms/android-9/arch-arm'
CPP='/lib/cpp'
CPPFLAGS=''
CYGPATH_W='echo'
DEFS='-DHAVE_CONFIG_H'
DEPDIR='.deps'
DSYMUTIL=''
DUMPBIN=''
ECHO_C='\c'
ECHO_N=''
ECHO_T=''
EGREP='/usr/bin/grep -E'
EXEEXT=''
FGREP='/usr/bin/grep -F'
GREP='/usr/bin/grep'
INSTALL_DATA='/usr/bin/install -c -m 644'
INSTALL_PROGRAM='/usr/bin/install -c'
INSTALL_SCRIPT='/usr/bin/install -c'
INSTALL_STRIP_PROGRAM='$(install_sh) -c -s'
LD='/usr/android/android-ndk-r10b/toolchains/arm-linux-androideabi-4.8/prebuilt/darwin-x86_64/bin/../lib/gcc/arm-linux-androideabi/4.8/../../../../arm-linux-androideabi/bin/ld'
LDFLAGS=' -L/usr/android/android-ndk-r10b/platforms/android-9/arch-arm/usr/lib/'
LIBOBJS=''
LIBS=''
LIBTOOL='$(SHELL) $(top_builddir)/libtool'
LIPO=''
LN_S='ln -s'
LTLIBOBJS=''
MAINT='#'
MAINTAINER_MODE_FALSE=''
MAINTAINER_MODE_TRUE='#'
MAKEINFO='makeinfo --split-size=5000000'
MKDIR_P='../../gcc/lto-plugin/../install-sh -c -d'
NM='/usr/android/android-ndk-r10b/toolchains/arm-linux-androideabi-4.8/prebuilt/darwin-x86_64/bin/arm-linux-androideabi-nm'
NMEDIT=''
OBJDUMP='arm-linux-androideabi-objdump'
OBJEXT='o'
OTOOL64=''
OTOOL=''
PACKAGE='lto-plugin'
PACKAGE_BUGREPORT=''
PACKAGE_NAME='LTO plugin for ld'
PACKAGE_STRING='LTO plugin for ld 0.1'
PACKAGE_TARNAME='lto-plugin'
PACKAGE_URL=''
PACKAGE_VERSION='0.1'
PATH_SEPARATOR=':'
RANLIB='/usr/android/android-ndk-r10b/toolchains/arm-linux-androideabi-4.8/prebuilt/darwin-x86_64/bin/arm-linux-androideabi-ranlib'
SED='/usr/bin/sed'
SET_MAKE=''
SHELL='/bin/sh'
STRIP='strip'
VERSION='0.1'
ac_ct_CC=''
ac_ct_DUMPBIN=''
ac_lto_plugin_warn_cflags='-Wall'
am__EXEEXT_FALSE=''
am__EXEEXT_TRUE='#'
am__fastdepCC_FALSE='#'
am__fastdepCC_TRUE=''
am__include='include'
am__isrc=' -I$(srcdir)'
am__leading_dot='.'
am__quote=''
am__tar='${AMTAR} chof - "$$tardir"'
am__untar='${AMTAR} xf -'
bindir='${exec_prefix}/bin'
build='i386-apple-darwin14.0.0'
build_alias='i386-apple-darwin14.0.0'
build_cpu='i386'
build_libsubdir='build-i386-apple-darwin14.0.0'
build_os='darwin14.0.0'
build_subdir='build-i386-apple-darwin14.0.0'
build_vendor='apple'
datadir='${datarootdir}'
datarootdir='${prefix}/share'
docdir='${datarootdir}/doc/${PACKAGE_TARNAME}'
dvidir='${docdir}'
exec_prefix='${prefix}'
host='arm-unknown-linux-androideabi'
host_alias='arm-linux-androideabi'
host_cpu='arm'
host_os='linux-androideabi'
host_subdir='.'
host_vendor='unknown'
htmldir='${docdir}'
includedir='${prefix}/include'
infodir='${datarootdir}/info'
install_sh='${SHELL} /Users/regnarts/Documents/experiment/gcc/install-sh'
libdir='${exec_prefix}/lib'
libexecdir='${exec_prefix}/libexec'
localedir='${datarootdir}/locale'
localstatedir='${prefix}/var'
lt_host_flags=''
mandir='${datarootdir}/man'
mkdir_p='$(top_builddir)/../../gcc/lto-plugin/../install-sh -c -d'
oldincludedir='/usr/include'
pdfdir='${docdir}'
prefix='/Users/regnarts/Documents/experiment/sysroot'
program_transform_name='s,y,y,'
psdir='${docdir}'
sbindir='${exec_prefix}/sbin'
sharedstatedir='${prefix}/com'
sysconfdir='${prefix}/etc'
target='arm-unknown-linux-androideabi'
target_alias='arm-linux-androideabi'
target_cpu='arm'
target_noncanonical='arm-linux-androideabi'
target_os='linux-androideabi'
target_subdir='arm-linux-androideabi'
target_vendor='unknown'

## ----------- ##
## confdefs.h. ##
## ----------- ##

/* confdefs.h */
#define PACKAGE_NAME "LTO plugin for ld"
#define PACKAGE_TARNAME "lto-plugin"
#define PACKAGE_VERSION "0.1"
#define PACKAGE_STRING "LTO plugin for ld 0.1"
#define PACKAGE_BUGREPORT ""
#define PACKAGE_URL ""
#define PACKAGE "lto-plugin"
#define VERSION "0.1"
#define STDC_HEADERS 1
#define HAVE_SYS_TYPES_H 1
#define HAVE_SYS_STAT_H 1
#define HAVE_STDLIB_H 1
#define HAVE_STRING_H 1
#define HAVE_MEMORY_H 1
#define HAVE_STRINGS_H 1
#define HAVE_INTTYPES_H 1
#define HAVE_STDINT_H 1
#define HAVE_UNISTD_H 1
#define HAVE_DLFCN_H 1
#define LT_OBJDIR ".libs/"
#define HAVE_SYS_WAIT_H 1

configure: exit 0
