This file contains any messages produced by compilers while
running configure, to aid debugging if configure makes a mistake.

It was created by GNU C Library configure (see version.h), which was
generated by GNU Autoconf 2.68.  Invocation command line was

  $ ../glibc/configure --prefix=/home/anushruth/experiment/sysroot/ --target=arm-linux-androideabi --with-gmp=/home/anushruth/experiment/sysroot/ --with-mpfr=/home/anushruth/experiment/sysroot/ --host=arm-linux-androideabi --disable-shared --with-headers=/home/anushruth/tools/android-ndk-r10b/platforms/android-9/arch-arm/usr/include --disable-profile libc_cv_forced_unwind=yes libc_cv_ctors_header=yes libc_cv_c_cleanup=yes CC=/home/anushruth/tools/android-ndk-r10d/toolchains/arm-linux-androideabi-4.6/prebuilt/linux-x86_64/bin/arm-linux-androideabi-gcc CXX=/home/anushruth/tools/android-ndk-r10d/toolchains/arm-linux-androideabi-4.6/prebuilt/linux-x86_64/bin/arm-linux-androideabi-g++ LDFLAGS=--sysroot=/home/anushruth/tools/android-ndk-r10d/platforms/android-9/arch-arm/ CFLAGS=-g -O2 --sysroot=/home/anushruth/tools/android-ndk-r10d/platforms/android-9/arch-arm/usr/ -I/home/anushruth/tools/android-ndk-r10d/platforms/android-9/arch-arm/usr/include

## --------- ##
## Platform. ##
## --------- ##

hostname = work
uname -m = x86_64
uname -r = 3.13.0-43-generic
uname -s = Linux
uname -v = #72-Ubuntu SMP Mon Dec 8 19:35:06 UTC 2014

/usr/bin/uname -p = unknown
/bin/uname -X     = unknown

/bin/arch              = unknown
/usr/bin/arch -k       = unknown
/usr/convex/getsysinfo = unknown
/usr/bin/hostinfo      = unknown
/bin/machine           = unknown
/usr/bin/oslevel       = unknown
/bin/universe          = unknown

PATH: /home/anushruth/bin
PATH: /usr/local/sbin
PATH: /usr/local/bin
PATH: /usr/sbin
PATH: /usr/bin
PATH: /sbin
PATH: /bin
PATH: /usr/games
PATH: /usr/local/games
PATH: /usr/java/jdk1.6.0_45/bin
PATH: /usr/java/jdk1.6.0_45/jre/bin


## ----------- ##
## Core tests. ##
## ----------- ##

configure:2343: checking build system type
configure:2357: result: x86_64-unknown-linux-gnu
configure:2377: checking host system type
configure:2390: result: arm-unknown-linux-androideabi
configure:2419: checking for arm-linux-androideabi-gcc
configure:2446: result: /home/anushruth/tools/android-ndk-r10d/toolchains/arm-linux-androideabi-4.6/prebuilt/linux-x86_64/bin/arm-linux-androideabi-gcc
configure:2715: checking for C compiler version
configure:2724: /home/anushruth/tools/android-ndk-r10d/toolchains/arm-linux-androideabi-4.6/prebuilt/linux-x86_64/bin/arm-linux-androideabi-gcc --version >&5
arm-linux-androideabi-gcc (GCC) 4.6 20120106 (prerelease)
Copyright (C) 2011 Free Software Foundation, Inc.
This is free software; see the source for copying conditions.  There is NO
warranty; not even for MERCHANTABILITY or FITNESS FOR A PARTICULAR PURPOSE.

configure:2735: $? = 0
configure:2724: /home/anushruth/tools/android-ndk-r10d/toolchains/arm-linux-androideabi-4.6/prebuilt/linux-x86_64/bin/arm-linux-androideabi-gcc -v >&5
Using built-in specs.
COLLECT_GCC=/home/anushruth/tools/android-ndk-r10d/toolchains/arm-linux-androideabi-4.6/prebuilt/linux-x86_64/bin/arm-linux-androideabi-gcc
COLLECT_LTO_WRAPPER=/home/anushruth/tools/android-ndk-r10d/toolchains/arm-linux-androideabi-4.6/prebuilt/linux-x86_64/bin/../libexec/gcc/arm-linux-androideabi/4.6/lto-wrapper
Target: arm-linux-androideabi
Configured with: /s/ndk-toolchain/src/build/../gcc/gcc-4.6/configure --prefix=/tmp/ndk-andrewhsieh/build/toolchain/prefix --target=arm-linux-androideabi --host=x86_64-linux-gnu --build=x86_64-linux-gnu --with-gnu-as --with-gnu-ld --enable-languages=c,c++ --with-gmp=/tmp/ndk-andrewhsieh/build/toolchain/temp-install --with-mpfr=/tmp/ndk-andrewhsieh/build/toolchain/temp-install --with-mpc=/tmp/ndk-andrewhsieh/build/toolchain/temp-install --with-cloog=/tmp/ndk-andrewhsieh/build/toolchain/temp-install --with-isl=/tmp/ndk-andrewhsieh/build/toolchain/temp-install --with-ppl=/tmp/ndk-andrewhsieh/build/toolchain/temp-install --disable-ppl-version-check --disable-cloog-version-check --disable-isl-version-check --enable-cloog-backend=isl --with-host-libstdcxx='-static-libgcc -Wl,-Bstatic,-lstdc++,-Bdynamic -lm' --disable-libssp --enable-threads --disable-nls --disable-libmudflap --disable-libgomp --disable-libstdc__-v3 --disable-sjlj-exceptions --disable-shared --disable-tls --disable-libitm --with-float=soft --with-fpu=vfp --with-arch=armv5te --enable-target-optspace --enable-initfini-array --disable-nls --prefix=/tmp/ndk-andrewhsieh/build/toolchain/prefix --with-sysroot=/tmp/ndk-andrewhsieh/build/toolchain/prefix/sysroot --with-binutils-version=2.21 --with-mpfr-version=3.1.1 --with-mpc-version=1.0.1 --with-gmp-version=5.0.5 --with-gcc-version=4.6 --with-gdb-version=7.3.x --with-python=/usr/local/google/home/andrewhsieh/mydroid/ndk/prebuilt/linux-x86_64/bin/python-config.sh --with-gxx-include-dir=/tmp/ndk-andrewhsieh/build/toolchain/prefix/include/c++/4.6 --with-bugurl=http://source.android.com/source/report-bugs.html --enable-languages=c,c++ --disable-bootstrap --enable-plugins --enable-libgomp --disable-libsanitizer --enable-gold --enable-graphite=yes --with-cloog-version=0.18.0 --with-ppl-version=1.0 --enable-eh-frame-hdr-for-static --with-arch=armv5te --program-transform-name='s&^&arm-linux-androideabi-&' --enable-gold=default
Thread model: posix
gcc version 4.6 20120106 (prerelease) (GCC) 
configure:2735: $? = 0
configure:2724: /home/anushruth/tools/android-ndk-r10d/toolchains/arm-linux-androideabi-4.6/prebuilt/linux-x86_64/bin/arm-linux-androideabi-gcc -V >&5
arm-linux-androideabi-gcc: error: unrecognized option '-V'
arm-linux-androideabi-gcc: fatal error: no input files
compilation terminated.
configure:2735: $? = 1
configure:2724: /home/anushruth/tools/android-ndk-r10d/toolchains/arm-linux-androideabi-4.6/prebuilt/linux-x86_64/bin/arm-linux-androideabi-gcc -qversion >&5
arm-linux-androideabi-gcc: error: unrecognized option '-qversion'
arm-linux-androideabi-gcc: fatal error: no input files
compilation terminated.
configure:2735: $? = 1
configure:2740: checking for suffix of object files
configure:2762: /home/anushruth/tools/android-ndk-r10d/toolchains/arm-linux-androideabi-4.6/prebuilt/linux-x86_64/bin/arm-linux-androideabi-gcc -c -g -O2 --sysroot=/home/anushruth/tools/android-ndk-r10d/platforms/android-9/arch-arm/usr/ -I/home/anushruth/tools/android-ndk-r10d/platforms/android-9/arch-arm/usr/include  conftest.c >&5
configure:2766: $? = 0
configure:2787: result: o
configure:2791: checking whether we are using the GNU C compiler
configure:2810: /home/anushruth/tools/android-ndk-r10d/toolchains/arm-linux-androideabi-4.6/prebuilt/linux-x86_64/bin/arm-linux-androideabi-gcc -c -g -O2 --sysroot=/home/anushruth/tools/android-ndk-r10d/platforms/android-9/arch-arm/usr/ -I/home/anushruth/tools/android-ndk-r10d/platforms/android-9/arch-arm/usr/include  conftest.c >&5
configure:2810: $? = 0
configure:2819: result: yes
configure:2828: checking whether /home/anushruth/tools/android-ndk-r10d/toolchains/arm-linux-androideabi-4.6/prebuilt/linux-x86_64/bin/arm-linux-androideabi-gcc accepts -g
configure:2848: /home/anushruth/tools/android-ndk-r10d/toolchains/arm-linux-androideabi-4.6/prebuilt/linux-x86_64/bin/arm-linux-androideabi-gcc -c -g  conftest.c >&5
configure:2848: $? = 0
configure:2889: result: yes
configure:2918: checking for gcc
configure:2934: found /usr/bin/gcc
configure:2945: result: gcc
configure:3079: checking for C++ compiler version
configure:3088: /home/anushruth/tools/android-ndk-r10d/toolchains/arm-linux-androideabi-4.6/prebuilt/linux-x86_64/bin/arm-linux-androideabi-g++ --version >&5
arm-linux-androideabi-g++ (GCC) 4.6 20120106 (prerelease)
Copyright (C) 2011 Free Software Foundation, Inc.
This is free software; see the source for copying conditions.  There is NO
warranty; not even for MERCHANTABILITY or FITNESS FOR A PARTICULAR PURPOSE.

configure:3099: $? = 0
configure:3088: /home/anushruth/tools/android-ndk-r10d/toolchains/arm-linux-androideabi-4.6/prebuilt/linux-x86_64/bin/arm-linux-androideabi-g++ -v >&5
Using built-in specs.
COLLECT_GCC=/home/anushruth/tools/android-ndk-r10d/toolchains/arm-linux-androideabi-4.6/prebuilt/linux-x86_64/bin/arm-linux-androideabi-g++
COLLECT_LTO_WRAPPER=/home/anushruth/tools/android-ndk-r10d/toolchains/arm-linux-androideabi-4.6/prebuilt/linux-x86_64/bin/../libexec/gcc/arm-linux-androideabi/4.6/lto-wrapper
Target: arm-linux-androideabi
Configured with: /s/ndk-toolchain/src/build/../gcc/gcc-4.6/configure --prefix=/tmp/ndk-andrewhsieh/build/toolchain/prefix --target=arm-linux-androideabi --host=x86_64-linux-gnu --build=x86_64-linux-gnu --with-gnu-as --with-gnu-ld --enable-languages=c,c++ --with-gmp=/tmp/ndk-andrewhsieh/build/toolchain/temp-install --with-mpfr=/tmp/ndk-andrewhsieh/build/toolchain/temp-install --with-mpc=/tmp/ndk-andrewhsieh/build/toolchain/temp-install --with-cloog=/tmp/ndk-andrewhsieh/build/toolchain/temp-install --with-isl=/tmp/ndk-andrewhsieh/build/toolchain/temp-install --with-ppl=/tmp/ndk-andrewhsieh/build/toolchain/temp-install --disable-ppl-version-check --disable-cloog-version-check --disable-isl-version-check --enable-cloog-backend=isl --with-host-libstdcxx='-static-libgcc -Wl,-Bstatic,-lstdc++,-Bdynamic -lm' --disable-libssp --enable-threads --disable-nls --disable-libmudflap --disable-libgomp --disable-libstdc__-v3 --disable-sjlj-exceptions --disable-shared --disable-tls --disable-libitm --with-float=soft --with-fpu=vfp --with-arch=armv5te --enable-target-optspace --enable-initfini-array --disable-nls --prefix=/tmp/ndk-andrewhsieh/build/toolchain/prefix --with-sysroot=/tmp/ndk-andrewhsieh/build/toolchain/prefix/sysroot --with-binutils-version=2.21 --with-mpfr-version=3.1.1 --with-mpc-version=1.0.1 --with-gmp-version=5.0.5 --with-gcc-version=4.6 --with-gdb-version=7.3.x --with-python=/usr/local/google/home/andrewhsieh/mydroid/ndk/prebuilt/linux-x86_64/bin/python-config.sh --with-gxx-include-dir=/tmp/ndk-andrewhsieh/build/toolchain/prefix/include/c++/4.6 --with-bugurl=http://source.android.com/source/report-bugs.html --enable-languages=c,c++ --disable-bootstrap --enable-plugins --enable-libgomp --disable-libsanitizer --enable-gold --enable-graphite=yes --with-cloog-version=0.18.0 --with-ppl-version=1.0 --enable-eh-frame-hdr-for-static --with-arch=armv5te --program-transform-name='s&^&arm-linux-androideabi-&' --enable-gold=default
Thread model: posix
gcc version 4.6 20120106 (prerelease) (GCC) 
configure:3099: $? = 0
configure:3088: /home/anushruth/tools/android-ndk-r10d/toolchains/arm-linux-androideabi-4.6/prebuilt/linux-x86_64/bin/arm-linux-androideabi-g++ -V >&5
arm-linux-androideabi-g++: error: unrecognized option '-V'
arm-linux-androideabi-g++: fatal error: no input files
compilation terminated.
configure:3099: $? = 1
configure:3088: /home/anushruth/tools/android-ndk-r10d/toolchains/arm-linux-androideabi-4.6/prebuilt/linux-x86_64/bin/arm-linux-androideabi-g++ -qversion >&5
arm-linux-androideabi-g++: error: unrecognized option '-qversion'
arm-linux-androideabi-g++: fatal error: no input files
compilation terminated.
configure:3099: $? = 1
configure:3103: checking whether we are using the GNU C++ compiler
configure:3122: /home/anushruth/tools/android-ndk-r10d/toolchains/arm-linux-androideabi-4.6/prebuilt/linux-x86_64/bin/arm-linux-androideabi-g++ -c   conftest.cpp >&5
configure:3122: $? = 0
configure:3131: result: yes
configure:3140: checking whether /home/anushruth/tools/android-ndk-r10d/toolchains/arm-linux-androideabi-4.6/prebuilt/linux-x86_64/bin/arm-linux-androideabi-g++ accepts -g
configure:3160: /home/anushruth/tools/android-ndk-r10d/toolchains/arm-linux-androideabi-4.6/prebuilt/linux-x86_64/bin/arm-linux-androideabi-g++ -c -g  conftest.cpp >&5
configure:3160: $? = 0
configure:3201: result: yes
configure:3227: checking for arm-linux-androideabi-readelf
configure:3257: result: no
configure:3267: checking for readelf
configure:3283: found /usr/bin/readelf
configure:3294: result: readelf
configure:3779: checking for sysdeps preconfigure fragments
configure:21: /home/anushruth/tools/android-ndk-r10d/toolchains/arm-linux-androideabi-4.6/prebuilt/linux-x86_64/bin/arm-linux-androideabi-gcc -c -g -O2 --sysroot=/home/anushruth/tools/android-ndk-r10d/platforms/android-9/arch-arm/usr/ -I/home/anushruth/tools/android-ndk-r10d/platforms/android-9/arch-arm/usr/include  conftest.c >&5
configure:21: $? = 0
configure:71: WARNING: arm/preconfigure: Did not find ARM architecture type; using default
configure:3786: result: 
configure:3860: running configure fragment for add-on libidn
configure:14: WARNING: libidn add-on ignored with --disable-shared
configure:3960: checking for assembler and linker STT_GNU_IFUNC support

There are no relocations in this file.
configure:3991: result: no
configure:3994: checking whether .text pseudo-op must be used
configure:4004: /home/anushruth/tools/android-ndk-r10d/toolchains/arm-linux-androideabi-4.6/prebuilt/linux-x86_64/bin/arm-linux-androideabi-gcc  -c conftest.s 1>&5
configure:4007: $? = 0
configure:4018: result: yes
configure:4037: checking sysdep dirs
configure:4257: result: sysdeps/generic
configure:4334: checking for a BSD-compatible install
configure:4402: result: /usr/bin/install -c
configure:4417: checking whether ln -s works
configure:4421: result: yes
configure:4445: checking whether /home/anushruth/tools/android-ndk-r10d/toolchains/arm-linux-androideabi-4.6/prebuilt/linux-x86_64/bin/../lib/gcc/arm-linux-androideabi/4.6/../../../../arm-linux-androideabi/bin/as is GNU as
configure:4459: result: yes
configure:4464: checking whether /home/anushruth/tools/android-ndk-r10d/toolchains/arm-linux-androideabi-4.6/prebuilt/linux-x86_64/bin/../lib/gcc/arm-linux-androideabi/4.6/../../../../arm-linux-androideabi/bin/ld is GNU ld
configure:4478: result: yes
configure:4488: checking for /home/anushruth/tools/android-ndk-r10d/toolchains/arm-linux-androideabi-4.6/prebuilt/linux-x86_64/bin/../lib/gcc/arm-linux-androideabi/4.6/../../../../arm-linux-androideabi/bin/as
configure:4515: result: /home/anushruth/tools/android-ndk-r10d/toolchains/arm-linux-androideabi-4.6/prebuilt/linux-x86_64/bin/../lib/gcc/arm-linux-androideabi/4.6/../../../../arm-linux-androideabi/bin/as
configure:4530: checking version of /home/anushruth/tools/android-ndk-r10d/toolchains/arm-linux-androideabi-4.6/prebuilt/linux-x86_64/bin/../lib/gcc/arm-linux-androideabi/4.6/../../../../arm-linux-androideabi/bin/as
configure:4540: result: 2.21, ok
configure:4551: checking for /home/anushruth/tools/android-ndk-r10d/toolchains/arm-linux-androideabi-4.6/prebuilt/linux-x86_64/bin/../lib/gcc/arm-linux-androideabi/4.6/../../../../arm-linux-androideabi/bin/ld
configure:4578: result: /home/anushruth/tools/android-ndk-r10d/toolchains/arm-linux-androideabi-4.6/prebuilt/linux-x86_64/bin/../lib/gcc/arm-linux-androideabi/4.6/../../../../arm-linux-androideabi/bin/ld
configure:4593: checking version of /home/anushruth/tools/android-ndk-r10d/toolchains/arm-linux-androideabi-4.6/prebuilt/linux-x86_64/bin/../lib/gcc/arm-linux-androideabi/4.6/../../../../arm-linux-androideabi/bin/ld
configure:4603: result: v. ?.??, bad
configure:4617: checking for arm-linux-androideabi-gcc
configure:4644: result: /home/anushruth/tools/android-ndk-r10d/toolchains/arm-linux-androideabi-4.6/prebuilt/linux-x86_64/bin/arm-linux-androideabi-gcc
configure:4659: checking version of /home/anushruth/tools/android-ndk-r10d/toolchains/arm-linux-androideabi-4.6/prebuilt/linux-x86_64/bin/arm-linux-androideabi-gcc
configure:4669: result: 4.6, bad
configure:4680: checking for gnumake
configure:4710: result: no
configure:4680: checking for gmake
configure:4710: result: no
configure:4680: checking for make
configure:4696: found /usr/bin/make
configure:4707: result: make
configure:4722: checking version of make
configure:4732: result: 3.81, ok
configure:4744: checking for gnumsgfmt
configure:4774: result: no
configure:4744: checking for gmsgfmt
configure:4774: result: no
configure:4744: checking for msgfmt
configure:4760: found /usr/bin/msgfmt
configure:4771: result: msgfmt
configure:4786: checking version of msgfmt
configure:4796: result: 0.18.3, ok
configure:4807: checking for makeinfo
configure:4823: found /usr/bin/makeinfo
configure:4834: result: makeinfo
configure:4849: checking version of makeinfo
configure:4859: result: 5.2, ok
configure:4870: checking for sed
configure:4886: found /bin/sed
configure:4897: result: sed
configure:4912: checking version of sed
configure:4922: result: 4.2.2, ok
configure:4933: checking for gawk
configure:4949: found /usr/bin/gawk
configure:4960: result: gawk
configure:4975: checking version of gawk
configure:4985: result: 4.0.1, ok
configure:4996: checking for arm-linux-androideabi-nm
configure:5026: result: no
configure:5036: checking for nm
configure:5052: found /usr/bin/nm
configure:5063: result: nm
configure:5199: checking LD_LIBRARY_PATH variable
configure:5209: result: ok
configure:5218: checking whether GCC supports -static-libgcc
configure:5229: result: -static-libgcc
configure:5235: checking for bash
configure:5253: found /bin/bash
configure:5266: result: /bin/bash
configure:5277: checking for perl
configure:5295: found /usr/bin/perl
configure:5308: result: /usr/bin/perl
configure:5322: checking for install-info
configure:5341: found /usr/bin/install-info
configure:5354: result: /usr/bin/install-info
configure:5364: checking for bison
configure:5383: found /usr/bin/bison
configure:5396: result: /usr/bin/bison
configure:5405: checking for libc-friendly stddef.h
configure:5429: /home/anushruth/tools/android-ndk-r10d/toolchains/arm-linux-androideabi-4.6/prebuilt/linux-x86_64/bin/arm-linux-androideabi-gcc -c -g -O2 --sysroot=/home/anushruth/tools/android-ndk-r10d/platforms/android-9/arch-arm/usr/ -I/home/anushruth/tools/android-ndk-r10d/platforms/android-9/arch-arm/usr/include -fno-unwind-tables  conftest.c >&5
conftest.c: In function 'main':
conftest.c:24:38: warning: incompatible implicit declaration of built-in function 'abort' [enabled by default]
configure:5429: $? = 0
configure:5436: result: yes
configure:5443: checking whether we need to use -P to assemble .S files
configure:5453: /home/anushruth/tools/android-ndk-r10d/toolchains/arm-linux-androideabi-4.6/prebuilt/linux-x86_64/bin/arm-linux-androideabi-gcc   -c conftest.S 1>&5
configure:5456: $? = 0
configure:5464: result: no
configure:5471: checking for .set assembler directive
configure:5497: result: yes
configure:5504: checking for assembler gnu_unique_object symbol type
configure:5521: result: yes
configure:5528: checking for .previous assembler directive
configure:5538: /home/anushruth/tools/android-ndk-r10d/toolchains/arm-linux-androideabi-4.6/prebuilt/linux-x86_64/bin/arm-linux-androideabi-gcc -c  conftest.s 1>&5
configure:5541: $? = 0
configure:5549: result: yes
configure:5583: checking for .protected and .hidden assembler directive
configure:5595: /home/anushruth/tools/android-ndk-r10d/toolchains/arm-linux-androideabi-4.6/prebuilt/linux-x86_64/bin/arm-linux-androideabi-gcc -c  conftest.s 1>&5
configure:5598: $? = 0
configure:5606: result: yes
configure:5610: checking whether __attribute__((visibility())) is supported
configure:5621: /home/anushruth/tools/android-ndk-r10d/toolchains/arm-linux-androideabi-4.6/prebuilt/linux-x86_64/bin/arm-linux-androideabi-gcc -Werror -S conftest.c -o conftest.s 1>&5
configure:5624: $? = 0
configure:5635: result: yes
configure:5643: checking for broken __attribute__((visibility()))
configure:5655: /home/anushruth/tools/android-ndk-r10d/toolchains/arm-linux-androideabi-4.6/prebuilt/linux-x86_64/bin/arm-linux-androideabi-gcc -Werror -S conftest.c -o conftest.s 1>&5
configure:5658: $? = 0
configure:5667: result: no
configure:5674: checking for broken __attribute__((alias()))
configure:5689: /home/anushruth/tools/android-ndk-r10d/toolchains/arm-linux-androideabi-4.6/prebuilt/linux-x86_64/bin/arm-linux-androideabi-gcc -Werror -S conftest.c -o conftest.s 1>&5
configure:5692: $? = 0
configure:5702: result: no
configure:5709: checking whether to put _rtld_local into .sdata section
configure:5723: result: no
configure:5731: checking for .preinit_array/.init_array/.fini_array support
configure:5747: /home/anushruth/tools/android-ndk-r10d/toolchains/arm-linux-androideabi-4.6/prebuilt/linux-x86_64/bin/arm-linux-androideabi-gcc -g -O2 --sysroot=/home/anushruth/tools/android-ndk-r10d/platforms/android-9/arch-arm/usr/ -I/home/anushruth/tools/android-ndk-r10d/platforms/android-9/arch-arm/usr/include -fno-unwind-tables  --sysroot=/home/anushruth/tools/android-ndk-r10d/platforms/android-9/arch-arm/ -o conftest
		       conftest.c -static -nostartfiles -nostdlib
		       1>&5
configure:5750: $? = 0
configure:5763: result: yes
configure:5769: checking whether to use .ctors/.dtors header and trailer
configure:5815: result: yes
configure:5822: checking for libunwind-support in compiler
configure:5839: result: no
configure:5847: checking for linker that supports -z nodelete
configure:5860: /home/anushruth/tools/android-ndk-r10d/toolchains/arm-linux-androideabi-4.6/prebuilt/linux-x86_64/bin/arm-linux-androideabi-gcc -g -O2 --sysroot=/home/anushruth/tools/android-ndk-r10d/platforms/android-9/arch-arm/usr/ -I/home/anushruth/tools/android-ndk-r10d/platforms/android-9/arch-arm/usr/include -fno-unwind-tables  --sysroot=/home/anushruth/tools/android-ndk-r10d/platforms/android-9/arch-arm/
				-Wl,--enable-new-dtags,-z,nodelete -nostdlib -nostartfiles
				-fPIC -shared -o conftest.so conftest.c
				1>&5
configure:5863: $? = 0
configure:5876: result: yes
configure:5879: checking for linker that supports -z nodlopen
configure:5892: /home/anushruth/tools/android-ndk-r10d/toolchains/arm-linux-androideabi-4.6/prebuilt/linux-x86_64/bin/arm-linux-androideabi-gcc -g -O2 --sysroot=/home/anushruth/tools/android-ndk-r10d/platforms/android-9/arch-arm/usr/ -I/home/anushruth/tools/android-ndk-r10d/platforms/android-9/arch-arm/usr/include -fno-unwind-tables  --sysroot=/home/anushruth/tools/android-ndk-r10d/platforms/android-9/arch-arm/
				-Wl,--enable-new-dtags,-z,nodlopen -nostdlib -nostartfiles
				-fPIC -shared -o conftest.so conftest.c
				1>&5
configure:5895: $? = 0
configure:5908: result: yes
configure:5911: checking for linker that supports -z initfirst
configure:5924: /home/anushruth/tools/android-ndk-r10d/toolchains/arm-linux-androideabi-4.6/prebuilt/linux-x86_64/bin/arm-linux-androideabi-gcc -g -O2 --sysroot=/home/anushruth/tools/android-ndk-r10d/platforms/android-9/arch-arm/usr/ -I/home/anushruth/tools/android-ndk-r10d/platforms/android-9/arch-arm/usr/include -fno-unwind-tables  --sysroot=/home/anushruth/tools/android-ndk-r10d/platforms/android-9/arch-arm/
				-Wl,--enable-new-dtags,-z,initfirst -nostdlib -nostartfiles
				-fPIC -shared -o conftest.so conftest.c
				1>&5
configure:5927: $? = 0
configure:5940: result: yes
configure:5943: checking for -Bgroup option
configure:5954: /home/anushruth/tools/android-ndk-r10d/toolchains/arm-linux-androideabi-4.6/prebuilt/linux-x86_64/bin/arm-linux-androideabi-gcc -g -O2 --sysroot=/home/anushruth/tools/android-ndk-r10d/platforms/android-9/arch-arm/usr/ -I/home/anushruth/tools/android-ndk-r10d/platforms/android-9/arch-arm/usr/include -fno-unwind-tables  --sysroot=/home/anushruth/tools/android-ndk-r10d/platforms/android-9/arch-arm/
			    -fPIC -shared -o conftest.so conftest.c
			    -Wl,-Bgroup -nostdlib 1>&5
/home/anushruth/tools/android-ndk-r10d/toolchains/arm-linux-androideabi-4.6/prebuilt/linux-x86_64/bin/../lib/gcc/arm-linux-androideabi/4.6/../../../../arm-linux-androideabi/bin/ld: -Bgroup: unknown option
/home/anushruth/tools/android-ndk-r10d/toolchains/arm-linux-androideabi-4.6/prebuilt/linux-x86_64/bin/../lib/gcc/arm-linux-androideabi/4.6/../../../../arm-linux-androideabi/bin/ld: use the --help option for usage information
collect2: ld returned 1 exit status
configure:5957: $? = 1
configure:5966: result: no
configure:5971: checking whether --noexecstack is desirable for .S files
configure:5981: /home/anushruth/tools/android-ndk-r10d/toolchains/arm-linux-androideabi-4.6/prebuilt/linux-x86_64/bin/arm-linux-androideabi-gcc -g -O2 --sysroot=/home/anushruth/tools/android-ndk-r10d/platforms/android-9/arch-arm/usr/ -I/home/anushruth/tools/android-ndk-r10d/platforms/android-9/arch-arm/usr/include -fno-unwind-tables 
		   -S -o conftest.s conftest.c 1>&5
configure:5984: $? = 0
configure:5989: /home/anushruth/tools/android-ndk-r10d/toolchains/arm-linux-androideabi-4.6/prebuilt/linux-x86_64/bin/arm-linux-androideabi-gcc  -Wa,--noexecstack
		      -c -o conftest.o conftest.s 1>&5
configure:5992: $? = 0
configure:6001: result: yes
configure:6008: checking for -z combreloc
configure:6022: /home/anushruth/tools/android-ndk-r10d/toolchains/arm-linux-androideabi-4.6/prebuilt/linux-x86_64/bin/arm-linux-androideabi-gcc -g -O2 --sysroot=/home/anushruth/tools/android-ndk-r10d/platforms/android-9/arch-arm/usr/ -I/home/anushruth/tools/android-ndk-r10d/platforms/android-9/arch-arm/usr/include -fno-unwind-tables  --sysroot=/home/anushruth/tools/android-ndk-r10d/platforms/android-9/arch-arm/
			-fPIC -shared -o conftest.so conftest.c
			-nostdlib -nostartfiles
			-Wl,-z,combreloc 1>&5
configure:6025: $? = 0
configure:6038: result: yes
configure:6046: checking for linker that supports -z execstack
configure:6059: /home/anushruth/tools/android-ndk-r10d/toolchains/arm-linux-androideabi-4.6/prebuilt/linux-x86_64/bin/arm-linux-androideabi-gcc -g -O2 --sysroot=/home/anushruth/tools/android-ndk-r10d/platforms/android-9/arch-arm/usr/ -I/home/anushruth/tools/android-ndk-r10d/platforms/android-9/arch-arm/usr/include -fno-unwind-tables  --sysroot=/home/anushruth/tools/android-ndk-r10d/platforms/android-9/arch-arm/
				-Wl,-z,execstack -nostdlib -nostartfiles
				-fPIC -shared -o conftest.so conftest.c
				1>&5
configure:6062: $? = 0
configure:6075: result: yes
configure:6079: checking for -fpie
configure:6085: /home/anushruth/tools/android-ndk-r10d/toolchains/arm-linux-androideabi-4.6/prebuilt/linux-x86_64/bin/arm-linux-androideabi-gcc -fpie -xc /dev/null -S -o /dev/null
configure:6088: $? = 0
configure:6096: result: yes
configure:6101: checking for --hash-style option
configure:6112: /home/anushruth/tools/android-ndk-r10d/toolchains/arm-linux-androideabi-4.6/prebuilt/linux-x86_64/bin/arm-linux-androideabi-gcc -g -O2 --sysroot=/home/anushruth/tools/android-ndk-r10d/platforms/android-9/arch-arm/usr/ -I/home/anushruth/tools/android-ndk-r10d/platforms/android-9/arch-arm/usr/include -fno-unwind-tables  --sysroot=/home/anushruth/tools/android-ndk-r10d/platforms/android-9/arch-arm/
			    -fPIC -shared -o conftest.so conftest.c
			    -Wl,--hash-style=both -nostdlib 1>&5
configure:6115: $? = 0
configure:6124: result: yes
configure:6132: checking for sufficient default -shared layout
configure:6151:   /home/anushruth/tools/android-ndk-r10d/toolchains/arm-linux-androideabi-4.6/prebuilt/linux-x86_64/bin/arm-linux-androideabi-gcc  -shared -o conftest.so conftest.s 1>&5
/home/anushruth/tools/android-ndk-r10d/toolchains/arm-linux-androideabi-4.6/prebuilt/linux-x86_64/bin/../lib/gcc/arm-linux-androideabi/4.6/../../../../arm-linux-androideabi/bin/ld: error: cannot open crtbegin_so.o: No such file or directory
/home/anushruth/tools/android-ndk-r10d/toolchains/arm-linux-androideabi-4.6/prebuilt/linux-x86_64/bin/../lib/gcc/arm-linux-androideabi/4.6/../../../../arm-linux-androideabi/bin/ld: error: cannot open crtend_so.o: No such file or directory
/home/anushruth/tools/android-ndk-r10d/toolchains/arm-linux-androideabi-4.6/prebuilt/linux-x86_64/bin/../lib/gcc/arm-linux-androideabi/4.6/../../../../arm-linux-androideabi/bin/ld: error: cannot find -lc
/home/anushruth/tools/android-ndk-r10d/toolchains/arm-linux-androideabi-4.6/prebuilt/linux-x86_64/bin/../lib/gcc/arm-linux-androideabi/4.6/../../../../arm-linux-androideabi/bin/ld: error: cannot find -ldl
collect2: ld returned 1 exit status
configure:6154: $? = 1
configure:6186: result: no
configure:6191: checking linker output format
/home/anushruth/tools/android-ndk-r10d/toolchains/arm-linux-androideabi-4.6/prebuilt/linux-x86_64/bin/../lib/gcc/arm-linux-androideabi/4.6/../../../../arm-linux-androideabi/bin/ld: --print-output-format: unknown option
/home/anushruth/tools/android-ndk-r10d/toolchains/arm-linux-androideabi-4.6/prebuilt/linux-x86_64/bin/../lib/gcc/arm-linux-androideabi/4.6/../../../../arm-linux-androideabi/bin/ld: use the --help option for usage information
collect2: ld returned 1 exit status
configure:6205: result: unknown
configure:6209: checking for -fno-toplevel-reorder -fno-section-anchors
configure:6219: /home/anushruth/tools/android-ndk-r10d/toolchains/arm-linux-androideabi-4.6/prebuilt/linux-x86_64/bin/arm-linux-androideabi-gcc -g -O2 --sysroot=/home/anushruth/tools/android-ndk-r10d/platforms/android-9/arch-arm/usr/ -I/home/anushruth/tools/android-ndk-r10d/platforms/android-9/arch-arm/usr/include -fno-unwind-tables  -S -fno-toplevel-reorder -fno-section-anchors
			    conftest.c 1>&5
configure:6222: $? = 0
configure:6231: result: yes
configure:6240: checking for -fstack-protector
configure:6246: /home/anushruth/tools/android-ndk-r10d/toolchains/arm-linux-androideabi-4.6/prebuilt/linux-x86_64/bin/arm-linux-androideabi-gcc -g -O2 --sysroot=/home/anushruth/tools/android-ndk-r10d/platforms/android-9/arch-arm/usr/ -I/home/anushruth/tools/android-ndk-r10d/platforms/android-9/arch-arm/usr/include -fno-unwind-tables  -Werror -fstack-protector -xc /dev/null -S -o /dev/null
configure:6249: $? = 0
configure:6257: result: yes
configure:6261: checking for -fgnu89-inline
configure:6276: /home/anushruth/tools/android-ndk-r10d/toolchains/arm-linux-androideabi-4.6/prebuilt/linux-x86_64/bin/arm-linux-androideabi-gcc -g -O2 --sysroot=/home/anushruth/tools/android-ndk-r10d/platforms/android-9/arch-arm/usr/ -I/home/anushruth/tools/android-ndk-r10d/platforms/android-9/arch-arm/usr/include -fno-unwind-tables  -S -std=gnu99 -fgnu89-inline
			    -o conftest.s conftest.c 1>&5
conftest.c:3:1: warning: return type defaults to 'int' [enabled by default]
configure:6279: $? = 0
configure:6288: result: yes
configure:6297: checking whether cc puts quotes around section names
configure:6318: result: no
configure:6325: checking for assembler .weak directive
configure:6338: /home/anushruth/tools/android-ndk-r10d/toolchains/arm-linux-androideabi-4.6/prebuilt/linux-x86_64/bin/arm-linux-androideabi-gcc  -c conftest.s 1>&5
configure:6341: $? = 0
configure:6349: result: yes
configure:6392: checking for ld --no-whole-archive
configure:6405: /home/anushruth/tools/android-ndk-r10d/toolchains/arm-linux-androideabi-4.6/prebuilt/linux-x86_64/bin/arm-linux-androideabi-gcc -g -O2 --sysroot=/home/anushruth/tools/android-ndk-r10d/platforms/android-9/arch-arm/usr/ -I/home/anushruth/tools/android-ndk-r10d/platforms/android-9/arch-arm/usr/include -fno-unwind-tables  --sysroot=/home/anushruth/tools/android-ndk-r10d/platforms/android-9/arch-arm/
			    -nostdlib -nostartfiles -Wl,--no-whole-archive
			    -o conftest conftest.c 1>&5
configure:6408: $? = 0
configure:6416: result: yes
configure:6422: checking for gcc -fexceptions
configure:6435: /home/anushruth/tools/android-ndk-r10d/toolchains/arm-linux-androideabi-4.6/prebuilt/linux-x86_64/bin/arm-linux-androideabi-gcc -g -O2 --sysroot=/home/anushruth/tools/android-ndk-r10d/platforms/android-9/arch-arm/usr/ -I/home/anushruth/tools/android-ndk-r10d/platforms/android-9/arch-arm/usr/include -fno-unwind-tables  --sysroot=/home/anushruth/tools/android-ndk-r10d/platforms/android-9/arch-arm/
			    -nostdlib -nostartfiles -fexceptions
			    -o conftest conftest.c 1>&5
configure:6438: $? = 0
configure:6446: result: yes
configure:6452: checking for __builtin_memset
configure:6464: /home/anushruth/tools/android-ndk-r10d/toolchains/arm-linux-androideabi-4.6/prebuilt/linux-x86_64/bin/arm-linux-androideabi-gcc -O3 -S conftest.c -o - | fgrep memset > /dev/null
configure:6467: $? = 0
configure:6476: result: no
configure:6483: checking for redirection of built-in functions
configure:6496: /home/anushruth/tools/android-ndk-r10d/toolchains/arm-linux-androideabi-4.6/prebuilt/linux-x86_64/bin/arm-linux-androideabi-gcc -O3 -S conftest.c -o - | fgrep my_strstr > /dev/null
configure:6499: $? = 0
configure:6508: result: yes
configure:6514: checking for __thread
configure:6523: /home/anushruth/tools/android-ndk-r10d/toolchains/arm-linux-androideabi-4.6/prebuilt/linux-x86_64/bin/arm-linux-androideabi-gcc -g -O2 --sysroot=/home/anushruth/tools/android-ndk-r10d/platforms/android-9/arch-arm/usr/ -I/home/anushruth/tools/android-ndk-r10d/platforms/android-9/arch-arm/usr/include -fno-unwind-tables  -c conftest.c >&5
configure:6526: $? = 0
configure:6534: result: yes
configure:6540: checking for tls_model attribute
configure:6549: /home/anushruth/tools/android-ndk-r10d/toolchains/arm-linux-androideabi-4.6/prebuilt/linux-x86_64/bin/arm-linux-androideabi-gcc -g -O2 --sysroot=/home/anushruth/tools/android-ndk-r10d/platforms/android-9/arch-arm/usr/ -I/home/anushruth/tools/android-ndk-r10d/platforms/android-9/arch-arm/usr/include -fno-unwind-tables  -S -Werror conftest.c >&5
configure:6552: $? = 0
configure:6560: result: yes
configure:6566: checking for compiler option to disable generation of FMA instructions
configure:6574: /home/anushruth/tools/android-ndk-r10d/toolchains/arm-linux-androideabi-4.6/prebuilt/linux-x86_64/bin/arm-linux-androideabi-gcc -ffp-contract=off -xc /dev/null -S -o /dev/null
configure:6577: $? = 0
configure:6583: result: -ffp-contract=off
configure:6616: checking if /home/anushruth/tools/android-ndk-r10d/toolchains/arm-linux-androideabi-4.6/prebuilt/linux-x86_64/bin/arm-linux-androideabi-gcc accepts -fno-tree-loop-distribute-patterns with __attribute__ ((__optimize__))
configure:6629: /home/anushruth/tools/android-ndk-r10d/toolchains/arm-linux-androideabi-4.6/prebuilt/linux-x86_64/bin/arm-linux-androideabi-gcc -g -O2 --sysroot=/home/anushruth/tools/android-ndk-r10d/platforms/android-9/arch-arm/usr/ -I/home/anushruth/tools/android-ndk-r10d/platforms/android-9/arch-arm/usr/include -fno-unwind-tables  -c conftest.c
configure:6632: $? = 0
configure:6639: result: yes
configure:6647: checking for libgd
configure:6667: /home/anushruth/tools/android-ndk-r10d/toolchains/arm-linux-androideabi-4.6/prebuilt/linux-x86_64/bin/arm-linux-androideabi-gcc -o conftest -g -O2 --sysroot=/home/anushruth/tools/android-ndk-r10d/platforms/android-9/arch-arm/usr/ -I/home/anushruth/tools/android-ndk-r10d/platforms/android-9/arch-arm/usr/include -fno-unwind-tables   --sysroot=/home/anushruth/tools/android-ndk-r10d/platforms/android-9/arch-arm/  conftest.c  -lgd -lpng -lz -lm >&5
conftest.c:18:16: fatal error: gd.h: No such file or directory
compilation terminated.
configure:6667: $? = 1
configure: failed program was:
| /* confdefs.h */
| #define PACKAGE_NAME "GNU C Library"
| #define PACKAGE_TARNAME "glibc"
| #define PACKAGE_VERSION "(see version.h)"
| #define PACKAGE_STRING "GNU C Library (see version.h)"
| #define PACKAGE_BUGREPORT "http://sourceware.org/bugzilla/"
| #define PACKAGE_URL "http://www.gnu.org/software/glibc/"
| #define PKGVERSION "(GNU libc) "
| #define REPORT_BUGS_TO "<http://www.gnu.org/software/libc/bugs.html>"
| #define DO_STATIC_NSS 1
| #define HAVE_ASM_SET_DIRECTIVE 1
| #define HAVE_ASM_UNIQUE_OBJECT 1
| #define HAVE_ASM_PREVIOUS_DIRECTIVE 1
| #define HAVE_Z_COMBRELOC 1
| #define HAVE_ASM_WEAK_DIRECTIVE 1
| #define HAVE_CC_INHIBIT_LOOP_TO_LIBCALL 1
| /* end confdefs.h.  */
| #include <gd.h>
| int
| main ()
| {
| gdImagePng (0, 0)
|   ;
|   return 0;
| }
configure:6680: result: no
configure:6689: checking for is_selinux_enabled in -lselinux
configure:6714: /home/anushruth/tools/android-ndk-r10d/toolchains/arm-linux-androideabi-4.6/prebuilt/linux-x86_64/bin/arm-linux-androideabi-gcc -o conftest -g -O2 --sysroot=/home/anushruth/tools/android-ndk-r10d/platforms/android-9/arch-arm/usr/ -I/home/anushruth/tools/android-ndk-r10d/platforms/android-9/arch-arm/usr/include -fno-unwind-tables  --sysroot=/home/anushruth/tools/android-ndk-r10d/platforms/android-9/arch-arm/ conftest.c -lselinux   >&5
/home/anushruth/tools/android-ndk-r10d/toolchains/arm-linux-androideabi-4.6/prebuilt/linux-x86_64/bin/../lib/gcc/arm-linux-androideabi/4.6/../../../../arm-linux-androideabi/bin/ld: error: cannot find -lselinux
/home/anushruth/tools/android-ndk-r10d/toolchains/arm-linux-androideabi-4.6/prebuilt/linux-x86_64/bin/../lib/gcc/arm-linux-androideabi/4.6/../../../../arm-linux-androideabi/bin/ld: /tmp/ccYuOHW5.o: in function main:conftest.c:29: error: undefined reference to 'is_selinux_enabled'
collect2: ld returned 1 exit status
configure:6714: $? = 1
configure: failed program was:
| /* confdefs.h */
| #define PACKAGE_NAME "GNU C Library"
| #define PACKAGE_TARNAME "glibc"
| #define PACKAGE_VERSION "(see version.h)"
| #define PACKAGE_STRING "GNU C Library (see version.h)"
| #define PACKAGE_BUGREPORT "http://sourceware.org/bugzilla/"
| #define PACKAGE_URL "http://www.gnu.org/software/glibc/"
| #define PKGVERSION "(GNU libc) "
| #define REPORT_BUGS_TO "<http://www.gnu.org/software/libc/bugs.html>"
| #define DO_STATIC_NSS 1
| #define HAVE_ASM_SET_DIRECTIVE 1
| #define HAVE_ASM_UNIQUE_OBJECT 1
| #define HAVE_ASM_PREVIOUS_DIRECTIVE 1
| #define HAVE_Z_COMBRELOC 1
| #define HAVE_ASM_WEAK_DIRECTIVE 1
| #define HAVE_CC_INHIBIT_LOOP_TO_LIBCALL 1
| /* end confdefs.h.  */
| 
| /* Override any GCC internal prototype to avoid an error.
|    Use char because int might match the return type of a GCC
|    builtin and then its argument prototype would still apply.  */
| #ifdef __cplusplus
| extern "C"
| #endif
| char is_selinux_enabled ();
| int
| main ()
| {
| return is_selinux_enabled ();
|   ;
|   return 0;
| }
configure:6723: result: no
configure:6850: checking size of long double
configure:6855: /home/anushruth/tools/android-ndk-r10d/toolchains/arm-linux-androideabi-4.6/prebuilt/linux-x86_64/bin/arm-linux-androideabi-gcc -o conftest -g -O2 --sysroot=/home/anushruth/tools/android-ndk-r10d/platforms/android-9/arch-arm/usr/ -I/home/anushruth/tools/android-ndk-r10d/platforms/android-9/arch-arm/usr/include -fno-unwind-tables  --sysroot=/home/anushruth/tools/android-ndk-r10d/platforms/android-9/arch-arm/ conftest.c  >&5
configure:6855: $? = 0
configure:6855: ./conftest
../glibc/configure: line 1683: ./conftest: cannot execute binary file: Exec format error
configure:6855: $? = 126
configure: program exited with status 126
configure: failed program was:
| /* confdefs.h */
| #define PACKAGE_NAME "GNU C Library"
| #define PACKAGE_TARNAME "glibc"
| #define PACKAGE_VERSION "(see version.h)"
| #define PACKAGE_STRING "GNU C Library (see version.h)"
| #define PACKAGE_BUGREPORT "http://sourceware.org/bugzilla/"
| #define PACKAGE_URL "http://www.gnu.org/software/glibc/"
| #define PKGVERSION "(GNU libc) "
| #define REPORT_BUGS_TO "<http://www.gnu.org/software/libc/bugs.html>"
| #define DO_STATIC_NSS 1
| #define HAVE_ASM_SET_DIRECTIVE 1
| #define HAVE_ASM_UNIQUE_OBJECT 1
| #define HAVE_ASM_PREVIOUS_DIRECTIVE 1
| #define HAVE_Z_COMBRELOC 1
| #define HAVE_ASM_WEAK_DIRECTIVE 1
| #define HAVE_CC_INHIBIT_LOOP_TO_LIBCALL 1
| /* end confdefs.h.  */
| /* none */
| static long int longval () { return (long int) (sizeof (long double)); }
| static unsigned long int ulongval () { return (long int) (sizeof (long double)); }
| #include <stdio.h>
| #include <stdlib.h>
| int
| main ()
| {
| 
|   FILE *f = fopen ("conftest.val", "w");
|   if (! f)
|     return 1;
|   if (((long int) (sizeof (long double))) < 0)
|     {
|       long int i = longval ();
|       if (i != ((long int) (sizeof (long double))))
| 	return 1;
|       fprintf (f, "%ld", i);
|     }
|   else
|     {
|       unsigned long int i = ulongval ();
|       if (i != ((long int) (sizeof (long double))))
| 	return 1;
|       fprintf (f, "%lu", i);
|     }
|   /* Do not output a trailing newline, as this causes \r\n confusion
|      on some platforms.  */
|   return ferror (f) || fclose (f) != 0;
| 
|   ;
|   return 0;
| }
configure:6869: result: 0
configure:6883: checking for _FORTIFY_SOURCE predefine
configure:6902: /home/anushruth/tools/android-ndk-r10d/toolchains/arm-linux-androideabi-4.6/prebuilt/linux-x86_64/bin/arm-linux-androideabi-gcc -c -g -O2 --sysroot=/home/anushruth/tools/android-ndk-r10d/platforms/android-9/arch-arm/usr/ -I/home/anushruth/tools/android-ndk-r10d/platforms/android-9/arch-arm/usr/include -fno-unwind-tables  conftest.c >&5
configure:6902: $? = 0
configure:6909: result: no
configure:6916: checking whether /home/anushruth/tools/android-ndk-r10d/toolchains/arm-linux-androideabi-4.6/prebuilt/linux-x86_64/bin/arm-linux-androideabi-gcc implicitly enables -fstack-protector
configure:6933: /home/anushruth/tools/android-ndk-r10d/toolchains/arm-linux-androideabi-4.6/prebuilt/linux-x86_64/bin/arm-linux-androideabi-gcc -c -g -O2 --sysroot=/home/anushruth/tools/android-ndk-r10d/platforms/android-9/arch-arm/usr/ -I/home/anushruth/tools/android-ndk-r10d/platforms/android-9/arch-arm/usr/include -fno-unwind-tables  conftest.c >&5
configure:6933: $? = 0
libc_undefs='foobar'
configure:6960: result: no
configure:6971: checking whether the linker provides working __ehdr_start
configure:6994: /home/anushruth/tools/android-ndk-r10d/toolchains/arm-linux-androideabi-4.6/prebuilt/linux-x86_64/bin/arm-linux-androideabi-gcc -o conftest -g -O2 --sysroot=/home/anushruth/tools/android-ndk-r10d/platforms/android-9/arch-arm/usr/ -I/home/anushruth/tools/android-ndk-r10d/platforms/android-9/arch-arm/usr/include -fno-unwind-tables -fPIC  --sysroot=/home/anushruth/tools/android-ndk-r10d/platforms/android-9/arch-arm/ -nostdlib -nostartfiles -shared conftest.c  >&5
/home/anushruth/tools/android-ndk-r10d/toolchains/arm-linux-androideabi-4.6/prebuilt/linux-x86_64/bin/../lib/gcc/arm-linux-androideabi/4.6/../../../../arm-linux-androideabi/bin/ld: error: /tmp/ccOEyeAr.o: requires unsupported dynamic reloc R_ARM_REL32; recompile with -fPIC
/home/anushruth/tools/android-ndk-r10d/toolchains/arm-linux-androideabi-4.6/prebuilt/linux-x86_64/bin/../lib/gcc/arm-linux-androideabi/4.6/../../../../arm-linux-androideabi/bin/ld: error: hidden symbol '__ehdr_start' is not defined locally
collect2: ld returned 1 exit status
configure:6994: $? = 1
configure: failed program was:
| /* confdefs.h */
| #define PACKAGE_NAME "GNU C Library"
| #define PACKAGE_TARNAME "glibc"
| #define PACKAGE_VERSION "(see version.h)"
| #define PACKAGE_STRING "GNU C Library (see version.h)"
| #define PACKAGE_BUGREPORT "http://sourceware.org/bugzilla/"
| #define PACKAGE_URL "http://www.gnu.org/software/glibc/"
| #define PKGVERSION "(GNU libc) "
| #define REPORT_BUGS_TO "<http://www.gnu.org/software/libc/bugs.html>"
| #define DO_STATIC_NSS 1
| #define HAVE_ASM_SET_DIRECTIVE 1
| #define HAVE_ASM_UNIQUE_OBJECT 1
| #define HAVE_ASM_PREVIOUS_DIRECTIVE 1
| #define HAVE_Z_COMBRELOC 1
| #define HAVE_ASM_WEAK_DIRECTIVE 1
| #define HAVE_CC_INHIBIT_LOOP_TO_LIBCALL 1
| #define SIZEOF_LONG_DOUBLE 0
| /* end confdefs.h.  */
| 
| typedef struct {
|   char foo;
|   long val;
| } Ehdr;
| extern const Ehdr __ehdr_start __attribute__ ((visibility ("hidden")));
| long ehdr (void) { return __ehdr_start.val; }
| 
configure:7010: result: no
configure:7020: checking for __builtin_trap with no external dependencies
configure:7037: /home/anushruth/tools/android-ndk-r10d/toolchains/arm-linux-androideabi-4.6/prebuilt/linux-x86_64/bin/arm-linux-androideabi-gcc -c -g -O2 --sysroot=/home/anushruth/tools/android-ndk-r10d/platforms/android-9/arch-arm/usr/ -I/home/anushruth/tools/android-ndk-r10d/platforms/android-9/arch-arm/usr/include -fno-unwind-tables  conftest.c >&5
configure:7037: $? = 0
libc_undefs='abort'
configure:7051: result: no
configure:7077: result: running configure fragment for sysdeps/unix/sysv/linux
configure:40: checking installed Linux kernel header files
configure:59: /home/anushruth/tools/android-ndk-r10d/toolchains/arm-linux-androideabi-4.6/prebuilt/linux-x86_64/bin/arm-linux-androideabi-gcc -c -g -O2 --sysroot=/home/anushruth/tools/android-ndk-r10d/platforms/android-9/arch-arm/usr/ -I/home/anushruth/tools/android-ndk-r10d/platforms/android-9/arch-arm/usr/include -fno-unwind-tables  -nostdinc -isystem /home/anushruth/tools/android-ndk-r10d/toolchains/arm-linux-androideabi-4.6/prebuilt/linux-x86_64/bin/../lib/gcc/arm-linux-androideabi/4.6/include -isystem /home/anushruth/tools/android-ndk-r10d/toolchains/arm-linux-androideabi-4.6/prebuilt/linux-x86_64/bin/../lib/gcc/arm-linux-androideabi/4.6/include-fixed -isystem /home/anushruth/tools/android-ndk-r10b/platforms/android-9/arch-arm/usr/include conftest.c >&5
configure:59: $? = 0
configure:66: result: 2.6.32 or later
configure:100: checking for kernel header at least 2.6.32
configure:118: /home/anushruth/tools/android-ndk-r10d/toolchains/arm-linux-androideabi-4.6/prebuilt/linux-x86_64/bin/arm-linux-androideabi-gcc -c -g -O2 --sysroot=/home/anushruth/tools/android-ndk-r10d/platforms/android-9/arch-arm/usr/ -I/home/anushruth/tools/android-ndk-r10d/platforms/android-9/arch-arm/usr/include -fno-unwind-tables  -nostdinc -isystem /home/anushruth/tools/android-ndk-r10d/toolchains/arm-linux-androideabi-4.6/prebuilt/linux-x86_64/bin/../lib/gcc/arm-linux-androideabi/4.6/include -isystem /home/anushruth/tools/android-ndk-r10d/toolchains/arm-linux-androideabi-4.6/prebuilt/linux-x86_64/bin/../lib/gcc/arm-linux-androideabi/4.6/include-fixed -isystem /home/anushruth/tools/android-ndk-r10b/platforms/android-9/arch-arm/usr/include conftest.c >&5
configure:118: $? = 0
configure:124: result: ok
configure:142: checking for linux/fanotify.h
configure:142: /home/anushruth/tools/android-ndk-r10d/toolchains/arm-linux-androideabi-4.6/prebuilt/linux-x86_64/bin/arm-linux-androideabi-gcc -c -g -O2 --sysroot=/home/anushruth/tools/android-ndk-r10d/platforms/android-9/arch-arm/usr/ -I/home/anushruth/tools/android-ndk-r10d/platforms/android-9/arch-arm/usr/include -fno-unwind-tables  -nostdinc -isystem /home/anushruth/tools/android-ndk-r10d/toolchains/arm-linux-androideabi-4.6/prebuilt/linux-x86_64/bin/../lib/gcc/arm-linux-androideabi/4.6/include -isystem /home/anushruth/tools/android-ndk-r10d/toolchains/arm-linux-androideabi-4.6/prebuilt/linux-x86_64/bin/../lib/gcc/arm-linux-androideabi/4.6/include-fixed -isystem /home/anushruth/tools/android-ndk-r10b/platforms/android-9/arch-arm/usr/include conftest.c >&5
conftest.c:23:28: fatal error: linux/fanotify.h: No such file or directory
compilation terminated.
configure:142: $? = 1
configure: failed program was:
| /* confdefs.h */
| #define PACKAGE_NAME "GNU C Library"
| #define PACKAGE_TARNAME "glibc"
| #define PACKAGE_VERSION "(see version.h)"
| #define PACKAGE_STRING "GNU C Library (see version.h)"
| #define PACKAGE_BUGREPORT "http://sourceware.org/bugzilla/"
| #define PACKAGE_URL "http://www.gnu.org/software/glibc/"
| #define PKGVERSION "(GNU libc) "
| #define REPORT_BUGS_TO "<http://www.gnu.org/software/libc/bugs.html>"
| #define DO_STATIC_NSS 1
| #define HAVE_ASM_SET_DIRECTIVE 1
| #define HAVE_ASM_UNIQUE_OBJECT 1
| #define HAVE_ASM_PREVIOUS_DIRECTIVE 1
| #define HAVE_Z_COMBRELOC 1
| #define HAVE_ASM_WEAK_DIRECTIVE 1
| #define HAVE_CC_INHIBIT_LOOP_TO_LIBCALL 1
| #define SIZEOF_LONG_DOUBLE 0
| #define __LINUX_KERNEL_VERSION (2 * 65536 + 6 * 256 + 32)
| #define __ABI_TAG_VERSION 2,6,32
| /* end confdefs.h.  */
| /* No default includes.  */
| 
| #include <linux/fanotify.h>
configure:142: result: no
configure:7077: result: running configure fragment for sysdeps/nptl
configure:13: checking for forced unwind support
configure:45: result: yes
configure:52: checking for C cleanup handling
configure:79: result: yes
configure:7077: result: running configure fragment for sysdeps/gnu
configure:7077: result: running configure fragment for sysdeps/arm
configure:15: checking for grep that handles long lines and -e
configure:73: result: /bin/grep
configure:78: checking for egrep
configure:140: result: /bin/grep -E
configure:145: checking whether the compiler is using the ARM hard-float ABI
configure:166: result: no
configure:178: checking whether the build tools support the GNU descriptor TLS scheme
configure:196: /home/anushruth/tools/android-ndk-r10d/toolchains/arm-linux-androideabi-4.6/prebuilt/linux-x86_64/bin/arm-linux-androideabi-gcc -c -g -O2 --sysroot=/home/anushruth/tools/android-ndk-r10d/platforms/android-9/arch-arm/usr/ -I/home/anushruth/tools/android-ndk-r10d/platforms/android-9/arch-arm/usr/include -fno-unwind-tables -mtls-dialect=gnu2  conftest.c >&5
cc1: error: unrecognized command line option '-mtls-dialect=gnu2'
configure:196: $? = 1
configure: failed program was:
| /* confdefs.h */
| #define PACKAGE_NAME "GNU C Library"
| #define PACKAGE_TARNAME "glibc"
| #define PACKAGE_VERSION "(see version.h)"
| #define PACKAGE_STRING "GNU C Library (see version.h)"
| #define PACKAGE_BUGREPORT "http://sourceware.org/bugzilla/"
| #define PACKAGE_URL "http://www.gnu.org/software/glibc/"
| #define PKGVERSION "(GNU libc) "
| #define REPORT_BUGS_TO "<http://www.gnu.org/software/libc/bugs.html>"
| #define DO_STATIC_NSS 1
| #define HAVE_ASM_SET_DIRECTIVE 1
| #define HAVE_ASM_UNIQUE_OBJECT 1
| #define HAVE_ASM_PREVIOUS_DIRECTIVE 1
| #define HAVE_Z_COMBRELOC 1
| #define HAVE_ASM_WEAK_DIRECTIVE 1
| #define HAVE_CC_INHIBIT_LOOP_TO_LIBCALL 1
| #define SIZEOF_LONG_DOUBLE 0
| #define __LINUX_KERNEL_VERSION (2 * 65536 + 6 * 256 + 32)
| #define __ABI_TAG_VERSION 2,6,32
| #define HAVE_INLINED_SYSCALLS 1
| #define HAVE_FORCED_UNWIND 1
| /* end confdefs.h.  */
| asm (".word\tfoo(tlsdesc)");
| int
| main ()
| {
| 
|   ;
|   return 0;
| }
configure:204: result: no
configure:7112: checking for old glibc 2.0.x headers
configure:7120: result: no
configure:7148: checking whether -fPIC is default
conftest.c:2:3: error: #error PIC is default.
configure:7164: result: yes
configure:7298: creating ./config.status

## ---------------------- ##
## Running config.status. ##
## ---------------------- ##

This file was extended by GNU C Library config.status (see version.h), which was
generated by GNU Autoconf 2.68.  Invocation command line was

  CONFIG_FILES    = 
  CONFIG_HEADERS  = 
  CONFIG_LINKS    = 
  CONFIG_COMMANDS = 
  $ ./config.status 

on work

config.status:946: creating config.make
config.status:946: creating Makefile
config.status:946: creating config.h
config.status:1120: executing default commands

## ---------------- ##
## Cache variables. ##
## ---------------- ##

ac_cv_build=x86_64-unknown-linux-gnu
ac_cv_c_compiler_gnu=yes
ac_cv_cxx_compiler_gnu=yes
ac_cv_env_CCC_set=
ac_cv_env_CCC_value=
ac_cv_env_CC_set=set
ac_cv_env_CC_value=/home/anushruth/tools/android-ndk-r10d/toolchains/arm-linux-androideabi-4.6/prebuilt/linux-x86_64/bin/arm-linux-androideabi-gcc
ac_cv_env_CFLAGS_set=set
ac_cv_env_CFLAGS_value='-g -O2 --sysroot=/home/anushruth/tools/android-ndk-r10d/platforms/android-9/arch-arm/usr/ -I/home/anushruth/tools/android-ndk-r10d/platforms/android-9/arch-arm/usr/include'
ac_cv_env_CPPFLAGS_set=
ac_cv_env_CPPFLAGS_value=
ac_cv_env_CPP_set=
ac_cv_env_CPP_value=
ac_cv_env_CXXFLAGS_set=
ac_cv_env_CXXFLAGS_value=
ac_cv_env_CXX_set=set
ac_cv_env_CXX_value=/home/anushruth/tools/android-ndk-r10d/toolchains/arm-linux-androideabi-4.6/prebuilt/linux-x86_64/bin/arm-linux-androideabi-g++
ac_cv_env_LDFLAGS_set=set
ac_cv_env_LDFLAGS_value=--sysroot=/home/anushruth/tools/android-ndk-r10d/platforms/android-9/arch-arm/
ac_cv_env_LIBS_set=
ac_cv_env_LIBS_value=
ac_cv_env_build_alias_set=
ac_cv_env_build_alias_value=
ac_cv_env_host_alias_set=set
ac_cv_env_host_alias_value=arm-linux-androideabi
ac_cv_env_target_alias_set=set
ac_cv_env_target_alias_value=arm-linux-androideabi
ac_cv_header_linux_fanotify_h=no
ac_cv_host=arm-unknown-linux-androideabi
ac_cv_lib_selinux_is_selinux_enabled=no
ac_cv_objext=o
ac_cv_path_BASH_SHELL=/bin/bash
ac_cv_path_BISON=/usr/bin/bison
ac_cv_path_EGREP='/bin/grep -E'
ac_cv_path_GREP=/bin/grep
ac_cv_path_INSTALL_INFO=/usr/bin/install-info
ac_cv_path_PERL=/usr/bin/perl
ac_cv_path_install='/usr/bin/install -c'
ac_cv_prog_AS=/home/anushruth/tools/android-ndk-r10d/toolchains/arm-linux-androideabi-4.6/prebuilt/linux-x86_64/bin/../lib/gcc/arm-linux-androideabi/4.6/../../../../arm-linux-androideabi/bin/as
ac_cv_prog_AWK=gawk
ac_cv_prog_BUILD_CC=gcc
ac_cv_prog_CC=/home/anushruth/tools/android-ndk-r10d/toolchains/arm-linux-androideabi-4.6/prebuilt/linux-x86_64/bin/arm-linux-androideabi-gcc
ac_cv_prog_LD=/home/anushruth/tools/android-ndk-r10d/toolchains/arm-linux-androideabi-4.6/prebuilt/linux-x86_64/bin/../lib/gcc/arm-linux-androideabi/4.6/../../../../arm-linux-androideabi/bin/ld
ac_cv_prog_MAKE=make
ac_cv_prog_MAKEINFO=makeinfo
ac_cv_prog_MSGFMT=msgfmt
ac_cv_prog_SED=sed
ac_cv_prog_ac_ct_NM=nm
ac_cv_prog_ac_ct_READELF=readelf
ac_cv_prog_cc_g=yes
ac_cv_prog_cxx_g=yes
ac_cv_sizeof_long_double=0
libc_cv_Bgroup=no
libc_cv_arm_pcs_vfp=no
libc_cv_arm_tls_desc=no
libc_cv_as_noexecstack=yes
libc_cv_asm_previous_directive=yes
libc_cv_asm_protected_directive=yes
libc_cv_asm_set_directive=yes
libc_cv_asm_unique_object=yes
libc_cv_asm_weak_directive=yes
libc_cv_broken_alias_attribute=no
libc_cv_broken_visibility_attribute=no
libc_cv_builtin_trap=no
libc_cv_c_cleanup=yes
libc_cv_cc_loop_to_function=yes
libc_cv_cc_nofma=-ffp-contract=off
libc_cv_cc_with_libunwind=no
libc_cv_ctors_header=yes
libc_cv_dot_text=.text
libc_cv_ehdr_start=no
libc_cv_fno_toplevel_reorder=yes
libc_cv_forced_unwind=yes
libc_cv_fpie=yes
libc_cv_friendly_stddef=yes
libc_cv_gcc___thread=yes
libc_cv_gcc_builtin_memset=no
libc_cv_gcc_builtin_redirection=yes
libc_cv_gcc_exceptions=yes
libc_cv_gcc_static_libgcc=-static-libgcc
libc_cv_gcc_tls_model_attr=yes
libc_cv_gcc_unwind_find_fde=no
libc_cv_gnu89_inline=yes
libc_cv_hashstyle=yes
libc_cv_have_sdata_section=no
libc_cv_have_section_quotes=no
libc_cv_idn=no
libc_cv_initfini_array=yes
libc_cv_ld_gnu_indirect_function=no
libc_cv_ld_no_whole_archive=yes
libc_cv_linux2632='2.6.32 or later'
libc_cv_localstatedir='${prefix}/var'
libc_cv_need_minus_P=no
libc_cv_nss_crypt=no
libc_cv_output_format=unknown
libc_cv_pic_default=yes
libc_cv_predef_fortify_source=no
libc_cv_predef_stack_protector=no
libc_cv_prog_as_gnu=yes
libc_cv_prog_ld_gnu=yes
libc_cv_ssp=yes
libc_cv_sysconfdir='${prefix}/etc'
libc_cv_use_default_link=no
libc_cv_visibility_attribute=yes
libc_cv_z_combreloc=yes
libc_cv_z_execstack=yes
libc_cv_z_initfirst=yes
libc_cv_z_nodelete=yes
libc_cv_z_nodlopen=yes

## ----------------- ##
## Output variables. ##
## ----------------- ##

AR='/home/anushruth/tools/android-ndk-r10d/toolchains/arm-linux-androideabi-4.6/prebuilt/linux-x86_64/bin/../lib/gcc/arm-linux-androideabi/4.6/../../../../arm-linux-androideabi/bin/ar'
AS='/home/anushruth/tools/android-ndk-r10d/toolchains/arm-linux-androideabi-4.6/prebuilt/linux-x86_64/bin/../lib/gcc/arm-linux-androideabi/4.6/../../../../arm-linux-androideabi/bin/as'
ASFLAGS_config=' -Wa,--noexecstack'
AUTOCONF='no'
AWK='gawk'
BASH_SHELL='/bin/bash'
BISON='/usr/bin/bison'
BUILD_CC='gcc'
CC='/home/anushruth/tools/android-ndk-r10d/toolchains/arm-linux-androideabi-4.6/prebuilt/linux-x86_64/bin/arm-linux-androideabi-gcc'
CFLAGS='-g -O2 --sysroot=/home/anushruth/tools/android-ndk-r10d/platforms/android-9/arch-arm/usr/ -I/home/anushruth/tools/android-ndk-r10d/platforms/android-9/arch-arm/usr/include'
CPP='/home/anushruth/tools/android-ndk-r10d/toolchains/arm-linux-androideabi-4.6/prebuilt/linux-x86_64/bin/arm-linux-androideabi-gcc -E'
CPPFLAGS=''
CPPUNDEFS=''
CXX='/home/anushruth/tools/android-ndk-r10d/toolchains/arm-linux-androideabi-4.6/prebuilt/linux-x86_64/bin/arm-linux-androideabi-g++'
CXXFLAGS='-g -O2'
CXX_SYSINCLUDES=''
DEFINES=''
DEFS='-DHAVE_CONFIG_H'
ECHO_C=''
ECHO_N='-n'
ECHO_T=''
INSTALL_DATA='${INSTALL} -m 644'
INSTALL_INFO='/usr/bin/install-info'
INSTALL_PROGRAM='${INSTALL}'
INSTALL_SCRIPT='${INSTALL}'
LD='/home/anushruth/tools/android-ndk-r10d/toolchains/arm-linux-androideabi-4.6/prebuilt/linux-x86_64/bin/../lib/gcc/arm-linux-androideabi/4.6/../../../../arm-linux-androideabi/bin/ld'
LDFLAGS='--sysroot=/home/anushruth/tools/android-ndk-r10d/platforms/android-9/arch-arm/'
LIBGD='no'
LIBOBJS=''
LIBS=''
LN_S='ln -s'
LTLIBOBJS=''
MAKE='make'
MAKEINFO='makeinfo'
MSGFMT='msgfmt'
NM='nm'
OBJCOPY='/home/anushruth/tools/android-ndk-r10d/toolchains/arm-linux-androideabi-4.6/prebuilt/linux-x86_64/bin/../lib/gcc/arm-linux-androideabi/4.6/../../../../arm-linux-androideabi/bin/objcopy'
OBJDUMP='/home/anushruth/tools/android-ndk-r10d/toolchains/arm-linux-androideabi-4.6/prebuilt/linux-x86_64/bin/../lib/gcc/arm-linux-androideabi/4.6/../../../../arm-linux-androideabi/bin/objdump'
OBJEXT='o'
PACKAGE_BUGREPORT='http://sourceware.org/bugzilla/'
PACKAGE_NAME='GNU C Library'
PACKAGE_STRING='GNU C Library (see version.h)'
PACKAGE_TARNAME='glibc'
PACKAGE_URL='http://www.gnu.org/software/glibc/'
PACKAGE_VERSION='(see version.h)'
PATH_SEPARATOR=':'
PERL='/usr/bin/perl'
PKGVERSION='(GNU libc) '
PKGVERSION_TEXI='(GNU libc) '
READELF='readelf'
RELEASE='stable'
REPORT_BUGS_TEXI='@uref{http://www.gnu.org/software/libc/bugs.html}'
REPORT_BUGS_TO='<http://www.gnu.org/software/libc/bugs.html>'
SED='sed'
SHELL='/bin/sh'
SYSINCLUDES='-nostdinc -isystem /home/anushruth/tools/android-ndk-r10d/toolchains/arm-linux-androideabi-4.6/prebuilt/linux-x86_64/bin/../lib/gcc/arm-linux-androideabi/4.6/include -isystem /home/anushruth/tools/android-ndk-r10d/toolchains/arm-linux-androideabi-4.6/prebuilt/linux-x86_64/bin/../lib/gcc/arm-linux-androideabi/4.6/include-fixed -isystem /home/anushruth/tools/android-ndk-r10b/platforms/android-9/arch-arm/usr/include'
VERSION='2.20'
ac_ct_CC=''
ac_ct_CXX=''
add_on_subdirs=''
add_ons='libidn'
all_warnings=''
base_machine='arm'
bindir='${exec_prefix}/bin'
bindnow='no'
build='x86_64-unknown-linux-gnu'
build_alias=''
build_cpu='x86_64'
build_nscd='yes'
build_os='linux-gnu'
build_pt_chown='no'
build_vendor='unknown'
cross_compiling='maybe'
datadir='${datarootdir}'
datarootdir='${prefix}/share'
docdir='${datarootdir}/doc/${PACKAGE_TARNAME}'
dvidir='${docdir}'
enable_lock_elision='no'
exceptions='-fexceptions'
exec_prefix='${prefix}'
fno_unit_at_a_time='-fno-toplevel-reorder -fno-section-anchors'
force_install='yes'
gnu89_inline='-fgnu89-inline'
hardcoded_path_in_tests='no'
have_libaudit=''
have_libcap=''
have_selinux='no'
host='arm-unknown-linux-androideabi'
host_alias='arm-linux-androideabi'
host_cpu='arm'
host_os='linux-androideabi'
host_vendor='unknown'
htmldir='${docdir}'
includedir='${prefix}/include'
infodir='${datarootdir}/info'
ldd_rewrite_script='no'
libc_cv_Bgroup='no'
libc_cv_cc_loop_to_function='yes'
libc_cv_cc_nofma='-ffp-contract=off'
libc_cv_cc_submachine=''
libc_cv_cc_with_libunwind='no'
libc_cv_forced_unwind='yes'
libc_cv_fpie='yes'
libc_cv_gcc_static_libgcc='-static-libgcc'
libc_cv_gcc_unwind_find_fde='no'
libc_cv_hashstyle='yes'
libc_cv_localedir=''
libc_cv_localstatedir='${prefix}/var'
libc_cv_nss_crypt='no'
libc_cv_output_format='unknown'
libc_cv_pic_default='yes'
libc_cv_rootsbindir=''
libc_cv_rtlddir=''
libc_cv_slibdir=''
libc_cv_ssp='yes'
libc_cv_sysconfdir='${prefix}/etc'
libc_cv_z_combreloc='yes'
libc_cv_z_execstack='yes'
libc_extra_cflags=''
libc_extra_cppflags=''
libdir='${exec_prefix}/lib'
libexecdir='${exec_prefix}/libexec'
link_obsolete_rpc='no'
localedir='${datarootdir}/locale'
localstatedir='${prefix}/var'
mach_interface_list=''
mandir='${datarootdir}/man'
multi_arch='no'
old_glibc_headers='no'
oldest_abi='default'
oldincludedir='/usr/include'
pdfdir='${docdir}'
prefix='/home/anushruth/experiment/sysroot'
profile='no'
program_transform_name='s,x,x,'
psdir='${docdir}'
sbindir='${exec_prefix}/sbin'
shared='no'
sharedstatedir='${prefix}/com'
sizeof_long_double='0'
static=''
static_nss='yes'
subdirs='  '
submachine=''
sysconfdir='${prefix}/etc'
sysdeps_add_ons=''
sysheaders='/home/anushruth/tools/android-ndk-r10b/platforms/android-9/arch-arm/usr/include'
sysnames=' sysdeps/unix/sysv/linux/arm sysdeps/arm/nptl sysdeps/unix/sysv/linux sysdeps/nptl sysdeps/pthread sysdeps/gnu sysdeps/unix/inet sysdeps/unix/sysv sysdeps/unix/arm sysdeps/unix sysdeps/posix sysdeps/arm sysdeps/arm/soft-fp sysdeps/wordsize-32 sysdeps/ieee754/flt-32 sysdeps/ieee754/dbl-64 sysdeps/ieee754 sysdeps/generic'
target_alias='arm-linux-androideabi'
use_default_link='no'
use_ldconfig='yes'
use_nscd='yes'
with_fp='yes'

## ----------- ##
## confdefs.h. ##
## ----------- ##

/* confdefs.h */
#define PACKAGE_NAME "GNU C Library"
#define PACKAGE_TARNAME "glibc"
#define PACKAGE_VERSION "(see version.h)"
#define PACKAGE_STRING "GNU C Library (see version.h)"
#define PACKAGE_BUGREPORT "http://sourceware.org/bugzilla/"
#define PACKAGE_URL "http://www.gnu.org/software/glibc/"
#define PKGVERSION "(GNU libc) "
#define REPORT_BUGS_TO "<http://www.gnu.org/software/libc/bugs.html>"
#define DO_STATIC_NSS 1
#define HAVE_ASM_SET_DIRECTIVE 1
#define HAVE_ASM_UNIQUE_OBJECT 1
#define HAVE_ASM_PREVIOUS_DIRECTIVE 1
#define HAVE_Z_COMBRELOC 1
#define HAVE_ASM_WEAK_DIRECTIVE 1
#define HAVE_CC_INHIBIT_LOOP_TO_LIBCALL 1
#define SIZEOF_LONG_DOUBLE 0
#define __LINUX_KERNEL_VERSION (2 * 65536 + 6 * 256 + 32)
#define __ABI_TAG_VERSION 2,6,32
#define HAVE_INLINED_SYSCALLS 1
#define HAVE_FORCED_UNWIND 1
#define USE_NSCD 1
#define USE_LDCONFIG 1

configure: exit 0
