This file contains any messages produced by compilers while
running configure, to aid debugging if configure makes a mistake.

It was created by libssp configure 1.0, which was
generated by GNU Autoconf 2.64.  Invocation command line was

  $ /home/anushruth/exps/androux/gcc/libssp/configure --cache-file=./config.cache --prefix=/home/anushruth/exps/androux/system --with-gmp=/home/anushruth/exps/androux/system --with-mpc=/home/anushruth/exps/androux/system --with-mpfr=/home/anushruth/exps/androux/system --disable-multilib --enable-languages=c,c++,lto --program-transform-name=s,y,y, --disable-option-checking --with-target-subdir=arm-linux-androideabi --build=x86_64-unknown-linux-gnu --host=arm-linux-androideabi --target=arm-linux-androideabi --srcdir=../../../gcc/libssp

## --------- ##
## Platform. ##
## --------- ##

hostname = work
uname -m = x86_64
uname -r = 3.13.0-43-generic
uname -s = Linux
uname -v = #72-Ubuntu SMP Mon Dec 8 19:35:06 UTC 2014

/usr/bin/uname -p = unknown
/bin/uname -X     = unknown

/bin/arch              = unknown
/usr/bin/arch -k       = unknown
/usr/convex/getsysinfo = unknown
/usr/bin/hostinfo      = unknown
/bin/machine           = unknown
/usr/bin/oslevel       = unknown
/bin/universe          = unknown

PATH: /home/anushruth/bin
PATH: /usr/local/sbin
PATH: /usr/local/bin
PATH: /usr/sbin
PATH: /usr/bin
PATH: /sbin
PATH: /bin
PATH: /usr/games
PATH: /usr/local/games
PATH: /usr/java/jdk1.6.0_45/bin
PATH: /usr/java/jdk1.6.0_45/jre/bin
PATH: /home/anushruth/exps/androux/toolchains/arm-linux-androideabi-4.8/prebuilt/linux-x86_64/bin/


## ----------- ##
## Core tests. ##
## ----------- ##

configure:2108: creating cache ./config.cache
configure:2212: checking build system type
configure:2226: result: x86_64-unknown-linux-gnu
configure:2246: checking host system type
configure:2259: result: arm-unknown-linux-androideabi
configure:2279: checking target system type
configure:2292: result: arm-unknown-linux-androideabi
configure:2353: checking for a BSD-compatible install
configure:2421: result: /usr/bin/install -c
configure:2432: checking whether build environment is sane
configure:2482: result: yes
configure:2531: checking for arm-linux-androideabi-strip
configure:2558: result: /home/anushruth/exps/androux/toolchains/arm-linux-androideabi-4.8/prebuilt/linux-x86_64/bin/../lib/gcc/arm-linux-androideabi/4.8/../../../../arm-linux-androideabi/bin/strip
configure:2623: checking for a thread-safe mkdir -p
configure:2662: result: /bin/mkdir -p
configure:2675: checking for gawk
configure:2702: result: gawk
configure:2713: checking whether make sets $(MAKE)
configure:2735: result: yes
configure:2816: checking for --enable-version-specific-runtime-libs
configure:2829: result: no
configure:2833: checking whether to enable maintainer-specific portions of Makefiles
configure:2842: result: no
configure:2923: checking for arm-linux-androideabi-gcc
configure:2950: result: arm-linux-androideabi-cc    
configure:3219: checking for C compiler version
configure:3228: arm-linux-androideabi-cc     --version >&5
arm-linux-androideabi-gcc (GCC) 4.8
Copyright (C) 2013 Free Software Foundation, Inc.
This is free software; see the source for copying conditions.  There is NO
warranty; not even for MERCHANTABILITY or FITNESS FOR A PARTICULAR PURPOSE.

configure:3239: $? = 0
configure:3228: arm-linux-androideabi-cc     -v >&5
Using built-in specs.
COLLECT_GCC=arm-linux-androideabi-gcc
COLLECT_LTO_WRAPPER=/home/anushruth/exps/androux/toolchains/arm-linux-androideabi-4.8/prebuilt/linux-x86_64/bin/../libexec/gcc/arm-linux-androideabi/4.8/lto-wrapper
Target: arm-linux-androideabi
Configured with: /s/ndk-toolchain/src/build/../gcc/gcc-4.8/configure --prefix=/tmp/ndk-andrewhsieh/build/toolchain/prefix --target=arm-linux-androideabi --host=x86_64-linux-gnu --build=x86_64-linux-gnu --with-gnu-as --with-gnu-ld --enable-languages=c,c++ --with-gmp=/tmp/ndk-andrewhsieh/build/toolchain/temp-install --with-mpfr=/tmp/ndk-andrewhsieh/build/toolchain/temp-install --with-mpc=/tmp/ndk-andrewhsieh/build/toolchain/temp-install --with-cloog=/tmp/ndk-andrewhsieh/build/toolchain/temp-install --with-isl=/tmp/ndk-andrewhsieh/build/toolchain/temp-install --with-ppl=/tmp/ndk-andrewhsieh/build/toolchain/temp-install --disable-ppl-version-check --disable-cloog-version-check --disable-isl-version-check --enable-cloog-backend=isl --with-host-libstdcxx='-static-libgcc -Wl,-Bstatic,-lstdc++,-Bdynamic -lm' --disable-libssp --enable-threads --disable-nls --disable-libmudflap --disable-libgomp --disable-libstdc__-v3 --disable-sjlj-exceptions --disable-shared --disable-tls --disable-libitm --with-float=soft --with-fpu=vfp --with-arch=armv5te --enable-target-optspace --enable-initfini-array --disable-nls --prefix=/tmp/ndk-andrewhsieh/build/toolchain/prefix --with-sysroot=/tmp/ndk-andrewhsieh/build/toolchain/prefix/sysroot --with-binutils-version=2.24 --with-mpfr-version=3.1.1 --with-mpc-version=1.0.1 --with-gmp-version=5.0.5 --with-gcc-version=4.8 --with-gdb-version=7.6 --with-python=/usr/local/google/home/andrewhsieh/mydroid/ndk/prebuilt/linux-x86_64/bin/python-config.sh --with-gxx-include-dir=/tmp/ndk-andrewhsieh/build/toolchain/prefix/include/c++/4.8 --with-bugurl=http://source.android.com/source/report-bugs.html --enable-languages=c,c++ --disable-bootstrap --enable-plugins --enable-libgomp --disable-libsanitizer --enable-gold --enable-graphite=yes --with-cloog-version=0.18.0 --with-isl-version=0.11.1 --enable-eh-frame-hdr-for-static --with-arch=armv5te --program-transform-name='s&^&arm-linux-androideabi-&' --enable-gold=default
Thread model: posix
gcc version 4.8 (GCC) 
configure:3239: $? = 0
configure:3228: arm-linux-androideabi-cc     -V >&5
arm-linux-androideabi-gcc: error: unrecognized command line option '-V'
arm-linux-androideabi-gcc: fatal error: no input files
compilation terminated.
configure:3239: $? = 1
configure:3228: arm-linux-androideabi-cc     -qversion >&5
arm-linux-androideabi-gcc: error: unrecognized command line option '-qversion'
arm-linux-androideabi-gcc: fatal error: no input files
compilation terminated.
configure:3239: $? = 1
configure:3255: arm-linux-androideabi-cc     -o conftest -g -O2 -I/home/anushruth/exps/androux/platforms/android-9/arch-arm/usr/include/ --sysroot=/home/anushruth/exps/androux/platforms/android-9/arch-arm   conftest.c  >&5
configure:3258: $? = 0
configure:3287: checking for C compiler default output file name
configure:3309: arm-linux-androideabi-cc     -g -O2 -I/home/anushruth/exps/androux/platforms/android-9/arch-arm/usr/include/ --sysroot=/home/anushruth/exps/androux/platforms/android-9/arch-arm   conftest.c  >&5
configure:3313: $? = 0
configure:3350: result: a.out
configure:3366: checking whether the C compiler works
configure:3394: result: yes
configure:3401: checking whether we are cross compiling
configure:3403: result: yes
configure:3406: checking for suffix of executables
configure:3413: arm-linux-androideabi-cc     -o conftest -g -O2 -I/home/anushruth/exps/androux/platforms/android-9/arch-arm/usr/include/ --sysroot=/home/anushruth/exps/androux/platforms/android-9/arch-arm   conftest.c  >&5
configure:3417: $? = 0
configure:3439: result: 
configure:3446: checking for suffix of object files
configure:3468: arm-linux-androideabi-cc     -c -g -O2 -I/home/anushruth/exps/androux/platforms/android-9/arch-arm/usr/include/ --sysroot=/home/anushruth/exps/androux/platforms/android-9/arch-arm  conftest.c >&5
configure:3472: $? = 0
configure:3493: result: o
configure:3497: checking whether we are using the GNU C compiler
configure:3516: arm-linux-androideabi-cc     -c -g -O2 -I/home/anushruth/exps/androux/platforms/android-9/arch-arm/usr/include/ --sysroot=/home/anushruth/exps/androux/platforms/android-9/arch-arm  conftest.c >&5
configure:3516: $? = 0
configure:3525: result: yes
configure:3534: checking whether arm-linux-androideabi-cc     accepts -g
configure:3554: arm-linux-androideabi-cc     -c -g  conftest.c >&5
configure:3554: $? = 0
configure:3595: result: yes
configure:3612: checking for arm-linux-androideabi-cc     option to accept ISO C89
configure:3676: arm-linux-androideabi-cc      -c -g -O2 -I/home/anushruth/exps/androux/platforms/android-9/arch-arm/usr/include/ --sysroot=/home/anushruth/exps/androux/platforms/android-9/arch-arm  conftest.c >&5
configure:3676: $? = 0
configure:3689: result: none needed
configure:3720: checking for style of include used by make
configure:3748: result: GNU
configure:3773: checking dependency style of arm-linux-androideabi-cc    
configure:3883: result: gcc3
configure:3910: checking how to run the C preprocessor
configure:3941: arm-linux-androideabi-cc     -E  conftest.c
configure:3941: $? = 0
configure:3955: arm-linux-androideabi-cc     -E  conftest.c
conftest.c:11:28: fatal error: ac_nonexistent.h: No such file or directory
 #include <ac_nonexistent.h>
                            ^
compilation terminated.
configure:3955: $? = 1
configure: failed program was:
| /* confdefs.h */
| #define PACKAGE_NAME "libssp"
| #define PACKAGE_TARNAME "libssp"
| #define PACKAGE_VERSION "1.0"
| #define PACKAGE_STRING "libssp 1.0"
| #define PACKAGE_BUGREPORT ""
| #define PACKAGE_URL ""
| #define PACKAGE "libssp"
| #define VERSION "1.0"
| /* end confdefs.h.  */
| #include <ac_nonexistent.h>
configure:3980: result: arm-linux-androideabi-cc     -E
configure:4000: arm-linux-androideabi-cc     -E  conftest.c
configure:4000: $? = 0
configure:4014: arm-linux-androideabi-cc     -E  conftest.c
conftest.c:11:28: fatal error: ac_nonexistent.h: No such file or directory
 #include <ac_nonexistent.h>
                            ^
compilation terminated.
configure:4014: $? = 1
configure: failed program was:
| /* confdefs.h */
| #define PACKAGE_NAME "libssp"
| #define PACKAGE_TARNAME "libssp"
| #define PACKAGE_VERSION "1.0"
| #define PACKAGE_STRING "libssp 1.0"
| #define PACKAGE_BUGREPORT ""
| #define PACKAGE_URL ""
| #define PACKAGE "libssp"
| #define VERSION "1.0"
| /* end confdefs.h.  */
| #include <ac_nonexistent.h>
configure:4043: checking whether -fstack-protector works
configure:4063: arm-linux-androideabi-cc     -c -g -O2 -I/home/anushruth/exps/androux/platforms/android-9/arch-arm/usr/include/ --sysroot=/home/anushruth/exps/androux/platforms/android-9/arch-arm -fstack-protector -Werror  conftest.c >&5
configure:4063: $? = 0
configure:4064: result: yes
configure:4073: checking whether hidden visibility is supported
configure:4087: arm-linux-androideabi-cc     -c -g -O2 -I/home/anushruth/exps/androux/platforms/android-9/arch-arm/usr/include/ --sysroot=/home/anushruth/exps/androux/platforms/android-9/arch-arm  conftest.c >&5
configure:4087: $? = 0
configure:4093: result: yes
configure:4101: checking whether symbol versioning is supported
configure:4137: arm-linux-androideabi-cc     -o conftest -g -O2 -I/home/anushruth/exps/androux/platforms/android-9/arch-arm/usr/include/ --sysroot=/home/anushruth/exps/androux/platforms/android-9/arch-arm   -fPIC -shared -Wl,--version-script,./conftest.map conftest.c  >&5
configure:4137: $? = 0
configure:4182: result: gnu
configure:4210: checking for grep that handles long lines and -e
configure:4268: result: /bin/grep
configure:4273: checking for egrep
configure:4335: result: /bin/grep -E
configure:4340: checking for ANSI C header files
configure:4360: arm-linux-androideabi-cc     -c -g -O2 -I/home/anushruth/exps/androux/platforms/android-9/arch-arm/usr/include/ --sysroot=/home/anushruth/exps/androux/platforms/android-9/arch-arm  conftest.c >&5
configure:4360: $? = 0
configure:4444: result: yes
configure:4457: checking for sys/types.h
configure:4457: arm-linux-androideabi-cc     -c -g -O2 -I/home/anushruth/exps/androux/platforms/android-9/arch-arm/usr/include/ --sysroot=/home/anushruth/exps/androux/platforms/android-9/arch-arm  conftest.c >&5
configure:4457: $? = 0
configure:4457: result: yes
configure:4457: checking for sys/stat.h
configure:4457: arm-linux-androideabi-cc     -c -g -O2 -I/home/anushruth/exps/androux/platforms/android-9/arch-arm/usr/include/ --sysroot=/home/anushruth/exps/androux/platforms/android-9/arch-arm  conftest.c >&5
configure:4457: $? = 0
configure:4457: result: yes
configure:4457: checking for stdlib.h
configure:4457: arm-linux-androideabi-cc     -c -g -O2 -I/home/anushruth/exps/androux/platforms/android-9/arch-arm/usr/include/ --sysroot=/home/anushruth/exps/androux/platforms/android-9/arch-arm  conftest.c >&5
configure:4457: $? = 0
configure:4457: result: yes
configure:4457: checking for string.h
configure:4457: arm-linux-androideabi-cc     -c -g -O2 -I/home/anushruth/exps/androux/platforms/android-9/arch-arm/usr/include/ --sysroot=/home/anushruth/exps/androux/platforms/android-9/arch-arm  conftest.c >&5
configure:4457: $? = 0
configure:4457: result: yes
configure:4457: checking for memory.h
configure:4457: arm-linux-androideabi-cc     -c -g -O2 -I/home/anushruth/exps/androux/platforms/android-9/arch-arm/usr/include/ --sysroot=/home/anushruth/exps/androux/platforms/android-9/arch-arm  conftest.c >&5
configure:4457: $? = 0
configure:4457: result: yes
configure:4457: checking for strings.h
configure:4457: arm-linux-androideabi-cc     -c -g -O2 -I/home/anushruth/exps/androux/platforms/android-9/arch-arm/usr/include/ --sysroot=/home/anushruth/exps/androux/platforms/android-9/arch-arm  conftest.c >&5
configure:4457: $? = 0
configure:4457: result: yes
configure:4457: checking for inttypes.h
configure:4457: arm-linux-androideabi-cc     -c -g -O2 -I/home/anushruth/exps/androux/platforms/android-9/arch-arm/usr/include/ --sysroot=/home/anushruth/exps/androux/platforms/android-9/arch-arm  conftest.c >&5
configure:4457: $? = 0
configure:4457: result: yes
configure:4457: checking for stdint.h
configure:4457: arm-linux-androideabi-cc     -c -g -O2 -I/home/anushruth/exps/androux/platforms/android-9/arch-arm/usr/include/ --sysroot=/home/anushruth/exps/androux/platforms/android-9/arch-arm  conftest.c >&5
configure:4457: $? = 0
configure:4457: result: yes
configure:4457: checking for unistd.h
configure:4457: arm-linux-androideabi-cc     -c -g -O2 -I/home/anushruth/exps/androux/platforms/android-9/arch-arm/usr/include/ --sysroot=/home/anushruth/exps/androux/platforms/android-9/arch-arm  conftest.c >&5
configure:4457: $? = 0
configure:4457: result: yes
configure:4473: checking alloca.h usability
configure:4473: arm-linux-androideabi-cc     -c -g -O2 -I/home/anushruth/exps/androux/platforms/android-9/arch-arm/usr/include/ --sysroot=/home/anushruth/exps/androux/platforms/android-9/arch-arm  conftest.c >&5
configure:4473: $? = 0
configure:4473: result: yes
configure:4473: checking alloca.h presence
configure:4473: arm-linux-androideabi-cc     -E  conftest.c
configure:4473: $? = 0
configure:4473: result: yes
configure:4473: checking for alloca.h
configure:4473: result: yes
configure:4473: checking malloc.h usability
configure:4473: arm-linux-androideabi-cc     -c -g -O2 -I/home/anushruth/exps/androux/platforms/android-9/arch-arm/usr/include/ --sysroot=/home/anushruth/exps/androux/platforms/android-9/arch-arm  conftest.c >&5
configure:4473: $? = 0
configure:4473: result: yes
configure:4473: checking malloc.h presence
configure:4473: arm-linux-androideabi-cc     -E  conftest.c
configure:4473: $? = 0
configure:4473: result: yes
configure:4473: checking for malloc.h
configure:4473: result: yes
configure:4473: checking paths.h usability
configure:4473: arm-linux-androideabi-cc     -c -g -O2 -I/home/anushruth/exps/androux/platforms/android-9/arch-arm/usr/include/ --sysroot=/home/anushruth/exps/androux/platforms/android-9/arch-arm  conftest.c >&5
configure:4473: $? = 0
configure:4473: result: yes
configure:4473: checking paths.h presence
configure:4473: arm-linux-androideabi-cc     -E  conftest.c
configure:4473: $? = 0
configure:4473: result: yes
configure:4473: checking for paths.h
configure:4473: result: yes
configure:4473: checking syslog.h usability
configure:4473: arm-linux-androideabi-cc     -c -g -O2 -I/home/anushruth/exps/androux/platforms/android-9/arch-arm/usr/include/ --sysroot=/home/anushruth/exps/androux/platforms/android-9/arch-arm  conftest.c >&5
configure:4473: $? = 0
configure:4473: result: yes
configure:4473: checking syslog.h presence
configure:4473: arm-linux-androideabi-cc     -E  conftest.c
configure:4473: $? = 0
configure:4473: result: yes
configure:4473: checking for syslog.h
configure:4473: result: yes
configure:4473: checking for string.h
configure:4473: result: yes
configure:4473: checking for unistd.h
configure:4473: result: yes
configure:4473: checking fcntl.h usability
configure:4473: arm-linux-androideabi-cc     -c -g -O2 -I/home/anushruth/exps/androux/platforms/android-9/arch-arm/usr/include/ --sysroot=/home/anushruth/exps/androux/platforms/android-9/arch-arm  conftest.c >&5
configure:4473: $? = 0
configure:4473: result: yes
configure:4473: checking fcntl.h presence
configure:4473: arm-linux-androideabi-cc     -E  conftest.c
configure:4473: $? = 0
configure:4473: result: yes
configure:4473: checking for fcntl.h
configure:4473: result: yes
configure:4473: checking stdio.h usability
configure:4473: arm-linux-androideabi-cc     -c -g -O2 -I/home/anushruth/exps/androux/platforms/android-9/arch-arm/usr/include/ --sysroot=/home/anushruth/exps/androux/platforms/android-9/arch-arm  conftest.c >&5
configure:4473: $? = 0
configure:4473: result: yes
configure:4473: checking stdio.h presence
configure:4473: arm-linux-androideabi-cc     -E  conftest.c
configure:4473: $? = 0
configure:4473: result: yes
configure:4473: checking for stdio.h
configure:4473: result: yes
configure:4473: checking limits.h usability
configure:4473: arm-linux-androideabi-cc     -c -g -O2 -I/home/anushruth/exps/androux/platforms/android-9/arch-arm/usr/include/ --sysroot=/home/anushruth/exps/androux/platforms/android-9/arch-arm  conftest.c >&5
configure:4473: $? = 0
configure:4473: result: yes
configure:4473: checking limits.h presence
configure:4473: arm-linux-androideabi-cc     -E  conftest.c
configure:4473: $? = 0
configure:4473: result: yes
configure:4473: checking for limits.h
configure:4473: result: yes
configure:4496: checking for memmove
configure:4496: arm-linux-androideabi-cc     -o conftest -g -O2 -I/home/anushruth/exps/androux/platforms/android-9/arch-arm/usr/include/ --sysroot=/home/anushruth/exps/androux/platforms/android-9/arch-arm   conftest.c  >&5
conftest.c:54:6: warning: conflicting types for built-in function 'memmove' [enabled by default]
 char memmove ();
      ^
configure:4496: $? = 0
configure:4496: result: yes
configure:4496: checking for mempcpy
configure:4496: arm-linux-androideabi-cc     -o conftest -g -O2 -I/home/anushruth/exps/androux/platforms/android-9/arch-arm/usr/include/ --sysroot=/home/anushruth/exps/androux/platforms/android-9/arch-arm   conftest.c  >&5
conftest.c:55:6: warning: conflicting types for built-in function 'mempcpy' [enabled by default]
 char mempcpy ();
      ^
conftest.c:66: error: undefined reference to 'mempcpy'
collect2: error: ld returned 1 exit status
configure:4496: $? = 1
configure: failed program was:
| /* confdefs.h */
| #define PACKAGE_NAME "libssp"
| #define PACKAGE_TARNAME "libssp"
| #define PACKAGE_VERSION "1.0"
| #define PACKAGE_STRING "libssp 1.0"
| #define PACKAGE_BUGREPORT ""
| #define PACKAGE_URL ""
| #define PACKAGE "libssp"
| #define VERSION "1.0"
| #define HAVE_HIDDEN_VISIBILITY 1
| #define STDC_HEADERS 1
| #define HAVE_SYS_TYPES_H 1
| #define HAVE_SYS_STAT_H 1
| #define HAVE_STDLIB_H 1
| #define HAVE_STRING_H 1
| #define HAVE_MEMORY_H 1
| #define HAVE_STRINGS_H 1
| #define HAVE_INTTYPES_H 1
| #define HAVE_STDINT_H 1
| #define HAVE_UNISTD_H 1
| #define HAVE_ALLOCA_H 1
| #define HAVE_MALLOC_H 1
| #define HAVE_PATHS_H 1
| #define HAVE_SYSLOG_H 1
| #define HAVE_STRING_H 1
| #define HAVE_UNISTD_H 1
| #define HAVE_FCNTL_H 1
| #define HAVE_STDIO_H 1
| #define HAVE_LIMITS_H 1
| #define HAVE_MEMMOVE 1
| /* end confdefs.h.  */
| /* Define mempcpy to an innocuous variant, in case <limits.h> declares mempcpy.
|    For example, HP-UX 11i <limits.h> declares gettimeofday.  */
| #define mempcpy innocuous_mempcpy
| 
| /* System header to define __stub macros and hopefully few prototypes,
|     which can conflict with char mempcpy (); below.
|     Prefer <limits.h> to <assert.h> if __STDC__ is defined, since
|     <limits.h> exists even on freestanding compilers.  */
| 
| #ifdef __STDC__
| # include <limits.h>
| #else
| # include <assert.h>
| #endif
| 
| #undef mempcpy
| 
| /* Override any GCC internal prototype to avoid an error.
|    Use char because int might match the return type of a GCC
|    builtin and then its argument prototype would still apply.  */
| #ifdef __cplusplus
| extern "C"
| #endif
| char mempcpy ();
| /* The GNU C library defines this for functions which it implements
|     to always fail with ENOSYS.  Some functions are actually named
|     something starting with __ and the normal name is an alias.  */
| #if defined __stub_mempcpy || defined __stub___mempcpy
| choke me
| #endif
| 
| int
| main ()
| {
| return mempcpy ();
|   ;
|   return 0;
| }
configure:4496: result: no
configure:4496: checking for strncpy
configure:4496: arm-linux-androideabi-cc     -o conftest -g -O2 -I/home/anushruth/exps/androux/platforms/android-9/arch-arm/usr/include/ --sysroot=/home/anushruth/exps/androux/platforms/android-9/arch-arm   conftest.c  >&5
conftest.c:55:6: warning: conflicting types for built-in function 'strncpy' [enabled by default]
 char strncpy ();
      ^
configure:4496: $? = 0
configure:4496: result: yes
configure:4496: checking for strncat
configure:4496: arm-linux-androideabi-cc     -o conftest -g -O2 -I/home/anushruth/exps/androux/platforms/android-9/arch-arm/usr/include/ --sysroot=/home/anushruth/exps/androux/platforms/android-9/arch-arm   conftest.c  >&5
conftest.c:56:6: warning: conflicting types for built-in function 'strncat' [enabled by default]
 char strncat ();
      ^
configure:4496: $? = 0
configure:4496: result: yes
configure:4508: checking whether vsnprintf is usable
configure:4555: result: no
configure:4606: checking how to print strings
configure:4633: result: printf
configure:4654: checking for a sed that does not truncate output
configure:4718: result: /bin/sed
configure:4736: checking for fgrep
configure:4798: result: /bin/grep -F
configure:4833: checking for ld used by arm-linux-androideabi-cc    
configure:4900: result: /home/anushruth/exps/androux/toolchains/arm-linux-androideabi-4.8/prebuilt/linux-x86_64/bin/../lib/gcc/arm-linux-androideabi/4.8/../../../../arm-linux-androideabi/bin/ld
configure:4907: checking if the linker (/home/anushruth/exps/androux/toolchains/arm-linux-androideabi-4.8/prebuilt/linux-x86_64/bin/../lib/gcc/arm-linux-androideabi/4.8/../../../../arm-linux-androideabi/bin/ld) is GNU ld
configure:4922: result: yes
configure:4934: checking for BSD- or MS-compatible name lister (nm)
configure:4983: result: /home/anushruth/exps/androux/toolchains/arm-linux-androideabi-4.8/prebuilt/linux-x86_64/bin/../lib/gcc/arm-linux-androideabi/4.8/../../../../arm-linux-androideabi/bin/nm
configure:5113: checking the name lister (/home/anushruth/exps/androux/toolchains/arm-linux-androideabi-4.8/prebuilt/linux-x86_64/bin/../lib/gcc/arm-linux-androideabi/4.8/../../../../arm-linux-androideabi/bin/nm) interface
configure:5120: arm-linux-androideabi-cc     -c -g -O2 -I/home/anushruth/exps/androux/platforms/android-9/arch-arm/usr/include/ --sysroot=/home/anushruth/exps/androux/platforms/android-9/arch-arm  conftest.c >&5
configure:5123: /home/anushruth/exps/androux/toolchains/arm-linux-androideabi-4.8/prebuilt/linux-x86_64/bin/../lib/gcc/arm-linux-androideabi/4.8/../../../../arm-linux-androideabi/bin/nm "conftest.o"
configure:5126: output
00000000 B some_variable
configure:5133: result: BSD nm
configure:5136: checking whether ln -s works
configure:5140: result: yes
configure:5148: checking the maximum length of command line arguments
configure:5273: result: 3458764513820540925
configure:5290: checking whether the shell understands some XSI constructs
configure:5300: result: yes
configure:5304: checking whether the shell understands "+="
configure:5310: result: yes
configure:5345: checking for /home/anushruth/exps/androux/toolchains/arm-linux-androideabi-4.8/prebuilt/linux-x86_64/bin/../lib/gcc/arm-linux-androideabi/4.8/../../../../arm-linux-androideabi/bin/ld option to reload object files
configure:5352: result: -r
configure:5381: checking for arm-linux-androideabi-objdump
configure:5408: result: /home/anushruth/exps/androux/toolchains/arm-linux-androideabi-4.8/prebuilt/linux-x86_64/bin/../lib/gcc/arm-linux-androideabi/4.8/../../../../arm-linux-androideabi/bin/objdump
configure:5480: checking how to recognize dependent libraries
configure:5681: result: pass_all
configure:5701: checking for arm-linux-androideabi-ar
configure:5728: result: /home/anushruth/exps/androux/toolchains/arm-linux-androideabi-4.8/prebuilt/linux-x86_64/bin/../lib/gcc/arm-linux-androideabi/4.8/../../../../arm-linux-androideabi/bin/ar
configure:5806: checking for arm-linux-androideabi-strip
configure:5833: result: /home/anushruth/exps/androux/toolchains/arm-linux-androideabi-4.8/prebuilt/linux-x86_64/bin/../lib/gcc/arm-linux-androideabi/4.8/../../../../arm-linux-androideabi/bin/strip
configure:5905: checking for arm-linux-androideabi-ranlib
configure:5932: result: /home/anushruth/exps/androux/toolchains/arm-linux-androideabi-4.8/prebuilt/linux-x86_64/bin/../lib/gcc/arm-linux-androideabi/4.8/../../../../arm-linux-androideabi/bin/ranlib
configure:6074: checking command to parse /home/anushruth/exps/androux/toolchains/arm-linux-androideabi-4.8/prebuilt/linux-x86_64/bin/../lib/gcc/arm-linux-androideabi/4.8/../../../../arm-linux-androideabi/bin/nm output from arm-linux-androideabi-cc     object
configure:6192: arm-linux-androideabi-cc     -c -g -O2 -I/home/anushruth/exps/androux/platforms/android-9/arch-arm/usr/include/ --sysroot=/home/anushruth/exps/androux/platforms/android-9/arch-arm  conftest.c >&5
configure:6195: $? = 0
configure:6199: /home/anushruth/exps/androux/toolchains/arm-linux-androideabi-4.8/prebuilt/linux-x86_64/bin/../lib/gcc/arm-linux-androideabi/4.8/../../../../arm-linux-androideabi/bin/nm conftest.o \| sed -n -e 's/^.*[ ]\([ABCDGIRSTW][ABCDGIRSTW]*\)[ ][ ]*\([_A-Za-z][_A-Za-z0-9]*\)$/\1 \2 \2/p' \> conftest.nm
configure:6202: $? = 0
configure:6256: arm-linux-androideabi-cc     -o conftest -g -O2 -I/home/anushruth/exps/androux/platforms/android-9/arch-arm/usr/include/ --sysroot=/home/anushruth/exps/androux/platforms/android-9/arch-arm   conftest.c conftstm.o >&5
configure:6259: $? = 0
configure:6297: result: ok
configure:7138: checking for dlfcn.h
configure:7138: arm-linux-androideabi-cc     -c -g -O2 -I/home/anushruth/exps/androux/platforms/android-9/arch-arm/usr/include/ --sysroot=/home/anushruth/exps/androux/platforms/android-9/arch-arm  conftest.c >&5
configure:7138: $? = 0
configure:7138: result: yes
configure:7325: checking for objdir
configure:7340: result: .libs
configure:7611: checking if arm-linux-androideabi-cc     supports -fno-rtti -fno-exceptions
configure:7629: arm-linux-androideabi-cc     -c -g -O2 -I/home/anushruth/exps/androux/platforms/android-9/arch-arm/usr/include/ --sysroot=/home/anushruth/exps/androux/platforms/android-9/arch-arm  -fno-rtti -fno-exceptions conftest.c >&5
cc1: warning: command line option '-fno-rtti' is valid for C++/ObjC++ but not for C [enabled by default]
configure:7633: $? = 0
configure:7646: result: no
configure:7666: checking for arm-linux-androideabi-cc     option to produce PIC
configure:7951: result: -fPIC -DPIC
configure:7963: checking if arm-linux-androideabi-cc     PIC flag -fPIC -DPIC works
configure:7981: arm-linux-androideabi-cc     -c -g -O2 -I/home/anushruth/exps/androux/platforms/android-9/arch-arm/usr/include/ --sysroot=/home/anushruth/exps/androux/platforms/android-9/arch-arm  -fPIC -DPIC -DPIC conftest.c >&5
configure:7985: $? = 0
configure:7998: result: yes
configure:8022: checking if arm-linux-androideabi-cc     static flag -static works
configure:8050: result: yes
configure:8065: checking if arm-linux-androideabi-cc     supports -c -o file.o
configure:8086: arm-linux-androideabi-cc     -c -g -O2 -I/home/anushruth/exps/androux/platforms/android-9/arch-arm/usr/include/ --sysroot=/home/anushruth/exps/androux/platforms/android-9/arch-arm  -o out/conftest2.o conftest.c >&5
configure:8090: $? = 0
configure:8112: result: yes
configure:8120: checking if arm-linux-androideabi-cc     supports -c -o file.o
configure:8167: result: yes
configure:8200: checking whether the arm-linux-androideabi-cc     linker (/home/anushruth/exps/androux/toolchains/arm-linux-androideabi-4.8/prebuilt/linux-x86_64/bin/../lib/gcc/arm-linux-androideabi/4.8/../../../../arm-linux-androideabi/bin/ld) supports shared libraries
configure:9280: result: yes
configure:9317: checking whether -lc should be explicitly linked in
configure:9325: arm-linux-androideabi-cc     -c -g -O2 -I/home/anushruth/exps/androux/platforms/android-9/arch-arm/usr/include/ --sysroot=/home/anushruth/exps/androux/platforms/android-9/arch-arm  conftest.c >&5
configure:9328: $? = 0
configure:9343: arm-linux-androideabi-cc     -shared conftest.o  -v -Wl,-soname -Wl,conftest -o conftest 2\>\&1 \| /bin/grep  -lc  \>/dev/null 2\>\&1
configure:9346: $? = 0
configure:9360: result: no
configure:9525: checking dynamic linker characteristics
configure:9979: arm-linux-androideabi-cc     -o conftest -g -O2 -I/home/anushruth/exps/androux/platforms/android-9/arch-arm/usr/include/ --sysroot=/home/anushruth/exps/androux/platforms/android-9/arch-arm   -Wl,-rpath -Wl,/foo conftest.c  >&5
configure:9979: $? = 0
configure:10201: result: GNU/Linux ld.so
configure:10308: checking how to hardcode library paths into programs
configure:10333: result: immediate
configure:10888: checking whether stripping libraries is possible
configure:10893: result: yes
configure:10928: checking if libtool supports shared libraries
configure:10930: result: yes
configure:10933: checking whether to build shared libraries
configure:10954: result: yes
configure:10957: checking whether to build static libraries
configure:10961: result: yes
configure:11124: updating cache ./config.cache
configure:11193: creating ./config.status

## ---------------------- ##
## Running config.status. ##
## ---------------------- ##

This file was extended by libssp config.status 1.0, which was
generated by GNU Autoconf 2.64.  Invocation command line was

  CONFIG_FILES    = 
  CONFIG_HEADERS  = 
  CONFIG_LINKS    = 
  CONFIG_COMMANDS = 
  $ ./config.status 

on work

config.status:1117: creating Makefile
config.status:1117: creating ssp/ssp.h
config.status:1117: creating config.h
config.status:1330: executing default-1 commands
config.status:1330: executing depfiles commands
config.status:1330: executing libtool commands

## ---------------- ##
## Cache variables. ##
## ---------------- ##

ac_cv_build=x86_64-unknown-linux-gnu
ac_cv_c_compiler_gnu=yes
ac_cv_env_CPPFLAGS_set=set
ac_cv_env_CPPFLAGS_value=
ac_cv_env_CPP_set=
ac_cv_env_CPP_value=
ac_cv_env_build_alias_set=set
ac_cv_env_build_alias_value=x86_64-unknown-linux-gnu
ac_cv_env_host_alias_set=set
ac_cv_env_host_alias_value=arm-linux-androideabi
ac_cv_env_target_alias_set=set
ac_cv_env_target_alias_value=arm-linux-androideabi
ac_cv_func_memmove=yes
ac_cv_func_mempcpy=no
ac_cv_func_strncat=yes
ac_cv_func_strncpy=yes
ac_cv_header_alloca_h=yes
ac_cv_header_dlfcn_h=yes
ac_cv_header_fcntl_h=yes
ac_cv_header_inttypes_h=yes
ac_cv_header_limits_h=yes
ac_cv_header_malloc_h=yes
ac_cv_header_memory_h=yes
ac_cv_header_paths_h=yes
ac_cv_header_stdc=yes
ac_cv_header_stdint_h=yes
ac_cv_header_stdio_h=yes
ac_cv_header_stdlib_h=yes
ac_cv_header_string_h=yes
ac_cv_header_strings_h=yes
ac_cv_header_sys_stat_h=yes
ac_cv_header_sys_types_h=yes
ac_cv_header_syslog_h=yes
ac_cv_header_unistd_h=yes
ac_cv_host=arm-unknown-linux-androideabi
ac_cv_objext=o
ac_cv_path_EGREP='/bin/grep -E'
ac_cv_path_FGREP='/bin/grep -F'
ac_cv_path_GREP=/bin/grep
ac_cv_path_SED=/bin/sed
ac_cv_path_mkdir=/bin/mkdir
ac_cv_prog_AR=/home/anushruth/exps/androux/toolchains/arm-linux-androideabi-4.8/prebuilt/linux-x86_64/bin/../lib/gcc/arm-linux-androideabi/4.8/../../../../arm-linux-androideabi/bin/ar
ac_cv_prog_AWK=gawk
ac_cv_prog_CC='arm-linux-androideabi-cc    '
ac_cv_prog_CPP='arm-linux-androideabi-cc     -E'
ac_cv_prog_OBJDUMP=/home/anushruth/exps/androux/toolchains/arm-linux-androideabi-4.8/prebuilt/linux-x86_64/bin/../lib/gcc/arm-linux-androideabi/4.8/../../../../arm-linux-androideabi/bin/objdump
ac_cv_prog_RANLIB=/home/anushruth/exps/androux/toolchains/arm-linux-androideabi-4.8/prebuilt/linux-x86_64/bin/../lib/gcc/arm-linux-androideabi/4.8/../../../../arm-linux-androideabi/bin/ranlib
ac_cv_prog_STRIP=/home/anushruth/exps/androux/toolchains/arm-linux-androideabi-4.8/prebuilt/linux-x86_64/bin/../lib/gcc/arm-linux-androideabi/4.8/../../../../arm-linux-androideabi/bin/strip
ac_cv_prog_cc_c89=
ac_cv_prog_cc_g=yes
ac_cv_prog_make_make_set=yes
ac_cv_target=arm-unknown-linux-androideabi
am_cv_CC_dependencies_compiler_type=gcc3
lt_cv_archive_cmds_need_lc=no
lt_cv_deplibs_check_method=pass_all
lt_cv_file_magic_cmd='$MAGIC_CMD'
lt_cv_file_magic_test_file=
lt_cv_ld_reload_flag=-r
lt_cv_nm_interface='BSD nm'
lt_cv_objdir=.libs
lt_cv_path_LD=/home/anushruth/exps/androux/toolchains/arm-linux-androideabi-4.8/prebuilt/linux-x86_64/bin/../lib/gcc/arm-linux-androideabi/4.8/../../../../arm-linux-androideabi/bin/ld
lt_cv_path_NM=/home/anushruth/exps/androux/toolchains/arm-linux-androideabi-4.8/prebuilt/linux-x86_64/bin/../lib/gcc/arm-linux-androideabi/4.8/../../../../arm-linux-androideabi/bin/nm
lt_cv_prog_compiler_c_o=yes
lt_cv_prog_compiler_pic_works=yes
lt_cv_prog_compiler_rtti_exceptions=no
lt_cv_prog_compiler_static_works=yes
lt_cv_prog_gnu_ld=yes
lt_cv_shlibpath_overrides_runpath=yes
lt_cv_sys_global_symbol_pipe='sed -n -e '\''s/^.*[	 ]\([ABCDGIRSTW][ABCDGIRSTW]*\)[	 ][	 ]*\([_A-Za-z][_A-Za-z0-9]*\)$/\1 \2 \2/p'\'''
lt_cv_sys_global_symbol_to_c_name_address='sed -n -e '\''s/^: \([^ ]*\) $/  {\"\1\", (void *) 0},/p'\'' -e '\''s/^[ABCDGIRSTW]* \([^ ]*\) \([^ ]*\)$/  {"\2", (void *) \&\2},/p'\'''
lt_cv_sys_global_symbol_to_c_name_address_lib_prefix='sed -n -e '\''s/^: \([^ ]*\) $/  {\"\1\", (void *) 0},/p'\'' -e '\''s/^[ABCDGIRSTW]* \([^ ]*\) \(lib[^ ]*\)$/  {"\2", (void *) \&\2},/p'\'' -e '\''s/^[ABCDGIRSTW]* \([^ ]*\) \([^ ]*\)$/  {"lib\2", (void *) \&\2},/p'\'''
lt_cv_sys_global_symbol_to_cdecl='sed -n -e '\''s/^T .* \(.*\)$/extern int \1();/p'\'' -e '\''s/^[ABCDGIRSTW]* .* \(.*\)$/extern char \1;/p'\'''
lt_cv_sys_max_cmd_len=3458764513820540925

## ----------------- ##
## Output variables. ##
## ----------------- ##

ACLOCAL='${SHELL} /home/anushruth/exps/androux/gcc/missing --run aclocal-1.11'
AMDEPBACKSLASH='\'
AMDEP_FALSE='#'
AMDEP_TRUE=''
AMTAR='${SHELL} /home/anushruth/exps/androux/gcc/missing --run tar'
AR='/home/anushruth/exps/androux/toolchains/arm-linux-androideabi-4.8/prebuilt/linux-x86_64/bin/../lib/gcc/arm-linux-androideabi/4.8/../../../../arm-linux-androideabi/bin/ar'
AUTOCONF='${SHELL} /home/anushruth/exps/androux/gcc/missing --run autoconf'
AUTOHEADER='${SHELL} /home/anushruth/exps/androux/gcc/missing --run autoheader'
AUTOMAKE='${SHELL} /home/anushruth/exps/androux/gcc/missing --run automake-1.11'
AWK='gawk'
CC='arm-linux-androideabi-cc    '
CCDEPMODE='depmode=gcc3'
CFLAGS='-g -O2 -I/home/anushruth/exps/androux/platforms/android-9/arch-arm/usr/include/ --sysroot=/home/anushruth/exps/androux/platforms/android-9/arch-arm'
CPP='arm-linux-androideabi-cc     -E'
CPPFLAGS=''
CYGPATH_W='echo'
DEFS='-DHAVE_CONFIG_H'
DEPDIR='.deps'
DSYMUTIL=''
DUMPBIN=''
ECHO_C=''
ECHO_N='-n'
ECHO_T=''
EGREP='/bin/grep -E'
EXEEXT=''
FGREP='/bin/grep -F'
GREP='/bin/grep'
INSTALL_DATA='/usr/bin/install -c -m 644'
INSTALL_PROGRAM='/usr/bin/install -c'
INSTALL_SCRIPT='/usr/bin/install -c'
INSTALL_STRIP_PROGRAM='$(install_sh) -c -s'
LD='/home/anushruth/exps/androux/toolchains/arm-linux-androideabi-4.8/prebuilt/linux-x86_64/bin/../lib/gcc/arm-linux-androideabi/4.8/../../../../arm-linux-androideabi/bin/ld'
LDFLAGS=''
LIBOBJS=''
LIBS=''
LIBSSP_USE_SYMVER_FALSE='#'
LIBSSP_USE_SYMVER_GNU_FALSE='#'
LIBSSP_USE_SYMVER_GNU_TRUE=''
LIBSSP_USE_SYMVER_SUN_FALSE=''
LIBSSP_USE_SYMVER_SUN_TRUE='#'
LIBSSP_USE_SYMVER_TRUE=''
LIBTOOL='$(SHELL) $(top_builddir)/libtool'
LIPO='arm-linux-androideabi-lipo'
LN_S='ln -s'
LTLIBOBJS=''
MAINT='#'
MAINTAINER_MODE_FALSE=''
MAINTAINER_MODE_TRUE='#'
MAKEINFO='makeinfo --split-size=5000000'
MKDIR_P='/bin/mkdir -p'
NM='/home/anushruth/exps/androux/toolchains/arm-linux-androideabi-4.8/prebuilt/linux-x86_64/bin/../lib/gcc/arm-linux-androideabi/4.8/../../../../arm-linux-androideabi/bin/nm'
NMEDIT=''
OBJDUMP='/home/anushruth/exps/androux/toolchains/arm-linux-androideabi-4.8/prebuilt/linux-x86_64/bin/../lib/gcc/arm-linux-androideabi/4.8/../../../../arm-linux-androideabi/bin/objdump'
OBJEXT='o'
OTOOL64=''
OTOOL=''
PACKAGE='libssp'
PACKAGE_BUGREPORT=''
PACKAGE_NAME='libssp'
PACKAGE_STRING='libssp 1.0'
PACKAGE_TARNAME='libssp'
PACKAGE_URL=''
PACKAGE_VERSION='1.0'
PATH_SEPARATOR=':'
RANLIB='/home/anushruth/exps/androux/toolchains/arm-linux-androideabi-4.8/prebuilt/linux-x86_64/bin/../lib/gcc/arm-linux-androideabi/4.8/../../../../arm-linux-androideabi/bin/ranlib'
SED='/bin/sed'
SET_MAKE=''
SHELL='/bin/sh'
STRIP='/home/anushruth/exps/androux/toolchains/arm-linux-androideabi-4.8/prebuilt/linux-x86_64/bin/../lib/gcc/arm-linux-androideabi/4.8/../../../../arm-linux-androideabi/bin/strip'
VERSION='1.0'
ac_ct_CC=''
ac_ct_DUMPBIN=''
am__EXEEXT_FALSE=''
am__EXEEXT_TRUE='#'
am__fastdepCC_FALSE='#'
am__fastdepCC_TRUE=''
am__include='include'
am__isrc=' -I$(srcdir)'
am__leading_dot='.'
am__quote=''
am__tar='${AMTAR} chof - "$$tardir"'
am__untar='${AMTAR} xf -'
bindir='${exec_prefix}/bin'
build='x86_64-unknown-linux-gnu'
build_alias='x86_64-unknown-linux-gnu'
build_cpu='x86_64'
build_os='linux-gnu'
build_vendor='unknown'
datadir='${datarootdir}'
datarootdir='${prefix}/share'
docdir='${datarootdir}/doc/${PACKAGE_TARNAME}'
dvidir='${docdir}'
enable_shared='yes'
enable_static='yes'
exec_prefix='${prefix}'
host='arm-unknown-linux-androideabi'
host_alias='arm-linux-androideabi'
host_cpu='arm'
host_os='linux-androideabi'
host_vendor='unknown'
htmldir='${docdir}'
includedir='${prefix}/include'
infodir='${datarootdir}/info'
install_sh='${SHELL} /home/anushruth/exps/androux/gcc/install-sh'
libdir='${exec_prefix}/lib'
libexecdir='${exec_prefix}/libexec'
localedir='${datarootdir}/locale'
localstatedir='${prefix}/var'
lt_host_flags=''
mandir='${datarootdir}/man'
mkdir_p='/bin/mkdir -p'
multi_basedir='../../../gcc/libssp/..'
oldincludedir='/usr/include'
pdfdir='${docdir}'
prefix='/home/anushruth/exps/androux/system'
program_transform_name='s,y,y,'
psdir='${docdir}'
sbindir='${exec_prefix}/sbin'
sharedstatedir='${prefix}/com'
ssp_have_usable_vsnprintf='undef'
sysconfdir='${prefix}/etc'
target='arm-unknown-linux-androideabi'
target_alias='arm-linux-androideabi'
target_cpu='arm'
target_noncanonical='arm-linux-androideabi'
target_os='linux-androideabi'
target_vendor='unknown'
toolexecdir='$(libdir)/gcc-lib/$(target_alias)'
toolexeclibdir='$(libdir)'

## ----------- ##
## confdefs.h. ##
## ----------- ##

/* confdefs.h */
#define PACKAGE_NAME "libssp"
#define PACKAGE_TARNAME "libssp"
#define PACKAGE_VERSION "1.0"
#define PACKAGE_STRING "libssp 1.0"
#define PACKAGE_BUGREPORT ""
#define PACKAGE_URL ""
#define PACKAGE "libssp"
#define VERSION "1.0"
#define HAVE_HIDDEN_VISIBILITY 1
#define STDC_HEADERS 1
#define HAVE_SYS_TYPES_H 1
#define HAVE_SYS_STAT_H 1
#define HAVE_STDLIB_H 1
#define HAVE_STRING_H 1
#define HAVE_MEMORY_H 1
#define HAVE_STRINGS_H 1
#define HAVE_INTTYPES_H 1
#define HAVE_STDINT_H 1
#define HAVE_UNISTD_H 1
#define HAVE_ALLOCA_H 1
#define HAVE_MALLOC_H 1
#define HAVE_PATHS_H 1
#define HAVE_SYSLOG_H 1
#define HAVE_STRING_H 1
#define HAVE_UNISTD_H 1
#define HAVE_FCNTL_H 1
#define HAVE_STDIO_H 1
#define HAVE_LIMITS_H 1
#define HAVE_MEMMOVE 1
#define HAVE_STRNCPY 1
#define HAVE_STRNCAT 1
#define HAVE_DLFCN_H 1
#define LT_OBJDIR ".libs/"

configure: exit 0
