This file contains any messages produced by compilers while
running configure, to aid debugging if configure makes a mistake.

It was created by configure, which was
generated by GNU Autoconf 2.64.  Invocation command line was

  $ ./configure --prefix=/Users/regnarts/Documents/experiment/prefix --host=arm-linux-androideabi --target=arm-linux-androideabi CC=/usr/android/android-ndk-r10b/toolchains/arm-linux-androideabi-4.6/prebuilt/darwin-x86_64/bin/arm-linux-androideabi-gcc CXX=/usr/android/android-ndk-r10b/toolchains/arm-linux-androideabi-4.6/prebuilt/darwin-x86_64/bin/arm-linux-androideabi-g++ CFLAGS=-g -O2 -I/usr/android/android-ndk-r10b/platforms/android-9/arch-arm/usr/include/ --sysroot=/usr/android/android-ndk-r10b/platforms/android-9/arch-arm/ -Wno-error LDFLAGS=-L/usr/android/android-ndk-r10b/platforms/android-9/arch-arm/usr/lib/ CPP=/usr/android/android-ndk-r10b/toolchains/arm-linux-androideabi-4.6/prebuilt/darwin-x86_64/bin/arm-linux-androideabi-cpp CPPFLAGS=-I/usr/android/android-ndk-r10b/platforms/android-9/arch-arm/usr/include/ AR=/usr/android/android-ndk-r10b/toolchains/arm-linux-androideabi-4.6/prebuilt/darwin-x86_64/bin/arm-linux-androideabi-ar

## --------- ##
## Platform. ##
## --------- ##

hostname = Anushruths-MacBook-Air.local
uname -m = x86_64
uname -r = 14.0.0
uname -s = Darwin
uname -v = Darwin Kernel Version 14.0.0: Fri Sep 19 00:26:44 PDT 2014; root:xnu-2782.1.97~2/RELEASE_X86_64

/usr/bin/uname -p = i386
/bin/uname -X     = unknown

/bin/arch              = unknown
/usr/bin/arch -k       = unknown
/usr/convex/getsysinfo = unknown
/usr/bin/hostinfo      = Mach kernel version:
	 Darwin Kernel Version 14.0.0: Fri Sep 19 00:26:44 PDT 2014; root:xnu-2782.1.97~2/RELEASE_X86_64
Kernel configured for up to 4 processors.
2 processors are physically available.
4 processors are logically available.
Processor type: x86_64h (Intel x86-64h Haswell)
Processors active: 0 1 2 3
Primary memory available: 4.00 gigabytes
Default processor set: 214 tasks, 860 threads, 4 processors
Load average: 1.30, Mach factor: 2.68
/bin/machine           = unknown
/usr/bin/oslevel       = unknown
/bin/universe          = unknown

PATH: /opt/local/bin
PATH: /opt/local/sbin
PATH: /opt/local/bin
PATH: /opt/local/sbin
PATH: /usr/bin
PATH: /bin
PATH: /usr/sbin
PATH: /sbin
PATH: /usr/local/bin
PATH: /usr/android/android-ndk-r10b
PATH: /usr/android/adt-bundle-mac-x86_64-20140702/sdk/platform-tools
PATH: /usr/android/android-ndk-r10b/toolchains/arm-linux-androideabi-4.6/prebuilt/darwin-x86_64/bin/


## ----------- ##
## Core tests. ##
## ----------- ##

configure:2287: checking build system type
configure:2301: result: i386-apple-darwin14.0.0
configure:2321: checking host system type
configure:2334: result: arm-unknown-linux-androideabi
configure:2354: checking target system type
configure:2367: result: arm-unknown-linux-androideabi
configure:2401: checking for arm-linux-androideabi-gcc
configure:2428: result: /usr/android/android-ndk-r10b/toolchains/arm-linux-androideabi-4.6/prebuilt/darwin-x86_64/bin/arm-linux-androideabi-gcc
configure:2697: checking for C compiler version
configure:2706: /usr/android/android-ndk-r10b/toolchains/arm-linux-androideabi-4.6/prebuilt/darwin-x86_64/bin/arm-linux-androideabi-gcc --version >&5
arm-linux-androideabi-gcc (GCC) 4.6 20120106 (prerelease)
Copyright (C) 2011 Free Software Foundation, Inc.
This is free software; see the source for copying conditions.  There is NO
warranty; not even for MERCHANTABILITY or FITNESS FOR A PARTICULAR PURPOSE.

configure:2717: $? = 0
configure:2706: /usr/android/android-ndk-r10b/toolchains/arm-linux-androideabi-4.6/prebuilt/darwin-x86_64/bin/arm-linux-androideabi-gcc -v >&5
Using built-in specs.
COLLECT_GCC=/usr/android/android-ndk-r10b/toolchains/arm-linux-androideabi-4.6/prebuilt/darwin-x86_64/bin/arm-linux-androideabi-gcc
COLLECT_LTO_WRAPPER=/usr/android/android-ndk-r10b/toolchains/arm-linux-androideabi-4.6/prebuilt/darwin-x86_64/bin/../libexec/gcc/arm-linux-androideabi/4.6/lto-wrapper
Target: arm-linux-androideabi
Configured with: /s/ndk-toolchain/src/build/../gcc/gcc-4.6/configure --prefix=/tmp/ndk-User/build/toolchain/prefix --target=arm-linux-androideabi --host=x86_64-apple-darwin --build=x86_64-apple-darwin --with-gnu-as --with-gnu-ld --enable-languages=c,c++ --with-gmp=/tmp/ndk-User/build/toolchain/temp-install --with-mpfr=/tmp/ndk-User/build/toolchain/temp-install --with-mpc=/tmp/ndk-User/build/toolchain/temp-install --with-cloog=/tmp/ndk-User/build/toolchain/temp-install --with-isl=/tmp/ndk-User/build/toolchain/temp-install --with-ppl=/tmp/ndk-User/build/toolchain/temp-install --disable-ppl-version-check --disable-cloog-version-check --disable-isl-version-check --enable-cloog-backend=isl --with-host-libstdcxx='-static-libgcc -lstdc++ -lm' --disable-libssp --enable-threads --disable-nls --disable-libmudflap --disable-libgomp --disable-libstdc__-v3 --disable-sjlj-exceptions --disable-shared --disable-tls --disable-libitm --with-float=soft --with-fpu=vfp --with-arch=armv5te --enable-target-optspace --enable-initfini-array --disable-nls --prefix=/tmp/ndk-User/build/toolchain/prefix --with-sysroot=/tmp/ndk-User/build/toolchain/prefix/sysroot --with-binutils-version=2.21 --with-mpfr-version=3.1.1 --with-mpc-version=1.0.1 --with-gmp-version=5.0.5 --with-gcc-version=4.6 --with-gdb-version=7.3.x --with-python=/Users/User/mydroid/ndk/prebuilt/darwin-x86_64/bin/python-config.sh --with-gxx-include-dir=/tmp/ndk-User/build/toolchain/prefix/include/c++/4.6 --with-bugurl=http://source.android.com/source/report-bugs.html --disable-bootstrap --disable-libquadmath --enable-plugins --enable-libgomp --disable-libsanitizer --enable-gold --enable-graphite=yes --with-cloog-version=0.18.0 --with-ppl-version=1.0 --enable-eh-frame-hdr-for-static --with-arch=armv5te --program-transform-name='s&^&arm-linux-androideabi-&' --enable-gold=default
Thread model: posix
gcc version 4.6 20120106 (prerelease) (GCC) 
configure:2717: $? = 0
configure:2706: /usr/android/android-ndk-r10b/toolchains/arm-linux-androideabi-4.6/prebuilt/darwin-x86_64/bin/arm-linux-androideabi-gcc -V >&5
arm-linux-androideabi-gcc: error: unrecognized option '-V'
arm-linux-androideabi-gcc: fatal error: no input files
compilation terminated.
configure:2717: $? = 1
configure:2706: /usr/android/android-ndk-r10b/toolchains/arm-linux-androideabi-4.6/prebuilt/darwin-x86_64/bin/arm-linux-androideabi-gcc -qversion >&5
arm-linux-androideabi-gcc: error: unrecognized option '-qversion'
arm-linux-androideabi-gcc: fatal error: no input files
compilation terminated.
configure:2717: $? = 1
configure:2737: checking for C compiler default output file name
configure:2759: /usr/android/android-ndk-r10b/toolchains/arm-linux-androideabi-4.6/prebuilt/darwin-x86_64/bin/arm-linux-androideabi-gcc -g -O2 -I/usr/android/android-ndk-r10b/platforms/android-9/arch-arm/usr/include/ --sysroot=/usr/android/android-ndk-r10b/platforms/android-9/arch-arm/ -Wno-error -I/usr/android/android-ndk-r10b/platforms/android-9/arch-arm/usr/include/ -L/usr/android/android-ndk-r10b/platforms/android-9/arch-arm/usr/lib/ conftest.c  >&5
configure:2763: $? = 0
configure:2800: result: a.out
configure:2816: checking whether the C compiler works
configure:2825: ./a.out
./configure: line 2827: ./a.out: cannot execute binary file
configure:2829: $? = 126
configure:2844: result: yes
configure:2851: checking whether we are cross compiling
configure:2853: result: yes
configure:2856: checking for suffix of executables
configure:2863: /usr/android/android-ndk-r10b/toolchains/arm-linux-androideabi-4.6/prebuilt/darwin-x86_64/bin/arm-linux-androideabi-gcc -o conftest -g -O2 -I/usr/android/android-ndk-r10b/platforms/android-9/arch-arm/usr/include/ --sysroot=/usr/android/android-ndk-r10b/platforms/android-9/arch-arm/ -Wno-error -I/usr/android/android-ndk-r10b/platforms/android-9/arch-arm/usr/include/ -L/usr/android/android-ndk-r10b/platforms/android-9/arch-arm/usr/lib/ conftest.c  >&5
configure:2867: $? = 0
configure:2889: result: 
configure:2895: checking for suffix of object files
configure:2917: /usr/android/android-ndk-r10b/toolchains/arm-linux-androideabi-4.6/prebuilt/darwin-x86_64/bin/arm-linux-androideabi-gcc -c -g -O2 -I/usr/android/android-ndk-r10b/platforms/android-9/arch-arm/usr/include/ --sysroot=/usr/android/android-ndk-r10b/platforms/android-9/arch-arm/ -Wno-error -I/usr/android/android-ndk-r10b/platforms/android-9/arch-arm/usr/include/ conftest.c >&5
configure:2921: $? = 0
configure:2942: result: o
configure:2946: checking whether we are using the GNU C compiler
configure:2965: /usr/android/android-ndk-r10b/toolchains/arm-linux-androideabi-4.6/prebuilt/darwin-x86_64/bin/arm-linux-androideabi-gcc -c -g -O2 -I/usr/android/android-ndk-r10b/platforms/android-9/arch-arm/usr/include/ --sysroot=/usr/android/android-ndk-r10b/platforms/android-9/arch-arm/ -Wno-error -I/usr/android/android-ndk-r10b/platforms/android-9/arch-arm/usr/include/ conftest.c >&5
configure:2965: $? = 0
configure:2974: result: yes
configure:2983: checking whether /usr/android/android-ndk-r10b/toolchains/arm-linux-androideabi-4.6/prebuilt/darwin-x86_64/bin/arm-linux-androideabi-gcc accepts -g
configure:3003: /usr/android/android-ndk-r10b/toolchains/arm-linux-androideabi-4.6/prebuilt/darwin-x86_64/bin/arm-linux-androideabi-gcc -c -g -I/usr/android/android-ndk-r10b/platforms/android-9/arch-arm/usr/include/ conftest.c >&5
configure:3003: $? = 0
configure:3044: result: yes
configure:3061: checking for /usr/android/android-ndk-r10b/toolchains/arm-linux-androideabi-4.6/prebuilt/darwin-x86_64/bin/arm-linux-androideabi-gcc option to accept ISO C89
configure:3125: /usr/android/android-ndk-r10b/toolchains/arm-linux-androideabi-4.6/prebuilt/darwin-x86_64/bin/arm-linux-androideabi-gcc  -c -g -O2 -I/usr/android/android-ndk-r10b/platforms/android-9/arch-arm/usr/include/ --sysroot=/usr/android/android-ndk-r10b/platforms/android-9/arch-arm/ -Wno-error -I/usr/android/android-ndk-r10b/platforms/android-9/arch-arm/usr/include/ conftest.c >&5
configure:3125: $? = 0
configure:3138: result: none needed
configure:3159: checking for library containing strerror
configure:3190: /usr/android/android-ndk-r10b/toolchains/arm-linux-androideabi-4.6/prebuilt/darwin-x86_64/bin/arm-linux-androideabi-gcc -o conftest -g -O2 -I/usr/android/android-ndk-r10b/platforms/android-9/arch-arm/usr/include/ --sysroot=/usr/android/android-ndk-r10b/platforms/android-9/arch-arm/ -Wno-error -I/usr/android/android-ndk-r10b/platforms/android-9/arch-arm/usr/include/ -L/usr/android/android-ndk-r10b/platforms/android-9/arch-arm/usr/lib/ conftest.c  >&5
configure:3190: $? = 0
configure:3207: result: none required
configure:3237: checking for a BSD-compatible install
configure:3305: result: /usr/bin/install -c
configure:3316: checking whether build environment is sane
configure:3366: result: yes
configure:3415: checking for arm-linux-androideabi-strip
configure:3431: found /usr/android/android-ndk-r10b/toolchains/arm-linux-androideabi-4.6/prebuilt/darwin-x86_64/bin//arm-linux-androideabi-strip
configure:3442: result: arm-linux-androideabi-strip
configure:3507: checking for a thread-safe mkdir -p
configure:3546: result: ./../install-sh -c -d
configure:3559: checking for gawk
configure:3589: result: no
configure:3559: checking for mawk
configure:3589: result: no
configure:3559: checking for nawk
configure:3589: result: no
configure:3559: checking for awk
configure:3575: found /usr/bin/awk
configure:3586: result: awk
configure:3597: checking whether make sets $(MAKE)
configure:3619: result: yes
configure:3649: checking for style of include used by make
configure:3677: result: GNU
configure:3762: checking dependency style of /usr/android/android-ndk-r10b/toolchains/arm-linux-androideabi-4.6/prebuilt/darwin-x86_64/bin/arm-linux-androideabi-gcc
configure:3872: result: gcc3
configure:3897: checking for arm-linux-androideabi-gcc
configure:3924: result: /usr/android/android-ndk-r10b/toolchains/arm-linux-androideabi-4.6/prebuilt/darwin-x86_64/bin/arm-linux-androideabi-gcc
configure:4193: checking for C compiler version
configure:4202: /usr/android/android-ndk-r10b/toolchains/arm-linux-androideabi-4.6/prebuilt/darwin-x86_64/bin/arm-linux-androideabi-gcc --version >&5
arm-linux-androideabi-gcc (GCC) 4.6 20120106 (prerelease)
Copyright (C) 2011 Free Software Foundation, Inc.
This is free software; see the source for copying conditions.  There is NO
warranty; not even for MERCHANTABILITY or FITNESS FOR A PARTICULAR PURPOSE.

configure:4213: $? = 0
configure:4202: /usr/android/android-ndk-r10b/toolchains/arm-linux-androideabi-4.6/prebuilt/darwin-x86_64/bin/arm-linux-androideabi-gcc -v >&5
Using built-in specs.
COLLECT_GCC=/usr/android/android-ndk-r10b/toolchains/arm-linux-androideabi-4.6/prebuilt/darwin-x86_64/bin/arm-linux-androideabi-gcc
COLLECT_LTO_WRAPPER=/usr/android/android-ndk-r10b/toolchains/arm-linux-androideabi-4.6/prebuilt/darwin-x86_64/bin/../libexec/gcc/arm-linux-androideabi/4.6/lto-wrapper
Target: arm-linux-androideabi
Configured with: /s/ndk-toolchain/src/build/../gcc/gcc-4.6/configure --prefix=/tmp/ndk-User/build/toolchain/prefix --target=arm-linux-androideabi --host=x86_64-apple-darwin --build=x86_64-apple-darwin --with-gnu-as --with-gnu-ld --enable-languages=c,c++ --with-gmp=/tmp/ndk-User/build/toolchain/temp-install --with-mpfr=/tmp/ndk-User/build/toolchain/temp-install --with-mpc=/tmp/ndk-User/build/toolchain/temp-install --with-cloog=/tmp/ndk-User/build/toolchain/temp-install --with-isl=/tmp/ndk-User/build/toolchain/temp-install --with-ppl=/tmp/ndk-User/build/toolchain/temp-install --disable-ppl-version-check --disable-cloog-version-check --disable-isl-version-check --enable-cloog-backend=isl --with-host-libstdcxx='-static-libgcc -lstdc++ -lm' --disable-libssp --enable-threads --disable-nls --disable-libmudflap --disable-libgomp --disable-libstdc__-v3 --disable-sjlj-exceptions --disable-shared --disable-tls --disable-libitm --with-float=soft --with-fpu=vfp --with-arch=armv5te --enable-target-optspace --enable-initfini-array --disable-nls --prefix=/tmp/ndk-User/build/toolchain/prefix --with-sysroot=/tmp/ndk-User/build/toolchain/prefix/sysroot --with-binutils-version=2.21 --with-mpfr-version=3.1.1 --with-mpc-version=1.0.1 --with-gmp-version=5.0.5 --with-gcc-version=4.6 --with-gdb-version=7.3.x --with-python=/Users/User/mydroid/ndk/prebuilt/darwin-x86_64/bin/python-config.sh --with-gxx-include-dir=/tmp/ndk-User/build/toolchain/prefix/include/c++/4.6 --with-bugurl=http://source.android.com/source/report-bugs.html --disable-bootstrap --disable-libquadmath --enable-plugins --enable-libgomp --disable-libsanitizer --enable-gold --enable-graphite=yes --with-cloog-version=0.18.0 --with-ppl-version=1.0 --enable-eh-frame-hdr-for-static --with-arch=armv5te --program-transform-name='s&^&arm-linux-androideabi-&' --enable-gold=default
Thread model: posix
gcc version 4.6 20120106 (prerelease) (GCC) 
configure:4213: $? = 0
configure:4202: /usr/android/android-ndk-r10b/toolchains/arm-linux-androideabi-4.6/prebuilt/darwin-x86_64/bin/arm-linux-androideabi-gcc -V >&5
arm-linux-androideabi-gcc: error: unrecognized option '-V'
arm-linux-androideabi-gcc: fatal error: no input files
compilation terminated.
configure:4213: $? = 1
configure:4202: /usr/android/android-ndk-r10b/toolchains/arm-linux-androideabi-4.6/prebuilt/darwin-x86_64/bin/arm-linux-androideabi-gcc -qversion >&5
arm-linux-androideabi-gcc: error: unrecognized option '-qversion'
arm-linux-androideabi-gcc: fatal error: no input files
compilation terminated.
configure:4213: $? = 1
configure:4217: checking whether we are using the GNU C compiler
configure:4245: result: yes
configure:4254: checking whether /usr/android/android-ndk-r10b/toolchains/arm-linux-androideabi-4.6/prebuilt/darwin-x86_64/bin/arm-linux-androideabi-gcc accepts -g
configure:4315: result: yes
configure:4332: checking for /usr/android/android-ndk-r10b/toolchains/arm-linux-androideabi-4.6/prebuilt/darwin-x86_64/bin/arm-linux-androideabi-gcc option to accept ISO C89
configure:4409: result: none needed
configure:4434: checking how to run the C preprocessor
configure:4504: result: /usr/android/android-ndk-r10b/toolchains/arm-linux-androideabi-4.6/prebuilt/darwin-x86_64/bin/arm-linux-androideabi-cpp
configure:4524: /usr/android/android-ndk-r10b/toolchains/arm-linux-androideabi-4.6/prebuilt/darwin-x86_64/bin/arm-linux-androideabi-cpp -I/usr/android/android-ndk-r10b/platforms/android-9/arch-arm/usr/include/ conftest.c
configure:4524: $? = 0
configure:4538: /usr/android/android-ndk-r10b/toolchains/arm-linux-androideabi-4.6/prebuilt/darwin-x86_64/bin/arm-linux-androideabi-cpp -I/usr/android/android-ndk-r10b/platforms/android-9/arch-arm/usr/include/ conftest.c
conftest.c:11:28: fatal error: ac_nonexistent.h: No such file or directory
compilation terminated.
configure:4538: $? = 1
configure: failed program was:
| /* confdefs.h */
| #define PACKAGE_NAME ""
| #define PACKAGE_TARNAME ""
| #define PACKAGE_VERSION ""
| #define PACKAGE_STRING ""
| #define PACKAGE_BUGREPORT ""
| #define PACKAGE_URL ""
| #define PACKAGE "opcodes"
| #define VERSION "2.24"
| /* end confdefs.h.  */
| #include <ac_nonexistent.h>
configure:4567: checking for grep that handles long lines and -e
configure:4625: result: /usr/bin/grep
configure:4630: checking for egrep
configure:4692: result: /usr/bin/grep -E
configure:4697: checking for ANSI C header files
configure:4717: /usr/android/android-ndk-r10b/toolchains/arm-linux-androideabi-4.6/prebuilt/darwin-x86_64/bin/arm-linux-androideabi-gcc -c -g -O2 -I/usr/android/android-ndk-r10b/platforms/android-9/arch-arm/usr/include/ --sysroot=/usr/android/android-ndk-r10b/platforms/android-9/arch-arm/ -Wno-error -I/usr/android/android-ndk-r10b/platforms/android-9/arch-arm/usr/include/ conftest.c >&5
configure:4717: $? = 0
configure:4801: result: yes
configure:4814: checking for sys/types.h
configure:4814: /usr/android/android-ndk-r10b/toolchains/arm-linux-androideabi-4.6/prebuilt/darwin-x86_64/bin/arm-linux-androideabi-gcc -c -g -O2 -I/usr/android/android-ndk-r10b/platforms/android-9/arch-arm/usr/include/ --sysroot=/usr/android/android-ndk-r10b/platforms/android-9/arch-arm/ -Wno-error -I/usr/android/android-ndk-r10b/platforms/android-9/arch-arm/usr/include/ conftest.c >&5
configure:4814: $? = 0
configure:4814: result: yes
configure:4814: checking for sys/stat.h
configure:4814: /usr/android/android-ndk-r10b/toolchains/arm-linux-androideabi-4.6/prebuilt/darwin-x86_64/bin/arm-linux-androideabi-gcc -c -g -O2 -I/usr/android/android-ndk-r10b/platforms/android-9/arch-arm/usr/include/ --sysroot=/usr/android/android-ndk-r10b/platforms/android-9/arch-arm/ -Wno-error -I/usr/android/android-ndk-r10b/platforms/android-9/arch-arm/usr/include/ conftest.c >&5
configure:4814: $? = 0
configure:4814: result: yes
configure:4814: checking for stdlib.h
configure:4814: /usr/android/android-ndk-r10b/toolchains/arm-linux-androideabi-4.6/prebuilt/darwin-x86_64/bin/arm-linux-androideabi-gcc -c -g -O2 -I/usr/android/android-ndk-r10b/platforms/android-9/arch-arm/usr/include/ --sysroot=/usr/android/android-ndk-r10b/platforms/android-9/arch-arm/ -Wno-error -I/usr/android/android-ndk-r10b/platforms/android-9/arch-arm/usr/include/ conftest.c >&5
configure:4814: $? = 0
configure:4814: result: yes
configure:4814: checking for string.h
configure:4814: /usr/android/android-ndk-r10b/toolchains/arm-linux-androideabi-4.6/prebuilt/darwin-x86_64/bin/arm-linux-androideabi-gcc -c -g -O2 -I/usr/android/android-ndk-r10b/platforms/android-9/arch-arm/usr/include/ --sysroot=/usr/android/android-ndk-r10b/platforms/android-9/arch-arm/ -Wno-error -I/usr/android/android-ndk-r10b/platforms/android-9/arch-arm/usr/include/ conftest.c >&5
configure:4814: $? = 0
configure:4814: result: yes
configure:4814: checking for memory.h
configure:4814: /usr/android/android-ndk-r10b/toolchains/arm-linux-androideabi-4.6/prebuilt/darwin-x86_64/bin/arm-linux-androideabi-gcc -c -g -O2 -I/usr/android/android-ndk-r10b/platforms/android-9/arch-arm/usr/include/ --sysroot=/usr/android/android-ndk-r10b/platforms/android-9/arch-arm/ -Wno-error -I/usr/android/android-ndk-r10b/platforms/android-9/arch-arm/usr/include/ conftest.c >&5
configure:4814: $? = 0
configure:4814: result: yes
configure:4814: checking for strings.h
configure:4814: /usr/android/android-ndk-r10b/toolchains/arm-linux-androideabi-4.6/prebuilt/darwin-x86_64/bin/arm-linux-androideabi-gcc -c -g -O2 -I/usr/android/android-ndk-r10b/platforms/android-9/arch-arm/usr/include/ --sysroot=/usr/android/android-ndk-r10b/platforms/android-9/arch-arm/ -Wno-error -I/usr/android/android-ndk-r10b/platforms/android-9/arch-arm/usr/include/ conftest.c >&5
configure:4814: $? = 0
configure:4814: result: yes
configure:4814: checking for inttypes.h
configure:4814: /usr/android/android-ndk-r10b/toolchains/arm-linux-androideabi-4.6/prebuilt/darwin-x86_64/bin/arm-linux-androideabi-gcc -c -g -O2 -I/usr/android/android-ndk-r10b/platforms/android-9/arch-arm/usr/include/ --sysroot=/usr/android/android-ndk-r10b/platforms/android-9/arch-arm/ -Wno-error -I/usr/android/android-ndk-r10b/platforms/android-9/arch-arm/usr/include/ conftest.c >&5
configure:4814: $? = 0
configure:4814: result: yes
configure:4814: checking for stdint.h
configure:4814: /usr/android/android-ndk-r10b/toolchains/arm-linux-androideabi-4.6/prebuilt/darwin-x86_64/bin/arm-linux-androideabi-gcc -c -g -O2 -I/usr/android/android-ndk-r10b/platforms/android-9/arch-arm/usr/include/ --sysroot=/usr/android/android-ndk-r10b/platforms/android-9/arch-arm/ -Wno-error -I/usr/android/android-ndk-r10b/platforms/android-9/arch-arm/usr/include/ conftest.c >&5
configure:4814: $? = 0
configure:4814: result: yes
configure:4814: checking for unistd.h
configure:4814: /usr/android/android-ndk-r10b/toolchains/arm-linux-androideabi-4.6/prebuilt/darwin-x86_64/bin/arm-linux-androideabi-gcc -c -g -O2 -I/usr/android/android-ndk-r10b/platforms/android-9/arch-arm/usr/include/ --sysroot=/usr/android/android-ndk-r10b/platforms/android-9/arch-arm/ -Wno-error -I/usr/android/android-ndk-r10b/platforms/android-9/arch-arm/usr/include/ conftest.c >&5
configure:4814: $? = 0
configure:4814: result: yes
configure:4828: checking minix/config.h usability
configure:4828: /usr/android/android-ndk-r10b/toolchains/arm-linux-androideabi-4.6/prebuilt/darwin-x86_64/bin/arm-linux-androideabi-gcc -c -g -O2 -I/usr/android/android-ndk-r10b/platforms/android-9/arch-arm/usr/include/ --sysroot=/usr/android/android-ndk-r10b/platforms/android-9/arch-arm/ -Wno-error -I/usr/android/android-ndk-r10b/platforms/android-9/arch-arm/usr/include/ conftest.c >&5
conftest.c:54:26: fatal error: minix/config.h: No such file or directory
compilation terminated.
configure:4828: $? = 1
configure: failed program was:
| /* confdefs.h */
| #define PACKAGE_NAME ""
| #define PACKAGE_TARNAME ""
| #define PACKAGE_VERSION ""
| #define PACKAGE_STRING ""
| #define PACKAGE_BUGREPORT ""
| #define PACKAGE_URL ""
| #define PACKAGE "opcodes"
| #define VERSION "2.24"
| #define STDC_HEADERS 1
| #define HAVE_SYS_TYPES_H 1
| #define HAVE_SYS_STAT_H 1
| #define HAVE_STDLIB_H 1
| #define HAVE_STRING_H 1
| #define HAVE_MEMORY_H 1
| #define HAVE_STRINGS_H 1
| #define HAVE_INTTYPES_H 1
| #define HAVE_STDINT_H 1
| #define HAVE_UNISTD_H 1
| /* end confdefs.h.  */
| #include <stdio.h>
| #ifdef HAVE_SYS_TYPES_H
| # include <sys/types.h>
| #endif
| #ifdef HAVE_SYS_STAT_H
| # include <sys/stat.h>
| #endif
| #ifdef STDC_HEADERS
| # include <stdlib.h>
| # include <stddef.h>
| #else
| # ifdef HAVE_STDLIB_H
| #  include <stdlib.h>
| # endif
| #endif
| #ifdef HAVE_STRING_H
| # if !defined STDC_HEADERS && defined HAVE_MEMORY_H
| #  include <memory.h>
| # endif
| # include <string.h>
| #endif
| #ifdef HAVE_STRINGS_H
| # include <strings.h>
| #endif
| #ifdef HAVE_INTTYPES_H
| # include <inttypes.h>
| #endif
| #ifdef HAVE_STDINT_H
| # include <stdint.h>
| #endif
| #ifdef HAVE_UNISTD_H
| # include <unistd.h>
| #endif
| #include <minix/config.h>
configure:4828: result: no
configure:4828: checking minix/config.h presence
configure:4828: /usr/android/android-ndk-r10b/toolchains/arm-linux-androideabi-4.6/prebuilt/darwin-x86_64/bin/arm-linux-androideabi-cpp -I/usr/android/android-ndk-r10b/platforms/android-9/arch-arm/usr/include/ conftest.c
conftest.c:21:26: fatal error: minix/config.h: No such file or directory
compilation terminated.
configure:4828: $? = 1
configure: failed program was:
| /* confdefs.h */
| #define PACKAGE_NAME ""
| #define PACKAGE_TARNAME ""
| #define PACKAGE_VERSION ""
| #define PACKAGE_STRING ""
| #define PACKAGE_BUGREPORT ""
| #define PACKAGE_URL ""
| #define PACKAGE "opcodes"
| #define VERSION "2.24"
| #define STDC_HEADERS 1
| #define HAVE_SYS_TYPES_H 1
| #define HAVE_SYS_STAT_H 1
| #define HAVE_STDLIB_H 1
| #define HAVE_STRING_H 1
| #define HAVE_MEMORY_H 1
| #define HAVE_STRINGS_H 1
| #define HAVE_INTTYPES_H 1
| #define HAVE_STDINT_H 1
| #define HAVE_UNISTD_H 1
| /* end confdefs.h.  */
| #include <minix/config.h>
configure:4828: result: no
configure:4828: checking for minix/config.h
configure:4828: result: no
configure:4849: checking whether it is safe to define __EXTENSIONS__
configure:4867: /usr/android/android-ndk-r10b/toolchains/arm-linux-androideabi-4.6/prebuilt/darwin-x86_64/bin/arm-linux-androideabi-gcc -c -g -O2 -I/usr/android/android-ndk-r10b/platforms/android-9/arch-arm/usr/include/ --sysroot=/usr/android/android-ndk-r10b/platforms/android-9/arch-arm/ -Wno-error -I/usr/android/android-ndk-r10b/platforms/android-9/arch-arm/usr/include/ conftest.c >&5
configure:4867: $? = 0
configure:4874: result: yes
configure:4894: checking for arm-linux-androideabi-ar
configure:4921: result: /usr/android/android-ndk-r10b/toolchains/arm-linux-androideabi-4.6/prebuilt/darwin-x86_64/bin/arm-linux-androideabi-ar
configure:4986: checking for arm-linux-androideabi-ranlib
configure:5002: found /usr/android/android-ndk-r10b/toolchains/arm-linux-androideabi-4.6/prebuilt/darwin-x86_64/bin//arm-linux-androideabi-ranlib
configure:5013: result: arm-linux-androideabi-ranlib
configure:5154: checking how to print strings
configure:5181: result: printf
configure:5202: checking for a sed that does not truncate output
configure:5266: result: /usr/bin/sed
configure:5284: checking for fgrep
configure:5346: result: /usr/bin/grep -F
configure:5381: checking for ld used by /usr/android/android-ndk-r10b/toolchains/arm-linux-androideabi-4.6/prebuilt/darwin-x86_64/bin/arm-linux-androideabi-gcc
configure:5448: result: /usr/android/android-ndk-r10b/toolchains/arm-linux-androideabi-4.6/prebuilt/darwin-x86_64/arm-linux-androideabi/bin/ld
configure:5455: checking if the linker (/usr/android/android-ndk-r10b/toolchains/arm-linux-androideabi-4.6/prebuilt/darwin-x86_64/arm-linux-androideabi/bin/ld) is GNU ld
configure:5470: result: yes
configure:5482: checking for BSD- or MS-compatible name lister (nm)
configure:5531: result: /usr/android/android-ndk-r10b/toolchains/arm-linux-androideabi-4.6/prebuilt/darwin-x86_64/bin//arm-linux-androideabi-nm -B
configure:5661: checking the name lister (/usr/android/android-ndk-r10b/toolchains/arm-linux-androideabi-4.6/prebuilt/darwin-x86_64/bin//arm-linux-androideabi-nm -B) interface
configure:5668: /usr/android/android-ndk-r10b/toolchains/arm-linux-androideabi-4.6/prebuilt/darwin-x86_64/bin/arm-linux-androideabi-gcc -c -g -O2 -I/usr/android/android-ndk-r10b/platforms/android-9/arch-arm/usr/include/ --sysroot=/usr/android/android-ndk-r10b/platforms/android-9/arch-arm/ -Wno-error -I/usr/android/android-ndk-r10b/platforms/android-9/arch-arm/usr/include/ conftest.c >&5
configure:5671: /usr/android/android-ndk-r10b/toolchains/arm-linux-androideabi-4.6/prebuilt/darwin-x86_64/bin//arm-linux-androideabi-nm -B "conftest.o"
configure:5674: output
00000000 B some_variable
configure:5681: result: BSD nm
configure:5684: checking whether ln -s works
configure:5688: result: yes
configure:5696: checking the maximum length of command line arguments
configure:5821: result: 196608
configure:5838: checking whether the shell understands some XSI constructs
configure:5848: result: yes
configure:5852: checking whether the shell understands "+="
configure:5858: result: yes
configure:5893: checking for /usr/android/android-ndk-r10b/toolchains/arm-linux-androideabi-4.6/prebuilt/darwin-x86_64/arm-linux-androideabi/bin/ld option to reload object files
configure:5900: result: -r
configure:5929: checking for arm-linux-androideabi-objdump
configure:5945: found /usr/android/android-ndk-r10b/toolchains/arm-linux-androideabi-4.6/prebuilt/darwin-x86_64/bin//arm-linux-androideabi-objdump
configure:5956: result: arm-linux-androideabi-objdump
configure:6028: checking how to recognize dependent libraries
configure:6229: result: pass_all
configure:6249: checking for arm-linux-androideabi-ar
configure:6276: result: /usr/android/android-ndk-r10b/toolchains/arm-linux-androideabi-4.6/prebuilt/darwin-x86_64/bin/arm-linux-androideabi-ar
configure:6354: checking for arm-linux-androideabi-strip
configure:6381: result: arm-linux-androideabi-strip
configure:6453: checking for arm-linux-androideabi-ranlib
configure:6480: result: arm-linux-androideabi-ranlib
configure:6622: checking command to parse /usr/android/android-ndk-r10b/toolchains/arm-linux-androideabi-4.6/prebuilt/darwin-x86_64/bin//arm-linux-androideabi-nm -B output from /usr/android/android-ndk-r10b/toolchains/arm-linux-androideabi-4.6/prebuilt/darwin-x86_64/bin/arm-linux-androideabi-gcc object
configure:6740: /usr/android/android-ndk-r10b/toolchains/arm-linux-androideabi-4.6/prebuilt/darwin-x86_64/bin/arm-linux-androideabi-gcc -c -g -O2 -I/usr/android/android-ndk-r10b/platforms/android-9/arch-arm/usr/include/ --sysroot=/usr/android/android-ndk-r10b/platforms/android-9/arch-arm/ -Wno-error -I/usr/android/android-ndk-r10b/platforms/android-9/arch-arm/usr/include/ conftest.c >&5
configure:6743: $? = 0
configure:6747: /usr/android/android-ndk-r10b/toolchains/arm-linux-androideabi-4.6/prebuilt/darwin-x86_64/bin//arm-linux-androideabi-nm -B conftest.o \| sed -n -e 's/^.*[ ]\([ABCDGIRSTW][ABCDGIRSTW]*\)[ ][ ]*\([_A-Za-z][_A-Za-z0-9]*\)$/\1 \2 \2/p' \> conftest.nm
configure:6750: $? = 0
configure:6804: /usr/android/android-ndk-r10b/toolchains/arm-linux-androideabi-4.6/prebuilt/darwin-x86_64/bin/arm-linux-androideabi-gcc -o conftest -g -O2 -I/usr/android/android-ndk-r10b/platforms/android-9/arch-arm/usr/include/ --sysroot=/usr/android/android-ndk-r10b/platforms/android-9/arch-arm/ -Wno-error -I/usr/android/android-ndk-r10b/platforms/android-9/arch-arm/usr/include/ -L/usr/android/android-ndk-r10b/platforms/android-9/arch-arm/usr/lib/ conftest.c conftstm.o >&5
configure:6807: $? = 0
configure:6845: result: ok
configure:7693: checking for dlfcn.h
configure:7693: /usr/android/android-ndk-r10b/toolchains/arm-linux-androideabi-4.6/prebuilt/darwin-x86_64/bin/arm-linux-androideabi-gcc -c -g -O2 -I/usr/android/android-ndk-r10b/platforms/android-9/arch-arm/usr/include/ --sysroot=/usr/android/android-ndk-r10b/platforms/android-9/arch-arm/ -Wno-error -I/usr/android/android-ndk-r10b/platforms/android-9/arch-arm/usr/include/ conftest.c >&5
configure:7693: $? = 0
configure:7693: result: yes
configure:7850: checking for objdir
configure:7865: result: .libs
configure:8136: checking if /usr/android/android-ndk-r10b/toolchains/arm-linux-androideabi-4.6/prebuilt/darwin-x86_64/bin/arm-linux-androideabi-gcc supports -fno-rtti -fno-exceptions
configure:8154: /usr/android/android-ndk-r10b/toolchains/arm-linux-androideabi-4.6/prebuilt/darwin-x86_64/bin/arm-linux-androideabi-gcc -c -g -O2 -I/usr/android/android-ndk-r10b/platforms/android-9/arch-arm/usr/include/ --sysroot=/usr/android/android-ndk-r10b/platforms/android-9/arch-arm/ -Wno-error -I/usr/android/android-ndk-r10b/platforms/android-9/arch-arm/usr/include/ -fno-rtti -fno-exceptions conftest.c >&5
cc1: warning: command line option '-fno-rtti' is valid for C++/ObjC++ but not for C [enabled by default]
configure:8158: $? = 0
configure:8171: result: no
configure:8191: checking for /usr/android/android-ndk-r10b/toolchains/arm-linux-androideabi-4.6/prebuilt/darwin-x86_64/bin/arm-linux-androideabi-gcc option to produce PIC
configure:8477: result: -fPIC -DPIC
configure:8489: checking if /usr/android/android-ndk-r10b/toolchains/arm-linux-androideabi-4.6/prebuilt/darwin-x86_64/bin/arm-linux-androideabi-gcc PIC flag -fPIC -DPIC works
configure:8507: /usr/android/android-ndk-r10b/toolchains/arm-linux-androideabi-4.6/prebuilt/darwin-x86_64/bin/arm-linux-androideabi-gcc -c -g -O2 -I/usr/android/android-ndk-r10b/platforms/android-9/arch-arm/usr/include/ --sysroot=/usr/android/android-ndk-r10b/platforms/android-9/arch-arm/ -Wno-error -I/usr/android/android-ndk-r10b/platforms/android-9/arch-arm/usr/include/ -fPIC -DPIC -DPIC conftest.c >&5
configure:8511: $? = 0
configure:8524: result: yes
configure:8548: checking if /usr/android/android-ndk-r10b/toolchains/arm-linux-androideabi-4.6/prebuilt/darwin-x86_64/bin/arm-linux-androideabi-gcc static flag -static works
configure:8576: result: yes
configure:8591: checking if /usr/android/android-ndk-r10b/toolchains/arm-linux-androideabi-4.6/prebuilt/darwin-x86_64/bin/arm-linux-androideabi-gcc supports -c -o file.o
configure:8612: /usr/android/android-ndk-r10b/toolchains/arm-linux-androideabi-4.6/prebuilt/darwin-x86_64/bin/arm-linux-androideabi-gcc -c -g -O2 -I/usr/android/android-ndk-r10b/platforms/android-9/arch-arm/usr/include/ --sysroot=/usr/android/android-ndk-r10b/platforms/android-9/arch-arm/ -Wno-error -I/usr/android/android-ndk-r10b/platforms/android-9/arch-arm/usr/include/ -o out/conftest2.o conftest.c >&5
configure:8616: $? = 0
configure:8638: result: yes
configure:8646: checking if /usr/android/android-ndk-r10b/toolchains/arm-linux-androideabi-4.6/prebuilt/darwin-x86_64/bin/arm-linux-androideabi-gcc supports -c -o file.o
configure:8693: result: yes
configure:8726: checking whether the /usr/android/android-ndk-r10b/toolchains/arm-linux-androideabi-4.6/prebuilt/darwin-x86_64/bin/arm-linux-androideabi-gcc linker (/usr/android/android-ndk-r10b/toolchains/arm-linux-androideabi-4.6/prebuilt/darwin-x86_64/arm-linux-androideabi/bin/ld) supports shared libraries
configure:9797: result: yes
configure:10042: checking dynamic linker characteristics
configure:10493: /usr/android/android-ndk-r10b/toolchains/arm-linux-androideabi-4.6/prebuilt/darwin-x86_64/bin/arm-linux-androideabi-gcc -o conftest -g -O2 -I/usr/android/android-ndk-r10b/platforms/android-9/arch-arm/usr/include/ --sysroot=/usr/android/android-ndk-r10b/platforms/android-9/arch-arm/ -Wno-error -I/usr/android/android-ndk-r10b/platforms/android-9/arch-arm/usr/include/ -L/usr/android/android-ndk-r10b/platforms/android-9/arch-arm/usr/lib/ -Wl,-rpath -Wl,/foo conftest.c  >&5
configure:10493: $? = 0
configure:10715: result: GNU/Linux ld.so
configure:10822: checking how to hardcode library paths into programs
configure:10847: result: immediate
configure:11387: checking whether stripping libraries is possible
configure:11392: result: yes
configure:11427: checking if libtool supports shared libraries
configure:11429: result: yes
configure:11432: checking whether to build shared libraries
configure:11453: result: no
configure:11456: checking whether to build static libraries
configure:11460: result: yes
configure:11590: checking whether /usr/android/android-ndk-r10b/toolchains/arm-linux-androideabi-4.6/prebuilt/darwin-x86_64/bin/arm-linux-androideabi-gcc supports -Wmissing-field-initializers
configure:11607: /usr/android/android-ndk-r10b/toolchains/arm-linux-androideabi-4.6/prebuilt/darwin-x86_64/bin/arm-linux-androideabi-gcc -c -Wmissing-field-initializers -I/usr/android/android-ndk-r10b/platforms/android-9/arch-arm/usr/include/ conftest.c >&5
configure:11607: $? = 0
configure:11616: result: yes
configure:11636: checking whether to enable maintainer-specific portions of Makefiles
configure:11645: result: no
configure:11673: checking whether to install libbfd
configure:11686: result: yes
configure:11732: checking whether NLS is requested
configure:11738: result: yes
configure:11744: checking for catalogs to be installed
configure:11776: result:  da de es fi fr ga id it nl pt_BR ro sv tr uk vi zh_CN da de es fi fr ga id it nl pt_BR ro sv tr uk vi zh_CN
configure:11803: checking whether NLS is requested
configure:11812: result: yes
configure:11850: checking for msgfmt
configure:11881: result: /opt/local/bin/msgfmt
configure:11890: checking for gmsgfmt
configure:11921: result: /opt/local/bin/msgfmt
configure:11961: checking for xgettext
configure:11992: result: /opt/local/bin/xgettext
configure:12032: checking for msgmerge
configure:12062: result: /opt/local/bin/msgmerge
configure:12113: checking for build system executable suffix
configure:12131: result: no
configure:12144: checking for string.h
configure:12144: result: yes
configure:12144: checking for strings.h
configure:12144: result: yes
configure:12144: checking for stdlib.h
configure:12144: result: yes
configure:12144: checking limits.h usability
configure:12144: /usr/android/android-ndk-r10b/toolchains/arm-linux-androideabi-4.6/prebuilt/darwin-x86_64/bin/arm-linux-androideabi-gcc -c -g -O2 -I/usr/android/android-ndk-r10b/platforms/android-9/arch-arm/usr/include/ --sysroot=/usr/android/android-ndk-r10b/platforms/android-9/arch-arm/ -Wno-error -I/usr/android/android-ndk-r10b/platforms/android-9/arch-arm/usr/include/ conftest.c >&5
configure:12144: $? = 0
configure:12144: result: yes
configure:12144: checking limits.h presence
configure:12144: /usr/android/android-ndk-r10b/toolchains/arm-linux-androideabi-4.6/prebuilt/darwin-x86_64/bin/arm-linux-androideabi-cpp -I/usr/android/android-ndk-r10b/platforms/android-9/arch-arm/usr/include/ conftest.c
configure:12144: $? = 0
configure:12144: result: yes
configure:12144: checking for limits.h
configure:12144: result: yes
configure:12155: checking whether string.h and strings.h may both be included
configure:12172: /usr/android/android-ndk-r10b/toolchains/arm-linux-androideabi-4.6/prebuilt/darwin-x86_64/bin/arm-linux-androideabi-gcc -c -g -O2 -I/usr/android/android-ndk-r10b/platforms/android-9/arch-arm/usr/include/ --sysroot=/usr/android/android-ndk-r10b/platforms/android-9/arch-arm/ -Wno-error -I/usr/android/android-ndk-r10b/platforms/android-9/arch-arm/usr/include/ conftest.c >&5
configure:12172: $? = 0
configure:12179: result: yes
configure:12188: checking whether basename is declared
configure:12188: /usr/android/android-ndk-r10b/toolchains/arm-linux-androideabi-4.6/prebuilt/darwin-x86_64/bin/arm-linux-androideabi-gcc -c -g -O2 -I/usr/android/android-ndk-r10b/platforms/android-9/arch-arm/usr/include/ --sysroot=/usr/android/android-ndk-r10b/platforms/android-9/arch-arm/ -Wno-error -I/usr/android/android-ndk-r10b/platforms/android-9/arch-arm/usr/include/ conftest.c >&5
conftest.c: In function 'main':
conftest.c:74:10: error: 'basename' undeclared (first use in this function)
conftest.c:74:10: note: each undeclared identifier is reported only once for each function it appears in
configure:12188: $? = 1
configure: failed program was:
| /* confdefs.h */
| #define PACKAGE_NAME ""
| #define PACKAGE_TARNAME ""
| #define PACKAGE_VERSION ""
| #define PACKAGE_STRING ""
| #define PACKAGE_BUGREPORT ""
| #define PACKAGE_URL ""
| #define PACKAGE "opcodes"
| #define VERSION "2.24"
| #define STDC_HEADERS 1
| #define HAVE_SYS_TYPES_H 1
| #define HAVE_SYS_STAT_H 1
| #define HAVE_STDLIB_H 1
| #define HAVE_STRING_H 1
| #define HAVE_MEMORY_H 1
| #define HAVE_STRINGS_H 1
| #define HAVE_INTTYPES_H 1
| #define HAVE_STDINT_H 1
| #define HAVE_UNISTD_H 1
| #define __EXTENSIONS__ 1
| #define _ALL_SOURCE 1
| #define _GNU_SOURCE 1
| #define _POSIX_PTHREAD_SEMANTICS 1
| #define _TANDEM_SOURCE 1
| #define HAVE_DLFCN_H 1
| #define LT_OBJDIR ".libs/"
| #define ENABLE_NLS 1
| #define HAVE_STRING_H 1
| #define HAVE_STRINGS_H 1
| #define HAVE_STDLIB_H 1
| #define HAVE_LIMITS_H 1
| #define STRING_WITH_STRINGS 1
| /* end confdefs.h.  */
| #include <stdio.h>
| #ifdef HAVE_SYS_TYPES_H
| # include <sys/types.h>
| #endif
| #ifdef HAVE_SYS_STAT_H
| # include <sys/stat.h>
| #endif
| #ifdef STDC_HEADERS
| # include <stdlib.h>
| # include <stddef.h>
| #else
| # ifdef HAVE_STDLIB_H
| #  include <stdlib.h>
| # endif
| #endif
| #ifdef HAVE_STRING_H
| # if !defined STDC_HEADERS && defined HAVE_MEMORY_H
| #  include <memory.h>
| # endif
| # include <string.h>
| #endif
| #ifdef HAVE_STRINGS_H
| # include <strings.h>
| #endif
| #ifdef HAVE_INTTYPES_H
| # include <inttypes.h>
| #endif
| #ifdef HAVE_STDINT_H
| # include <stdint.h>
| #endif
| #ifdef HAVE_UNISTD_H
| # include <unistd.h>
| #endif
| int
| main ()
| {
| #ifndef basename
| #ifdef __cplusplus
|   (void) basename;
| #else
|   (void) basename;
| #endif
| #endif
| 
|   ;
|   return 0;
| }
configure:12188: result: no
configure:12198: checking whether stpcpy is declared
configure:12198: /usr/android/android-ndk-r10b/toolchains/arm-linux-androideabi-4.6/prebuilt/darwin-x86_64/bin/arm-linux-androideabi-gcc -c -g -O2 -I/usr/android/android-ndk-r10b/platforms/android-9/arch-arm/usr/include/ --sysroot=/usr/android/android-ndk-r10b/platforms/android-9/arch-arm/ -Wno-error -I/usr/android/android-ndk-r10b/platforms/android-9/arch-arm/usr/include/ conftest.c >&5
conftest.c: In function 'main':
conftest.c:75:10: error: 'stpcpy' undeclared (first use in this function)
conftest.c:75:10: note: each undeclared identifier is reported only once for each function it appears in
configure:12198: $? = 1
configure: failed program was:
| /* confdefs.h */
| #define PACKAGE_NAME ""
| #define PACKAGE_TARNAME ""
| #define PACKAGE_VERSION ""
| #define PACKAGE_STRING ""
| #define PACKAGE_BUGREPORT ""
| #define PACKAGE_URL ""
| #define PACKAGE "opcodes"
| #define VERSION "2.24"
| #define STDC_HEADERS 1
| #define HAVE_SYS_TYPES_H 1
| #define HAVE_SYS_STAT_H 1
| #define HAVE_STDLIB_H 1
| #define HAVE_STRING_H 1
| #define HAVE_MEMORY_H 1
| #define HAVE_STRINGS_H 1
| #define HAVE_INTTYPES_H 1
| #define HAVE_STDINT_H 1
| #define HAVE_UNISTD_H 1
| #define __EXTENSIONS__ 1
| #define _ALL_SOURCE 1
| #define _GNU_SOURCE 1
| #define _POSIX_PTHREAD_SEMANTICS 1
| #define _TANDEM_SOURCE 1
| #define HAVE_DLFCN_H 1
| #define LT_OBJDIR ".libs/"
| #define ENABLE_NLS 1
| #define HAVE_STRING_H 1
| #define HAVE_STRINGS_H 1
| #define HAVE_STDLIB_H 1
| #define HAVE_LIMITS_H 1
| #define STRING_WITH_STRINGS 1
| #define HAVE_DECL_BASENAME 0
| /* end confdefs.h.  */
| #include <stdio.h>
| #ifdef HAVE_SYS_TYPES_H
| # include <sys/types.h>
| #endif
| #ifdef HAVE_SYS_STAT_H
| # include <sys/stat.h>
| #endif
| #ifdef STDC_HEADERS
| # include <stdlib.h>
| # include <stddef.h>
| #else
| # ifdef HAVE_STDLIB_H
| #  include <stdlib.h>
| # endif
| #endif
| #ifdef HAVE_STRING_H
| # if !defined STDC_HEADERS && defined HAVE_MEMORY_H
| #  include <memory.h>
| # endif
| # include <string.h>
| #endif
| #ifdef HAVE_STRINGS_H
| # include <strings.h>
| #endif
| #ifdef HAVE_INTTYPES_H
| # include <inttypes.h>
| #endif
| #ifdef HAVE_STDINT_H
| # include <stdint.h>
| #endif
| #ifdef HAVE_UNISTD_H
| # include <unistd.h>
| #endif
| int
| main ()
| {
| #ifndef stpcpy
| #ifdef __cplusplus
|   (void) stpcpy;
| #else
|   (void) stpcpy;
| #endif
| #endif
| 
|   ;
|   return 0;
| }
configure:12198: result: no
configure:12240: checking linker --as-needed support
configure:12251: result: yes
configure:12342: checking for cos in -lm
configure:12367: /usr/android/android-ndk-r10b/toolchains/arm-linux-androideabi-4.6/prebuilt/darwin-x86_64/bin/arm-linux-androideabi-gcc -o conftest -g -O2 -I/usr/android/android-ndk-r10b/platforms/android-9/arch-arm/usr/include/ --sysroot=/usr/android/android-ndk-r10b/platforms/android-9/arch-arm/ -Wno-error -I/usr/android/android-ndk-r10b/platforms/android-9/arch-arm/usr/include/ -L/usr/android/android-ndk-r10b/platforms/android-9/arch-arm/usr/lib/ conftest.c -lm   >&5
conftest.c:43:6: warning: conflicting types for built-in function 'cos' [enabled by default]
configure:12367: $? = 0
configure:12376: result: yes
configure:12774: creating ./config.status

## ---------------------- ##
## Running config.status. ##
## ---------------------- ##

This file was extended by config.status, which was
generated by GNU Autoconf 2.64.  Invocation command line was

  CONFIG_FILES    = 
  CONFIG_HEADERS  = 
  CONFIG_LINKS    = 
  CONFIG_COMMANDS = 
  $ ./config.status 

on Anushruths-MacBook-Air.local

config.status:1130: creating Makefile
config.status:1130: creating po/Makefile.in
config.status:1130: creating config.h
config.status:1302: config.h is unchanged
config.status:1350: executing depfiles commands
config.status:1350: executing libtool commands
config.status:1350: executing default-1 commands

## ---------------- ##
## Cache variables. ##
## ---------------- ##

ac_cv_build=i386-apple-darwin14.0.0
ac_cv_c_compiler_gnu=yes
ac_cv_env_CC_set=set
ac_cv_env_CC_value=/usr/android/android-ndk-r10b/toolchains/arm-linux-androideabi-4.6/prebuilt/darwin-x86_64/bin/arm-linux-androideabi-gcc
ac_cv_env_CFLAGS_set=set
ac_cv_env_CFLAGS_value='-g -O2 -I/usr/android/android-ndk-r10b/platforms/android-9/arch-arm/usr/include/ --sysroot=/usr/android/android-ndk-r10b/platforms/android-9/arch-arm/ -Wno-error'
ac_cv_env_CPPFLAGS_set=set
ac_cv_env_CPPFLAGS_value=-I/usr/android/android-ndk-r10b/platforms/android-9/arch-arm/usr/include/
ac_cv_env_CPP_set=set
ac_cv_env_CPP_value=/usr/android/android-ndk-r10b/toolchains/arm-linux-androideabi-4.6/prebuilt/darwin-x86_64/bin/arm-linux-androideabi-cpp
ac_cv_env_LDFLAGS_set=set
ac_cv_env_LDFLAGS_value=-L/usr/android/android-ndk-r10b/platforms/android-9/arch-arm/usr/lib/
ac_cv_env_LIBS_set=
ac_cv_env_LIBS_value=
ac_cv_env_build_alias_set=
ac_cv_env_build_alias_value=
ac_cv_env_host_alias_set=set
ac_cv_env_host_alias_value=arm-linux-androideabi
ac_cv_env_target_alias_set=set
ac_cv_env_target_alias_value=arm-linux-androideabi
ac_cv_have_decl_basename=no
ac_cv_have_decl_stpcpy=no
ac_cv_header_dlfcn_h=yes
ac_cv_header_inttypes_h=yes
ac_cv_header_limits_h=yes
ac_cv_header_memory_h=yes
ac_cv_header_minix_config_h=no
ac_cv_header_stdc=yes
ac_cv_header_stdint_h=yes
ac_cv_header_stdlib_h=yes
ac_cv_header_string_h=yes
ac_cv_header_strings_h=yes
ac_cv_header_sys_stat_h=yes
ac_cv_header_sys_types_h=yes
ac_cv_header_unistd_h=yes
ac_cv_host=arm-unknown-linux-androideabi
ac_cv_lib_m_cos=yes
ac_cv_objext=o
ac_cv_path_EGREP='/usr/bin/grep -E'
ac_cv_path_FGREP='/usr/bin/grep -F'
ac_cv_path_GMSGFMT=/opt/local/bin/msgfmt
ac_cv_path_GREP=/usr/bin/grep
ac_cv_path_MSGFMT=/opt/local/bin/msgfmt
ac_cv_path_MSGMERGE=/opt/local/bin/msgmerge
ac_cv_path_SED=/usr/bin/sed
ac_cv_path_XGETTEXT=/opt/local/bin/xgettext
ac_cv_path_install='/usr/bin/install -c'
ac_cv_prog_AR=/usr/android/android-ndk-r10b/toolchains/arm-linux-androideabi-4.6/prebuilt/darwin-x86_64/bin/arm-linux-androideabi-ar
ac_cv_prog_AWK=awk
ac_cv_prog_CC=/usr/android/android-ndk-r10b/toolchains/arm-linux-androideabi-4.6/prebuilt/darwin-x86_64/bin/arm-linux-androideabi-gcc
ac_cv_prog_CPP=/usr/android/android-ndk-r10b/toolchains/arm-linux-androideabi-4.6/prebuilt/darwin-x86_64/bin/arm-linux-androideabi-cpp
ac_cv_prog_OBJDUMP=arm-linux-androideabi-objdump
ac_cv_prog_RANLIB=arm-linux-androideabi-ranlib
ac_cv_prog_STRIP=arm-linux-androideabi-strip
ac_cv_prog_cc_c89=
ac_cv_prog_cc_g=yes
ac_cv_prog_make_make_set=yes
ac_cv_safe_to_define___extensions__=yes
ac_cv_search_strerror='none required'
ac_cv_target=arm-unknown-linux-androideabi
acx_cv_prog_cc_warning__Wmissing_field_initializers=yes
am_cv_CC_dependencies_compiler_type=gcc3
bfd_cv_build_exeext=no
bfd_cv_ld_as_needed=yes
gcc_cv_header_string=yes
lt_cv_deplibs_check_method=pass_all
lt_cv_file_magic_cmd='$MAGIC_CMD'
lt_cv_file_magic_test_file=
lt_cv_ld_reload_flag=-r
lt_cv_nm_interface='BSD nm'
lt_cv_objdir=.libs
lt_cv_path_LD=/usr/android/android-ndk-r10b/toolchains/arm-linux-androideabi-4.6/prebuilt/darwin-x86_64/arm-linux-androideabi/bin/ld
lt_cv_path_NM='/usr/android/android-ndk-r10b/toolchains/arm-linux-androideabi-4.6/prebuilt/darwin-x86_64/bin//arm-linux-androideabi-nm -B'
lt_cv_prog_compiler_c_o=yes
lt_cv_prog_compiler_pic_works=yes
lt_cv_prog_compiler_rtti_exceptions=no
lt_cv_prog_compiler_static_works=yes
lt_cv_prog_gnu_ld=yes
lt_cv_shlibpath_overrides_runpath=no
lt_cv_sys_global_symbol_pipe='sed -n -e '\''s/^.*[	 ]\([ABCDGIRSTW][ABCDGIRSTW]*\)[	 ][	 ]*\([_A-Za-z][_A-Za-z0-9]*\)$/\1 \2 \2/p'\'''
lt_cv_sys_global_symbol_to_c_name_address='sed -n -e '\''s/^: \([^ ]*\) $/  {\"\1\", (void *) 0},/p'\'' -e '\''s/^[ABCDGIRSTW]* \([^ ]*\) \([^ ]*\)$/  {"\2", (void *) \&\2},/p'\'''
lt_cv_sys_global_symbol_to_c_name_address_lib_prefix='sed -n -e '\''s/^: \([^ ]*\) $/  {\"\1\", (void *) 0},/p'\'' -e '\''s/^[ABCDGIRSTW]* \([^ ]*\) \(lib[^ ]*\)$/  {"\2", (void *) \&\2},/p'\'' -e '\''s/^[ABCDGIRSTW]* \([^ ]*\) \([^ ]*\)$/  {"lib\2", (void *) \&\2},/p'\'''
lt_cv_sys_global_symbol_to_cdecl='sed -n -e '\''s/^T .* \(.*\)$/extern int \1();/p'\'' -e '\''s/^[ABCDGIRSTW]* .* \(.*\)$/extern char \1;/p'\'''
lt_cv_sys_max_cmd_len=196608

## ----------------- ##
## Output variables. ##
## ----------------- ##

ACLOCAL='${SHELL} /Users/regnarts/Documents/experiment/binutils/missing --run aclocal-1.11'
AMDEPBACKSLASH='\'
AMDEP_FALSE='#'
AMDEP_TRUE=''
AMTAR='${SHELL} /Users/regnarts/Documents/experiment/binutils/missing --run tar'
AR='/usr/android/android-ndk-r10b/toolchains/arm-linux-androideabi-4.6/prebuilt/darwin-x86_64/bin/arm-linux-androideabi-ar'
AUTOCONF='${SHELL} /Users/regnarts/Documents/experiment/binutils/missing --run autoconf'
AUTOHEADER='${SHELL} /Users/regnarts/Documents/experiment/binutils/missing --run autoheader'
AUTOMAKE='${SHELL} /Users/regnarts/Documents/experiment/binutils/missing --run automake-1.11'
AWK='awk'
BFD_MACHINES=' arm-dis.lo'
BUILD_LIBS='-liberty ${top_builddir}/../intl/libintl.a'
BUILD_LIB_DEPS=' ${top_builddir}/../intl/libintl.a'
CATALOGS=' da.gmo de.gmo es.gmo fi.gmo fr.gmo ga.gmo id.gmo it.gmo nl.gmo pt_BR.gmo ro.gmo sv.gmo tr.gmo uk.gmo vi.gmo zh_CN.gmo da.gmo de.gmo es.gmo fi.gmo fr.gmo ga.gmo id.gmo it.gmo nl.gmo pt_BR.gmo ro.gmo sv.gmo tr.gmo uk.gmo vi.gmo zh_CN.gmo'
CATOBJEXT='.gmo'
CC='/usr/android/android-ndk-r10b/toolchains/arm-linux-androideabi-4.6/prebuilt/darwin-x86_64/bin/arm-linux-androideabi-gcc'
CCDEPMODE='depmode=gcc3'
CC_FOR_BUILD='gcc'
CFLAGS='-g -O2 -I/usr/android/android-ndk-r10b/platforms/android-9/arch-arm/usr/include/ --sysroot=/usr/android/android-ndk-r10b/platforms/android-9/arch-arm/ -Wno-error'
CGEN_MAINT_FALSE=''
CGEN_MAINT_TRUE='#'
CPP='/usr/android/android-ndk-r10b/toolchains/arm-linux-androideabi-4.6/prebuilt/darwin-x86_64/bin/arm-linux-androideabi-cpp'
CPPFLAGS='-I/usr/android/android-ndk-r10b/platforms/android-9/arch-arm/usr/include/'
CYGPATH_W='echo'
DATADIRNAME='share'
DEFS='-DHAVE_CONFIG_H'
DEPDIR='.deps'
DSYMUTIL=''
DUMPBIN=''
ECHO_C='\c'
ECHO_N=''
ECHO_T=''
EGREP='/usr/bin/grep -E'
EXEEXT=''
EXEEXT_FOR_BUILD=''
FGREP='/usr/bin/grep -F'
GENCAT='gencat'
GMSGFMT='/opt/local/bin/msgfmt'
GREP='/usr/bin/grep'
HDEFINES=''
INCINTL='-I${top_builddir}/../intl'
INSTALL_DATA='${INSTALL} -m 644'
INSTALL_LIBBFD_FALSE='#'
INSTALL_LIBBFD_TRUE=''
INSTALL_PROGRAM='${INSTALL}'
INSTALL_SCRIPT='${INSTALL}'
INSTALL_STRIP_PROGRAM='$(install_sh) -c -s'
INSTOBJEXT='.mo'
LD='/usr/android/android-ndk-r10b/toolchains/arm-linux-androideabi-4.6/prebuilt/darwin-x86_64/arm-linux-androideabi/bin/ld'
LDFLAGS='-L/usr/android/android-ndk-r10b/platforms/android-9/arch-arm/usr/lib/'
LIBINTL='${top_builddir}/../intl/libintl.a'
LIBINTL_DEP='${top_builddir}/../intl/libintl.a'
LIBM='-lm'
LIBOBJS=''
LIBS=''
LIBTOOL='$(SHELL) $(top_builddir)/libtool'
LIPO=''
LN_S='ln -s'
LTLIBOBJS=''
MAINT='#'
MAINTAINER_MODE_FALSE=''
MAINTAINER_MODE_TRUE='#'
MAKEINFO='${SHELL} /Users/regnarts/Documents/experiment/binutils/missing --run makeinfo'
MKDIR_P='./../install-sh -c -d'
MKINSTALLDIRS='$(top_builddir)/./../mkinstalldirs'
MSGFMT='/opt/local/bin/msgfmt'
MSGMERGE='/opt/local/bin/msgmerge'
NM='/usr/android/android-ndk-r10b/toolchains/arm-linux-androideabi-4.6/prebuilt/darwin-x86_64/bin//arm-linux-androideabi-nm -B'
NMEDIT=''
NO_WERROR='-Wno-error'
NO_WMISSING_FIELD_INITIALIZERS='-Wno-missing-field-initializers'
OBJDUMP='arm-linux-androideabi-objdump'
OBJEXT='o'
OTOOL64=''
OTOOL=''
PACKAGE='opcodes'
PACKAGE_BUGREPORT=''
PACKAGE_NAME=''
PACKAGE_STRING=''
PACKAGE_TARNAME=''
PACKAGE_URL=''
PACKAGE_VERSION=''
PATH_SEPARATOR=':'
POSUB='po'
RANLIB='arm-linux-androideabi-ranlib'
SED='/usr/bin/sed'
SET_MAKE=''
SHARED_DEPENDENCIES=''
SHARED_LDFLAGS=''
SHARED_LIBADD=''
SHELL='/bin/sh'
STRIP='arm-linux-androideabi-strip'
USE_NLS='yes'
VERSION='2.24'
WARN_CFLAGS='-W -Wall -Wstrict-prototypes -Wmissing-prototypes -Wshadow -Werror'
XGETTEXT='/opt/local/bin/xgettext'
ac_ct_CC=''
ac_ct_DUMPBIN=''
am__EXEEXT_FALSE=''
am__EXEEXT_TRUE='#'
am__fastdepCC_FALSE='#'
am__fastdepCC_TRUE=''
am__include='include'
am__isrc=''
am__leading_dot='.'
am__quote=''
am__tar='${AMTAR} chof - "$$tardir"'
am__untar='${AMTAR} xf -'
archdefs=' -DARCH_arm'
bfdincludedir='$(includedir)'
bfdlibdir='$(libdir)'
bindir='${exec_prefix}/bin'
build='i386-apple-darwin14.0.0'
build_alias=''
build_cpu='i386'
build_os='darwin14.0.0'
build_vendor='apple'
cgendir='$(srcdir)/../cgen'
datadir='${datarootdir}'
datarootdir='${prefix}/share'
docdir='${datarootdir}/doc/${PACKAGE}'
dvidir='${docdir}'
exec_prefix='${prefix}'
host='arm-unknown-linux-androideabi'
host_alias='arm-linux-androideabi'
host_cpu='arm'
host_noncanonical='arm-linux-androideabi'
host_os='linux-androideabi'
host_vendor='unknown'
htmldir='${docdir}'
includedir='${prefix}/include'
infodir='${datarootdir}/info'
install_sh='${SHELL} /Users/regnarts/Documents/experiment/binutils/install-sh'
libdir='${exec_prefix}/lib'
libexecdir='${exec_prefix}/libexec'
localedir='${datarootdir}/locale'
localstatedir='${prefix}/var'
mandir='${datarootdir}/man'
mkdir_p='$(top_builddir)/./../install-sh -c -d'
oldincludedir='/usr/include'
pdfdir='${docdir}'
prefix='/Users/regnarts/Documents/experiment/prefix'
program_transform_name='s&^&arm-linux-androideabi-&'
psdir='${docdir}'
sbindir='${exec_prefix}/sbin'
sharedstatedir='${prefix}/com'
sysconfdir='${prefix}/etc'
target='arm-unknown-linux-androideabi'
target_alias='arm-linux-androideabi'
target_cpu='arm'
target_noncanonical='arm-linux-androideabi'
target_os='linux-androideabi'
target_vendor='unknown'

## ----------- ##
## confdefs.h. ##
## ----------- ##

/* confdefs.h */
#define PACKAGE_NAME ""
#define PACKAGE_TARNAME ""
#define PACKAGE_VERSION ""
#define PACKAGE_STRING ""
#define PACKAGE_BUGREPORT ""
#define PACKAGE_URL ""
#define PACKAGE "opcodes"
#define VERSION "2.24"
#define STDC_HEADERS 1
#define HAVE_SYS_TYPES_H 1
#define HAVE_SYS_STAT_H 1
#define HAVE_STDLIB_H 1
#define HAVE_STRING_H 1
#define HAVE_MEMORY_H 1
#define HAVE_STRINGS_H 1
#define HAVE_INTTYPES_H 1
#define HAVE_STDINT_H 1
#define HAVE_UNISTD_H 1
#define __EXTENSIONS__ 1
#define _ALL_SOURCE 1
#define _GNU_SOURCE 1
#define _POSIX_PTHREAD_SEMANTICS 1
#define _TANDEM_SOURCE 1
#define HAVE_DLFCN_H 1
#define LT_OBJDIR ".libs/"
#define ENABLE_NLS 1
#define HAVE_STRING_H 1
#define HAVE_STRINGS_H 1
#define HAVE_STDLIB_H 1
#define HAVE_LIMITS_H 1
#define STRING_WITH_STRINGS 1
#define HAVE_DECL_BASENAME 0
#define HAVE_DECL_STPCPY 0

configure: exit 0
