This file contains any messages produced by compilers while
running configure, to aid debugging if configure makes a mistake.

It was created by libdecnumber configure  , which was
generated by GNU Autoconf 2.64.  Invocation command line was

  $ /Users/regnarts/Documents/androux/androux/gcc/libdecnumber/configure --cache-file=./config.cache --prefix=/Users/regnarts/Documents/androux/androux/system --with-gmp=/Users/regnarts/Documents/androux/androux/system --with-mpc=/Users/regnarts/Documents/androux/androux/system --with-mpfr=/Users/regnarts/Documents/androux/androux/system --disable-multilib --enable-languages=c,c++,lto --program-transform-name=s,y,y, --disable-option-checking --build=i386-apple-darwin14.0.0 --host=arm-linux-androideabi --target=arm-linux-androideabi --srcdir=../../gcc/libdecnumber

## --------- ##
## Platform. ##
## --------- ##

hostname = Anushruths-MacBook-Air.local
uname -m = x86_64
uname -r = 14.0.0
uname -s = Darwin
uname -v = Darwin Kernel Version 14.0.0: Fri Sep 19 00:26:44 PDT 2014; root:xnu-2782.1.97~2/RELEASE_X86_64

/usr/bin/uname -p = i386
/bin/uname -X     = unknown

/bin/arch              = unknown
/usr/bin/arch -k       = unknown
/usr/convex/getsysinfo = unknown
/usr/bin/hostinfo      = Mach kernel version:
	 Darwin Kernel Version 14.0.0: Fri Sep 19 00:26:44 PDT 2014; root:xnu-2782.1.97~2/RELEASE_X86_64
Kernel configured for up to 4 processors.
2 processors are physically available.
4 processors are logically available.
Processor type: x86_64h (Intel x86-64h Haswell)
Processors active: 0 1 2 3
Primary memory available: 4.00 gigabytes
Default processor set: 215 tasks, 912 threads, 4 processors
Load average: 13.66, Mach factor: 0.25
/bin/machine           = unknown
/usr/bin/oslevel       = unknown
/bin/universe          = unknown

PATH: /opt/local/bin
PATH: /opt/local/sbin
PATH: /opt/local/bin
PATH: /opt/local/sbin
PATH: /usr/bin
PATH: /bin
PATH: /usr/sbin
PATH: /sbin
PATH: /usr/local/bin
PATH: /usr/android/android-ndk-r10b
PATH: /usr/android/adt-bundle-mac-x86_64-20140702/sdk/platform-tools
PATH: /Users/regnarts/Documents/androux/androux/toolchains/arm-linux-androideabi-4.8/prebuilt/darwin-x86_64/bin/
PATH: /Users/regnarts/Documents/androux/androux/toolchains/arm-linux-androideabi-4.8/prebuilt/darwin-x86_64/bin/


## ----------- ##
## Core tests. ##
## ----------- ##

configure:2145: creating cache ./config.cache
configure:2225: checking whether /Applications/Xcode.app/Contents/Developer/usr/bin/make sets $(MAKE)
configure:2247: result: yes
configure:2264: checking for arm-linux-androideabi-gcc
configure:2291: result: arm-linux-androideabi-gcc
configure:2560: checking for C compiler version
configure:2569: arm-linux-androideabi-gcc --version >&5
arm-linux-androideabi-gcc (GCC) 4.8
Copyright (C) 2013 Free Software Foundation, Inc.
This is free software; see the source for copying conditions.  There is NO
warranty; not even for MERCHANTABILITY or FITNESS FOR A PARTICULAR PURPOSE.

configure:2580: $? = 0
configure:2569: arm-linux-androideabi-gcc -v >&5
Using built-in specs.
COLLECT_GCC=arm-linux-androideabi-gcc
COLLECT_LTO_WRAPPER=/Users/regnarts/Documents/androux/androux/toolchains/arm-linux-androideabi-4.8/prebuilt/darwin-x86_64/bin/../libexec/gcc/arm-linux-androideabi/4.8/lto-wrapper
Target: arm-linux-androideabi
Configured with: /s/ndk-toolchain/src/build/../gcc/gcc-4.8/configure --prefix=/tmp/ndk-User/build/toolchain/prefix --target=arm-linux-androideabi --host=x86_64-apple-darwin --build=x86_64-apple-darwin --with-gnu-as --with-gnu-ld --enable-languages=c,c++ --with-gmp=/tmp/ndk-User/build/toolchain/temp-install --with-mpfr=/tmp/ndk-User/build/toolchain/temp-install --with-mpc=/tmp/ndk-User/build/toolchain/temp-install --with-cloog=/tmp/ndk-User/build/toolchain/temp-install --with-isl=/tmp/ndk-User/build/toolchain/temp-install --with-ppl=/tmp/ndk-User/build/toolchain/temp-install --disable-ppl-version-check --disable-cloog-version-check --disable-isl-version-check --enable-cloog-backend=isl --with-host-libstdcxx='-static-libgcc -lstdc++ -lm' --disable-libssp --enable-threads --disable-nls --disable-libmudflap --disable-libgomp --disable-libstdc__-v3 --disable-sjlj-exceptions --disable-shared --disable-tls --disable-libitm --with-float=soft --with-fpu=vfp --with-arch=armv5te --enable-target-optspace --enable-initfini-array --disable-nls --prefix=/tmp/ndk-User/build/toolchain/prefix --with-sysroot=/tmp/ndk-User/build/toolchain/prefix/sysroot --with-binutils-version=2.24 --with-mpfr-version=3.1.1 --with-mpc-version=1.0.1 --with-gmp-version=5.0.5 --with-gcc-version=4.8 --with-gdb-version=7.6 --with-python=/Users/User/mydroid/ndk/prebuilt/darwin-x86_64/bin/python-config.sh --with-gxx-include-dir=/tmp/ndk-User/build/toolchain/prefix/include/c++/4.8 --with-bugurl=http://source.android.com/source/report-bugs.html --disable-bootstrap --disable-libquadmath --enable-plugins --enable-libgomp --disable-libsanitizer --enable-gold --enable-graphite=yes --with-cloog-version=0.18.0 --with-isl-version=0.11.1 --enable-eh-frame-hdr-for-static --with-arch=armv5te --program-transform-name='s&^&arm-linux-androideabi-&' --enable-gold=default
Thread model: posix
gcc version 4.8 (GCC) 
configure:2580: $? = 0
configure:2569: arm-linux-androideabi-gcc -V >&5
arm-linux-androideabi-gcc: error: unrecognized command line option '-V'
arm-linux-androideabi-gcc: fatal error: no input files
compilation terminated.
configure:2580: $? = 1
configure:2569: arm-linux-androideabi-gcc -qversion >&5
arm-linux-androideabi-gcc: error: unrecognized command line option '-qversion'
arm-linux-androideabi-gcc: fatal error: no input files
compilation terminated.
configure:2580: $? = 1
configure:2600: checking for C compiler default output file name
configure:2622: arm-linux-androideabi-gcc -g -O2 -I/Users/regnarts/Documents/androux/androux/platforms/android-9/arch-arm/usr/include/ --sysroot=/Users/regnarts/Documents/androux/androux/platforms/android-9/arch-arm   -L/Users/regnarts/Documents/androux/androux/platforms/android-9/arch-arm/usr/lib/ conftest.c  >&5
configure:2626: $? = 0
configure:2663: result: a.out
configure:2679: checking whether the C compiler works
configure:2707: result: yes
configure:2714: checking whether we are cross compiling
configure:2716: result: yes
configure:2719: checking for suffix of executables
configure:2726: arm-linux-androideabi-gcc -o conftest -g -O2 -I/Users/regnarts/Documents/androux/androux/platforms/android-9/arch-arm/usr/include/ --sysroot=/Users/regnarts/Documents/androux/androux/platforms/android-9/arch-arm   -L/Users/regnarts/Documents/androux/androux/platforms/android-9/arch-arm/usr/lib/ conftest.c  >&5
configure:2730: $? = 0
configure:2752: result: 
configure:2758: checking for suffix of object files
configure:2780: arm-linux-androideabi-gcc -c -g -O2 -I/Users/regnarts/Documents/androux/androux/platforms/android-9/arch-arm/usr/include/ --sysroot=/Users/regnarts/Documents/androux/androux/platforms/android-9/arch-arm  conftest.c >&5
configure:2784: $? = 0
configure:2805: result: o
configure:2809: checking whether we are using the GNU C compiler
configure:2828: arm-linux-androideabi-gcc -c -g -O2 -I/Users/regnarts/Documents/androux/androux/platforms/android-9/arch-arm/usr/include/ --sysroot=/Users/regnarts/Documents/androux/androux/platforms/android-9/arch-arm  conftest.c >&5
configure:2828: $? = 0
configure:2837: result: yes
configure:2846: checking whether arm-linux-androideabi-gcc accepts -g
configure:2866: arm-linux-androideabi-gcc -c -g  conftest.c >&5
configure:2866: $? = 0
configure:2907: result: yes
configure:2924: checking for arm-linux-androideabi-gcc option to accept ISO C89
configure:2988: arm-linux-androideabi-gcc  -c -g -O2 -I/Users/regnarts/Documents/androux/androux/platforms/android-9/arch-arm/usr/include/ --sysroot=/Users/regnarts/Documents/androux/androux/platforms/android-9/arch-arm  conftest.c >&5
configure:2988: $? = 0
configure:3001: result: none needed
configure:3024: checking for arm-linux-androideabi-ranlib
configure:3051: result: arm-linux-androideabi-ranlib
configure:3119: checking for aclocal
configure:3135: found /opt/local/bin/aclocal
configure:3146: result: aclocal
configure:3162: checking for autoconf
configure:3178: found /opt/local/bin/autoconf
configure:3189: result: autoconf
configure:3205: checking for autoheader
configure:3221: found /opt/local/bin/autoheader
configure:3232: result: autoheader
configure:3256: checking whether arm-linux-androideabi-gcc supports -W
configure:3273: arm-linux-androideabi-gcc -c -W  conftest.c >&5
configure:3273: $? = 0
configure:3282: result: yes
configure:3256: checking whether arm-linux-androideabi-gcc supports -Wall
configure:3273: arm-linux-androideabi-gcc -c -Wall  conftest.c >&5
configure:3273: $? = 0
configure:3282: result: yes
configure:3256: checking whether arm-linux-androideabi-gcc supports -Wwrite-strings
configure:3273: arm-linux-androideabi-gcc -c -Wwrite-strings  conftest.c >&5
configure:3273: $? = 0
configure:3282: result: yes
configure:3256: checking whether arm-linux-androideabi-gcc supports -Wstrict-prototypes
configure:3273: arm-linux-androideabi-gcc -c -Wstrict-prototypes  conftest.c >&5
conftest.c:11:1: warning: function declaration isn't a prototype [-Wstrict-prototypes]
 main ()
 ^
configure:3273: $? = 0
configure:3282: result: yes
configure:3256: checking whether arm-linux-androideabi-gcc supports -Wmissing-prototypes
configure:3273: arm-linux-androideabi-gcc -c -Wmissing-prototypes  conftest.c >&5
configure:3273: $? = 0
configure:3282: result: yes
configure:3256: checking whether arm-linux-androideabi-gcc supports -Wold-style-definition
configure:3273: arm-linux-androideabi-gcc -c -Wold-style-definition  conftest.c >&5
conftest.c: In function 'main':
conftest.c:11:1: warning: old-style function definition [-Wold-style-definition]
 main ()
 ^
configure:3273: $? = 0
configure:3282: result: yes
configure:3256: checking whether arm-linux-androideabi-gcc supports -Wmissing-format-attribute
configure:3273: arm-linux-androideabi-gcc -c -Wmissing-format-attribute  conftest.c >&5
configure:3273: $? = 0
configure:3282: result: yes
configure:3256: checking whether arm-linux-androideabi-gcc supports -Wcast-qual
configure:3273: arm-linux-androideabi-gcc -c -Wcast-qual  conftest.c >&5
configure:3273: $? = 0
configure:3282: result: yes
configure:3292: checking whether arm-linux-androideabi-gcc supports -pedantic -Wno-long-long
configure:3310: arm-linux-androideabi-gcc -c -pedantic -Wno-long-long  conftest.c >&5
configure:3310: $? = 0
configure:3318: result: yes
configure:3349: checking how to run the C preprocessor
configure:3380: arm-linux-androideabi-gcc -E  conftest.c
In file included from /Users/regnarts/Documents/androux/androux/toolchains/arm-linux-androideabi-4.8/prebuilt/darwin-x86_64/lib/gcc/arm-linux-androideabi/4.8/include-fixed/syslimits.h:7:0,
                 from /Users/regnarts/Documents/androux/androux/toolchains/arm-linux-androideabi-4.8/prebuilt/darwin-x86_64/lib/gcc/arm-linux-androideabi/4.8/include-fixed/limits.h:34,
                 from conftest.c:10:
/Users/regnarts/Documents/androux/androux/toolchains/arm-linux-androideabi-4.8/prebuilt/darwin-x86_64/lib/gcc/arm-linux-androideabi/4.8/include-fixed/limits.h:168:61: error: no include path in which to search for limits.h
 #include_next <limits.h>  /* recurse down to the real one */
                                                             ^
configure:3380: $? = 1
configure: failed program was:
| /* confdefs.h */
| #define PACKAGE_NAME "libdecnumber"
| #define PACKAGE_TARNAME "libdecnumber"
| #define PACKAGE_VERSION " "
| #define PACKAGE_STRING "libdecnumber  "
| #define PACKAGE_BUGREPORT "gcc-bugs@gcc.gnu.org"
| #define PACKAGE_URL ""
| /* end confdefs.h.  */
| #ifdef __STDC__
| # include <limits.h>
| #else
| # include <assert.h>
| #endif
| 		     Syntax error
configure:3380: arm-linux-androideabi-gcc -E  conftest.c
In file included from /Users/regnarts/Documents/androux/androux/toolchains/arm-linux-androideabi-4.8/prebuilt/darwin-x86_64/lib/gcc/arm-linux-androideabi/4.8/include-fixed/syslimits.h:7:0,
                 from /Users/regnarts/Documents/androux/androux/toolchains/arm-linux-androideabi-4.8/prebuilt/darwin-x86_64/lib/gcc/arm-linux-androideabi/4.8/include-fixed/limits.h:34,
                 from conftest.c:10:
/Users/regnarts/Documents/androux/androux/toolchains/arm-linux-androideabi-4.8/prebuilt/darwin-x86_64/lib/gcc/arm-linux-androideabi/4.8/include-fixed/limits.h:168:61: error: no include path in which to search for limits.h
 #include_next <limits.h>  /* recurse down to the real one */
                                                             ^
configure:3380: $? = 1
configure: failed program was:
| /* confdefs.h */
| #define PACKAGE_NAME "libdecnumber"
| #define PACKAGE_TARNAME "libdecnumber"
| #define PACKAGE_VERSION " "
| #define PACKAGE_STRING "libdecnumber  "
| #define PACKAGE_BUGREPORT "gcc-bugs@gcc.gnu.org"
| #define PACKAGE_URL ""
| /* end confdefs.h.  */
| #ifdef __STDC__
| # include <limits.h>
| #else
| # include <assert.h>
| #endif
| 		     Syntax error
configure:3380: arm-linux-androideabi-gcc -E -traditional-cpp  conftest.c
conftest.c:12:0: fatal error: assert.h: No such file or directory
 # include <assert.h>
 ^
compilation terminated.
configure:3380: $? = 1
configure: failed program was:
| /* confdefs.h */
| #define PACKAGE_NAME "libdecnumber"
| #define PACKAGE_TARNAME "libdecnumber"
| #define PACKAGE_VERSION " "
| #define PACKAGE_STRING "libdecnumber  "
| #define PACKAGE_BUGREPORT "gcc-bugs@gcc.gnu.org"
| #define PACKAGE_URL ""
| /* end confdefs.h.  */
| #ifdef __STDC__
| # include <limits.h>
| #else
| # include <assert.h>
| #endif
| 		     Syntax error
configure:3380: arm-linux-androideabi-gcc -E -traditional-cpp  conftest.c
conftest.c:12:0: fatal error: assert.h: No such file or directory
 # include <assert.h>
 ^
compilation terminated.
configure:3380: $? = 1
configure: failed program was:
| /* confdefs.h */
| #define PACKAGE_NAME "libdecnumber"
| #define PACKAGE_TARNAME "libdecnumber"
| #define PACKAGE_VERSION " "
| #define PACKAGE_STRING "libdecnumber  "
| #define PACKAGE_BUGREPORT "gcc-bugs@gcc.gnu.org"
| #define PACKAGE_URL ""
| /* end confdefs.h.  */
| #ifdef __STDC__
| # include <limits.h>
| #else
| # include <assert.h>
| #endif
| 		     Syntax error
configure:3380: /lib/cpp  conftest.c
configure:3380: $? = 0
configure:3394: /lib/cpp  conftest.c
conftest.c:9:10: fatal error: 'ac_nonexistent.h' file not found
#include <ac_nonexistent.h>
         ^
1 error generated.
configure:3394: $? = 1
configure: failed program was:
| /* confdefs.h */
| #define PACKAGE_NAME "libdecnumber"
| #define PACKAGE_TARNAME "libdecnumber"
| #define PACKAGE_VERSION " "
| #define PACKAGE_STRING "libdecnumber  "
| #define PACKAGE_BUGREPORT "gcc-bugs@gcc.gnu.org"
| #define PACKAGE_URL ""
| /* end confdefs.h.  */
| #include <ac_nonexistent.h>
configure:3419: result: /lib/cpp
configure:3439: /lib/cpp  conftest.c
configure:3439: $? = 0
configure:3453: /lib/cpp  conftest.c
conftest.c:9:10: fatal error: 'ac_nonexistent.h' file not found
#include <ac_nonexistent.h>
         ^
1 error generated.
configure:3453: $? = 1
configure: failed program was:
| /* confdefs.h */
| #define PACKAGE_NAME "libdecnumber"
| #define PACKAGE_TARNAME "libdecnumber"
| #define PACKAGE_VERSION " "
| #define PACKAGE_STRING "libdecnumber  "
| #define PACKAGE_BUGREPORT "gcc-bugs@gcc.gnu.org"
| #define PACKAGE_URL ""
| /* end confdefs.h.  */
| #include <ac_nonexistent.h>
configure:3482: checking for grep that handles long lines and -e
configure:3540: result: /usr/bin/grep
configure:3545: checking for egrep
configure:3607: result: /usr/bin/grep -E
configure:3612: checking for ANSI C header files
configure:3632: arm-linux-androideabi-gcc -c -g -O2 -I/Users/regnarts/Documents/androux/androux/platforms/android-9/arch-arm/usr/include/ --sysroot=/Users/regnarts/Documents/androux/androux/platforms/android-9/arch-arm  conftest.c >&5
configure:3632: $? = 0
In file included from conftest.c:9:
In file included from /usr/include/string.h:63:
In file included from /usr/include/Availability.h:151:
/usr/include/AvailabilityInternal.h:5614:10: error: unterminated conditional directive
        #if __MAC_OS_X_VERSION_MIN_REQUIRED >= __MAC_10_7
         ^
/usr/include/AvailabilityInternal.h:5583:10: error: unterminated conditional directive
        #if __MAC_OS_X_VERSION_MIN_REQUIRED >= __MAC_10_6
         ^
/usr/include/AvailabilityInternal.h:5556:10: error: unterminated conditional directive
        #if __MAC_OS_X_VERSION_MIN_REQUIRED >= __MAC_10_5
         ^
/usr/include/AvailabilityInternal.h:5533:10: error: unterminated conditional directive
        #if __MAC_OS_X_VERSION_MIN_REQUIRED >= __MAC_10_4
         ^
/usr/include/AvailabilityInternal.h:5514:10: error: unterminated conditional directive
        #if __MAC_OS_X_VERSION_MIN_REQUIRED >= __MAC_10_3
         ^
/usr/include/AvailabilityInternal.h:5499:10: error: unterminated conditional directive
        #if __MAC_OS_X_VERSION_MIN_REQUIRED >= __MAC_10_2
         ^
/usr/include/AvailabilityInternal.h:5488:10: error: unterminated conditional directive
        #if __MAC_OS_X_VERSION_MIN_REQUIRED >= __MAC_10_1
         ^
/usr/include/AvailabilityInternal.h:58:2: error: unterminated conditional directive
#ifdef __IPHONE_OS_VERSION_MIN_REQUIRED
 ^
/usr/include/AvailabilityInternal.h:30:2: error: unterminated conditional directive
#ifndef __AVAILABILITY_INTERNAL__
 ^
In file included from conftest.c:9:
In file included from /usr/include/string.h:63:
/usr/include/Availability.h:197:2: error: #else without #if
#else
 ^
/usr/include/Availability.h:200:2: error: #endif without #if
#endif
 ^
/usr/include/Availability.h:206:2: error: #endif without #if
#endif /* __AVAILABILITY__ */
 ^
In file included from conftest.c:9:
In file included from /usr/include/string.h:176:
In file included from /usr/include/strings.h:64:
/usr/include/Availability.h:197:2: error: #else without #if
#else
 ^
/usr/include/Availability.h:200:2: error: #endif without #if
#endif
 ^
/usr/include/Availability.h:206:2: error: #endif without #if
#endif /* __AVAILABILITY__ */
 ^
In file included from conftest.c:9:
In file included from /usr/include/string.h:186:
In file included from /usr/include/secure/_string.h:31:
/usr/include/Availability.h:197:2: error: #else without #if
#else
 ^
/usr/include/Availability.h:200:2: error: #endif without #if
#endif
 ^
/usr/include/Availability.h:206:2: error: #endif without #if
#endif /* __AVAILABILITY__ */
 ^
18 errors generated.
In file included from conftest.c:9:
In file included from /usr/include/stdlib.h:61:
In file included from /usr/include/Availability.h:151:
/usr/include/AvailabilityInternal.h:5614:10: error: unterminated conditional directive
        #if __MAC_OS_X_VERSION_MIN_REQUIRED >= __MAC_10_7
         ^
/usr/include/AvailabilityInternal.h:5583:10: error: unterminated conditional directive
        #if __MAC_OS_X_VERSION_MIN_REQUIRED >= __MAC_10_6
         ^
/usr/include/AvailabilityInternal.h:5556:10: error: unterminated conditional directive
        #if __MAC_OS_X_VERSION_MIN_REQUIRED >= __MAC_10_5
         ^
/usr/include/AvailabilityInternal.h:5533:10: error: unterminated conditional directive
        #if __MAC_OS_X_VERSION_MIN_REQUIRED >= __MAC_10_4
         ^
/usr/include/AvailabilityInternal.h:5514:10: error: unterminated conditional directive
        #if __MAC_OS_X_VERSION_MIN_REQUIRED >= __MAC_10_3
         ^
/usr/include/AvailabilityInternal.h:5499:10: error: unterminated conditional directive
        #if __MAC_OS_X_VERSION_MIN_REQUIRED >= __MAC_10_2
         ^
/usr/include/AvailabilityInternal.h:5488:10: error: unterminated conditional directive
        #if __MAC_OS_X_VERSION_MIN_REQUIRED >= __MAC_10_1
         ^
/usr/include/AvailabilityInternal.h:58:2: error: unterminated conditional directive
#ifdef __IPHONE_OS_VERSION_MIN_REQUIRED
 ^
/usr/include/AvailabilityInternal.h:30:2: error: unterminated conditional directive
#ifndef __AVAILABILITY_INTERNAL__
 ^
In file included from conftest.c:9:
In file included from /usr/include/stdlib.h:61:
/usr/include/Availability.h:197:2: error: #else without #if
#else
 ^
/usr/include/Availability.h:200:2: error: #endif without #if
#endif
 ^
/usr/include/Availability.h:206:2: error: #endif without #if
#endif /* __AVAILABILITY__ */
 ^
In file included from conftest.c:9:
In file included from /usr/include/stdlib.h:65:
In file included from /usr/include/sys/wait.h:110:
In file included from /usr/include/sys/resource.h:75:
/usr/include/Availability.h:197:2: error: #else without #if
#else
 ^
/usr/include/Availability.h:200:2: error: #endif without #if
#endif
 ^
/usr/include/Availability.h:206:2: error: #endif without #if
#endif /* __AVAILABILITY__ */
 ^
15 errors generated.
configure:3716: result: yes
configure:3729: checking for sys/types.h
configure:3729: arm-linux-androideabi-gcc -c -g -O2 -I/Users/regnarts/Documents/androux/androux/platforms/android-9/arch-arm/usr/include/ --sysroot=/Users/regnarts/Documents/androux/androux/platforms/android-9/arch-arm  conftest.c >&5
configure:3729: $? = 0
configure:3729: result: yes
configure:3729: checking for sys/stat.h
configure:3729: arm-linux-androideabi-gcc -c -g -O2 -I/Users/regnarts/Documents/androux/androux/platforms/android-9/arch-arm/usr/include/ --sysroot=/Users/regnarts/Documents/androux/androux/platforms/android-9/arch-arm  conftest.c >&5
configure:3729: $? = 0
configure:3729: result: yes
configure:3729: checking for stdlib.h
configure:3729: arm-linux-androideabi-gcc -c -g -O2 -I/Users/regnarts/Documents/androux/androux/platforms/android-9/arch-arm/usr/include/ --sysroot=/Users/regnarts/Documents/androux/androux/platforms/android-9/arch-arm  conftest.c >&5
configure:3729: $? = 0
configure:3729: result: yes
configure:3729: checking for string.h
configure:3729: arm-linux-androideabi-gcc -c -g -O2 -I/Users/regnarts/Documents/androux/androux/platforms/android-9/arch-arm/usr/include/ --sysroot=/Users/regnarts/Documents/androux/androux/platforms/android-9/arch-arm  conftest.c >&5
configure:3729: $? = 0
configure:3729: result: yes
configure:3729: checking for memory.h
configure:3729: arm-linux-androideabi-gcc -c -g -O2 -I/Users/regnarts/Documents/androux/androux/platforms/android-9/arch-arm/usr/include/ --sysroot=/Users/regnarts/Documents/androux/androux/platforms/android-9/arch-arm  conftest.c >&5
configure:3729: $? = 0
configure:3729: result: yes
configure:3729: checking for strings.h
configure:3729: arm-linux-androideabi-gcc -c -g -O2 -I/Users/regnarts/Documents/androux/androux/platforms/android-9/arch-arm/usr/include/ --sysroot=/Users/regnarts/Documents/androux/androux/platforms/android-9/arch-arm  conftest.c >&5
configure:3729: $? = 0
configure:3729: result: yes
configure:3729: checking for inttypes.h
configure:3729: arm-linux-androideabi-gcc -c -g -O2 -I/Users/regnarts/Documents/androux/androux/platforms/android-9/arch-arm/usr/include/ --sysroot=/Users/regnarts/Documents/androux/androux/platforms/android-9/arch-arm  conftest.c >&5
configure:3729: $? = 0
configure:3729: result: yes
configure:3729: checking for stdint.h
configure:3729: arm-linux-androideabi-gcc -c -g -O2 -I/Users/regnarts/Documents/androux/androux/platforms/android-9/arch-arm/usr/include/ --sysroot=/Users/regnarts/Documents/androux/androux/platforms/android-9/arch-arm  conftest.c >&5
configure:3729: $? = 0
configure:3729: result: yes
configure:3729: checking for unistd.h
configure:3729: arm-linux-androideabi-gcc -c -g -O2 -I/Users/regnarts/Documents/androux/androux/platforms/android-9/arch-arm/usr/include/ --sysroot=/Users/regnarts/Documents/androux/androux/platforms/android-9/arch-arm  conftest.c >&5
configure:3729: $? = 0
configure:3729: result: yes
configure:3745: checking ctype.h usability
configure:3745: arm-linux-androideabi-gcc -c -g -O2 -I/Users/regnarts/Documents/androux/androux/platforms/android-9/arch-arm/usr/include/ --sysroot=/Users/regnarts/Documents/androux/androux/platforms/android-9/arch-arm  conftest.c >&5
configure:3745: $? = 0
configure:3745: result: yes
configure:3745: checking ctype.h presence
configure:3745: /lib/cpp  conftest.c
configure:3745: $? = 0
configure:3745: result: yes
configure:3745: checking for ctype.h
configure:3745: result: yes
configure:3745: checking stddef.h usability
configure:3745: arm-linux-androideabi-gcc -c -g -O2 -I/Users/regnarts/Documents/androux/androux/platforms/android-9/arch-arm/usr/include/ --sysroot=/Users/regnarts/Documents/androux/androux/platforms/android-9/arch-arm  conftest.c >&5
configure:3745: $? = 0
configure:3745: result: yes
configure:3745: checking stddef.h presence
configure:3745: /lib/cpp  conftest.c
configure:3745: $? = 0
configure:3745: result: yes
configure:3745: checking for stddef.h
configure:3745: result: yes
configure:3745: checking for string.h
configure:3745: result: yes
configure:3745: checking stdio.h usability
configure:3745: arm-linux-androideabi-gcc -c -g -O2 -I/Users/regnarts/Documents/androux/androux/platforms/android-9/arch-arm/usr/include/ --sysroot=/Users/regnarts/Documents/androux/androux/platforms/android-9/arch-arm  conftest.c >&5
configure:3745: $? = 0
configure:3745: result: yes
configure:3745: checking stdio.h presence
configure:3745: /lib/cpp  conftest.c
In file included from conftest.c:22:
In file included from /usr/include/stdio.h:65:
In file included from /usr/include/Availability.h:151:
/usr/include/AvailabilityInternal.h:5614:10: error: unterminated conditional directive
        #if __MAC_OS_X_VERSION_MIN_REQUIRED >= __MAC_10_7
         ^
/usr/include/AvailabilityInternal.h:5583:10: error: unterminated conditional directive
        #if __MAC_OS_X_VERSION_MIN_REQUIRED >= __MAC_10_6
         ^
/usr/include/AvailabilityInternal.h:5556:10: error: unterminated conditional directive
        #if __MAC_OS_X_VERSION_MIN_REQUIRED >= __MAC_10_5
         ^
/usr/include/AvailabilityInternal.h:5533:10: error: unterminated conditional directive
        #if __MAC_OS_X_VERSION_MIN_REQUIRED >= __MAC_10_4
         ^
/usr/include/AvailabilityInternal.h:5514:10: error: unterminated conditional directive
        #if __MAC_OS_X_VERSION_MIN_REQUIRED >= __MAC_10_3
         ^
/usr/include/AvailabilityInternal.h:5499:10: error: unterminated conditional directive
        #if __MAC_OS_X_VERSION_MIN_REQUIRED >= __MAC_10_2
         ^
/usr/include/AvailabilityInternal.h:5488:10: error: unterminated conditional directive
        #if __MAC_OS_X_VERSION_MIN_REQUIRED >= __MAC_10_1
         ^
/usr/include/AvailabilityInternal.h:58:2: error: unterminated conditional directive
#ifdef __IPHONE_OS_VERSION_MIN_REQUIRED
 ^
/usr/include/AvailabilityInternal.h:30:2: error: unterminated conditional directive
#ifndef __AVAILABILITY_INTERNAL__
 ^
In file included from conftest.c:22:
In file included from /usr/include/stdio.h:65:
/usr/include/Availability.h:197:2: error: #else without #if
#else
 ^
/usr/include/Availability.h:200:2: error: #endif without #if
#endif
 ^
/usr/include/Availability.h:206:2: error: #endif without #if
#endif /* __AVAILABILITY__ */
 ^
In file included from conftest.c:22:
In file included from /usr/include/stdio.h:75:
In file included from /usr/include/sys/stdio.h:35:
/usr/include/Availability.h:197:2: error: #else without #if
#else
 ^
/usr/include/Availability.h:200:2: error: #endif without #if
#endif
 ^
/usr/include/Availability.h:206:2: error: #endif without #if
#endif /* __AVAILABILITY__ */
 ^
15 errors generated.
configure:3745: $? = 1
configure: failed program was:
| /* confdefs.h */
| #define PACKAGE_NAME "libdecnumber"
| #define PACKAGE_TARNAME "libdecnumber"
| #define PACKAGE_VERSION " "
| #define PACKAGE_STRING "libdecnumber  "
| #define PACKAGE_BUGREPORT "gcc-bugs@gcc.gnu.org"
| #define PACKAGE_URL ""
| #define STDC_HEADERS 1
| #define HAVE_SYS_TYPES_H 1
| #define HAVE_SYS_STAT_H 1
| #define HAVE_STDLIB_H 1
| #define HAVE_STRING_H 1
| #define HAVE_MEMORY_H 1
| #define HAVE_STRINGS_H 1
| #define HAVE_INTTYPES_H 1
| #define HAVE_STDINT_H 1
| #define HAVE_UNISTD_H 1
| #define HAVE_CTYPE_H 1
| #define HAVE_STDDEF_H 1
| #define HAVE_STRING_H 1
| /* end confdefs.h.  */
| #include <stdio.h>
configure:3745: result: no
configure:3745: WARNING: stdio.h: accepted by the compiler, rejected by the preprocessor!
configure:3745: WARNING: stdio.h: proceeding with the compiler's result
configure:3745: checking for stdio.h
configure:3745: result: yes
configure:3769: checking for uintmax_t
configure:3769: arm-linux-androideabi-gcc -c -g -O2 -I/Users/regnarts/Documents/androux/androux/platforms/android-9/arch-arm/usr/include/ --sysroot=/Users/regnarts/Documents/androux/androux/platforms/android-9/arch-arm  conftest.c >&5
configure:3769: $? = 0
configure:3769: arm-linux-androideabi-gcc -c -g -O2 -I/Users/regnarts/Documents/androux/androux/platforms/android-9/arch-arm/usr/include/ --sysroot=/Users/regnarts/Documents/androux/androux/platforms/android-9/arch-arm  conftest.c >&5
conftest.c: In function 'main':
conftest.c:29:24: error: expected expression before ')' token
 if (sizeof ((uintmax_t)))
                        ^
configure:3769: $? = 1
configure: failed program was:
| /* confdefs.h */
| #define PACKAGE_NAME "libdecnumber"
| #define PACKAGE_TARNAME "libdecnumber"
| #define PACKAGE_VERSION " "
| #define PACKAGE_STRING "libdecnumber  "
| #define PACKAGE_BUGREPORT "gcc-bugs@gcc.gnu.org"
| #define PACKAGE_URL ""
| #define STDC_HEADERS 1
| #define HAVE_SYS_TYPES_H 1
| #define HAVE_SYS_STAT_H 1
| #define HAVE_STDLIB_H 1
| #define HAVE_STRING_H 1
| #define HAVE_MEMORY_H 1
| #define HAVE_STRINGS_H 1
| #define HAVE_INTTYPES_H 1
| #define HAVE_STDINT_H 1
| #define HAVE_UNISTD_H 1
| #define HAVE_CTYPE_H 1
| #define HAVE_STDDEF_H 1
| #define HAVE_STRING_H 1
| #define HAVE_STDIO_H 1
| /* end confdefs.h.  */
| #include <sys/types.h>
| #include <stdint.h>
| 
| int
| main ()
| {
| if (sizeof ((uintmax_t)))
| 	    return 0;
|   ;
|   return 0;
| }
configure:3769: result: yes
configure:3778: checking for uintptr_t
configure:3778: arm-linux-androideabi-gcc -c -g -O2 -I/Users/regnarts/Documents/androux/androux/platforms/android-9/arch-arm/usr/include/ --sysroot=/Users/regnarts/Documents/androux/androux/platforms/android-9/arch-arm  conftest.c >&5
configure:3778: $? = 0
configure:3778: arm-linux-androideabi-gcc -c -g -O2 -I/Users/regnarts/Documents/androux/androux/platforms/android-9/arch-arm/usr/include/ --sysroot=/Users/regnarts/Documents/androux/androux/platforms/android-9/arch-arm  conftest.c >&5
conftest.c: In function 'main':
conftest.c:29:24: error: expected expression before ')' token
 if (sizeof ((uintptr_t)))
                        ^
configure:3778: $? = 1
configure: failed program was:
| /* confdefs.h */
| #define PACKAGE_NAME "libdecnumber"
| #define PACKAGE_TARNAME "libdecnumber"
| #define PACKAGE_VERSION " "
| #define PACKAGE_STRING "libdecnumber  "
| #define PACKAGE_BUGREPORT "gcc-bugs@gcc.gnu.org"
| #define PACKAGE_URL ""
| #define STDC_HEADERS 1
| #define HAVE_SYS_TYPES_H 1
| #define HAVE_SYS_STAT_H 1
| #define HAVE_STDLIB_H 1
| #define HAVE_STRING_H 1
| #define HAVE_MEMORY_H 1
| #define HAVE_STRINGS_H 1
| #define HAVE_INTTYPES_H 1
| #define HAVE_STDINT_H 1
| #define HAVE_UNISTD_H 1
| #define HAVE_CTYPE_H 1
| #define HAVE_STDDEF_H 1
| #define HAVE_STRING_H 1
| #define HAVE_STDIO_H 1
| /* end confdefs.h.  */
| #include <sys/types.h>
| #include <stdint.h>
| 
| int
| main ()
| {
| if (sizeof ((uintptr_t)))
| 	    return 0;
|   ;
|   return 0;
| }
configure:3778: result: yes
configure:3787: checking for int_least32_t
configure:3787: arm-linux-androideabi-gcc -c -g -O2 -I/Users/regnarts/Documents/androux/androux/platforms/android-9/arch-arm/usr/include/ --sysroot=/Users/regnarts/Documents/androux/androux/platforms/android-9/arch-arm  conftest.c >&5
configure:3787: $? = 0
configure:3787: arm-linux-androideabi-gcc -c -g -O2 -I/Users/regnarts/Documents/androux/androux/platforms/android-9/arch-arm/usr/include/ --sysroot=/Users/regnarts/Documents/androux/androux/platforms/android-9/arch-arm  conftest.c >&5
conftest.c: In function 'main':
conftest.c:29:28: error: expected expression before ')' token
 if (sizeof ((int_least32_t)))
                            ^
configure:3787: $? = 1
configure: failed program was:
| /* confdefs.h */
| #define PACKAGE_NAME "libdecnumber"
| #define PACKAGE_TARNAME "libdecnumber"
| #define PACKAGE_VERSION " "
| #define PACKAGE_STRING "libdecnumber  "
| #define PACKAGE_BUGREPORT "gcc-bugs@gcc.gnu.org"
| #define PACKAGE_URL ""
| #define STDC_HEADERS 1
| #define HAVE_SYS_TYPES_H 1
| #define HAVE_SYS_STAT_H 1
| #define HAVE_STDLIB_H 1
| #define HAVE_STRING_H 1
| #define HAVE_MEMORY_H 1
| #define HAVE_STRINGS_H 1
| #define HAVE_INTTYPES_H 1
| #define HAVE_STDINT_H 1
| #define HAVE_UNISTD_H 1
| #define HAVE_CTYPE_H 1
| #define HAVE_STDDEF_H 1
| #define HAVE_STRING_H 1
| #define HAVE_STDIO_H 1
| /* end confdefs.h.  */
| #include <sys/types.h>
| #include <stdint.h>
| 
| int
| main ()
| {
| if (sizeof ((int_least32_t)))
| 	    return 0;
|   ;
|   return 0;
| }
configure:3787: result: yes
configure:3796: checking for int_fast32_t
configure:3796: arm-linux-androideabi-gcc -c -g -O2 -I/Users/regnarts/Documents/androux/androux/platforms/android-9/arch-arm/usr/include/ --sysroot=/Users/regnarts/Documents/androux/androux/platforms/android-9/arch-arm  conftest.c >&5
configure:3796: $? = 0
configure:3796: arm-linux-androideabi-gcc -c -g -O2 -I/Users/regnarts/Documents/androux/androux/platforms/android-9/arch-arm/usr/include/ --sysroot=/Users/regnarts/Documents/androux/androux/platforms/android-9/arch-arm  conftest.c >&5
conftest.c: In function 'main':
conftest.c:29:27: error: expected expression before ')' token
 if (sizeof ((int_fast32_t)))
                           ^
configure:3796: $? = 1
configure: failed program was:
| /* confdefs.h */
| #define PACKAGE_NAME "libdecnumber"
| #define PACKAGE_TARNAME "libdecnumber"
| #define PACKAGE_VERSION " "
| #define PACKAGE_STRING "libdecnumber  "
| #define PACKAGE_BUGREPORT "gcc-bugs@gcc.gnu.org"
| #define PACKAGE_URL ""
| #define STDC_HEADERS 1
| #define HAVE_SYS_TYPES_H 1
| #define HAVE_SYS_STAT_H 1
| #define HAVE_STDLIB_H 1
| #define HAVE_STRING_H 1
| #define HAVE_MEMORY_H 1
| #define HAVE_STRINGS_H 1
| #define HAVE_INTTYPES_H 1
| #define HAVE_STDINT_H 1
| #define HAVE_UNISTD_H 1
| #define HAVE_CTYPE_H 1
| #define HAVE_STDDEF_H 1
| #define HAVE_STRING_H 1
| #define HAVE_STDIO_H 1
| /* end confdefs.h.  */
| #include <sys/types.h>
| #include <stdint.h>
| 
| int
| main ()
| {
| if (sizeof ((int_fast32_t)))
| 	    return 0;
|   ;
|   return 0;
| }
configure:3796: result: yes
configure:3805: checking for uint64_t
configure:3805: arm-linux-androideabi-gcc -c -g -O2 -I/Users/regnarts/Documents/androux/androux/platforms/android-9/arch-arm/usr/include/ --sysroot=/Users/regnarts/Documents/androux/androux/platforms/android-9/arch-arm  conftest.c >&5
configure:3805: $? = 0
configure:3805: arm-linux-androideabi-gcc -c -g -O2 -I/Users/regnarts/Documents/androux/androux/platforms/android-9/arch-arm/usr/include/ --sysroot=/Users/regnarts/Documents/androux/androux/platforms/android-9/arch-arm  conftest.c >&5
conftest.c: In function 'main':
conftest.c:29:23: error: expected expression before ')' token
 if (sizeof ((uint64_t)))
                       ^
configure:3805: $? = 1
configure: failed program was:
| /* confdefs.h */
| #define PACKAGE_NAME "libdecnumber"
| #define PACKAGE_TARNAME "libdecnumber"
| #define PACKAGE_VERSION " "
| #define PACKAGE_STRING "libdecnumber  "
| #define PACKAGE_BUGREPORT "gcc-bugs@gcc.gnu.org"
| #define PACKAGE_URL ""
| #define STDC_HEADERS 1
| #define HAVE_SYS_TYPES_H 1
| #define HAVE_SYS_STAT_H 1
| #define HAVE_STDLIB_H 1
| #define HAVE_STRING_H 1
| #define HAVE_MEMORY_H 1
| #define HAVE_STRINGS_H 1
| #define HAVE_INTTYPES_H 1
| #define HAVE_STDINT_H 1
| #define HAVE_UNISTD_H 1
| #define HAVE_CTYPE_H 1
| #define HAVE_STDDEF_H 1
| #define HAVE_STRING_H 1
| #define HAVE_STDIO_H 1
| /* end confdefs.h.  */
| #include <sys/types.h>
| #include <stdint.h>
| 
| int
| main ()
| {
| if (sizeof ((uint64_t)))
| 	    return 0;
|   ;
|   return 0;
| }
configure:3805: result: yes
configure:3886: checking what to include in gstdint.h
configure:3914: result: stdint.h (already complete)
configure:4164: checking for an ANSI C-conforming const
configure:4229: arm-linux-androideabi-gcc -c -g -O2 -I/Users/regnarts/Documents/androux/androux/platforms/android-9/arch-arm/usr/include/ --sysroot=/Users/regnarts/Documents/androux/androux/platforms/android-9/arch-arm  conftest.c >&5
configure:4229: $? = 0
configure:4236: result: yes
configure:4244: checking for off_t
configure:4244: arm-linux-androideabi-gcc -c -g -O2 -I/Users/regnarts/Documents/androux/androux/platforms/android-9/arch-arm/usr/include/ --sysroot=/Users/regnarts/Documents/androux/androux/platforms/android-9/arch-arm  conftest.c >&5
configure:4244: $? = 0
configure:4244: arm-linux-androideabi-gcc -c -g -O2 -I/Users/regnarts/Documents/androux/androux/platforms/android-9/arch-arm/usr/include/ --sysroot=/Users/regnarts/Documents/androux/androux/platforms/android-9/arch-arm  conftest.c >&5
conftest.c: In function 'main':
conftest.c:59:20: error: expected expression before ')' token
 if (sizeof ((off_t)))
                    ^
configure:4244: $? = 1
configure: failed program was:
| /* confdefs.h */
| #define PACKAGE_NAME "libdecnumber"
| #define PACKAGE_TARNAME "libdecnumber"
| #define PACKAGE_VERSION " "
| #define PACKAGE_STRING "libdecnumber  "
| #define PACKAGE_BUGREPORT "gcc-bugs@gcc.gnu.org"
| #define PACKAGE_URL ""
| #define STDC_HEADERS 1
| #define HAVE_SYS_TYPES_H 1
| #define HAVE_SYS_STAT_H 1
| #define HAVE_STDLIB_H 1
| #define HAVE_STRING_H 1
| #define HAVE_MEMORY_H 1
| #define HAVE_STRINGS_H 1
| #define HAVE_INTTYPES_H 1
| #define HAVE_STDINT_H 1
| #define HAVE_UNISTD_H 1
| #define HAVE_CTYPE_H 1
| #define HAVE_STDDEF_H 1
| #define HAVE_STRING_H 1
| #define HAVE_STDIO_H 1
| /* end confdefs.h.  */
| #include <stdio.h>
| #ifdef HAVE_SYS_TYPES_H
| # include <sys/types.h>
| #endif
| #ifdef HAVE_SYS_STAT_H
| # include <sys/stat.h>
| #endif
| #ifdef STDC_HEADERS
| # include <stdlib.h>
| # include <stddef.h>
| #else
| # ifdef HAVE_STDLIB_H
| #  include <stdlib.h>
| # endif
| #endif
| #ifdef HAVE_STRING_H
| # if !defined STDC_HEADERS && defined HAVE_MEMORY_H
| #  include <memory.h>
| # endif
| # include <string.h>
| #endif
| #ifdef HAVE_STRINGS_H
| # include <strings.h>
| #endif
| #ifdef HAVE_INTTYPES_H
| # include <inttypes.h>
| #endif
| #ifdef HAVE_STDINT_H
| # include <stdint.h>
| #endif
| #ifdef HAVE_UNISTD_H
| # include <unistd.h>
| #endif
| int
| main ()
| {
| if (sizeof ((off_t)))
| 	    return 0;
|   ;
|   return 0;
| }
configure:4244: result: yes
configure:4259: checking size of int
configure:4264: arm-linux-androideabi-gcc -c -g -O2 -I/Users/regnarts/Documents/androux/androux/platforms/android-9/arch-arm/usr/include/ --sysroot=/Users/regnarts/Documents/androux/androux/platforms/android-9/arch-arm  conftest.c >&5
configure:4264: $? = 0
configure:4264: arm-linux-androideabi-gcc -c -g -O2 -I/Users/regnarts/Documents/androux/androux/platforms/android-9/arch-arm/usr/include/ --sysroot=/Users/regnarts/Documents/androux/androux/platforms/android-9/arch-arm  conftest.c >&5
conftest.c: In function 'main':
conftest.c:59:12: error: size of array 'test_array' is negative
 static int test_array [1 - 2 * !(((long int) (sizeof (int))) <= 0)];
            ^
configure:4264: $? = 1
configure: failed program was:
| /* confdefs.h */
| #define PACKAGE_NAME "libdecnumber"
| #define PACKAGE_TARNAME "libdecnumber"
| #define PACKAGE_VERSION " "
| #define PACKAGE_STRING "libdecnumber  "
| #define PACKAGE_BUGREPORT "gcc-bugs@gcc.gnu.org"
| #define PACKAGE_URL ""
| #define STDC_HEADERS 1
| #define HAVE_SYS_TYPES_H 1
| #define HAVE_SYS_STAT_H 1
| #define HAVE_STDLIB_H 1
| #define HAVE_STRING_H 1
| #define HAVE_MEMORY_H 1
| #define HAVE_STRINGS_H 1
| #define HAVE_INTTYPES_H 1
| #define HAVE_STDINT_H 1
| #define HAVE_UNISTD_H 1
| #define HAVE_CTYPE_H 1
| #define HAVE_STDDEF_H 1
| #define HAVE_STRING_H 1
| #define HAVE_STDIO_H 1
| /* end confdefs.h.  */
| #include <stdio.h>
| #ifdef HAVE_SYS_TYPES_H
| # include <sys/types.h>
| #endif
| #ifdef HAVE_SYS_STAT_H
| # include <sys/stat.h>
| #endif
| #ifdef STDC_HEADERS
| # include <stdlib.h>
| # include <stddef.h>
| #else
| # ifdef HAVE_STDLIB_H
| #  include <stdlib.h>
| # endif
| #endif
| #ifdef HAVE_STRING_H
| # if !defined STDC_HEADERS && defined HAVE_MEMORY_H
| #  include <memory.h>
| # endif
| # include <string.h>
| #endif
| #ifdef HAVE_STRINGS_H
| # include <strings.h>
| #endif
| #ifdef HAVE_INTTYPES_H
| # include <inttypes.h>
| #endif
| #ifdef HAVE_STDINT_H
| # include <stdint.h>
| #endif
| #ifdef HAVE_UNISTD_H
| # include <unistd.h>
| #endif
| int
| main ()
| {
| static int test_array [1 - 2 * !(((long int) (sizeof (int))) <= 0)];
| test_array [0] = 0
| 
|   ;
|   return 0;
| }
configure:4264: arm-linux-androideabi-gcc -c -g -O2 -I/Users/regnarts/Documents/androux/androux/platforms/android-9/arch-arm/usr/include/ --sysroot=/Users/regnarts/Documents/androux/androux/platforms/android-9/arch-arm  conftest.c >&5
conftest.c: In function 'main':
conftest.c:59:12: error: size of array 'test_array' is negative
 static int test_array [1 - 2 * !(((long int) (sizeof (int))) <= 1)];
            ^
configure:4264: $? = 1
configure: failed program was:
| /* confdefs.h */
| #define PACKAGE_NAME "libdecnumber"
| #define PACKAGE_TARNAME "libdecnumber"
| #define PACKAGE_VERSION " "
| #define PACKAGE_STRING "libdecnumber  "
| #define PACKAGE_BUGREPORT "gcc-bugs@gcc.gnu.org"
| #define PACKAGE_URL ""
| #define STDC_HEADERS 1
| #define HAVE_SYS_TYPES_H 1
| #define HAVE_SYS_STAT_H 1
| #define HAVE_STDLIB_H 1
| #define HAVE_STRING_H 1
| #define HAVE_MEMORY_H 1
| #define HAVE_STRINGS_H 1
| #define HAVE_INTTYPES_H 1
| #define HAVE_STDINT_H 1
| #define HAVE_UNISTD_H 1
| #define HAVE_CTYPE_H 1
| #define HAVE_STDDEF_H 1
| #define HAVE_STRING_H 1
| #define HAVE_STDIO_H 1
| /* end confdefs.h.  */
| #include <stdio.h>
| #ifdef HAVE_SYS_TYPES_H
| # include <sys/types.h>
| #endif
| #ifdef HAVE_SYS_STAT_H
| # include <sys/stat.h>
| #endif
| #ifdef STDC_HEADERS
| # include <stdlib.h>
| # include <stddef.h>
| #else
| # ifdef HAVE_STDLIB_H
| #  include <stdlib.h>
| # endif
| #endif
| #ifdef HAVE_STRING_H
| # if !defined STDC_HEADERS && defined HAVE_MEMORY_H
| #  include <memory.h>
| # endif
| # include <string.h>
| #endif
| #ifdef HAVE_STRINGS_H
| # include <strings.h>
| #endif
| #ifdef HAVE_INTTYPES_H
| # include <inttypes.h>
| #endif
| #ifdef HAVE_STDINT_H
| # include <stdint.h>
| #endif
| #ifdef HAVE_UNISTD_H
| # include <unistd.h>
| #endif
| int
| main ()
| {
| static int test_array [1 - 2 * !(((long int) (sizeof (int))) <= 1)];
| test_array [0] = 0
| 
|   ;
|   return 0;
| }
configure:4264: arm-linux-androideabi-gcc -c -g -O2 -I/Users/regnarts/Documents/androux/androux/platforms/android-9/arch-arm/usr/include/ --sysroot=/Users/regnarts/Documents/androux/androux/platforms/android-9/arch-arm  conftest.c >&5
conftest.c: In function 'main':
conftest.c:59:12: error: size of array 'test_array' is negative
 static int test_array [1 - 2 * !(((long int) (sizeof (int))) <= 3)];
            ^
configure:4264: $? = 1
configure: failed program was:
| /* confdefs.h */
| #define PACKAGE_NAME "libdecnumber"
| #define PACKAGE_TARNAME "libdecnumber"
| #define PACKAGE_VERSION " "
| #define PACKAGE_STRING "libdecnumber  "
| #define PACKAGE_BUGREPORT "gcc-bugs@gcc.gnu.org"
| #define PACKAGE_URL ""
| #define STDC_HEADERS 1
| #define HAVE_SYS_TYPES_H 1
| #define HAVE_SYS_STAT_H 1
| #define HAVE_STDLIB_H 1
| #define HAVE_STRING_H 1
| #define HAVE_MEMORY_H 1
| #define HAVE_STRINGS_H 1
| #define HAVE_INTTYPES_H 1
| #define HAVE_STDINT_H 1
| #define HAVE_UNISTD_H 1
| #define HAVE_CTYPE_H 1
| #define HAVE_STDDEF_H 1
| #define HAVE_STRING_H 1
| #define HAVE_STDIO_H 1
| /* end confdefs.h.  */
| #include <stdio.h>
| #ifdef HAVE_SYS_TYPES_H
| # include <sys/types.h>
| #endif
| #ifdef HAVE_SYS_STAT_H
| # include <sys/stat.h>
| #endif
| #ifdef STDC_HEADERS
| # include <stdlib.h>
| # include <stddef.h>
| #else
| # ifdef HAVE_STDLIB_H
| #  include <stdlib.h>
| # endif
| #endif
| #ifdef HAVE_STRING_H
| # if !defined STDC_HEADERS && defined HAVE_MEMORY_H
| #  include <memory.h>
| # endif
| # include <string.h>
| #endif
| #ifdef HAVE_STRINGS_H
| # include <strings.h>
| #endif
| #ifdef HAVE_INTTYPES_H
| # include <inttypes.h>
| #endif
| #ifdef HAVE_STDINT_H
| # include <stdint.h>
| #endif
| #ifdef HAVE_UNISTD_H
| # include <unistd.h>
| #endif
| int
| main ()
| {
| static int test_array [1 - 2 * !(((long int) (sizeof (int))) <= 3)];
| test_array [0] = 0
| 
|   ;
|   return 0;
| }
configure:4264: arm-linux-androideabi-gcc -c -g -O2 -I/Users/regnarts/Documents/androux/androux/platforms/android-9/arch-arm/usr/include/ --sysroot=/Users/regnarts/Documents/androux/androux/platforms/android-9/arch-arm  conftest.c >&5
configure:4264: $? = 0
configure:4264: arm-linux-androideabi-gcc -c -g -O2 -I/Users/regnarts/Documents/androux/androux/platforms/android-9/arch-arm/usr/include/ --sysroot=/Users/regnarts/Documents/androux/androux/platforms/android-9/arch-arm  conftest.c >&5
configure:4264: $? = 0
configure:4264: arm-linux-androideabi-gcc -c -g -O2 -I/Users/regnarts/Documents/androux/androux/platforms/android-9/arch-arm/usr/include/ --sysroot=/Users/regnarts/Documents/androux/androux/platforms/android-9/arch-arm  conftest.c >&5
configure:4264: $? = 0
configure:4279: result: 4
configure:4293: checking size of long
configure:4298: arm-linux-androideabi-gcc -c -g -O2 -I/Users/regnarts/Documents/androux/androux/platforms/android-9/arch-arm/usr/include/ --sysroot=/Users/regnarts/Documents/androux/androux/platforms/android-9/arch-arm  conftest.c >&5
configure:4298: $? = 0
configure:4298: arm-linux-androideabi-gcc -c -g -O2 -I/Users/regnarts/Documents/androux/androux/platforms/android-9/arch-arm/usr/include/ --sysroot=/Users/regnarts/Documents/androux/androux/platforms/android-9/arch-arm  conftest.c >&5
conftest.c: In function 'main':
conftest.c:60:12: error: size of array 'test_array' is negative
 static int test_array [1 - 2 * !(((long int) (sizeof (long))) <= 0)];
            ^
configure:4298: $? = 1
configure: failed program was:
| /* confdefs.h */
| #define PACKAGE_NAME "libdecnumber"
| #define PACKAGE_TARNAME "libdecnumber"
| #define PACKAGE_VERSION " "
| #define PACKAGE_STRING "libdecnumber  "
| #define PACKAGE_BUGREPORT "gcc-bugs@gcc.gnu.org"
| #define PACKAGE_URL ""
| #define STDC_HEADERS 1
| #define HAVE_SYS_TYPES_H 1
| #define HAVE_SYS_STAT_H 1
| #define HAVE_STDLIB_H 1
| #define HAVE_STRING_H 1
| #define HAVE_MEMORY_H 1
| #define HAVE_STRINGS_H 1
| #define HAVE_INTTYPES_H 1
| #define HAVE_STDINT_H 1
| #define HAVE_UNISTD_H 1
| #define HAVE_CTYPE_H 1
| #define HAVE_STDDEF_H 1
| #define HAVE_STRING_H 1
| #define HAVE_STDIO_H 1
| #define SIZEOF_INT 4
| /* end confdefs.h.  */
| #include <stdio.h>
| #ifdef HAVE_SYS_TYPES_H
| # include <sys/types.h>
| #endif
| #ifdef HAVE_SYS_STAT_H
| # include <sys/stat.h>
| #endif
| #ifdef STDC_HEADERS
| # include <stdlib.h>
| # include <stddef.h>
| #else
| # ifdef HAVE_STDLIB_H
| #  include <stdlib.h>
| # endif
| #endif
| #ifdef HAVE_STRING_H
| # if !defined STDC_HEADERS && defined HAVE_MEMORY_H
| #  include <memory.h>
| # endif
| # include <string.h>
| #endif
| #ifdef HAVE_STRINGS_H
| # include <strings.h>
| #endif
| #ifdef HAVE_INTTYPES_H
| # include <inttypes.h>
| #endif
| #ifdef HAVE_STDINT_H
| # include <stdint.h>
| #endif
| #ifdef HAVE_UNISTD_H
| # include <unistd.h>
| #endif
| int
| main ()
| {
| static int test_array [1 - 2 * !(((long int) (sizeof (long))) <= 0)];
| test_array [0] = 0
| 
|   ;
|   return 0;
| }
configure:4298: arm-linux-androideabi-gcc -c -g -O2 -I/Users/regnarts/Documents/androux/androux/platforms/android-9/arch-arm/usr/include/ --sysroot=/Users/regnarts/Documents/androux/androux/platforms/android-9/arch-arm  conftest.c >&5
conftest.c: In function 'main':
conftest.c:60:12: error: size of array 'test_array' is negative
 static int test_array [1 - 2 * !(((long int) (sizeof (long))) <= 1)];
            ^
configure:4298: $? = 1
configure: failed program was:
| /* confdefs.h */
| #define PACKAGE_NAME "libdecnumber"
| #define PACKAGE_TARNAME "libdecnumber"
| #define PACKAGE_VERSION " "
| #define PACKAGE_STRING "libdecnumber  "
| #define PACKAGE_BUGREPORT "gcc-bugs@gcc.gnu.org"
| #define PACKAGE_URL ""
| #define STDC_HEADERS 1
| #define HAVE_SYS_TYPES_H 1
| #define HAVE_SYS_STAT_H 1
| #define HAVE_STDLIB_H 1
| #define HAVE_STRING_H 1
| #define HAVE_MEMORY_H 1
| #define HAVE_STRINGS_H 1
| #define HAVE_INTTYPES_H 1
| #define HAVE_STDINT_H 1
| #define HAVE_UNISTD_H 1
| #define HAVE_CTYPE_H 1
| #define HAVE_STDDEF_H 1
| #define HAVE_STRING_H 1
| #define HAVE_STDIO_H 1
| #define SIZEOF_INT 4
| /* end confdefs.h.  */
| #include <stdio.h>
| #ifdef HAVE_SYS_TYPES_H
| # include <sys/types.h>
| #endif
| #ifdef HAVE_SYS_STAT_H
| # include <sys/stat.h>
| #endif
| #ifdef STDC_HEADERS
| # include <stdlib.h>
| # include <stddef.h>
| #else
| # ifdef HAVE_STDLIB_H
| #  include <stdlib.h>
| # endif
| #endif
| #ifdef HAVE_STRING_H
| # if !defined STDC_HEADERS && defined HAVE_MEMORY_H
| #  include <memory.h>
| # endif
| # include <string.h>
| #endif
| #ifdef HAVE_STRINGS_H
| # include <strings.h>
| #endif
| #ifdef HAVE_INTTYPES_H
| # include <inttypes.h>
| #endif
| #ifdef HAVE_STDINT_H
| # include <stdint.h>
| #endif
| #ifdef HAVE_UNISTD_H
| # include <unistd.h>
| #endif
| int
| main ()
| {
| static int test_array [1 - 2 * !(((long int) (sizeof (long))) <= 1)];
| test_array [0] = 0
| 
|   ;
|   return 0;
| }
configure:4298: arm-linux-androideabi-gcc -c -g -O2 -I/Users/regnarts/Documents/androux/androux/platforms/android-9/arch-arm/usr/include/ --sysroot=/Users/regnarts/Documents/androux/androux/platforms/android-9/arch-arm  conftest.c >&5
conftest.c: In function 'main':
conftest.c:60:12: error: size of array 'test_array' is negative
 static int test_array [1 - 2 * !(((long int) (sizeof (long))) <= 3)];
            ^
configure:4298: $? = 1
configure: failed program was:
| /* confdefs.h */
| #define PACKAGE_NAME "libdecnumber"
| #define PACKAGE_TARNAME "libdecnumber"
| #define PACKAGE_VERSION " "
| #define PACKAGE_STRING "libdecnumber  "
| #define PACKAGE_BUGREPORT "gcc-bugs@gcc.gnu.org"
| #define PACKAGE_URL ""
| #define STDC_HEADERS 1
| #define HAVE_SYS_TYPES_H 1
| #define HAVE_SYS_STAT_H 1
| #define HAVE_STDLIB_H 1
| #define HAVE_STRING_H 1
| #define HAVE_MEMORY_H 1
| #define HAVE_STRINGS_H 1
| #define HAVE_INTTYPES_H 1
| #define HAVE_STDINT_H 1
| #define HAVE_UNISTD_H 1
| #define HAVE_CTYPE_H 1
| #define HAVE_STDDEF_H 1
| #define HAVE_STRING_H 1
| #define HAVE_STDIO_H 1
| #define SIZEOF_INT 4
| /* end confdefs.h.  */
| #include <stdio.h>
| #ifdef HAVE_SYS_TYPES_H
| # include <sys/types.h>
| #endif
| #ifdef HAVE_SYS_STAT_H
| # include <sys/stat.h>
| #endif
| #ifdef STDC_HEADERS
| # include <stdlib.h>
| # include <stddef.h>
| #else
| # ifdef HAVE_STDLIB_H
| #  include <stdlib.h>
| # endif
| #endif
| #ifdef HAVE_STRING_H
| # if !defined STDC_HEADERS && defined HAVE_MEMORY_H
| #  include <memory.h>
| # endif
| # include <string.h>
| #endif
| #ifdef HAVE_STRINGS_H
| # include <strings.h>
| #endif
| #ifdef HAVE_INTTYPES_H
| # include <inttypes.h>
| #endif
| #ifdef HAVE_STDINT_H
| # include <stdint.h>
| #endif
| #ifdef HAVE_UNISTD_H
| # include <unistd.h>
| #endif
| int
| main ()
| {
| static int test_array [1 - 2 * !(((long int) (sizeof (long))) <= 3)];
| test_array [0] = 0
| 
|   ;
|   return 0;
| }
configure:4298: arm-linux-androideabi-gcc -c -g -O2 -I/Users/regnarts/Documents/androux/androux/platforms/android-9/arch-arm/usr/include/ --sysroot=/Users/regnarts/Documents/androux/androux/platforms/android-9/arch-arm  conftest.c >&5
configure:4298: $? = 0
configure:4298: arm-linux-androideabi-gcc -c -g -O2 -I/Users/regnarts/Documents/androux/androux/platforms/android-9/arch-arm/usr/include/ --sysroot=/Users/regnarts/Documents/androux/androux/platforms/android-9/arch-arm  conftest.c >&5
configure:4298: $? = 0
configure:4298: arm-linux-androideabi-gcc -c -g -O2 -I/Users/regnarts/Documents/androux/androux/platforms/android-9/arch-arm/usr/include/ --sysroot=/Users/regnarts/Documents/androux/androux/platforms/android-9/arch-arm  conftest.c >&5
configure:4298: $? = 0
configure:4313: result: 4
configure:4325: checking for ANSI C header files
configure:4429: result: yes
configure:4480: checking build system type
configure:4494: result: i386-apple-darwin14.0.0
configure:4514: checking host system type
configure:4527: result: arm-unknown-linux-androideabi
configure:4547: checking target system type
configure:4560: result: arm-unknown-linux-androideabi
configure:4589: checking for decimal floating point
configure:4611: WARNING: decimal float is not supported for this target, ignored
configure:4653: result: dpd
configure:4658: checking whether byte ordering is bigendian
configure:4673: arm-linux-androideabi-gcc -c -g -O2 -I/Users/regnarts/Documents/androux/androux/platforms/android-9/arch-arm/usr/include/ --sysroot=/Users/regnarts/Documents/androux/androux/platforms/android-9/arch-arm  conftest.c >&5
conftest.c:27:9: error: unknown type name 'not'
         not a universal capable compiler
         ^
conftest.c:27:15: error: expected '=', ',', ';', 'asm' or '__attribute__' before 'universal'
         not a universal capable compiler
               ^
conftest.c:27:15: error: unknown type name 'universal'
configure:4673: $? = 1
configure: failed program was:
| /* confdefs.h */
| #define PACKAGE_NAME "libdecnumber"
| #define PACKAGE_TARNAME "libdecnumber"
| #define PACKAGE_VERSION " "
| #define PACKAGE_STRING "libdecnumber  "
| #define PACKAGE_BUGREPORT "gcc-bugs@gcc.gnu.org"
| #define PACKAGE_URL ""
| #define STDC_HEADERS 1
| #define HAVE_SYS_TYPES_H 1
| #define HAVE_SYS_STAT_H 1
| #define HAVE_STDLIB_H 1
| #define HAVE_STRING_H 1
| #define HAVE_MEMORY_H 1
| #define HAVE_STRINGS_H 1
| #define HAVE_INTTYPES_H 1
| #define HAVE_STDINT_H 1
| #define HAVE_UNISTD_H 1
| #define HAVE_CTYPE_H 1
| #define HAVE_STDDEF_H 1
| #define HAVE_STRING_H 1
| #define HAVE_STDIO_H 1
| #define SIZEOF_INT 4
| #define SIZEOF_LONG 4
| #define STDC_HEADERS 1
| /* end confdefs.h.  */
| #ifndef __APPLE_CC__
| 	       not a universal capable compiler
| 	     #endif
| 	     typedef int dummy;
| 
configure:4718: arm-linux-androideabi-gcc -c -g -O2 -I/Users/regnarts/Documents/androux/androux/platforms/android-9/arch-arm/usr/include/ --sysroot=/Users/regnarts/Documents/androux/androux/platforms/android-9/arch-arm  conftest.c >&5
conftest.c: In function 'main':
conftest.c:33:8: error: unknown type name 'bogus'
        bogus endian macros
        ^
conftest.c:33:21: error: expected '=', ',', ';', 'asm' or '__attribute__' before 'macros'
        bogus endian macros
                     ^
configure:4718: $? = 1
configure: failed program was:
| /* confdefs.h */
| #define PACKAGE_NAME "libdecnumber"
| #define PACKAGE_TARNAME "libdecnumber"
| #define PACKAGE_VERSION " "
| #define PACKAGE_STRING "libdecnumber  "
| #define PACKAGE_BUGREPORT "gcc-bugs@gcc.gnu.org"
| #define PACKAGE_URL ""
| #define STDC_HEADERS 1
| #define HAVE_SYS_TYPES_H 1
| #define HAVE_SYS_STAT_H 1
| #define HAVE_STDLIB_H 1
| #define HAVE_STRING_H 1
| #define HAVE_MEMORY_H 1
| #define HAVE_STRINGS_H 1
| #define HAVE_INTTYPES_H 1
| #define HAVE_STDINT_H 1
| #define HAVE_UNISTD_H 1
| #define HAVE_CTYPE_H 1
| #define HAVE_STDDEF_H 1
| #define HAVE_STRING_H 1
| #define HAVE_STDIO_H 1
| #define SIZEOF_INT 4
| #define SIZEOF_LONG 4
| #define STDC_HEADERS 1
| /* end confdefs.h.  */
| #include <sys/types.h>
| 	     #include <sys/param.h>
| 
| int
| main ()
| {
| #if ! (defined BYTE_ORDER && defined BIG_ENDIAN 		     && defined LITTLE_ENDIAN && BYTE_ORDER && BIG_ENDIAN 		     && LITTLE_ENDIAN)
| 	      bogus endian macros
| 	     #endif
| 
|   ;
|   return 0;
| }
configure:4762: arm-linux-androideabi-gcc -c -g -O2 -I/Users/regnarts/Documents/androux/androux/platforms/android-9/arch-arm/usr/include/ --sysroot=/Users/regnarts/Documents/androux/androux/platforms/android-9/arch-arm  conftest.c >&5
conftest.c: In function 'main':
conftest.c:32:8: error: unknown type name 'bogus'
        bogus endian macros
        ^
conftest.c:32:21: error: expected '=', ',', ';', 'asm' or '__attribute__' before 'macros'
        bogus endian macros
                     ^
configure:4762: $? = 1
configure: failed program was:
| /* confdefs.h */
| #define PACKAGE_NAME "libdecnumber"
| #define PACKAGE_TARNAME "libdecnumber"
| #define PACKAGE_VERSION " "
| #define PACKAGE_STRING "libdecnumber  "
| #define PACKAGE_BUGREPORT "gcc-bugs@gcc.gnu.org"
| #define PACKAGE_URL ""
| #define STDC_HEADERS 1
| #define HAVE_SYS_TYPES_H 1
| #define HAVE_SYS_STAT_H 1
| #define HAVE_STDLIB_H 1
| #define HAVE_STRING_H 1
| #define HAVE_MEMORY_H 1
| #define HAVE_STRINGS_H 1
| #define HAVE_INTTYPES_H 1
| #define HAVE_STDINT_H 1
| #define HAVE_UNISTD_H 1
| #define HAVE_CTYPE_H 1
| #define HAVE_STDDEF_H 1
| #define HAVE_STRING_H 1
| #define HAVE_STDIO_H 1
| #define SIZEOF_INT 4
| #define SIZEOF_LONG 4
| #define STDC_HEADERS 1
| /* end confdefs.h.  */
| #include <limits.h>
| 
| int
| main ()
| {
| #if ! (defined _LITTLE_ENDIAN || defined _BIG_ENDIAN)
| 	      bogus endian macros
| 	     #endif
| 
|   ;
|   return 0;
| }
configure:4818: arm-linux-androideabi-gcc -c -g -O2 -I/Users/regnarts/Documents/androux/androux/platforms/android-9/arch-arm/usr/include/ --sysroot=/Users/regnarts/Documents/androux/androux/platforms/android-9/arch-arm  conftest.c >&5
configure:4818: $? = 0
configure:4864: result: no
configure:4954: updating cache ./config.cache
configure:4992: creating ./config.status

## ---------------------- ##
## Running config.status. ##
## ---------------------- ##

This file was extended by libdecnumber config.status  , which was
generated by GNU Autoconf 2.64.  Invocation command line was

  CONFIG_FILES    = 
  CONFIG_HEADERS  = 
  CONFIG_LINKS    = 
  CONFIG_COMMANDS = 
  $ ./config.status 

on Anushruths-MacBook-Air.local

config.status:855: creating Makefile
config.status:855: creating config.h
config.status:1023: executing gstdint.h commands

## ---------------- ##
## Cache variables. ##
## ---------------- ##

ac_cv_build=i386-apple-darwin14.0.0
ac_cv_c_bigendian=no
ac_cv_c_compiler_gnu=yes
ac_cv_c_const=yes
ac_cv_env_CC_set=set
ac_cv_env_CC_value=arm-linux-androideabi-gcc
ac_cv_env_CFLAGS_set=set
ac_cv_env_CFLAGS_value='-g -O2 -I/Users/regnarts/Documents/androux/androux/platforms/android-9/arch-arm/usr/include/ --sysroot=/Users/regnarts/Documents/androux/androux/platforms/android-9/arch-arm'
ac_cv_env_CPPFLAGS_set=
ac_cv_env_CPPFLAGS_value=
ac_cv_env_CPP_set=
ac_cv_env_CPP_value=
ac_cv_env_LDFLAGS_set=set
ac_cv_env_LDFLAGS_value=' -L/Users/regnarts/Documents/androux/androux/platforms/android-9/arch-arm/usr/lib/'
ac_cv_env_LIBS_set=
ac_cv_env_LIBS_value=
ac_cv_env_build_alias_set=set
ac_cv_env_build_alias_value=i386-apple-darwin14.0.0
ac_cv_env_host_alias_set=set
ac_cv_env_host_alias_value=arm-linux-androideabi
ac_cv_env_target_alias_set=set
ac_cv_env_target_alias_value=arm-linux-androideabi
ac_cv_header_ctype_h=yes
ac_cv_header_inttypes_h=yes
ac_cv_header_memory_h=yes
ac_cv_header_stdc=yes
ac_cv_header_stddef_h=yes
ac_cv_header_stdint_h=yes
ac_cv_header_stdio_h=yes
ac_cv_header_stdlib_h=yes
ac_cv_header_string_h=yes
ac_cv_header_strings_h=yes
ac_cv_header_sys_stat_h=yes
ac_cv_header_sys_types_h=yes
ac_cv_header_unistd_h=yes
ac_cv_host=arm-unknown-linux-androideabi
ac_cv_objext=o
ac_cv_path_EGREP='/usr/bin/grep -E'
ac_cv_path_GREP=/usr/bin/grep
ac_cv_prog_ACLOCAL=aclocal
ac_cv_prog_AUTOCONF=autoconf
ac_cv_prog_AUTOHEADER=autoheader
ac_cv_prog_CC=arm-linux-androideabi-gcc
ac_cv_prog_CPP=/lib/cpp
ac_cv_prog_RANLIB=arm-linux-androideabi-ranlib
ac_cv_prog_cc_c89=
ac_cv_prog_cc_g=yes
ac_cv_prog_make__Applications_Xcode_app_Contents_Developer_usr_bin_make_set=yes
ac_cv_sizeof_int=4
ac_cv_sizeof_long=4
ac_cv_target=arm-unknown-linux-androideabi
ac_cv_type_int_fast32_t=yes
ac_cv_type_int_least32_t=yes
ac_cv_type_off_t=yes
ac_cv_type_u_int64_t=no
ac_cv_type_uint64_t=yes
ac_cv_type_uintmax_t=yes
ac_cv_type_uintptr_t=yes
acx_cv_header_stdint=stdint.h
acx_cv_header_stdint_kind='(already complete)'
acx_cv_prog_cc_pedantic__Wno_long_long=yes
acx_cv_prog_cc_warning__W=yes
acx_cv_prog_cc_warning__Wall=yes
acx_cv_prog_cc_warning__Wcast_qual=yes
acx_cv_prog_cc_warning__Wmissing_format_attribute=yes
acx_cv_prog_cc_warning__Wmissing_prototypes=yes
acx_cv_prog_cc_warning__Wold_style_definition=yes
acx_cv_prog_cc_warning__Wstrict_prototypes=yes
acx_cv_prog_cc_warning__Wwrite_strings=yes

## ----------------- ##
## Output variables. ##
## ----------------- ##

ACLOCAL='aclocal'
ADDITIONAL_OBJS=''
AUTOCONF='autoconf'
AUTOHEADER='autoheader'
CC='arm-linux-androideabi-gcc'
CFLAGS='-g -O2 -I/Users/regnarts/Documents/androux/androux/platforms/android-9/arch-arm/usr/include/ --sysroot=/Users/regnarts/Documents/androux/androux/platforms/android-9/arch-arm'
CPP='/lib/cpp'
CPPFLAGS=''
DEFS='-DHAVE_CONFIG_H'
ECHO_C='\c'
ECHO_N=''
ECHO_T=''
EGREP='/usr/bin/grep -E'
EXEEXT=''
GREP='/usr/bin/grep'
LDFLAGS=' -L/Users/regnarts/Documents/androux/androux/platforms/android-9/arch-arm/usr/lib/'
LIBOBJS=''
LIBS=''
LTLIBOBJS=''
MAINT='#'
OBJEXT='o'
PACKAGE_BUGREPORT='gcc-bugs@gcc.gnu.org'
PACKAGE_NAME='libdecnumber'
PACKAGE_STRING='libdecnumber  '
PACKAGE_TARNAME='libdecnumber'
PACKAGE_URL=''
PACKAGE_VERSION=' '
PATH_SEPARATOR=':'
RANLIB='arm-linux-androideabi-ranlib'
SET_MAKE=''
SHELL='/bin/sh'
WARN_CFLAGS='-W -Wall -Wwrite-strings -Wstrict-prototypes -Wmissing-prototypes -Wold-style-definition -Wmissing-format-attribute -Wcast-qual'
WARN_PEDANTIC='-pedantic -Wno-long-long'
WERROR=''
ac_ct_CC=''
bindir='${exec_prefix}/bin'
build='i386-apple-darwin14.0.0'
build_alias='i386-apple-darwin14.0.0'
build_cpu='i386'
build_os='darwin14.0.0'
build_vendor='apple'
datadir='${datarootdir}'
datarootdir='${prefix}/share'
docdir='${datarootdir}/doc/${PACKAGE_TARNAME}'
dvidir='${docdir}'
enable_decimal_float='dpd'
exec_prefix='${prefix}'
host='arm-unknown-linux-androideabi'
host_alias='arm-linux-androideabi'
host_cpu='arm'
host_os='linux-androideabi'
host_vendor='unknown'
htmldir='${docdir}'
includedir='${prefix}/include'
infodir='${datarootdir}/info'
libdir='${exec_prefix}/lib'
libexecdir='${exec_prefix}/libexec'
localedir='${datarootdir}/locale'
localstatedir='${prefix}/var'
mandir='${datarootdir}/man'
oldincludedir='/usr/include'
pdfdir='${docdir}'
prefix='/Users/regnarts/Documents/androux/androux/system'
program_transform_name='s,y,y,'
psdir='${docdir}'
sbindir='${exec_prefix}/sbin'
sharedstatedir='${prefix}/com'
sysconfdir='${prefix}/etc'
target='arm-unknown-linux-androideabi'
target_alias='arm-linux-androideabi'
target_cpu='arm'
target_os='linux-androideabi'
target_vendor='unknown'

## ----------- ##
## confdefs.h. ##
## ----------- ##

/* confdefs.h */
#define PACKAGE_NAME "libdecnumber"
#define PACKAGE_TARNAME "libdecnumber"
#define PACKAGE_VERSION " "
#define PACKAGE_STRING "libdecnumber  "
#define PACKAGE_BUGREPORT "gcc-bugs@gcc.gnu.org"
#define PACKAGE_URL ""
#define STDC_HEADERS 1
#define HAVE_SYS_TYPES_H 1
#define HAVE_SYS_STAT_H 1
#define HAVE_STDLIB_H 1
#define HAVE_STRING_H 1
#define HAVE_MEMORY_H 1
#define HAVE_STRINGS_H 1
#define HAVE_INTTYPES_H 1
#define HAVE_STDINT_H 1
#define HAVE_UNISTD_H 1
#define HAVE_CTYPE_H 1
#define HAVE_STDDEF_H 1
#define HAVE_STRING_H 1
#define HAVE_STDIO_H 1
#define SIZEOF_INT 4
#define SIZEOF_LONG 4
#define STDC_HEADERS 1

configure: exit 0
