This file contains any messages produced by compilers while
running configure, to aid debugging if configure makes a mistake.

It was created by configure, which was
generated by GNU Autoconf 2.64.  Invocation command line was

  $ ./configure --prefix=/Users/regnarts/Documents/experiment/prefix --host=arm-linux-androideabi --target=arm-linux-androideabi CC=/usr/android/android-ndk-r10b/toolchains/arm-linux-androideabi-4.6/prebuilt/darwin-x86_64/bin/arm-linux-androideabi-gcc CXX=/usr/android/android-ndk-r10b/toolchains/arm-linux-androideabi-4.6/prebuilt/darwin-x86_64/bin/arm-linux-androideabi-g++ CFLAGS=-g -O2 -I/usr/android/android-ndk-r10b/platforms/android-9/arch-arm/usr/include/ --sysroot=/usr/android/android-ndk-r10b/platforms/android-9/arch-arm/ -Wno-error LDFLAGS=-L/usr/android/android-ndk-r10b/platforms/android-9/arch-arm/usr/lib/ CPP=/usr/android/android-ndk-r10b/toolchains/arm-linux-androideabi-4.6/prebuilt/darwin-x86_64/bin/arm-linux-androideabi-cpp CPPFLAGS=-I/usr/android/android-ndk-r10b/platforms/android-9/arch-arm/usr/include/ AR=/usr/android/android-ndk-r10b/toolchains/arm-linux-androideabi-4.6/prebuilt/darwin-x86_64/bin/arm-linux-androideabi-ar

## --------- ##
## Platform. ##
## --------- ##

hostname = Anushruths-MacBook-Air.local
uname -m = x86_64
uname -r = 14.0.0
uname -s = Darwin
uname -v = Darwin Kernel Version 14.0.0: Fri Sep 19 00:26:44 PDT 2014; root:xnu-2782.1.97~2/RELEASE_X86_64

/usr/bin/uname -p = i386
/bin/uname -X     = unknown

/bin/arch              = unknown
/usr/bin/arch -k       = unknown
/usr/convex/getsysinfo = unknown
/usr/bin/hostinfo      = Mach kernel version:
	 Darwin Kernel Version 14.0.0: Fri Sep 19 00:26:44 PDT 2014; root:xnu-2782.1.97~2/RELEASE_X86_64
Kernel configured for up to 4 processors.
2 processors are physically available.
4 processors are logically available.
Processor type: x86_64h (Intel x86-64h Haswell)
Processors active: 0 1 2 3
Primary memory available: 4.00 gigabytes
Default processor set: 212 tasks, 841 threads, 4 processors
Load average: 1.61, Mach factor: 2.37
/bin/machine           = unknown
/usr/bin/oslevel       = unknown
/bin/universe          = unknown

PATH: /opt/local/bin
PATH: /opt/local/sbin
PATH: /opt/local/bin
PATH: /opt/local/sbin
PATH: /usr/bin
PATH: /bin
PATH: /usr/sbin
PATH: /sbin
PATH: /usr/local/bin
PATH: /usr/android/android-ndk-r10b
PATH: /usr/android/adt-bundle-mac-x86_64-20140702/sdk/platform-tools
PATH: /usr/android/android-ndk-r10b/toolchains/arm-linux-androideabi-4.6/prebuilt/darwin-x86_64/bin/


## ----------- ##
## Core tests. ##
## ----------- ##

configure:2221: checking build system type
configure:2235: result: i386-apple-darwin14.0.0
configure:2255: checking host system type
configure:2268: result: arm-unknown-linux-androideabi
configure:2288: checking target system type
configure:2301: result: arm-unknown-linux-androideabi
configure:2335: checking for arm-linux-androideabi-gcc
configure:2362: result: /usr/android/android-ndk-r10b/toolchains/arm-linux-androideabi-4.6/prebuilt/darwin-x86_64/bin/arm-linux-androideabi-gcc
configure:2631: checking for C compiler version
configure:2640: /usr/android/android-ndk-r10b/toolchains/arm-linux-androideabi-4.6/prebuilt/darwin-x86_64/bin/arm-linux-androideabi-gcc --version >&5
arm-linux-androideabi-gcc (GCC) 4.6 20120106 (prerelease)
Copyright (C) 2011 Free Software Foundation, Inc.
This is free software; see the source for copying conditions.  There is NO
warranty; not even for MERCHANTABILITY or FITNESS FOR A PARTICULAR PURPOSE.

configure:2651: $? = 0
configure:2640: /usr/android/android-ndk-r10b/toolchains/arm-linux-androideabi-4.6/prebuilt/darwin-x86_64/bin/arm-linux-androideabi-gcc -v >&5
Using built-in specs.
COLLECT_GCC=/usr/android/android-ndk-r10b/toolchains/arm-linux-androideabi-4.6/prebuilt/darwin-x86_64/bin/arm-linux-androideabi-gcc
COLLECT_LTO_WRAPPER=/usr/android/android-ndk-r10b/toolchains/arm-linux-androideabi-4.6/prebuilt/darwin-x86_64/bin/../libexec/gcc/arm-linux-androideabi/4.6/lto-wrapper
Target: arm-linux-androideabi
Configured with: /s/ndk-toolchain/src/build/../gcc/gcc-4.6/configure --prefix=/tmp/ndk-User/build/toolchain/prefix --target=arm-linux-androideabi --host=x86_64-apple-darwin --build=x86_64-apple-darwin --with-gnu-as --with-gnu-ld --enable-languages=c,c++ --with-gmp=/tmp/ndk-User/build/toolchain/temp-install --with-mpfr=/tmp/ndk-User/build/toolchain/temp-install --with-mpc=/tmp/ndk-User/build/toolchain/temp-install --with-cloog=/tmp/ndk-User/build/toolchain/temp-install --with-isl=/tmp/ndk-User/build/toolchain/temp-install --with-ppl=/tmp/ndk-User/build/toolchain/temp-install --disable-ppl-version-check --disable-cloog-version-check --disable-isl-version-check --enable-cloog-backend=isl --with-host-libstdcxx='-static-libgcc -lstdc++ -lm' --disable-libssp --enable-threads --disable-nls --disable-libmudflap --disable-libgomp --disable-libstdc__-v3 --disable-sjlj-exceptions --disable-shared --disable-tls --disable-libitm --with-float=soft --with-fpu=vfp --with-arch=armv5te --enable-target-optspace --enable-initfini-array --disable-nls --prefix=/tmp/ndk-User/build/toolchain/prefix --with-sysroot=/tmp/ndk-User/build/toolchain/prefix/sysroot --with-binutils-version=2.21 --with-mpfr-version=3.1.1 --with-mpc-version=1.0.1 --with-gmp-version=5.0.5 --with-gcc-version=4.6 --with-gdb-version=7.3.x --with-python=/Users/User/mydroid/ndk/prebuilt/darwin-x86_64/bin/python-config.sh --with-gxx-include-dir=/tmp/ndk-User/build/toolchain/prefix/include/c++/4.6 --with-bugurl=http://source.android.com/source/report-bugs.html --disable-bootstrap --disable-libquadmath --enable-plugins --enable-libgomp --disable-libsanitizer --enable-gold --enable-graphite=yes --with-cloog-version=0.18.0 --with-ppl-version=1.0 --enable-eh-frame-hdr-for-static --with-arch=armv5te --program-transform-name='s&^&arm-linux-androideabi-&' --enable-gold=default
Thread model: posix
gcc version 4.6 20120106 (prerelease) (GCC) 
configure:2651: $? = 0
configure:2640: /usr/android/android-ndk-r10b/toolchains/arm-linux-androideabi-4.6/prebuilt/darwin-x86_64/bin/arm-linux-androideabi-gcc -V >&5
arm-linux-androideabi-gcc: error: unrecognized option '-V'
arm-linux-androideabi-gcc: fatal error: no input files
compilation terminated.
configure:2651: $? = 1
configure:2640: /usr/android/android-ndk-r10b/toolchains/arm-linux-androideabi-4.6/prebuilt/darwin-x86_64/bin/arm-linux-androideabi-gcc -qversion >&5
arm-linux-androideabi-gcc: error: unrecognized option '-qversion'
arm-linux-androideabi-gcc: fatal error: no input files
compilation terminated.
configure:2651: $? = 1
configure:2671: checking for C compiler default output file name
configure:2693: /usr/android/android-ndk-r10b/toolchains/arm-linux-androideabi-4.6/prebuilt/darwin-x86_64/bin/arm-linux-androideabi-gcc -g -O2 -I/usr/android/android-ndk-r10b/platforms/android-9/arch-arm/usr/include/ --sysroot=/usr/android/android-ndk-r10b/platforms/android-9/arch-arm/ -Wno-error -I/usr/android/android-ndk-r10b/platforms/android-9/arch-arm/usr/include/ -L/usr/android/android-ndk-r10b/platforms/android-9/arch-arm/usr/lib/ conftest.c  >&5
configure:2697: $? = 0
configure:2734: result: a.out
configure:2750: checking whether the C compiler works
configure:2759: ./a.out
./configure: line 2761: ./a.out: cannot execute binary file
configure:2763: $? = 126
configure:2778: result: yes
configure:2785: checking whether we are cross compiling
configure:2787: result: yes
configure:2790: checking for suffix of executables
configure:2797: /usr/android/android-ndk-r10b/toolchains/arm-linux-androideabi-4.6/prebuilt/darwin-x86_64/bin/arm-linux-androideabi-gcc -o conftest -g -O2 -I/usr/android/android-ndk-r10b/platforms/android-9/arch-arm/usr/include/ --sysroot=/usr/android/android-ndk-r10b/platforms/android-9/arch-arm/ -Wno-error -I/usr/android/android-ndk-r10b/platforms/android-9/arch-arm/usr/include/ -L/usr/android/android-ndk-r10b/platforms/android-9/arch-arm/usr/lib/ conftest.c  >&5
configure:2801: $? = 0
configure:2823: result: 
configure:2829: checking for suffix of object files
configure:2851: /usr/android/android-ndk-r10b/toolchains/arm-linux-androideabi-4.6/prebuilt/darwin-x86_64/bin/arm-linux-androideabi-gcc -c -g -O2 -I/usr/android/android-ndk-r10b/platforms/android-9/arch-arm/usr/include/ --sysroot=/usr/android/android-ndk-r10b/platforms/android-9/arch-arm/ -Wno-error -I/usr/android/android-ndk-r10b/platforms/android-9/arch-arm/usr/include/ conftest.c >&5
configure:2855: $? = 0
configure:2876: result: o
configure:2880: checking whether we are using the GNU C compiler
configure:2899: /usr/android/android-ndk-r10b/toolchains/arm-linux-androideabi-4.6/prebuilt/darwin-x86_64/bin/arm-linux-androideabi-gcc -c -g -O2 -I/usr/android/android-ndk-r10b/platforms/android-9/arch-arm/usr/include/ --sysroot=/usr/android/android-ndk-r10b/platforms/android-9/arch-arm/ -Wno-error -I/usr/android/android-ndk-r10b/platforms/android-9/arch-arm/usr/include/ conftest.c >&5
configure:2899: $? = 0
configure:2908: result: yes
configure:2917: checking whether /usr/android/android-ndk-r10b/toolchains/arm-linux-androideabi-4.6/prebuilt/darwin-x86_64/bin/arm-linux-androideabi-gcc accepts -g
configure:2937: /usr/android/android-ndk-r10b/toolchains/arm-linux-androideabi-4.6/prebuilt/darwin-x86_64/bin/arm-linux-androideabi-gcc -c -g -I/usr/android/android-ndk-r10b/platforms/android-9/arch-arm/usr/include/ conftest.c >&5
configure:2937: $? = 0
configure:2978: result: yes
configure:2995: checking for /usr/android/android-ndk-r10b/toolchains/arm-linux-androideabi-4.6/prebuilt/darwin-x86_64/bin/arm-linux-androideabi-gcc option to accept ISO C89
configure:3059: /usr/android/android-ndk-r10b/toolchains/arm-linux-androideabi-4.6/prebuilt/darwin-x86_64/bin/arm-linux-androideabi-gcc  -c -g -O2 -I/usr/android/android-ndk-r10b/platforms/android-9/arch-arm/usr/include/ --sysroot=/usr/android/android-ndk-r10b/platforms/android-9/arch-arm/ -Wno-error -I/usr/android/android-ndk-r10b/platforms/android-9/arch-arm/usr/include/ conftest.c >&5
configure:3059: $? = 0
configure:3072: result: none needed
configure:3093: checking for library containing strerror
configure:3124: /usr/android/android-ndk-r10b/toolchains/arm-linux-androideabi-4.6/prebuilt/darwin-x86_64/bin/arm-linux-androideabi-gcc -o conftest -g -O2 -I/usr/android/android-ndk-r10b/platforms/android-9/arch-arm/usr/include/ --sysroot=/usr/android/android-ndk-r10b/platforms/android-9/arch-arm/ -Wno-error -I/usr/android/android-ndk-r10b/platforms/android-9/arch-arm/usr/include/ -L/usr/android/android-ndk-r10b/platforms/android-9/arch-arm/usr/lib/ conftest.c  >&5
configure:3124: $? = 0
configure:3141: result: none required
configure:3167: checking for a BSD-compatible install
configure:3235: result: /usr/bin/install -c
configure:3246: checking whether build environment is sane
configure:3296: result: yes
configure:3345: checking for arm-linux-androideabi-strip
configure:3361: found /usr/android/android-ndk-r10b/toolchains/arm-linux-androideabi-4.6/prebuilt/darwin-x86_64/bin//arm-linux-androideabi-strip
configure:3372: result: arm-linux-androideabi-strip
configure:3437: checking for a thread-safe mkdir -p
configure:3476: result: ./../install-sh -c -d
configure:3489: checking for gawk
configure:3519: result: no
configure:3489: checking for mawk
configure:3519: result: no
configure:3489: checking for nawk
configure:3519: result: no
configure:3489: checking for awk
configure:3505: found /usr/bin/awk
configure:3516: result: awk
configure:3527: checking whether make sets $(MAKE)
configure:3549: result: yes
configure:3579: checking for style of include used by make
configure:3607: result: GNU
configure:3692: checking dependency style of /usr/android/android-ndk-r10b/toolchains/arm-linux-androideabi-4.6/prebuilt/darwin-x86_64/bin/arm-linux-androideabi-gcc
configure:3802: result: gcc3
configure:3830: checking for arm-linux-androideabi-gcc
configure:3857: result: /usr/android/android-ndk-r10b/toolchains/arm-linux-androideabi-4.6/prebuilt/darwin-x86_64/bin/arm-linux-androideabi-gcc
configure:4126: checking for C compiler version
configure:4135: /usr/android/android-ndk-r10b/toolchains/arm-linux-androideabi-4.6/prebuilt/darwin-x86_64/bin/arm-linux-androideabi-gcc --version >&5
arm-linux-androideabi-gcc (GCC) 4.6 20120106 (prerelease)
Copyright (C) 2011 Free Software Foundation, Inc.
This is free software; see the source for copying conditions.  There is NO
warranty; not even for MERCHANTABILITY or FITNESS FOR A PARTICULAR PURPOSE.

configure:4146: $? = 0
configure:4135: /usr/android/android-ndk-r10b/toolchains/arm-linux-androideabi-4.6/prebuilt/darwin-x86_64/bin/arm-linux-androideabi-gcc -v >&5
Using built-in specs.
COLLECT_GCC=/usr/android/android-ndk-r10b/toolchains/arm-linux-androideabi-4.6/prebuilt/darwin-x86_64/bin/arm-linux-androideabi-gcc
COLLECT_LTO_WRAPPER=/usr/android/android-ndk-r10b/toolchains/arm-linux-androideabi-4.6/prebuilt/darwin-x86_64/bin/../libexec/gcc/arm-linux-androideabi/4.6/lto-wrapper
Target: arm-linux-androideabi
Configured with: /s/ndk-toolchain/src/build/../gcc/gcc-4.6/configure --prefix=/tmp/ndk-User/build/toolchain/prefix --target=arm-linux-androideabi --host=x86_64-apple-darwin --build=x86_64-apple-darwin --with-gnu-as --with-gnu-ld --enable-languages=c,c++ --with-gmp=/tmp/ndk-User/build/toolchain/temp-install --with-mpfr=/tmp/ndk-User/build/toolchain/temp-install --with-mpc=/tmp/ndk-User/build/toolchain/temp-install --with-cloog=/tmp/ndk-User/build/toolchain/temp-install --with-isl=/tmp/ndk-User/build/toolchain/temp-install --with-ppl=/tmp/ndk-User/build/toolchain/temp-install --disable-ppl-version-check --disable-cloog-version-check --disable-isl-version-check --enable-cloog-backend=isl --with-host-libstdcxx='-static-libgcc -lstdc++ -lm' --disable-libssp --enable-threads --disable-nls --disable-libmudflap --disable-libgomp --disable-libstdc__-v3 --disable-sjlj-exceptions --disable-shared --disable-tls --disable-libitm --with-float=soft --with-fpu=vfp --with-arch=armv5te --enable-target-optspace --enable-initfini-array --disable-nls --prefix=/tmp/ndk-User/build/toolchain/prefix --with-sysroot=/tmp/ndk-User/build/toolchain/prefix/sysroot --with-binutils-version=2.21 --with-mpfr-version=3.1.1 --with-mpc-version=1.0.1 --with-gmp-version=5.0.5 --with-gcc-version=4.6 --with-gdb-version=7.3.x --with-python=/Users/User/mydroid/ndk/prebuilt/darwin-x86_64/bin/python-config.sh --with-gxx-include-dir=/tmp/ndk-User/build/toolchain/prefix/include/c++/4.6 --with-bugurl=http://source.android.com/source/report-bugs.html --disable-bootstrap --disable-libquadmath --enable-plugins --enable-libgomp --disable-libsanitizer --enable-gold --enable-graphite=yes --with-cloog-version=0.18.0 --with-ppl-version=1.0 --enable-eh-frame-hdr-for-static --with-arch=armv5te --program-transform-name='s&^&arm-linux-androideabi-&' --enable-gold=default
Thread model: posix
gcc version 4.6 20120106 (prerelease) (GCC) 
configure:4146: $? = 0
configure:4135: /usr/android/android-ndk-r10b/toolchains/arm-linux-androideabi-4.6/prebuilt/darwin-x86_64/bin/arm-linux-androideabi-gcc -V >&5
arm-linux-androideabi-gcc: error: unrecognized option '-V'
arm-linux-androideabi-gcc: fatal error: no input files
compilation terminated.
configure:4146: $? = 1
configure:4135: /usr/android/android-ndk-r10b/toolchains/arm-linux-androideabi-4.6/prebuilt/darwin-x86_64/bin/arm-linux-androideabi-gcc -qversion >&5
arm-linux-androideabi-gcc: error: unrecognized option '-qversion'
arm-linux-androideabi-gcc: fatal error: no input files
compilation terminated.
configure:4146: $? = 1
configure:4150: checking whether we are using the GNU C compiler
configure:4178: result: yes
configure:4187: checking whether /usr/android/android-ndk-r10b/toolchains/arm-linux-androideabi-4.6/prebuilt/darwin-x86_64/bin/arm-linux-androideabi-gcc accepts -g
configure:4248: result: yes
configure:4265: checking for /usr/android/android-ndk-r10b/toolchains/arm-linux-androideabi-4.6/prebuilt/darwin-x86_64/bin/arm-linux-androideabi-gcc option to accept ISO C89
configure:4342: result: none needed
configure:4367: checking how to run the C preprocessor
configure:4437: result: /usr/android/android-ndk-r10b/toolchains/arm-linux-androideabi-4.6/prebuilt/darwin-x86_64/bin/arm-linux-androideabi-cpp
configure:4457: /usr/android/android-ndk-r10b/toolchains/arm-linux-androideabi-4.6/prebuilt/darwin-x86_64/bin/arm-linux-androideabi-cpp -I/usr/android/android-ndk-r10b/platforms/android-9/arch-arm/usr/include/ conftest.c
configure:4457: $? = 0
configure:4471: /usr/android/android-ndk-r10b/toolchains/arm-linux-androideabi-4.6/prebuilt/darwin-x86_64/bin/arm-linux-androideabi-cpp -I/usr/android/android-ndk-r10b/platforms/android-9/arch-arm/usr/include/ conftest.c
conftest.c:11:28: fatal error: ac_nonexistent.h: No such file or directory
compilation terminated.
configure:4471: $? = 1
configure: failed program was:
| /* confdefs.h */
| #define PACKAGE_NAME ""
| #define PACKAGE_TARNAME ""
| #define PACKAGE_VERSION ""
| #define PACKAGE_STRING ""
| #define PACKAGE_BUGREPORT ""
| #define PACKAGE_URL ""
| #define PACKAGE "gprof"
| #define VERSION "2.24"
| /* end confdefs.h.  */
| #include <ac_nonexistent.h>
configure:4500: checking for grep that handles long lines and -e
configure:4558: result: /usr/bin/grep
configure:4563: checking for egrep
configure:4625: result: /usr/bin/grep -E
configure:4630: checking for ANSI C header files
configure:4650: /usr/android/android-ndk-r10b/toolchains/arm-linux-androideabi-4.6/prebuilt/darwin-x86_64/bin/arm-linux-androideabi-gcc -c -g -O2 -I/usr/android/android-ndk-r10b/platforms/android-9/arch-arm/usr/include/ --sysroot=/usr/android/android-ndk-r10b/platforms/android-9/arch-arm/ -Wno-error -I/usr/android/android-ndk-r10b/platforms/android-9/arch-arm/usr/include/ conftest.c >&5
configure:4650: $? = 0
configure:4734: result: yes
configure:4747: checking for sys/types.h
configure:4747: /usr/android/android-ndk-r10b/toolchains/arm-linux-androideabi-4.6/prebuilt/darwin-x86_64/bin/arm-linux-androideabi-gcc -c -g -O2 -I/usr/android/android-ndk-r10b/platforms/android-9/arch-arm/usr/include/ --sysroot=/usr/android/android-ndk-r10b/platforms/android-9/arch-arm/ -Wno-error -I/usr/android/android-ndk-r10b/platforms/android-9/arch-arm/usr/include/ conftest.c >&5
configure:4747: $? = 0
configure:4747: result: yes
configure:4747: checking for sys/stat.h
configure:4747: /usr/android/android-ndk-r10b/toolchains/arm-linux-androideabi-4.6/prebuilt/darwin-x86_64/bin/arm-linux-androideabi-gcc -c -g -O2 -I/usr/android/android-ndk-r10b/platforms/android-9/arch-arm/usr/include/ --sysroot=/usr/android/android-ndk-r10b/platforms/android-9/arch-arm/ -Wno-error -I/usr/android/android-ndk-r10b/platforms/android-9/arch-arm/usr/include/ conftest.c >&5
configure:4747: $? = 0
configure:4747: result: yes
configure:4747: checking for stdlib.h
configure:4747: /usr/android/android-ndk-r10b/toolchains/arm-linux-androideabi-4.6/prebuilt/darwin-x86_64/bin/arm-linux-androideabi-gcc -c -g -O2 -I/usr/android/android-ndk-r10b/platforms/android-9/arch-arm/usr/include/ --sysroot=/usr/android/android-ndk-r10b/platforms/android-9/arch-arm/ -Wno-error -I/usr/android/android-ndk-r10b/platforms/android-9/arch-arm/usr/include/ conftest.c >&5
configure:4747: $? = 0
configure:4747: result: yes
configure:4747: checking for string.h
configure:4747: /usr/android/android-ndk-r10b/toolchains/arm-linux-androideabi-4.6/prebuilt/darwin-x86_64/bin/arm-linux-androideabi-gcc -c -g -O2 -I/usr/android/android-ndk-r10b/platforms/android-9/arch-arm/usr/include/ --sysroot=/usr/android/android-ndk-r10b/platforms/android-9/arch-arm/ -Wno-error -I/usr/android/android-ndk-r10b/platforms/android-9/arch-arm/usr/include/ conftest.c >&5
configure:4747: $? = 0
configure:4747: result: yes
configure:4747: checking for memory.h
configure:4747: /usr/android/android-ndk-r10b/toolchains/arm-linux-androideabi-4.6/prebuilt/darwin-x86_64/bin/arm-linux-androideabi-gcc -c -g -O2 -I/usr/android/android-ndk-r10b/platforms/android-9/arch-arm/usr/include/ --sysroot=/usr/android/android-ndk-r10b/platforms/android-9/arch-arm/ -Wno-error -I/usr/android/android-ndk-r10b/platforms/android-9/arch-arm/usr/include/ conftest.c >&5
configure:4747: $? = 0
configure:4747: result: yes
configure:4747: checking for strings.h
configure:4747: /usr/android/android-ndk-r10b/toolchains/arm-linux-androideabi-4.6/prebuilt/darwin-x86_64/bin/arm-linux-androideabi-gcc -c -g -O2 -I/usr/android/android-ndk-r10b/platforms/android-9/arch-arm/usr/include/ --sysroot=/usr/android/android-ndk-r10b/platforms/android-9/arch-arm/ -Wno-error -I/usr/android/android-ndk-r10b/platforms/android-9/arch-arm/usr/include/ conftest.c >&5
configure:4747: $? = 0
configure:4747: result: yes
configure:4747: checking for inttypes.h
configure:4747: /usr/android/android-ndk-r10b/toolchains/arm-linux-androideabi-4.6/prebuilt/darwin-x86_64/bin/arm-linux-androideabi-gcc -c -g -O2 -I/usr/android/android-ndk-r10b/platforms/android-9/arch-arm/usr/include/ --sysroot=/usr/android/android-ndk-r10b/platforms/android-9/arch-arm/ -Wno-error -I/usr/android/android-ndk-r10b/platforms/android-9/arch-arm/usr/include/ conftest.c >&5
configure:4747: $? = 0
configure:4747: result: yes
configure:4747: checking for stdint.h
configure:4747: /usr/android/android-ndk-r10b/toolchains/arm-linux-androideabi-4.6/prebuilt/darwin-x86_64/bin/arm-linux-androideabi-gcc -c -g -O2 -I/usr/android/android-ndk-r10b/platforms/android-9/arch-arm/usr/include/ --sysroot=/usr/android/android-ndk-r10b/platforms/android-9/arch-arm/ -Wno-error -I/usr/android/android-ndk-r10b/platforms/android-9/arch-arm/usr/include/ conftest.c >&5
configure:4747: $? = 0
configure:4747: result: yes
configure:4747: checking for unistd.h
configure:4747: /usr/android/android-ndk-r10b/toolchains/arm-linux-androideabi-4.6/prebuilt/darwin-x86_64/bin/arm-linux-androideabi-gcc -c -g -O2 -I/usr/android/android-ndk-r10b/platforms/android-9/arch-arm/usr/include/ --sysroot=/usr/android/android-ndk-r10b/platforms/android-9/arch-arm/ -Wno-error -I/usr/android/android-ndk-r10b/platforms/android-9/arch-arm/usr/include/ conftest.c >&5
configure:4747: $? = 0
configure:4747: result: yes
configure:4761: checking minix/config.h usability
configure:4761: /usr/android/android-ndk-r10b/toolchains/arm-linux-androideabi-4.6/prebuilt/darwin-x86_64/bin/arm-linux-androideabi-gcc -c -g -O2 -I/usr/android/android-ndk-r10b/platforms/android-9/arch-arm/usr/include/ --sysroot=/usr/android/android-ndk-r10b/platforms/android-9/arch-arm/ -Wno-error -I/usr/android/android-ndk-r10b/platforms/android-9/arch-arm/usr/include/ conftest.c >&5
conftest.c:54:26: fatal error: minix/config.h: No such file or directory
compilation terminated.
configure:4761: $? = 1
configure: failed program was:
| /* confdefs.h */
| #define PACKAGE_NAME ""
| #define PACKAGE_TARNAME ""
| #define PACKAGE_VERSION ""
| #define PACKAGE_STRING ""
| #define PACKAGE_BUGREPORT ""
| #define PACKAGE_URL ""
| #define PACKAGE "gprof"
| #define VERSION "2.24"
| #define STDC_HEADERS 1
| #define HAVE_SYS_TYPES_H 1
| #define HAVE_SYS_STAT_H 1
| #define HAVE_STDLIB_H 1
| #define HAVE_STRING_H 1
| #define HAVE_MEMORY_H 1
| #define HAVE_STRINGS_H 1
| #define HAVE_INTTYPES_H 1
| #define HAVE_STDINT_H 1
| #define HAVE_UNISTD_H 1
| /* end confdefs.h.  */
| #include <stdio.h>
| #ifdef HAVE_SYS_TYPES_H
| # include <sys/types.h>
| #endif
| #ifdef HAVE_SYS_STAT_H
| # include <sys/stat.h>
| #endif
| #ifdef STDC_HEADERS
| # include <stdlib.h>
| # include <stddef.h>
| #else
| # ifdef HAVE_STDLIB_H
| #  include <stdlib.h>
| # endif
| #endif
| #ifdef HAVE_STRING_H
| # if !defined STDC_HEADERS && defined HAVE_MEMORY_H
| #  include <memory.h>
| # endif
| # include <string.h>
| #endif
| #ifdef HAVE_STRINGS_H
| # include <strings.h>
| #endif
| #ifdef HAVE_INTTYPES_H
| # include <inttypes.h>
| #endif
| #ifdef HAVE_STDINT_H
| # include <stdint.h>
| #endif
| #ifdef HAVE_UNISTD_H
| # include <unistd.h>
| #endif
| #include <minix/config.h>
configure:4761: result: no
configure:4761: checking minix/config.h presence
configure:4761: /usr/android/android-ndk-r10b/toolchains/arm-linux-androideabi-4.6/prebuilt/darwin-x86_64/bin/arm-linux-androideabi-cpp -I/usr/android/android-ndk-r10b/platforms/android-9/arch-arm/usr/include/ conftest.c
conftest.c:21:26: fatal error: minix/config.h: No such file or directory
compilation terminated.
configure:4761: $? = 1
configure: failed program was:
| /* confdefs.h */
| #define PACKAGE_NAME ""
| #define PACKAGE_TARNAME ""
| #define PACKAGE_VERSION ""
| #define PACKAGE_STRING ""
| #define PACKAGE_BUGREPORT ""
| #define PACKAGE_URL ""
| #define PACKAGE "gprof"
| #define VERSION "2.24"
| #define STDC_HEADERS 1
| #define HAVE_SYS_TYPES_H 1
| #define HAVE_SYS_STAT_H 1
| #define HAVE_STDLIB_H 1
| #define HAVE_STRING_H 1
| #define HAVE_MEMORY_H 1
| #define HAVE_STRINGS_H 1
| #define HAVE_INTTYPES_H 1
| #define HAVE_STDINT_H 1
| #define HAVE_UNISTD_H 1
| /* end confdefs.h.  */
| #include <minix/config.h>
configure:4761: result: no
configure:4761: checking for minix/config.h
configure:4761: result: no
configure:4782: checking whether it is safe to define __EXTENSIONS__
configure:4800: /usr/android/android-ndk-r10b/toolchains/arm-linux-androideabi-4.6/prebuilt/darwin-x86_64/bin/arm-linux-androideabi-gcc -c -g -O2 -I/usr/android/android-ndk-r10b/platforms/android-9/arch-arm/usr/include/ --sysroot=/usr/android/android-ndk-r10b/platforms/android-9/arch-arm/ -Wno-error -I/usr/android/android-ndk-r10b/platforms/android-9/arch-arm/usr/include/ conftest.c >&5
configure:4800: $? = 0
configure:4807: result: yes
configure:4866: checking for special C compiler options needed for large files
configure:4911: result: no
configure:4917: checking for _FILE_OFFSET_BITS value needed for large files
configure:4942: /usr/android/android-ndk-r10b/toolchains/arm-linux-androideabi-4.6/prebuilt/darwin-x86_64/bin/arm-linux-androideabi-gcc -c -g -O2 -I/usr/android/android-ndk-r10b/platforms/android-9/arch-arm/usr/include/ --sysroot=/usr/android/android-ndk-r10b/platforms/android-9/arch-arm/ -Wno-error -I/usr/android/android-ndk-r10b/platforms/android-9/arch-arm/usr/include/ conftest.c >&5
conftest.c:32:3: warning: left shift count >= width of type [enabled by default]
conftest.c:32:3: warning: left shift count >= width of type [enabled by default]
conftest.c:33:10: warning: left shift count >= width of type [enabled by default]
conftest.c:33:10: warning: left shift count >= width of type [enabled by default]
conftest.c:32:7: error: size of array 'off_t_is_large' is negative
conftest.c:34:9: warning: variably modified 'off_t_is_large' at file scope [enabled by default]
configure:4942: $? = 1
configure: failed program was:
| /* confdefs.h */
| #define PACKAGE_NAME ""
| #define PACKAGE_TARNAME ""
| #define PACKAGE_VERSION ""
| #define PACKAGE_STRING ""
| #define PACKAGE_BUGREPORT ""
| #define PACKAGE_URL ""
| #define PACKAGE "gprof"
| #define VERSION "2.24"
| #define STDC_HEADERS 1
| #define HAVE_SYS_TYPES_H 1
| #define HAVE_SYS_STAT_H 1
| #define HAVE_STDLIB_H 1
| #define HAVE_STRING_H 1
| #define HAVE_MEMORY_H 1
| #define HAVE_STRINGS_H 1
| #define HAVE_INTTYPES_H 1
| #define HAVE_STDINT_H 1
| #define HAVE_UNISTD_H 1
| #define __EXTENSIONS__ 1
| #define _ALL_SOURCE 1
| #define _GNU_SOURCE 1
| #define _POSIX_PTHREAD_SEMANTICS 1
| #define _TANDEM_SOURCE 1
| /* end confdefs.h.  */
| #include <sys/types.h>
|  /* Check that off_t can represent 2**63 - 1 correctly.
|     We can't simply define LARGE_OFF_T to be 9223372036854775807,
|     since some C++ compilers masquerading as C compilers
|     incorrectly reject 9223372036854775807.  */
| #define LARGE_OFF_T (((off_t) 1 << 62) - 1 + ((off_t) 1 << 62))
|   int off_t_is_large[(LARGE_OFF_T % 2147483629 == 721
| 		       && LARGE_OFF_T % 2147483647 == 1)
| 		      ? 1 : -1];
| int
| main ()
| {
| 
|   ;
|   return 0;
| }
configure:4966: /usr/android/android-ndk-r10b/toolchains/arm-linux-androideabi-4.6/prebuilt/darwin-x86_64/bin/arm-linux-androideabi-gcc -c -g -O2 -I/usr/android/android-ndk-r10b/platforms/android-9/arch-arm/usr/include/ --sysroot=/usr/android/android-ndk-r10b/platforms/android-9/arch-arm/ -Wno-error -I/usr/android/android-ndk-r10b/platforms/android-9/arch-arm/usr/include/ conftest.c >&5
conftest.c:33:3: warning: left shift count >= width of type [enabled by default]
conftest.c:33:3: warning: left shift count >= width of type [enabled by default]
conftest.c:34:10: warning: left shift count >= width of type [enabled by default]
conftest.c:34:10: warning: left shift count >= width of type [enabled by default]
conftest.c:33:7: error: size of array 'off_t_is_large' is negative
conftest.c:35:9: warning: variably modified 'off_t_is_large' at file scope [enabled by default]
configure:4966: $? = 1
configure: failed program was:
| /* confdefs.h */
| #define PACKAGE_NAME ""
| #define PACKAGE_TARNAME ""
| #define PACKAGE_VERSION ""
| #define PACKAGE_STRING ""
| #define PACKAGE_BUGREPORT ""
| #define PACKAGE_URL ""
| #define PACKAGE "gprof"
| #define VERSION "2.24"
| #define STDC_HEADERS 1
| #define HAVE_SYS_TYPES_H 1
| #define HAVE_SYS_STAT_H 1
| #define HAVE_STDLIB_H 1
| #define HAVE_STRING_H 1
| #define HAVE_MEMORY_H 1
| #define HAVE_STRINGS_H 1
| #define HAVE_INTTYPES_H 1
| #define HAVE_STDINT_H 1
| #define HAVE_UNISTD_H 1
| #define __EXTENSIONS__ 1
| #define _ALL_SOURCE 1
| #define _GNU_SOURCE 1
| #define _POSIX_PTHREAD_SEMANTICS 1
| #define _TANDEM_SOURCE 1
| /* end confdefs.h.  */
| #define _FILE_OFFSET_BITS 64
| #include <sys/types.h>
|  /* Check that off_t can represent 2**63 - 1 correctly.
|     We can't simply define LARGE_OFF_T to be 9223372036854775807,
|     since some C++ compilers masquerading as C compilers
|     incorrectly reject 9223372036854775807.  */
| #define LARGE_OFF_T (((off_t) 1 << 62) - 1 + ((off_t) 1 << 62))
|   int off_t_is_large[(LARGE_OFF_T % 2147483629 == 721
| 		       && LARGE_OFF_T % 2147483647 == 1)
| 		      ? 1 : -1];
| int
| main ()
| {
| 
|   ;
|   return 0;
| }
configure:4974: result: unknown
configure:4986: checking for _LARGE_FILES value needed for large files
configure:5011: /usr/android/android-ndk-r10b/toolchains/arm-linux-androideabi-4.6/prebuilt/darwin-x86_64/bin/arm-linux-androideabi-gcc -c -g -O2 -I/usr/android/android-ndk-r10b/platforms/android-9/arch-arm/usr/include/ --sysroot=/usr/android/android-ndk-r10b/platforms/android-9/arch-arm/ -Wno-error -I/usr/android/android-ndk-r10b/platforms/android-9/arch-arm/usr/include/ conftest.c >&5
conftest.c:32:3: warning: left shift count >= width of type [enabled by default]
conftest.c:32:3: warning: left shift count >= width of type [enabled by default]
conftest.c:33:10: warning: left shift count >= width of type [enabled by default]
conftest.c:33:10: warning: left shift count >= width of type [enabled by default]
conftest.c:32:7: error: size of array 'off_t_is_large' is negative
conftest.c:34:9: warning: variably modified 'off_t_is_large' at file scope [enabled by default]
configure:5011: $? = 1
configure: failed program was:
| /* confdefs.h */
| #define PACKAGE_NAME ""
| #define PACKAGE_TARNAME ""
| #define PACKAGE_VERSION ""
| #define PACKAGE_STRING ""
| #define PACKAGE_BUGREPORT ""
| #define PACKAGE_URL ""
| #define PACKAGE "gprof"
| #define VERSION "2.24"
| #define STDC_HEADERS 1
| #define HAVE_SYS_TYPES_H 1
| #define HAVE_SYS_STAT_H 1
| #define HAVE_STDLIB_H 1
| #define HAVE_STRING_H 1
| #define HAVE_MEMORY_H 1
| #define HAVE_STRINGS_H 1
| #define HAVE_INTTYPES_H 1
| #define HAVE_STDINT_H 1
| #define HAVE_UNISTD_H 1
| #define __EXTENSIONS__ 1
| #define _ALL_SOURCE 1
| #define _GNU_SOURCE 1
| #define _POSIX_PTHREAD_SEMANTICS 1
| #define _TANDEM_SOURCE 1
| /* end confdefs.h.  */
| #include <sys/types.h>
|  /* Check that off_t can represent 2**63 - 1 correctly.
|     We can't simply define LARGE_OFF_T to be 9223372036854775807,
|     since some C++ compilers masquerading as C compilers
|     incorrectly reject 9223372036854775807.  */
| #define LARGE_OFF_T (((off_t) 1 << 62) - 1 + ((off_t) 1 << 62))
|   int off_t_is_large[(LARGE_OFF_T % 2147483629 == 721
| 		       && LARGE_OFF_T % 2147483647 == 1)
| 		      ? 1 : -1];
| int
| main ()
| {
| 
|   ;
|   return 0;
| }
configure:5035: /usr/android/android-ndk-r10b/toolchains/arm-linux-androideabi-4.6/prebuilt/darwin-x86_64/bin/arm-linux-androideabi-gcc -c -g -O2 -I/usr/android/android-ndk-r10b/platforms/android-9/arch-arm/usr/include/ --sysroot=/usr/android/android-ndk-r10b/platforms/android-9/arch-arm/ -Wno-error -I/usr/android/android-ndk-r10b/platforms/android-9/arch-arm/usr/include/ conftest.c >&5
conftest.c:33:3: warning: left shift count >= width of type [enabled by default]
conftest.c:33:3: warning: left shift count >= width of type [enabled by default]
conftest.c:34:10: warning: left shift count >= width of type [enabled by default]
conftest.c:34:10: warning: left shift count >= width of type [enabled by default]
conftest.c:33:7: error: size of array 'off_t_is_large' is negative
conftest.c:35:9: warning: variably modified 'off_t_is_large' at file scope [enabled by default]
configure:5035: $? = 1
configure: failed program was:
| /* confdefs.h */
| #define PACKAGE_NAME ""
| #define PACKAGE_TARNAME ""
| #define PACKAGE_VERSION ""
| #define PACKAGE_STRING ""
| #define PACKAGE_BUGREPORT ""
| #define PACKAGE_URL ""
| #define PACKAGE "gprof"
| #define VERSION "2.24"
| #define STDC_HEADERS 1
| #define HAVE_SYS_TYPES_H 1
| #define HAVE_SYS_STAT_H 1
| #define HAVE_STDLIB_H 1
| #define HAVE_STRING_H 1
| #define HAVE_MEMORY_H 1
| #define HAVE_STRINGS_H 1
| #define HAVE_INTTYPES_H 1
| #define HAVE_STDINT_H 1
| #define HAVE_UNISTD_H 1
| #define __EXTENSIONS__ 1
| #define _ALL_SOURCE 1
| #define _GNU_SOURCE 1
| #define _POSIX_PTHREAD_SEMANTICS 1
| #define _TANDEM_SOURCE 1
| /* end confdefs.h.  */
| #define _LARGE_FILES 1
| #include <sys/types.h>
|  /* Check that off_t can represent 2**63 - 1 correctly.
|     We can't simply define LARGE_OFF_T to be 9223372036854775807,
|     since some C++ compilers masquerading as C compilers
|     incorrectly reject 9223372036854775807.  */
| #define LARGE_OFF_T (((off_t) 1 << 62) - 1 + ((off_t) 1 << 62))
|   int off_t_is_large[(LARGE_OFF_T % 2147483629 == 721
| 		       && LARGE_OFF_T % 2147483647 == 1)
| 		      ? 1 : -1];
| int
| main ()
| {
| 
|   ;
|   return 0;
| }
configure:5043: result: unknown
configure:5106: checking how to print strings
configure:5133: result: printf
configure:5154: checking for a sed that does not truncate output
configure:5218: result: /usr/bin/sed
configure:5236: checking for fgrep
configure:5298: result: /usr/bin/grep -F
configure:5333: checking for ld used by /usr/android/android-ndk-r10b/toolchains/arm-linux-androideabi-4.6/prebuilt/darwin-x86_64/bin/arm-linux-androideabi-gcc
configure:5400: result: /usr/android/android-ndk-r10b/toolchains/arm-linux-androideabi-4.6/prebuilt/darwin-x86_64/arm-linux-androideabi/bin/ld
configure:5407: checking if the linker (/usr/android/android-ndk-r10b/toolchains/arm-linux-androideabi-4.6/prebuilt/darwin-x86_64/arm-linux-androideabi/bin/ld) is GNU ld
configure:5422: result: yes
configure:5434: checking for BSD- or MS-compatible name lister (nm)
configure:5483: result: /usr/android/android-ndk-r10b/toolchains/arm-linux-androideabi-4.6/prebuilt/darwin-x86_64/bin//arm-linux-androideabi-nm -B
configure:5613: checking the name lister (/usr/android/android-ndk-r10b/toolchains/arm-linux-androideabi-4.6/prebuilt/darwin-x86_64/bin//arm-linux-androideabi-nm -B) interface
configure:5620: /usr/android/android-ndk-r10b/toolchains/arm-linux-androideabi-4.6/prebuilt/darwin-x86_64/bin/arm-linux-androideabi-gcc -c -g -O2 -I/usr/android/android-ndk-r10b/platforms/android-9/arch-arm/usr/include/ --sysroot=/usr/android/android-ndk-r10b/platforms/android-9/arch-arm/ -Wno-error -I/usr/android/android-ndk-r10b/platforms/android-9/arch-arm/usr/include/ conftest.c >&5
configure:5623: /usr/android/android-ndk-r10b/toolchains/arm-linux-androideabi-4.6/prebuilt/darwin-x86_64/bin//arm-linux-androideabi-nm -B "conftest.o"
configure:5626: output
00000000 B some_variable
configure:5633: result: BSD nm
configure:5636: checking whether ln -s works
configure:5640: result: yes
configure:5648: checking the maximum length of command line arguments
configure:5773: result: 196608
configure:5790: checking whether the shell understands some XSI constructs
configure:5800: result: yes
configure:5804: checking whether the shell understands "+="
configure:5810: result: yes
configure:5845: checking for /usr/android/android-ndk-r10b/toolchains/arm-linux-androideabi-4.6/prebuilt/darwin-x86_64/arm-linux-androideabi/bin/ld option to reload object files
configure:5852: result: -r
configure:5881: checking for arm-linux-androideabi-objdump
configure:5897: found /usr/android/android-ndk-r10b/toolchains/arm-linux-androideabi-4.6/prebuilt/darwin-x86_64/bin//arm-linux-androideabi-objdump
configure:5908: result: arm-linux-androideabi-objdump
configure:5980: checking how to recognize dependent libraries
configure:6181: result: pass_all
configure:6201: checking for arm-linux-androideabi-ar
configure:6228: result: /usr/android/android-ndk-r10b/toolchains/arm-linux-androideabi-4.6/prebuilt/darwin-x86_64/bin/arm-linux-androideabi-ar
configure:6306: checking for arm-linux-androideabi-strip
configure:6333: result: arm-linux-androideabi-strip
configure:6405: checking for arm-linux-androideabi-ranlib
configure:6421: found /usr/android/android-ndk-r10b/toolchains/arm-linux-androideabi-4.6/prebuilt/darwin-x86_64/bin//arm-linux-androideabi-ranlib
configure:6432: result: arm-linux-androideabi-ranlib
configure:6574: checking command to parse /usr/android/android-ndk-r10b/toolchains/arm-linux-androideabi-4.6/prebuilt/darwin-x86_64/bin//arm-linux-androideabi-nm -B output from /usr/android/android-ndk-r10b/toolchains/arm-linux-androideabi-4.6/prebuilt/darwin-x86_64/bin/arm-linux-androideabi-gcc object
configure:6692: /usr/android/android-ndk-r10b/toolchains/arm-linux-androideabi-4.6/prebuilt/darwin-x86_64/bin/arm-linux-androideabi-gcc -c -g -O2 -I/usr/android/android-ndk-r10b/platforms/android-9/arch-arm/usr/include/ --sysroot=/usr/android/android-ndk-r10b/platforms/android-9/arch-arm/ -Wno-error -I/usr/android/android-ndk-r10b/platforms/android-9/arch-arm/usr/include/ conftest.c >&5
configure:6695: $? = 0
configure:6699: /usr/android/android-ndk-r10b/toolchains/arm-linux-androideabi-4.6/prebuilt/darwin-x86_64/bin//arm-linux-androideabi-nm -B conftest.o \| sed -n -e 's/^.*[ ]\([ABCDGIRSTW][ABCDGIRSTW]*\)[ ][ ]*\([_A-Za-z][_A-Za-z0-9]*\)$/\1 \2 \2/p' \> conftest.nm
configure:6702: $? = 0
configure:6756: /usr/android/android-ndk-r10b/toolchains/arm-linux-androideabi-4.6/prebuilt/darwin-x86_64/bin/arm-linux-androideabi-gcc -o conftest -g -O2 -I/usr/android/android-ndk-r10b/platforms/android-9/arch-arm/usr/include/ --sysroot=/usr/android/android-ndk-r10b/platforms/android-9/arch-arm/ -Wno-error -I/usr/android/android-ndk-r10b/platforms/android-9/arch-arm/usr/include/ -L/usr/android/android-ndk-r10b/platforms/android-9/arch-arm/usr/lib/ conftest.c conftstm.o >&5
configure:6759: $? = 0
configure:6797: result: ok
configure:7645: checking for dlfcn.h
configure:7645: /usr/android/android-ndk-r10b/toolchains/arm-linux-androideabi-4.6/prebuilt/darwin-x86_64/bin/arm-linux-androideabi-gcc -c -g -O2 -I/usr/android/android-ndk-r10b/platforms/android-9/arch-arm/usr/include/ --sysroot=/usr/android/android-ndk-r10b/platforms/android-9/arch-arm/ -Wno-error -I/usr/android/android-ndk-r10b/platforms/android-9/arch-arm/usr/include/ conftest.c >&5
configure:7645: $? = 0
configure:7645: result: yes
configure:7832: checking for objdir
configure:7847: result: .libs
configure:8118: checking if /usr/android/android-ndk-r10b/toolchains/arm-linux-androideabi-4.6/prebuilt/darwin-x86_64/bin/arm-linux-androideabi-gcc supports -fno-rtti -fno-exceptions
configure:8136: /usr/android/android-ndk-r10b/toolchains/arm-linux-androideabi-4.6/prebuilt/darwin-x86_64/bin/arm-linux-androideabi-gcc -c -g -O2 -I/usr/android/android-ndk-r10b/platforms/android-9/arch-arm/usr/include/ --sysroot=/usr/android/android-ndk-r10b/platforms/android-9/arch-arm/ -Wno-error -I/usr/android/android-ndk-r10b/platforms/android-9/arch-arm/usr/include/ -fno-rtti -fno-exceptions conftest.c >&5
cc1: warning: command line option '-fno-rtti' is valid for C++/ObjC++ but not for C [enabled by default]
configure:8140: $? = 0
configure:8153: result: no
configure:8173: checking for /usr/android/android-ndk-r10b/toolchains/arm-linux-androideabi-4.6/prebuilt/darwin-x86_64/bin/arm-linux-androideabi-gcc option to produce PIC
configure:8459: result: -fPIC -DPIC
configure:8471: checking if /usr/android/android-ndk-r10b/toolchains/arm-linux-androideabi-4.6/prebuilt/darwin-x86_64/bin/arm-linux-androideabi-gcc PIC flag -fPIC -DPIC works
configure:8489: /usr/android/android-ndk-r10b/toolchains/arm-linux-androideabi-4.6/prebuilt/darwin-x86_64/bin/arm-linux-androideabi-gcc -c -g -O2 -I/usr/android/android-ndk-r10b/platforms/android-9/arch-arm/usr/include/ --sysroot=/usr/android/android-ndk-r10b/platforms/android-9/arch-arm/ -Wno-error -I/usr/android/android-ndk-r10b/platforms/android-9/arch-arm/usr/include/ -fPIC -DPIC -DPIC conftest.c >&5
configure:8493: $? = 0
configure:8506: result: yes
configure:8530: checking if /usr/android/android-ndk-r10b/toolchains/arm-linux-androideabi-4.6/prebuilt/darwin-x86_64/bin/arm-linux-androideabi-gcc static flag -static works
configure:8558: result: yes
configure:8573: checking if /usr/android/android-ndk-r10b/toolchains/arm-linux-androideabi-4.6/prebuilt/darwin-x86_64/bin/arm-linux-androideabi-gcc supports -c -o file.o
configure:8594: /usr/android/android-ndk-r10b/toolchains/arm-linux-androideabi-4.6/prebuilt/darwin-x86_64/bin/arm-linux-androideabi-gcc -c -g -O2 -I/usr/android/android-ndk-r10b/platforms/android-9/arch-arm/usr/include/ --sysroot=/usr/android/android-ndk-r10b/platforms/android-9/arch-arm/ -Wno-error -I/usr/android/android-ndk-r10b/platforms/android-9/arch-arm/usr/include/ -o out/conftest2.o conftest.c >&5
configure:8598: $? = 0
configure:8620: result: yes
configure:8628: checking if /usr/android/android-ndk-r10b/toolchains/arm-linux-androideabi-4.6/prebuilt/darwin-x86_64/bin/arm-linux-androideabi-gcc supports -c -o file.o
configure:8675: result: yes
configure:8708: checking whether the /usr/android/android-ndk-r10b/toolchains/arm-linux-androideabi-4.6/prebuilt/darwin-x86_64/bin/arm-linux-androideabi-gcc linker (/usr/android/android-ndk-r10b/toolchains/arm-linux-androideabi-4.6/prebuilt/darwin-x86_64/arm-linux-androideabi/bin/ld) supports shared libraries
configure:9779: result: yes
configure:9816: checking whether -lc should be explicitly linked in
configure:9824: /usr/android/android-ndk-r10b/toolchains/arm-linux-androideabi-4.6/prebuilt/darwin-x86_64/bin/arm-linux-androideabi-gcc -c -g -O2 -I/usr/android/android-ndk-r10b/platforms/android-9/arch-arm/usr/include/ --sysroot=/usr/android/android-ndk-r10b/platforms/android-9/arch-arm/ -Wno-error -I/usr/android/android-ndk-r10b/platforms/android-9/arch-arm/usr/include/ conftest.c >&5
configure:9827: $? = 0
configure:9842: /usr/android/android-ndk-r10b/toolchains/arm-linux-androideabi-4.6/prebuilt/darwin-x86_64/bin/arm-linux-androideabi-gcc -shared conftest.o  -v -Wl,-soname -Wl,conftest -o conftest 2\>\&1 \| /usr/bin/grep  -lc  \>/dev/null 2\>\&1
configure:9845: $? = 0
configure:9859: result: no
configure:10024: checking dynamic linker characteristics
configure:10475: /usr/android/android-ndk-r10b/toolchains/arm-linux-androideabi-4.6/prebuilt/darwin-x86_64/bin/arm-linux-androideabi-gcc -o conftest -g -O2 -I/usr/android/android-ndk-r10b/platforms/android-9/arch-arm/usr/include/ --sysroot=/usr/android/android-ndk-r10b/platforms/android-9/arch-arm/ -Wno-error -I/usr/android/android-ndk-r10b/platforms/android-9/arch-arm/usr/include/ -L/usr/android/android-ndk-r10b/platforms/android-9/arch-arm/usr/lib/ -Wl,-rpath -Wl,/foo conftest.c  >&5
configure:10475: $? = 0
configure:10697: result: GNU/Linux ld.so
configure:10804: checking how to hardcode library paths into programs
configure:10829: result: immediate
configure:11369: checking whether stripping libraries is possible
configure:11374: result: yes
configure:11409: checking if libtool supports shared libraries
configure:11411: result: yes
configure:11414: checking whether to build shared libraries
configure:11435: result: yes
configure:11438: checking whether to build static libraries
configure:11442: result: yes
configure:11480: checking for setmode
configure:11480: /usr/android/android-ndk-r10b/toolchains/arm-linux-androideabi-4.6/prebuilt/darwin-x86_64/bin/arm-linux-androideabi-gcc -o conftest -g -O2 -I/usr/android/android-ndk-r10b/platforms/android-9/arch-arm/usr/include/ --sysroot=/usr/android/android-ndk-r10b/platforms/android-9/arch-arm/ -Wno-error -I/usr/android/android-ndk-r10b/platforms/android-9/arch-arm/usr/include/ -L/usr/android/android-ndk-r10b/platforms/android-9/arch-arm/usr/lib/ conftest.c  >&5
/usr/android/android-ndk-r10b/toolchains/arm-linux-androideabi-4.6/prebuilt/darwin-x86_64/bin/../lib/gcc/arm-linux-androideabi/4.6/../../../../arm-linux-androideabi/bin/ld: /var/folders/mx/h843qmxd1_70lrgf9mw8qthw0000gn/T//ccUDtT14.o: in function main:conftest.c:62: error: undefined reference to 'setmode'
collect2: ld returned 1 exit status
configure:11480: $? = 1
configure: failed program was:
| /* confdefs.h */
| #define PACKAGE_NAME ""
| #define PACKAGE_TARNAME ""
| #define PACKAGE_VERSION ""
| #define PACKAGE_STRING ""
| #define PACKAGE_BUGREPORT ""
| #define PACKAGE_URL ""
| #define PACKAGE "gprof"
| #define VERSION "2.24"
| #define STDC_HEADERS 1
| #define HAVE_SYS_TYPES_H 1
| #define HAVE_SYS_STAT_H 1
| #define HAVE_STDLIB_H 1
| #define HAVE_STRING_H 1
| #define HAVE_MEMORY_H 1
| #define HAVE_STRINGS_H 1
| #define HAVE_INTTYPES_H 1
| #define HAVE_STDINT_H 1
| #define HAVE_UNISTD_H 1
| #define __EXTENSIONS__ 1
| #define _ALL_SOURCE 1
| #define _GNU_SOURCE 1
| #define _POSIX_PTHREAD_SEMANTICS 1
| #define _TANDEM_SOURCE 1
| #define HAVE_DLFCN_H 1
| #define LT_OBJDIR ".libs/"
| /* end confdefs.h.  */
| /* Define setmode to an innocuous variant, in case <limits.h> declares setmode.
|    For example, HP-UX 11i <limits.h> declares gettimeofday.  */
| #define setmode innocuous_setmode
| 
| /* System header to define __stub macros and hopefully few prototypes,
|     which can conflict with char setmode (); below.
|     Prefer <limits.h> to <assert.h> if __STDC__ is defined, since
|     <limits.h> exists even on freestanding compilers.  */
| 
| #ifdef __STDC__
| # include <limits.h>
| #else
| # include <assert.h>
| #endif
| 
| #undef setmode
| 
| /* Override any GCC internal prototype to avoid an error.
|    Use char because int might match the return type of a GCC
|    builtin and then its argument prototype would still apply.  */
| #ifdef __cplusplus
| extern "C"
| #endif
| char setmode ();
| /* The GNU C library defines this for functions which it implements
|     to always fail with ENOSYS.  Some functions are actually named
|     something starting with __ and the normal name is an alias.  */
| #if defined __stub_setmode || defined __stub___setmode
| choke me
| #endif
| 
| int
| main ()
| {
| return setmode ();
|   ;
|   return 0;
| }
configure:11480: result: no
configure:11504: checking whether NLS is requested
configure:11510: result: yes
configure:11516: checking for catalogs to be installed
configure:11548: result:  bg da de eo es fi fr ga id it ja ms nl pt_BR ro ru rw sr sv tr uk vi bg da de eo es fi fr ga id it ja ms nl pt_BR ro ru rw sr sv tr uk vi
configure:11575: checking whether NLS is requested
configure:11584: result: yes
configure:11622: checking for msgfmt
configure:11653: result: /opt/local/bin/msgfmt
configure:11662: checking for gmsgfmt
configure:11693: result: /opt/local/bin/msgfmt
configure:11733: checking for xgettext
configure:11764: result: /opt/local/bin/xgettext
configure:11804: checking for msgmerge
configure:11834: result: /opt/local/bin/msgmerge
configure:11871: checking whether to enable maintainer-specific portions of Makefiles
configure:11880: result: no
configure:11905: checking sys/gmon_out.h usability
configure:11905: /usr/android/android-ndk-r10b/toolchains/arm-linux-androideabi-4.6/prebuilt/darwin-x86_64/bin/arm-linux-androideabi-gcc -c -g -O2 -I/usr/android/android-ndk-r10b/platforms/android-9/arch-arm/usr/include/ --sysroot=/usr/android/android-ndk-r10b/platforms/android-9/arch-arm/ -Wno-error -I/usr/android/android-ndk-r10b/platforms/android-9/arch-arm/usr/include/ conftest.c >&5
conftest.c:62:26: fatal error: sys/gmon_out.h: No such file or directory
compilation terminated.
configure:11905: $? = 1
configure: failed program was:
| /* confdefs.h */
| #define PACKAGE_NAME ""
| #define PACKAGE_TARNAME ""
| #define PACKAGE_VERSION ""
| #define PACKAGE_STRING ""
| #define PACKAGE_BUGREPORT ""
| #define PACKAGE_URL ""
| #define PACKAGE "gprof"
| #define VERSION "2.24"
| #define STDC_HEADERS 1
| #define HAVE_SYS_TYPES_H 1
| #define HAVE_SYS_STAT_H 1
| #define HAVE_STDLIB_H 1
| #define HAVE_STRING_H 1
| #define HAVE_MEMORY_H 1
| #define HAVE_STRINGS_H 1
| #define HAVE_INTTYPES_H 1
| #define HAVE_STDINT_H 1
| #define HAVE_UNISTD_H 1
| #define __EXTENSIONS__ 1
| #define _ALL_SOURCE 1
| #define _GNU_SOURCE 1
| #define _POSIX_PTHREAD_SEMANTICS 1
| #define _TANDEM_SOURCE 1
| #define HAVE_DLFCN_H 1
| #define LT_OBJDIR ".libs/"
| #define ENABLE_NLS 1
| /* end confdefs.h.  */
| #include <stdio.h>
| #ifdef HAVE_SYS_TYPES_H
| # include <sys/types.h>
| #endif
| #ifdef HAVE_SYS_STAT_H
| # include <sys/stat.h>
| #endif
| #ifdef STDC_HEADERS
| # include <stdlib.h>
| # include <stddef.h>
| #else
| # ifdef HAVE_STDLIB_H
| #  include <stdlib.h>
| # endif
| #endif
| #ifdef HAVE_STRING_H
| # if !defined STDC_HEADERS && defined HAVE_MEMORY_H
| #  include <memory.h>
| # endif
| # include <string.h>
| #endif
| #ifdef HAVE_STRINGS_H
| # include <strings.h>
| #endif
| #ifdef HAVE_INTTYPES_H
| # include <inttypes.h>
| #endif
| #ifdef HAVE_STDINT_H
| # include <stdint.h>
| #endif
| #ifdef HAVE_UNISTD_H
| # include <unistd.h>
| #endif
| #include <sys/gmon_out.h>
configure:11905: result: no
configure:11905: checking sys/gmon_out.h presence
configure:11905: /usr/android/android-ndk-r10b/toolchains/arm-linux-androideabi-4.6/prebuilt/darwin-x86_64/bin/arm-linux-androideabi-cpp -I/usr/android/android-ndk-r10b/platforms/android-9/arch-arm/usr/include/ conftest.c
conftest.c:29:26: fatal error: sys/gmon_out.h: No such file or directory
compilation terminated.
configure:11905: $? = 1
configure: failed program was:
| /* confdefs.h */
| #define PACKAGE_NAME ""
| #define PACKAGE_TARNAME ""
| #define PACKAGE_VERSION ""
| #define PACKAGE_STRING ""
| #define PACKAGE_BUGREPORT ""
| #define PACKAGE_URL ""
| #define PACKAGE "gprof"
| #define VERSION "2.24"
| #define STDC_HEADERS 1
| #define HAVE_SYS_TYPES_H 1
| #define HAVE_SYS_STAT_H 1
| #define HAVE_STDLIB_H 1
| #define HAVE_STRING_H 1
| #define HAVE_MEMORY_H 1
| #define HAVE_STRINGS_H 1
| #define HAVE_INTTYPES_H 1
| #define HAVE_STDINT_H 1
| #define HAVE_UNISTD_H 1
| #define __EXTENSIONS__ 1
| #define _ALL_SOURCE 1
| #define _GNU_SOURCE 1
| #define _POSIX_PTHREAD_SEMANTICS 1
| #define _TANDEM_SOURCE 1
| #define HAVE_DLFCN_H 1
| #define LT_OBJDIR ".libs/"
| #define ENABLE_NLS 1
| /* end confdefs.h.  */
| #include <sys/gmon_out.h>
configure:11905: result: no
configure:11905: checking for sys/gmon_out.h
configure:11905: result: no
configure:11916: checking for a known getopt prototype in unistd.h
configure:11932: /usr/android/android-ndk-r10b/toolchains/arm-linux-androideabi-4.6/prebuilt/darwin-x86_64/bin/arm-linux-androideabi-gcc -c -g -O2 -I/usr/android/android-ndk-r10b/platforms/android-9/arch-arm/usr/include/ --sysroot=/usr/android/android-ndk-r10b/platforms/android-9/arch-arm/ -Wno-error -I/usr/android/android-ndk-r10b/platforms/android-9/arch-arm/usr/include/ conftest.c >&5
configure:11932: $? = 0
configure:11940: result: yes
configure:11949: checking for library containing fabs
configure:11980: /usr/android/android-ndk-r10b/toolchains/arm-linux-androideabi-4.6/prebuilt/darwin-x86_64/bin/arm-linux-androideabi-gcc -o conftest -g -O2 -I/usr/android/android-ndk-r10b/platforms/android-9/arch-arm/usr/include/ --sysroot=/usr/android/android-ndk-r10b/platforms/android-9/arch-arm/ -Wno-error -I/usr/android/android-ndk-r10b/platforms/android-9/arch-arm/usr/include/ -L/usr/android/android-ndk-r10b/platforms/android-9/arch-arm/usr/lib/ conftest.c  >&5
conftest.c:37:6: warning: conflicting types for built-in function 'fabs' [enabled by default]
/usr/android/android-ndk-r10b/toolchains/arm-linux-androideabi-4.6/prebuilt/darwin-x86_64/bin/../lib/gcc/arm-linux-androideabi/4.6/../../../../arm-linux-androideabi/bin/ld: /var/folders/mx/h843qmxd1_70lrgf9mw8qthw0000gn/T//ccxGvfuk.o: in function main:conftest.c:41: error: undefined reference to 'fabs'
collect2: ld returned 1 exit status
configure:11980: $? = 1
configure: failed program was:
| /* confdefs.h */
| #define PACKAGE_NAME ""
| #define PACKAGE_TARNAME ""
| #define PACKAGE_VERSION ""
| #define PACKAGE_STRING ""
| #define PACKAGE_BUGREPORT ""
| #define PACKAGE_URL ""
| #define PACKAGE "gprof"
| #define VERSION "2.24"
| #define STDC_HEADERS 1
| #define HAVE_SYS_TYPES_H 1
| #define HAVE_SYS_STAT_H 1
| #define HAVE_STDLIB_H 1
| #define HAVE_STRING_H 1
| #define HAVE_MEMORY_H 1
| #define HAVE_STRINGS_H 1
| #define HAVE_INTTYPES_H 1
| #define HAVE_STDINT_H 1
| #define HAVE_UNISTD_H 1
| #define __EXTENSIONS__ 1
| #define _ALL_SOURCE 1
| #define _GNU_SOURCE 1
| #define _POSIX_PTHREAD_SEMANTICS 1
| #define _TANDEM_SOURCE 1
| #define HAVE_DLFCN_H 1
| #define LT_OBJDIR ".libs/"
| #define ENABLE_NLS 1
| #define HAVE_DECL_GETOPT 1
| /* end confdefs.h.  */
| 
| /* Override any GCC internal prototype to avoid an error.
|    Use char because int might match the return type of a GCC
|    builtin and then its argument prototype would still apply.  */
| #ifdef __cplusplus
| extern "C"
| #endif
| char fabs ();
| int
| main ()
| {
| return fabs ();
|   ;
|   return 0;
| }
configure:11980: /usr/android/android-ndk-r10b/toolchains/arm-linux-androideabi-4.6/prebuilt/darwin-x86_64/bin/arm-linux-androideabi-gcc -o conftest -g -O2 -I/usr/android/android-ndk-r10b/platforms/android-9/arch-arm/usr/include/ --sysroot=/usr/android/android-ndk-r10b/platforms/android-9/arch-arm/ -Wno-error -I/usr/android/android-ndk-r10b/platforms/android-9/arch-arm/usr/include/ -L/usr/android/android-ndk-r10b/platforms/android-9/arch-arm/usr/lib/ conftest.c -lm   >&5
conftest.c:37:6: warning: conflicting types for built-in function 'fabs' [enabled by default]
configure:11980: $? = 0
configure:11997: result: -lm
configure:12213: creating ./config.status

## ---------------------- ##
## Running config.status. ##
## ---------------------- ##

This file was extended by config.status, which was
generated by GNU Autoconf 2.64.  Invocation command line was

  CONFIG_FILES    = 
  CONFIG_HEADERS  = 
  CONFIG_LINKS    = 
  CONFIG_COMMANDS = 
  $ ./config.status 

on Anushruths-MacBook-Air.local

config.status:1106: creating Makefile
config.status:1106: creating po/Makefile.in
config.status:1106: creating gconfig.h
config.status:1326: executing depfiles commands
config.status:1326: executing libtool commands
config.status:1326: executing default-1 commands

## ---------------- ##
## Cache variables. ##
## ---------------- ##

ac_cv_build=i386-apple-darwin14.0.0
ac_cv_c_compiler_gnu=yes
ac_cv_env_CC_set=set
ac_cv_env_CC_value=/usr/android/android-ndk-r10b/toolchains/arm-linux-androideabi-4.6/prebuilt/darwin-x86_64/bin/arm-linux-androideabi-gcc
ac_cv_env_CFLAGS_set=set
ac_cv_env_CFLAGS_value='-g -O2 -I/usr/android/android-ndk-r10b/platforms/android-9/arch-arm/usr/include/ --sysroot=/usr/android/android-ndk-r10b/platforms/android-9/arch-arm/ -Wno-error'
ac_cv_env_CPPFLAGS_set=set
ac_cv_env_CPPFLAGS_value=-I/usr/android/android-ndk-r10b/platforms/android-9/arch-arm/usr/include/
ac_cv_env_CPP_set=set
ac_cv_env_CPP_value=/usr/android/android-ndk-r10b/toolchains/arm-linux-androideabi-4.6/prebuilt/darwin-x86_64/bin/arm-linux-androideabi-cpp
ac_cv_env_LDFLAGS_set=set
ac_cv_env_LDFLAGS_value=-L/usr/android/android-ndk-r10b/platforms/android-9/arch-arm/usr/lib/
ac_cv_env_LIBS_set=
ac_cv_env_LIBS_value=
ac_cv_env_build_alias_set=
ac_cv_env_build_alias_value=
ac_cv_env_host_alias_set=set
ac_cv_env_host_alias_value=arm-linux-androideabi
ac_cv_env_target_alias_set=set
ac_cv_env_target_alias_value=arm-linux-androideabi
ac_cv_func_setmode=no
ac_cv_header_dlfcn_h=yes
ac_cv_header_inttypes_h=yes
ac_cv_header_memory_h=yes
ac_cv_header_minix_config_h=no
ac_cv_header_stdc=yes
ac_cv_header_stdint_h=yes
ac_cv_header_stdlib_h=yes
ac_cv_header_string_h=yes
ac_cv_header_strings_h=yes
ac_cv_header_sys_gmon_out_h=no
ac_cv_header_sys_stat_h=yes
ac_cv_header_sys_types_h=yes
ac_cv_header_unistd_h=yes
ac_cv_host=arm-unknown-linux-androideabi
ac_cv_objext=o
ac_cv_path_EGREP='/usr/bin/grep -E'
ac_cv_path_FGREP='/usr/bin/grep -F'
ac_cv_path_GMSGFMT=/opt/local/bin/msgfmt
ac_cv_path_GREP=/usr/bin/grep
ac_cv_path_MSGFMT=/opt/local/bin/msgfmt
ac_cv_path_MSGMERGE=/opt/local/bin/msgmerge
ac_cv_path_SED=/usr/bin/sed
ac_cv_path_XGETTEXT=/opt/local/bin/xgettext
ac_cv_path_install='/usr/bin/install -c'
ac_cv_prog_AR=/usr/android/android-ndk-r10b/toolchains/arm-linux-androideabi-4.6/prebuilt/darwin-x86_64/bin/arm-linux-androideabi-ar
ac_cv_prog_AWK=awk
ac_cv_prog_CC=/usr/android/android-ndk-r10b/toolchains/arm-linux-androideabi-4.6/prebuilt/darwin-x86_64/bin/arm-linux-androideabi-gcc
ac_cv_prog_CPP=/usr/android/android-ndk-r10b/toolchains/arm-linux-androideabi-4.6/prebuilt/darwin-x86_64/bin/arm-linux-androideabi-cpp
ac_cv_prog_OBJDUMP=arm-linux-androideabi-objdump
ac_cv_prog_RANLIB=arm-linux-androideabi-ranlib
ac_cv_prog_STRIP=arm-linux-androideabi-strip
ac_cv_prog_cc_c89=
ac_cv_prog_cc_g=yes
ac_cv_prog_make_make_set=yes
ac_cv_safe_to_define___extensions__=yes
ac_cv_search_fabs=-lm
ac_cv_search_strerror='none required'
ac_cv_sys_file_offset_bits=unknown
ac_cv_sys_large_files=unknown
ac_cv_sys_largefile_CC=no
ac_cv_target=arm-unknown-linux-androideabi
am_cv_CC_dependencies_compiler_type=gcc3
gprof_cv_decl_getopt_unistd_h=yes
lt_cv_archive_cmds_need_lc=no
lt_cv_deplibs_check_method=pass_all
lt_cv_file_magic_cmd='$MAGIC_CMD'
lt_cv_file_magic_test_file=
lt_cv_ld_reload_flag=-r
lt_cv_nm_interface='BSD nm'
lt_cv_objdir=.libs
lt_cv_path_LD=/usr/android/android-ndk-r10b/toolchains/arm-linux-androideabi-4.6/prebuilt/darwin-x86_64/arm-linux-androideabi/bin/ld
lt_cv_path_NM='/usr/android/android-ndk-r10b/toolchains/arm-linux-androideabi-4.6/prebuilt/darwin-x86_64/bin//arm-linux-androideabi-nm -B'
lt_cv_prog_compiler_c_o=yes
lt_cv_prog_compiler_pic_works=yes
lt_cv_prog_compiler_rtti_exceptions=no
lt_cv_prog_compiler_static_works=yes
lt_cv_prog_gnu_ld=yes
lt_cv_shlibpath_overrides_runpath=no
lt_cv_sys_global_symbol_pipe='sed -n -e '\''s/^.*[	 ]\([ABCDGIRSTW][ABCDGIRSTW]*\)[	 ][	 ]*\([_A-Za-z][_A-Za-z0-9]*\)$/\1 \2 \2/p'\'''
lt_cv_sys_global_symbol_to_c_name_address='sed -n -e '\''s/^: \([^ ]*\) $/  {\"\1\", (void *) 0},/p'\'' -e '\''s/^[ABCDGIRSTW]* \([^ ]*\) \([^ ]*\)$/  {"\2", (void *) \&\2},/p'\'''
lt_cv_sys_global_symbol_to_c_name_address_lib_prefix='sed -n -e '\''s/^: \([^ ]*\) $/  {\"\1\", (void *) 0},/p'\'' -e '\''s/^[ABCDGIRSTW]* \([^ ]*\) \(lib[^ ]*\)$/  {"\2", (void *) \&\2},/p'\'' -e '\''s/^[ABCDGIRSTW]* \([^ ]*\) \([^ ]*\)$/  {"lib\2", (void *) \&\2},/p'\'''
lt_cv_sys_global_symbol_to_cdecl='sed -n -e '\''s/^T .* \(.*\)$/extern int \1();/p'\'' -e '\''s/^[ABCDGIRSTW]* .* \(.*\)$/extern char \1;/p'\'''
lt_cv_sys_max_cmd_len=196608

## ----------------- ##
## Output variables. ##
## ----------------- ##

ACLOCAL='${SHELL} /Users/regnarts/Documents/experiment/binutils/missing --run aclocal-1.11'
AMDEPBACKSLASH='\'
AMDEP_FALSE='#'
AMDEP_TRUE=''
AMTAR='${SHELL} /Users/regnarts/Documents/experiment/binutils/missing --run tar'
AR='/usr/android/android-ndk-r10b/toolchains/arm-linux-androideabi-4.6/prebuilt/darwin-x86_64/bin/arm-linux-androideabi-ar'
AUTOCONF='${SHELL} /Users/regnarts/Documents/experiment/binutils/missing --run autoconf'
AUTOHEADER='${SHELL} /Users/regnarts/Documents/experiment/binutils/missing --run autoheader'
AUTOMAKE='${SHELL} /Users/regnarts/Documents/experiment/binutils/missing --run automake-1.11'
AWK='awk'
CATALOGS=' bg.gmo da.gmo de.gmo eo.gmo es.gmo fi.gmo fr.gmo ga.gmo id.gmo it.gmo ja.gmo ms.gmo nl.gmo pt_BR.gmo ro.gmo ru.gmo rw.gmo sr.gmo sv.gmo tr.gmo uk.gmo vi.gmo bg.gmo da.gmo de.gmo eo.gmo es.gmo fi.gmo fr.gmo ga.gmo id.gmo it.gmo ja.gmo ms.gmo nl.gmo pt_BR.gmo ro.gmo ru.gmo rw.gmo sr.gmo sv.gmo tr.gmo uk.gmo vi.gmo'
CATOBJEXT='.gmo'
CC='/usr/android/android-ndk-r10b/toolchains/arm-linux-androideabi-4.6/prebuilt/darwin-x86_64/bin/arm-linux-androideabi-gcc'
CCDEPMODE='depmode=gcc3'
CFLAGS='-g -O2 -I/usr/android/android-ndk-r10b/platforms/android-9/arch-arm/usr/include/ --sysroot=/usr/android/android-ndk-r10b/platforms/android-9/arch-arm/ -Wno-error'
CPP='/usr/android/android-ndk-r10b/toolchains/arm-linux-androideabi-4.6/prebuilt/darwin-x86_64/bin/arm-linux-androideabi-cpp'
CPPFLAGS='-I/usr/android/android-ndk-r10b/platforms/android-9/arch-arm/usr/include/'
CYGPATH_W='echo'
DATADIRNAME='share'
DEFS='-DHAVE_CONFIG_H'
DEPDIR='.deps'
DSYMUTIL=''
DUMPBIN=''
ECHO_C='\c'
ECHO_N=''
ECHO_T=''
EGREP='/usr/bin/grep -E'
EXEEXT=''
FGREP='/usr/bin/grep -F'
GENCAT='gencat'
GENINSRC_NEVER_FALSE=''
GENINSRC_NEVER_TRUE='#'
GMSGFMT='/opt/local/bin/msgfmt'
GREP='/usr/bin/grep'
INCINTL='-I${top_builddir}/../intl'
INSTALL_DATA='${INSTALL} -m 644'
INSTALL_PROGRAM='${INSTALL}'
INSTALL_SCRIPT='${INSTALL}'
INSTALL_STRIP_PROGRAM='$(install_sh) -c -s'
INSTOBJEXT='.mo'
LD='/usr/android/android-ndk-r10b/toolchains/arm-linux-androideabi-4.6/prebuilt/darwin-x86_64/arm-linux-androideabi/bin/ld'
LDFLAGS='-L/usr/android/android-ndk-r10b/platforms/android-9/arch-arm/usr/lib/'
LIBINTL='${top_builddir}/../intl/libintl.a'
LIBINTL_DEP='${top_builddir}/../intl/libintl.a'
LIBOBJS=''
LIBS='-lm '
LIBTOOL='$(SHELL) $(top_builddir)/libtool'
LIPO=''
LN_S='ln -s'
LTLIBOBJS=''
MAINT='#'
MAINTAINER_MODE_FALSE=''
MAINTAINER_MODE_TRUE='#'
MAKEINFO='${SHELL} /Users/regnarts/Documents/experiment/binutils/missing --run makeinfo'
MKDIR_P='./../install-sh -c -d'
MKINSTALLDIRS='$(top_builddir)/./../mkinstalldirs'
MSGFMT='/opt/local/bin/msgfmt'
MSGMERGE='/opt/local/bin/msgmerge'
NM='/usr/android/android-ndk-r10b/toolchains/arm-linux-androideabi-4.6/prebuilt/darwin-x86_64/bin//arm-linux-androideabi-nm -B'
NMEDIT=''
NO_WERROR='-Wno-error'
OBJDUMP='arm-linux-androideabi-objdump'
OBJEXT='o'
OTOOL64=''
OTOOL=''
PACKAGE='gprof'
PACKAGE_BUGREPORT=''
PACKAGE_NAME=''
PACKAGE_STRING=''
PACKAGE_TARNAME=''
PACKAGE_URL=''
PACKAGE_VERSION=''
PATH_SEPARATOR=':'
POSUB='po'
RANLIB='arm-linux-androideabi-ranlib'
SED='/usr/bin/sed'
SET_MAKE=''
SHELL='/bin/sh'
STRIP='arm-linux-androideabi-strip'
USE_NLS='yes'
VERSION='2.24'
WARN_CFLAGS='-W -Wall -Wstrict-prototypes -Wmissing-prototypes -Wshadow -Werror'
XGETTEXT='/opt/local/bin/xgettext'
ac_ct_CC=''
ac_ct_DUMPBIN=''
am__EXEEXT_FALSE=''
am__EXEEXT_TRUE='#'
am__fastdepCC_FALSE='#'
am__fastdepCC_TRUE=''
am__include='include'
am__isrc=''
am__leading_dot='.'
am__quote=''
am__tar='${AMTAR} chof - "$$tardir"'
am__untar='${AMTAR} xf -'
bindir='${exec_prefix}/bin'
build='i386-apple-darwin14.0.0'
build_alias=''
build_cpu='i386'
build_os='darwin14.0.0'
build_vendor='apple'
datadir='${datarootdir}'
datarootdir='${prefix}/share'
docdir='${datarootdir}/doc/${PACKAGE}'
dvidir='${docdir}'
exec_prefix='${prefix}'
host='arm-unknown-linux-androideabi'
host_alias='arm-linux-androideabi'
host_cpu='arm'
host_os='linux-androideabi'
host_vendor='unknown'
htmldir='${docdir}'
includedir='${prefix}/include'
infodir='${datarootdir}/info'
install_sh='${SHELL} /Users/regnarts/Documents/experiment/binutils/install-sh'
libdir='${exec_prefix}/lib'
libexecdir='${exec_prefix}/libexec'
localedir='${datarootdir}/locale'
localstatedir='${prefix}/var'
mandir='${datarootdir}/man'
mkdir_p='$(top_builddir)/./../install-sh -c -d'
oldincludedir='/usr/include'
pdfdir='${docdir}'
prefix='/Users/regnarts/Documents/experiment/prefix'
program_transform_name='s&^&arm-linux-androideabi-&'
psdir='${docdir}'
sbindir='${exec_prefix}/sbin'
sharedstatedir='${prefix}/com'
sysconfdir='${prefix}/etc'
target='arm-unknown-linux-androideabi'
target_alias='arm-linux-androideabi'
target_cpu='arm'
target_os='linux-androideabi'
target_vendor='unknown'

## ----------- ##
## confdefs.h. ##
## ----------- ##

/* confdefs.h */
#define PACKAGE_NAME ""
#define PACKAGE_TARNAME ""
#define PACKAGE_VERSION ""
#define PACKAGE_STRING ""
#define PACKAGE_BUGREPORT ""
#define PACKAGE_URL ""
#define PACKAGE "gprof"
#define VERSION "2.24"
#define STDC_HEADERS 1
#define HAVE_SYS_TYPES_H 1
#define HAVE_SYS_STAT_H 1
#define HAVE_STDLIB_H 1
#define HAVE_STRING_H 1
#define HAVE_MEMORY_H 1
#define HAVE_STRINGS_H 1
#define HAVE_INTTYPES_H 1
#define HAVE_STDINT_H 1
#define HAVE_UNISTD_H 1
#define __EXTENSIONS__ 1
#define _ALL_SOURCE 1
#define _GNU_SOURCE 1
#define _POSIX_PTHREAD_SEMANTICS 1
#define _TANDEM_SOURCE 1
#define HAVE_DLFCN_H 1
#define LT_OBJDIR ".libs/"
#define ENABLE_NLS 1
#define HAVE_DECL_GETOPT 1

configure: exit 0
