This file contains any messages produced by compilers while
running configure, to aid debugging if configure makes a mistake.

It was created by GNU C Runtime Library configure 1.0, which was
generated by GNU Autoconf 2.64.  Invocation command line was

  $ /Users/regnarts/Documents/experiment/gcc/libgcc/configure --cache-file=./config.cache --prefix=/Users/regnarts/Documents/experiment/sysroot --with-gmp=/Users/regnarts/Documents/experiment/sysroot --with-mpfr=/Users/regnarts/Documents/experiment/sysroot --without-headers --with-newlib --disable-decimal-float --disable-libgomp --disable-libmudflap --disable-libssp --disable-libatomic --disable-libitm --disable-libsanitizer --disable-libquadmath --disable-threads --disable-multilib --disable-target-zlib --with-system-zlib --enable-languages=c,c++,lto --program-transform-name=s,y,y, --disable-option-checking --with-target-subdir=arm-linux-androideabi --build=i386-apple-darwin14.0.0 --host=arm-linux-androideabi --target=arm-linux-androideabi --srcdir=../../../gcc/libgcc

## --------- ##
## Platform. ##
## --------- ##

hostname = Anushruths-MacBook-Air.local
uname -m = x86_64
uname -r = 14.0.0
uname -s = Darwin
uname -v = Darwin Kernel Version 14.0.0: Fri Sep 19 00:26:44 PDT 2014; root:xnu-2782.1.97~2/RELEASE_X86_64

/usr/bin/uname -p = i386
/bin/uname -X     = unknown

/bin/arch              = unknown
/usr/bin/arch -k       = unknown
/usr/convex/getsysinfo = unknown
/usr/bin/hostinfo      = Mach kernel version:
	 Darwin Kernel Version 14.0.0: Fri Sep 19 00:26:44 PDT 2014; root:xnu-2782.1.97~2/RELEASE_X86_64
Kernel configured for up to 4 processors.
2 processors are physically available.
4 processors are logically available.
Processor type: x86_64h (Intel x86-64h Haswell)
Processors active: 0 1 2 3
Primary memory available: 4.00 gigabytes
Default processor set: 214 tasks, 839 threads, 4 processors
Load average: 1.77, Mach factor: 2.22
/bin/machine           = unknown
/usr/bin/oslevel       = unknown
/bin/universe          = unknown

PATH: /opt/local/bin
PATH: /opt/local/sbin
PATH: /opt/local/bin
PATH: /opt/local/sbin
PATH: /usr/bin
PATH: /bin
PATH: /usr/sbin
PATH: /sbin
PATH: /usr/local/bin
PATH: /usr/android/android-ndk-r10b
PATH: /usr/android/adt-bundle-mac-x86_64-20140702/sdk/platform-tools
PATH: /usr/android/android-ndk-r10b/toolchains/arm-linux-androideabi-4.6/prebuilt/darwin-x86_64/bin/


## ----------- ##
## Core tests. ##
## ----------- ##

configure:1734: loading cache ./config.cache
configure:1903: checking for --enable-version-specific-runtime-libs
configure:1916: result: no
configure:1964: checking for a BSD-compatible install
configure:2032: result: /usr/bin/install -c
configure:2048: checking for gawk
configure:2075: result: awk
configure:2095: checking build system type
configure:2109: result: i386-apple-darwin14.0.0
configure:2129: checking host system type
configure:2142: result: arm-unknown-linux-androideabi
configure:2245: checking for arm-linux-androideabi-ar
configure:2272: result: arm-linux-androideabi-ar
configure:2337: checking for arm-linux-androideabi-lipo
configure:2364: result: arm-linux-androideabi-lipo
configure:2429: checking for arm-linux-androideabi-nm
configure:2456: result: arm-linux-androideabi-nm
configure:2521: checking for arm-linux-androideabi-ranlib
configure:2548: result: arm-linux-androideabi-ranlib
configure:2613: checking for arm-linux-androideabi-strip
configure:2640: result: arm-linux-androideabi-strip
configure:2702: checking whether ln -s works
configure:2706: result: yes
configure:2723: checking for arm-linux-androideabi-gcc
configure:2750: result: arm-linux-androideabi-cc    
configure:3019: checking for C compiler version
configure:3028: arm-linux-androideabi-cc     --version >&5
arm-linux-androideabi-cc (GCC) 4.6 20120106 (prerelease)
Copyright (C) 2011 Free Software Foundation, Inc.
This is free software; see the source for copying conditions.  There is NO
warranty; not even for MERCHANTABILITY or FITNESS FOR A PARTICULAR PURPOSE.

configure:3039: $? = 0
configure:3028: arm-linux-androideabi-cc     -v >&5
Using built-in specs.
COLLECT_GCC=arm-linux-androideabi-cc
COLLECT_LTO_WRAPPER=/usr/android/android-ndk-r10b/toolchains/arm-linux-androideabi-4.6/prebuilt/darwin-x86_64/bin/../libexec/gcc/arm-linux-androideabi/4.6/lto-wrapper
Target: arm-linux-androideabi
Configured with: /s/ndk-toolchain/src/build/../gcc/gcc-4.6/configure --prefix=/tmp/ndk-User/build/toolchain/prefix --target=arm-linux-androideabi --host=x86_64-apple-darwin --build=x86_64-apple-darwin --with-gnu-as --with-gnu-ld --enable-languages=c,c++ --with-gmp=/tmp/ndk-User/build/toolchain/temp-install --with-mpfr=/tmp/ndk-User/build/toolchain/temp-install --with-mpc=/tmp/ndk-User/build/toolchain/temp-install --with-cloog=/tmp/ndk-User/build/toolchain/temp-install --with-isl=/tmp/ndk-User/build/toolchain/temp-install --with-ppl=/tmp/ndk-User/build/toolchain/temp-install --disable-ppl-version-check --disable-cloog-version-check --disable-isl-version-check --enable-cloog-backend=isl --with-host-libstdcxx='-static-libgcc -lstdc++ -lm' --disable-libssp --enable-threads --disable-nls --disable-libmudflap --disable-libgomp --disable-libstdc__-v3 --disable-sjlj-exceptions --disable-shared --disable-tls --disable-libitm --with-float=soft --with-fpu=vfp --with-arch=armv5te --enable-target-optspace --enable-initfini-array --disable-nls --prefix=/tmp/ndk-User/build/toolchain/prefix --with-sysroot=/tmp/ndk-User/build/toolchain/prefix/sysroot --with-binutils-version=2.21 --with-mpfr-version=3.1.1 --with-mpc-version=1.0.1 --with-gmp-version=5.0.5 --with-gcc-version=4.6 --with-gdb-version=7.3.x --with-python=/Users/User/mydroid/ndk/prebuilt/darwin-x86_64/bin/python-config.sh --with-gxx-include-dir=/tmp/ndk-User/build/toolchain/prefix/include/c++/4.6 --with-bugurl=http://source.android.com/source/report-bugs.html --disable-bootstrap --disable-libquadmath --enable-plugins --enable-libgomp --disable-libsanitizer --enable-gold --enable-graphite=yes --with-cloog-version=0.18.0 --with-ppl-version=1.0 --enable-eh-frame-hdr-for-static --with-arch=armv5te --program-transform-name='s&^&arm-linux-androideabi-&' --enable-gold=default
Thread model: posix
gcc version 4.6 20120106 (prerelease) (GCC) 
configure:3039: $? = 0
configure:3028: arm-linux-androideabi-cc     -V >&5
arm-linux-androideabi-cc: error: unrecognized option '-V'
arm-linux-androideabi-cc: fatal error: no input files
compilation terminated.
configure:3039: $? = 1
configure:3028: arm-linux-androideabi-cc     -qversion >&5
arm-linux-androideabi-cc: error: unrecognized option '-qversion'
arm-linux-androideabi-cc: fatal error: no input files
compilation terminated.
configure:3039: $? = 1
configure:3055: arm-linux-androideabi-cc     -o conftest -g -O2 -I/usr/android/android-ndk-r10b/platforms/android-9/arch-arm/usr/include/ --sysroot=/usr/android/android-ndk-r10b/platforms/android-9/arch-arm   conftest.c  >&5
configure:3058: $? = 0
configure:3087: checking for C compiler default output file name
configure:3109: arm-linux-androideabi-cc     -g -O2 -I/usr/android/android-ndk-r10b/platforms/android-9/arch-arm/usr/include/ --sysroot=/usr/android/android-ndk-r10b/platforms/android-9/arch-arm   conftest.c  >&5
configure:3113: $? = 0
configure:3150: result: a.out
configure:3166: checking whether the C compiler works
configure:3194: result: yes
configure:3201: checking whether we are cross compiling
configure:3203: result: yes
configure:3206: checking for suffix of executables
configure:3213: arm-linux-androideabi-cc     -o conftest -g -O2 -I/usr/android/android-ndk-r10b/platforms/android-9/arch-arm/usr/include/ --sysroot=/usr/android/android-ndk-r10b/platforms/android-9/arch-arm   conftest.c  >&5
configure:3217: $? = 0
configure:3239: result: 
configure:3246: checking for suffix of object files
configure:3268: arm-linux-androideabi-cc     -c -g -O2 -I/usr/android/android-ndk-r10b/platforms/android-9/arch-arm/usr/include/ --sysroot=/usr/android/android-ndk-r10b/platforms/android-9/arch-arm  conftest.c >&5
configure:3272: $? = 0
configure:3293: result: o
configure:3297: checking whether we are using the GNU C compiler
configure:3316: arm-linux-androideabi-cc     -c -g -O2 -I/usr/android/android-ndk-r10b/platforms/android-9/arch-arm/usr/include/ --sysroot=/usr/android/android-ndk-r10b/platforms/android-9/arch-arm  conftest.c >&5
configure:3316: $? = 0
configure:3325: result: yes
configure:3334: checking whether arm-linux-androideabi-cc     accepts -g
configure:3354: arm-linux-androideabi-cc     -c -g  conftest.c >&5
configure:3354: $? = 0
configure:3395: result: yes
configure:3412: checking for arm-linux-androideabi-cc     option to accept ISO C89
configure:3476: arm-linux-androideabi-cc      -c -g -O2 -I/usr/android/android-ndk-r10b/platforms/android-9/arch-arm/usr/include/ --sysroot=/usr/android/android-ndk-r10b/platforms/android-9/arch-arm  conftest.c >&5
configure:3476: $? = 0
configure:3489: result: none needed
configure:3514: checking how to run the C preprocessor
configure:3545: arm-linux-androideabi-cc     -E  conftest.c
configure:3545: $? = 0
configure:3559: arm-linux-androideabi-cc     -E  conftest.c
conftest.c:9:28: fatal error: ac_nonexistent.h: No such file or directory
compilation terminated.
configure:3559: $? = 1
configure: failed program was:
| /* confdefs.h */
| #define PACKAGE_NAME "GNU C Runtime Library"
| #define PACKAGE_TARNAME "libgcc"
| #define PACKAGE_VERSION "1.0"
| #define PACKAGE_STRING "GNU C Runtime Library 1.0"
| #define PACKAGE_BUGREPORT ""
| #define PACKAGE_URL "http://www.gnu.org/software/libgcc/"
| /* end confdefs.h.  */
| #include <ac_nonexistent.h>
configure:3584: result: arm-linux-androideabi-cc     -E
configure:3604: arm-linux-androideabi-cc     -E  conftest.c
configure:3604: $? = 0
configure:3618: arm-linux-androideabi-cc     -E  conftest.c
conftest.c:9:28: fatal error: ac_nonexistent.h: No such file or directory
compilation terminated.
configure:3618: $? = 1
configure: failed program was:
| /* confdefs.h */
| #define PACKAGE_NAME "GNU C Runtime Library"
| #define PACKAGE_TARNAME "libgcc"
| #define PACKAGE_VERSION "1.0"
| #define PACKAGE_STRING "GNU C Runtime Library 1.0"
| #define PACKAGE_BUGREPORT ""
| #define PACKAGE_URL "http://www.gnu.org/software/libgcc/"
| /* end confdefs.h.  */
| #include <ac_nonexistent.h>
configure:3651: checking whether decimal floating point is supported
configure:3660: arm-linux-androideabi-cc     -c -g -O2 -I/usr/android/android-ndk-r10b/platforms/android-9/arch-arm/usr/include/ --sysroot=/usr/android/android-ndk-r10b/platforms/android-9/arch-arm  conftest.c >&5
conftest.c:9:1: error: decimal floating point not supported for this target
configure:3660: $? = 1
configure: failed program was:
| /* confdefs.h */
| #define PACKAGE_NAME "GNU C Runtime Library"
| #define PACKAGE_TARNAME "libgcc"
| #define PACKAGE_VERSION "1.0"
| #define PACKAGE_STRING "GNU C Runtime Library 1.0"
| #define PACKAGE_BUGREPORT ""
| #define PACKAGE_URL "http://www.gnu.org/software/libgcc/"
| /* end confdefs.h.  */
| _Decimal32 x;
configure:3667: result: no
configure:3724: checking whether fixed-point is supported
configure:3733: arm-linux-androideabi-cc     -c -g -O2 -I/usr/android/android-ndk-r10b/platforms/android-9/arch-arm/usr/include/ --sysroot=/usr/android/android-ndk-r10b/platforms/android-9/arch-arm  conftest.c >&5
conftest.c:9:6: error: fixed-point types not supported for this target
configure:3733: $? = 1
configure: failed program was:
| /* confdefs.h */
| #define PACKAGE_NAME "GNU C Runtime Library"
| #define PACKAGE_TARNAME "libgcc"
| #define PACKAGE_VERSION "1.0"
| #define PACKAGE_STRING "GNU C Runtime Library 1.0"
| #define PACKAGE_BUGREPORT ""
| #define PACKAGE_URL "http://www.gnu.org/software/libgcc/"
| /* end confdefs.h.  */
| _Sat _Fract x;
configure:3740: result: no
configure:3746: checking whether assembler supports CFI directives
configure:3759: arm-linux-androideabi-cc     -c -g -O2 -I/usr/android/android-ndk-r10b/platforms/android-9/arch-arm/usr/include/ --sysroot=/usr/android/android-ndk-r10b/platforms/android-9/arch-arm  conftest.c >&5
configure:3759: $? = 0
configure:3766: result: yes
configure:3814: checking for __attribute__((visibility("hidden")))
configure:3823: arm-linux-androideabi-cc     -Werror -S conftest.c -o conftest.s 1>&5
configure:3826: $? = 0
configure:3835: result: yes
configure:3863: checking whether the target assembler supports thread-local storage
configure:3873: arm-linux-androideabi-cc     -c -g -O2 -I/usr/android/android-ndk-r10b/platforms/android-9/arch-arm/usr/include/ --sysroot=/usr/android/android-ndk-r10b/platforms/android-9/arch-arm  conftest.c >&5
configure:3873: $? = 0
configure:3881: result: yes
configure:3891: checking whether the thread-local storage support is from emutls
configure:3900: arm-linux-androideabi-cc     -Werror -S -o conftest.s conftest.c 1>&5
configure:3903: $? = 0
configure:3912: result: yes
configure:4011: updating cache ./config.cache
configure:4084: creating ./config.status

## ---------------------- ##
## Running config.status. ##
## ---------------------- ##

This file was extended by GNU C Runtime Library config.status 1.0, which was
generated by GNU Autoconf 2.64.  Invocation command line was

  CONFIG_FILES    = 
  CONFIG_HEADERS  = 
  CONFIG_LINKS    = 
  CONFIG_COMMANDS = 
  $ ./config.status 

on Anushruths-MacBook-Air.local

config.status:782: creating Makefile
config.status:932: executing default commands

## ---------------- ##
## Cache variables. ##
## ---------------- ##

ac_cv_build=i386-apple-darwin14.0.0
ac_cv_c_compiler_gnu=yes
ac_cv_env_CC_set=set
ac_cv_env_CC_value='arm-linux-androideabi-cc    '
ac_cv_env_CFLAGS_set=set
ac_cv_env_CFLAGS_value='-g -O2 -I/usr/android/android-ndk-r10b/platforms/android-9/arch-arm/usr/include/ --sysroot=/usr/android/android-ndk-r10b/platforms/android-9/arch-arm'
ac_cv_env_CPPFLAGS_set=set
ac_cv_env_CPPFLAGS_value=
ac_cv_env_CPP_set=
ac_cv_env_CPP_value=
ac_cv_env_LDFLAGS_set=set
ac_cv_env_LDFLAGS_value=
ac_cv_env_LIBS_set=
ac_cv_env_LIBS_value=
ac_cv_env_build_alias_set=set
ac_cv_env_build_alias_value=i386-apple-darwin14.0.0
ac_cv_env_host_alias_set=set
ac_cv_env_host_alias_value=arm-linux-androideabi
ac_cv_env_target_alias_set=set
ac_cv_env_target_alias_value=arm-linux-androideabi
ac_cv_host=arm-unknown-linux-androideabi
ac_cv_objext=o
ac_cv_prog_AR=arm-linux-androideabi-ar
ac_cv_prog_AWK=awk
ac_cv_prog_CC='arm-linux-androideabi-cc    '
ac_cv_prog_CPP='arm-linux-androideabi-cc     -E'
ac_cv_prog_LIPO=arm-linux-androideabi-lipo
ac_cv_prog_NM=arm-linux-androideabi-nm
ac_cv_prog_RANLIB=arm-linux-androideabi-ranlib
ac_cv_prog_STRIP=arm-linux-androideabi-strip
ac_cv_prog_cc_c89=
ac_cv_prog_cc_g=yes
gcc_cv_have_cc_tls=yes
gcc_cv_use_emutls=yes
libgcc_cv_cfi=yes
libgcc_cv_dfp=no
libgcc_cv_fixed_point=no
libgcc_cv_hidden_visibility_attribute=yes

## ----------------- ##
## Output variables. ##
## ----------------- ##

AR='arm-linux-androideabi-ar'
AWK='awk'
CC='arm-linux-androideabi-cc    '
CFLAGS='-g -O2 -I/usr/android/android-ndk-r10b/platforms/android-9/arch-arm/usr/include/ --sysroot=/usr/android/android-ndk-r10b/platforms/android-9/arch-arm'
CPP='arm-linux-androideabi-cc     -E'
CPPFLAGS=''
DEFS='-DPACKAGE_NAME=\"GNU\ C\ Runtime\ Library\" -DPACKAGE_TARNAME=\"libgcc\" -DPACKAGE_VERSION=\"1.0\" -DPACKAGE_STRING=\"GNU\ C\ Runtime\ Library\ 1.0\" -DPACKAGE_BUGREPORT=\"\" -DPACKAGE_URL=\"http://www.gnu.org/software/libgcc/\" -DUSE_EMUTLS=1'
ECHO_C='\c'
ECHO_N=''
ECHO_T=''
EXEEXT=''
INSTALL_DATA='/usr/bin/install -c -m 644'
INSTALL_PROGRAM='/usr/bin/install -c'
INSTALL_SCRIPT='/usr/bin/install -c'
LDFLAGS=''
LIBOBJS=''
LIBS=''
LIPO='arm-linux-androideabi-lipo'
LN_S='ln -s'
LTLIBOBJS=''
MAINT='#'
NM='arm-linux-androideabi-nm'
OBJEXT='o'
PACKAGE_BUGREPORT=''
PACKAGE_NAME='GNU C Runtime Library'
PACKAGE_STRING='GNU C Runtime Library 1.0'
PACKAGE_TARNAME='libgcc'
PACKAGE_URL='http://www.gnu.org/software/libgcc/'
PACKAGE_VERSION='1.0'
PATH_SEPARATOR=':'
RANLIB='arm-linux-androideabi-ranlib'
SHELL='/bin/sh'
STRIP='arm-linux-androideabi-strip'
ac_ct_CC=''
asm_hidden_op='.hidden'
bindir='${exec_prefix}/bin'
build='i386-apple-darwin14.0.0'
build_alias='i386-apple-darwin14.0.0'
build_cpu='i386'
build_libsubdir='build-i386-apple-darwin14.0.0'
build_os='darwin14.0.0'
build_subdir='build-i386-apple-darwin14.0.0'
build_vendor='apple'
datadir='${datarootdir}'
datarootdir='${prefix}/share'
decimal_float='no'
docdir='${datarootdir}/doc/${PACKAGE_TARNAME}'
dvidir='${docdir}'
enable_decimal_float='no'
enable_shared='yes'
exec_prefix='${prefix}'
extra_parts='crtbegin.o crtbeginS.o crtbeginT.o crtend.o crtendS.o'
fixed_point='no'
host='arm-unknown-linux-androideabi'
host_alias='arm-linux-androideabi'
host_cpu='arm'
host_noncanonical='arm-linux-androideabi'
host_os='linux-androideabi'
host_subdir='.'
host_vendor='unknown'
htmldir='${docdir}'
includedir='${prefix}/include'
infodir='${datarootdir}/info'
libdir='${exec_prefix}/lib'
libexecdir='${exec_prefix}/libexec'
libgcc_topdir='../../../gcc/libgcc/..'
localedir='${datarootdir}/locale'
localstatedir='${prefix}/var'
mandir='${datarootdir}/man'
oldincludedir='/usr/include'
pdfdir='${docdir}'
prefix='/Users/regnarts/Documents/experiment/sysroot'
program_transform_name='s,y,y,'
psdir='${docdir}'
sbindir='${exec_prefix}/sbin'
set_have_cc_tls='-DHAVE_CC_TLS'
set_use_emutls='-DUSE_EMUTLS'
sharedstatedir='${prefix}/com'
slibdir='$(libdir)'
sysconfdir='${prefix}/etc'
target_alias='arm-linux-androideabi'
target_noncanonical='arm-linux-androideabi'
target_subdir='arm-linux-androideabi'
tmake_file=''
toolexecdir='$(libdir)/gcc-lib/$(target_noncanonical)'
toolexeclibdir='$(libdir)'
vis_hide='-fvisibility=hidden -DHIDE_EXPORTS'

## ----------- ##
## confdefs.h. ##
## ----------- ##

/* confdefs.h */
#define PACKAGE_NAME "GNU C Runtime Library"
#define PACKAGE_TARNAME "libgcc"
#define PACKAGE_VERSION "1.0"
#define PACKAGE_STRING "GNU C Runtime Library 1.0"
#define PACKAGE_BUGREPORT ""
#define PACKAGE_URL "http://www.gnu.org/software/libgcc/"
#define USE_EMUTLS 1

configure: exit 0
