This file contains any messages produced by compilers while
running configure, to aid debugging if configure makes a mistake.

It was created by configure, which was
generated by GNU Autoconf 2.64.  Invocation command line was

  $ ./configure --prefix=/home/anushruth/experiment/sysroot/ --target=arm-linux-androideabi --with-gmp=/home/anushruth/experiment/sysroot/ --with-mpfr=/home/anushruth/experiment/sysroot/ --with-mpc=/home/anushruth/experiment/sysroot/ --disable-nls --disable-shared --disable-multilib --disable-decimal-float --disable-threads --disable-libatomic --disable-libgomp --disable-libitm --disable-libquadmath --disable-libsanitizer --disable-libssp --disable-libvtv --disable-libcilkrts --disable-libstdc++-v3 --enable-languages=c,c++ --host=arm-linux-androideabi --without-headers CC=/home/anushruth/tools/android-ndk-r10d/toolchains/arm-linux-androideabi-4.6/prebuilt/linux-x86_64/bin/arm-linux-androideabi-gcc CXX=/home/anushruth/tools/android-ndk-r10d/toolchains/arm-linux-androideabi-4.6/prebuilt/linux-x86_64/bin/arm-linux-androideabi-g++ LDFLAGS=--sysroot=/home/anushruth/tools/android-ndk-r10d/platforms/android-9/arch-arm/ CFLAGS=-g -O2 --sysroot=/home/anushruth/tools/android-ndk-r10b/platforms/android-9/arch-arm/usr/ -I/home/anushruth/tools/android-ndk-r10b/platforms/android-9/arch-arm/usr/include

## --------- ##
## Platform. ##
## --------- ##

hostname = work
uname -m = x86_64
uname -r = 3.13.0-43-generic
uname -s = Linux
uname -v = #72-Ubuntu SMP Mon Dec 8 19:35:06 UTC 2014

/usr/bin/uname -p = unknown
/bin/uname -X     = unknown

/bin/arch              = unknown
/usr/bin/arch -k       = unknown
/usr/convex/getsysinfo = unknown
/usr/bin/hostinfo      = unknown
/bin/machine           = unknown
/usr/bin/oslevel       = unknown
/bin/universe          = unknown

PATH: /home/anushruth/bin
PATH: /usr/local/sbin
PATH: /usr/local/bin
PATH: /usr/sbin
PATH: /usr/bin
PATH: /sbin
PATH: /bin
PATH: /usr/games
PATH: /usr/local/games
PATH: /usr/java/jdk1.6.0_45/bin
PATH: /usr/java/jdk1.6.0_45/jre/bin


## ----------- ##
## Core tests. ##
## ----------- ##

configure:2222: checking build system type
configure:2236: result: x86_64-unknown-linux-gnu
configure:2283: checking host system type
configure:2296: result: arm-unknown-linux-androideabi
configure:2316: checking target system type
configure:2329: result: arm-unknown-linux-androideabi
configure:2383: checking for a BSD-compatible install
configure:2451: result: /usr/bin/install -c
configure:2462: checking whether ln works
configure:2484: result: yes
configure:2488: checking whether ln -s works
configure:2492: result: yes
configure:2499: checking for a sed that does not truncate output
configure:2563: result: /bin/sed
configure:2572: checking for gawk
configure:2588: found /usr/bin/gawk
configure:2599: result: gawk
configure:3873: checking for arm-linux-androideabi-gcc
configure:3900: result: /home/anushruth/tools/android-ndk-r10d/toolchains/arm-linux-androideabi-4.6/prebuilt/linux-x86_64/bin/arm-linux-androideabi-gcc
configure:4169: checking for C compiler version
configure:4178: /home/anushruth/tools/android-ndk-r10d/toolchains/arm-linux-androideabi-4.6/prebuilt/linux-x86_64/bin/arm-linux-androideabi-gcc --version >&5
arm-linux-androideabi-gcc (GCC) 4.6 20120106 (prerelease)
Copyright (C) 2011 Free Software Foundation, Inc.
This is free software; see the source for copying conditions.  There is NO
warranty; not even for MERCHANTABILITY or FITNESS FOR A PARTICULAR PURPOSE.

configure:4189: $? = 0
configure:4178: /home/anushruth/tools/android-ndk-r10d/toolchains/arm-linux-androideabi-4.6/prebuilt/linux-x86_64/bin/arm-linux-androideabi-gcc -v >&5
Using built-in specs.
COLLECT_GCC=/home/anushruth/tools/android-ndk-r10d/toolchains/arm-linux-androideabi-4.6/prebuilt/linux-x86_64/bin/arm-linux-androideabi-gcc
COLLECT_LTO_WRAPPER=/home/anushruth/tools/android-ndk-r10d/toolchains/arm-linux-androideabi-4.6/prebuilt/linux-x86_64/bin/../libexec/gcc/arm-linux-androideabi/4.6/lto-wrapper
Target: arm-linux-androideabi
Configured with: /s/ndk-toolchain/src/build/../gcc/gcc-4.6/configure --prefix=/tmp/ndk-andrewhsieh/build/toolchain/prefix --target=arm-linux-androideabi --host=x86_64-linux-gnu --build=x86_64-linux-gnu --with-gnu-as --with-gnu-ld --enable-languages=c,c++ --with-gmp=/tmp/ndk-andrewhsieh/build/toolchain/temp-install --with-mpfr=/tmp/ndk-andrewhsieh/build/toolchain/temp-install --with-mpc=/tmp/ndk-andrewhsieh/build/toolchain/temp-install --with-cloog=/tmp/ndk-andrewhsieh/build/toolchain/temp-install --with-isl=/tmp/ndk-andrewhsieh/build/toolchain/temp-install --with-ppl=/tmp/ndk-andrewhsieh/build/toolchain/temp-install --disable-ppl-version-check --disable-cloog-version-check --disable-isl-version-check --enable-cloog-backend=isl --with-host-libstdcxx='-static-libgcc -Wl,-Bstatic,-lstdc++,-Bdynamic -lm' --disable-libssp --enable-threads --disable-nls --disable-libmudflap --disable-libgomp --disable-libstdc__-v3 --disable-sjlj-exceptions --disable-shared --disable-tls --disable-libitm --with-float=soft --with-fpu=vfp --with-arch=armv5te --enable-target-optspace --enable-initfini-array --disable-nls --prefix=/tmp/ndk-andrewhsieh/build/toolchain/prefix --with-sysroot=/tmp/ndk-andrewhsieh/build/toolchain/prefix/sysroot --with-binutils-version=2.21 --with-mpfr-version=3.1.1 --with-mpc-version=1.0.1 --with-gmp-version=5.0.5 --with-gcc-version=4.6 --with-gdb-version=7.3.x --with-python=/usr/local/google/home/andrewhsieh/mydroid/ndk/prebuilt/linux-x86_64/bin/python-config.sh --with-gxx-include-dir=/tmp/ndk-andrewhsieh/build/toolchain/prefix/include/c++/4.6 --with-bugurl=http://source.android.com/source/report-bugs.html --enable-languages=c,c++ --disable-bootstrap --enable-plugins --enable-libgomp --disable-libsanitizer --enable-gold --enable-graphite=yes --with-cloog-version=0.18.0 --with-ppl-version=1.0 --enable-eh-frame-hdr-for-static --with-arch=armv5te --program-transform-name='s&^&arm-linux-androideabi-&' --enable-gold=default
Thread model: posix
gcc version 4.6 20120106 (prerelease) (GCC) 
configure:4189: $? = 0
configure:4178: /home/anushruth/tools/android-ndk-r10d/toolchains/arm-linux-androideabi-4.6/prebuilt/linux-x86_64/bin/arm-linux-androideabi-gcc -V >&5
arm-linux-androideabi-gcc: error: unrecognized option '-V'
arm-linux-androideabi-gcc: fatal error: no input files
compilation terminated.
configure:4189: $? = 1
configure:4178: /home/anushruth/tools/android-ndk-r10d/toolchains/arm-linux-androideabi-4.6/prebuilt/linux-x86_64/bin/arm-linux-androideabi-gcc -qversion >&5
arm-linux-androideabi-gcc: error: unrecognized option '-qversion'
arm-linux-androideabi-gcc: fatal error: no input files
compilation terminated.
configure:4189: $? = 1
configure:4209: checking for C compiler default output file name
configure:4231: /home/anushruth/tools/android-ndk-r10d/toolchains/arm-linux-androideabi-4.6/prebuilt/linux-x86_64/bin/arm-linux-androideabi-gcc -g -O2 --sysroot=/home/anushruth/tools/android-ndk-r10b/platforms/android-9/arch-arm/usr/ -I/home/anushruth/tools/android-ndk-r10b/platforms/android-9/arch-arm/usr/include  --sysroot=/home/anushruth/tools/android-ndk-r10d/platforms/android-9/arch-arm/ conftest.c  >&5
configure:4235: $? = 0
configure:4272: result: a.out
configure:4288: checking whether the C compiler works
configure:4297: ./a.out
./configure: line 4299: ./a.out: cannot execute binary file: Exec format error
configure:4301: $? = 126
configure:4316: result: yes
configure:4323: checking whether we are cross compiling
configure:4325: result: yes
configure:4328: checking for suffix of executables
configure:4335: /home/anushruth/tools/android-ndk-r10d/toolchains/arm-linux-androideabi-4.6/prebuilt/linux-x86_64/bin/arm-linux-androideabi-gcc -o conftest -g -O2 --sysroot=/home/anushruth/tools/android-ndk-r10b/platforms/android-9/arch-arm/usr/ -I/home/anushruth/tools/android-ndk-r10b/platforms/android-9/arch-arm/usr/include  --sysroot=/home/anushruth/tools/android-ndk-r10d/platforms/android-9/arch-arm/ conftest.c  >&5
configure:4339: $? = 0
configure:4361: result: 
configure:4367: checking for suffix of object files
configure:4389: /home/anushruth/tools/android-ndk-r10d/toolchains/arm-linux-androideabi-4.6/prebuilt/linux-x86_64/bin/arm-linux-androideabi-gcc -c -g -O2 --sysroot=/home/anushruth/tools/android-ndk-r10b/platforms/android-9/arch-arm/usr/ -I/home/anushruth/tools/android-ndk-r10b/platforms/android-9/arch-arm/usr/include  conftest.c >&5
configure:4393: $? = 0
configure:4414: result: o
configure:4418: checking whether we are using the GNU C compiler
configure:4437: /home/anushruth/tools/android-ndk-r10d/toolchains/arm-linux-androideabi-4.6/prebuilt/linux-x86_64/bin/arm-linux-androideabi-gcc -c -g -O2 --sysroot=/home/anushruth/tools/android-ndk-r10b/platforms/android-9/arch-arm/usr/ -I/home/anushruth/tools/android-ndk-r10b/platforms/android-9/arch-arm/usr/include  conftest.c >&5
configure:4437: $? = 0
configure:4446: result: yes
configure:4455: checking whether /home/anushruth/tools/android-ndk-r10d/toolchains/arm-linux-androideabi-4.6/prebuilt/linux-x86_64/bin/arm-linux-androideabi-gcc accepts -g
configure:4475: /home/anushruth/tools/android-ndk-r10d/toolchains/arm-linux-androideabi-4.6/prebuilt/linux-x86_64/bin/arm-linux-androideabi-gcc -c -g  conftest.c >&5
configure:4475: $? = 0
configure:4516: result: yes
configure:4533: checking for /home/anushruth/tools/android-ndk-r10d/toolchains/arm-linux-androideabi-4.6/prebuilt/linux-x86_64/bin/arm-linux-androideabi-gcc option to accept ISO C89
configure:4597: /home/anushruth/tools/android-ndk-r10d/toolchains/arm-linux-androideabi-4.6/prebuilt/linux-x86_64/bin/arm-linux-androideabi-gcc  -c -g -O2 --sysroot=/home/anushruth/tools/android-ndk-r10b/platforms/android-9/arch-arm/usr/ -I/home/anushruth/tools/android-ndk-r10b/platforms/android-9/arch-arm/usr/include  conftest.c >&5
configure:4597: $? = 0
configure:4610: result: none needed
configure:4742: checking for C++ compiler version
configure:4751: /home/anushruth/tools/android-ndk-r10d/toolchains/arm-linux-androideabi-4.6/prebuilt/linux-x86_64/bin/arm-linux-androideabi-g++ --version >&5
arm-linux-androideabi-g++ (GCC) 4.6 20120106 (prerelease)
Copyright (C) 2011 Free Software Foundation, Inc.
This is free software; see the source for copying conditions.  There is NO
warranty; not even for MERCHANTABILITY or FITNESS FOR A PARTICULAR PURPOSE.

configure:4762: $? = 0
configure:4751: /home/anushruth/tools/android-ndk-r10d/toolchains/arm-linux-androideabi-4.6/prebuilt/linux-x86_64/bin/arm-linux-androideabi-g++ -v >&5
Using built-in specs.
COLLECT_GCC=/home/anushruth/tools/android-ndk-r10d/toolchains/arm-linux-androideabi-4.6/prebuilt/linux-x86_64/bin/arm-linux-androideabi-g++
COLLECT_LTO_WRAPPER=/home/anushruth/tools/android-ndk-r10d/toolchains/arm-linux-androideabi-4.6/prebuilt/linux-x86_64/bin/../libexec/gcc/arm-linux-androideabi/4.6/lto-wrapper
Target: arm-linux-androideabi
Configured with: /s/ndk-toolchain/src/build/../gcc/gcc-4.6/configure --prefix=/tmp/ndk-andrewhsieh/build/toolchain/prefix --target=arm-linux-androideabi --host=x86_64-linux-gnu --build=x86_64-linux-gnu --with-gnu-as --with-gnu-ld --enable-languages=c,c++ --with-gmp=/tmp/ndk-andrewhsieh/build/toolchain/temp-install --with-mpfr=/tmp/ndk-andrewhsieh/build/toolchain/temp-install --with-mpc=/tmp/ndk-andrewhsieh/build/toolchain/temp-install --with-cloog=/tmp/ndk-andrewhsieh/build/toolchain/temp-install --with-isl=/tmp/ndk-andrewhsieh/build/toolchain/temp-install --with-ppl=/tmp/ndk-andrewhsieh/build/toolchain/temp-install --disable-ppl-version-check --disable-cloog-version-check --disable-isl-version-check --enable-cloog-backend=isl --with-host-libstdcxx='-static-libgcc -Wl,-Bstatic,-lstdc++,-Bdynamic -lm' --disable-libssp --enable-threads --disable-nls --disable-libmudflap --disable-libgomp --disable-libstdc__-v3 --disable-sjlj-exceptions --disable-shared --disable-tls --disable-libitm --with-float=soft --with-fpu=vfp --with-arch=armv5te --enable-target-optspace --enable-initfini-array --disable-nls --prefix=/tmp/ndk-andrewhsieh/build/toolchain/prefix --with-sysroot=/tmp/ndk-andrewhsieh/build/toolchain/prefix/sysroot --with-binutils-version=2.21 --with-mpfr-version=3.1.1 --with-mpc-version=1.0.1 --with-gmp-version=5.0.5 --with-gcc-version=4.6 --with-gdb-version=7.3.x --with-python=/usr/local/google/home/andrewhsieh/mydroid/ndk/prebuilt/linux-x86_64/bin/python-config.sh --with-gxx-include-dir=/tmp/ndk-andrewhsieh/build/toolchain/prefix/include/c++/4.6 --with-bugurl=http://source.android.com/source/report-bugs.html --enable-languages=c,c++ --disable-bootstrap --enable-plugins --enable-libgomp --disable-libsanitizer --enable-gold --enable-graphite=yes --with-cloog-version=0.18.0 --with-ppl-version=1.0 --enable-eh-frame-hdr-for-static --with-arch=armv5te --program-transform-name='s&^&arm-linux-androideabi-&' --enable-gold=default
Thread model: posix
gcc version 4.6 20120106 (prerelease) (GCC) 
configure:4762: $? = 0
configure:4751: /home/anushruth/tools/android-ndk-r10d/toolchains/arm-linux-androideabi-4.6/prebuilt/linux-x86_64/bin/arm-linux-androideabi-g++ -V >&5
arm-linux-androideabi-g++: error: unrecognized option '-V'
arm-linux-androideabi-g++: fatal error: no input files
compilation terminated.
configure:4762: $? = 1
configure:4751: /home/anushruth/tools/android-ndk-r10d/toolchains/arm-linux-androideabi-4.6/prebuilt/linux-x86_64/bin/arm-linux-androideabi-g++ -qversion >&5
arm-linux-androideabi-g++: error: unrecognized option '-qversion'
arm-linux-androideabi-g++: fatal error: no input files
compilation terminated.
configure:4762: $? = 1
configure:4766: checking whether we are using the GNU C++ compiler
configure:4785: /home/anushruth/tools/android-ndk-r10d/toolchains/arm-linux-androideabi-4.6/prebuilt/linux-x86_64/bin/arm-linux-androideabi-g++ -c   conftest.cpp >&5
configure:4785: $? = 0
configure:4794: result: yes
configure:4803: checking whether /home/anushruth/tools/android-ndk-r10d/toolchains/arm-linux-androideabi-4.6/prebuilt/linux-x86_64/bin/arm-linux-androideabi-g++ accepts -g
configure:4823: /home/anushruth/tools/android-ndk-r10d/toolchains/arm-linux-androideabi-4.6/prebuilt/linux-x86_64/bin/arm-linux-androideabi-g++ -c -g  conftest.cpp >&5
configure:4823: $? = 0
configure:4864: result: yes
configure:4913: checking for arm-linux-androideabi-gnatbind
configure:4943: result: no
configure:4953: checking for gnatbind
configure:4983: result: no
configure:5005: checking for arm-linux-androideabi-gnatmake
configure:5035: result: no
configure:5045: checking for gnatmake
configure:5075: result: no
configure:5094: checking whether compiler driver understands Ada
configure:5117: result: no
configure:5126: checking how to compare bootstrapped objects
configure:5151: result: cmp --ignore-initial=16 $$f1 $$f2
configure:5167: checking for objdir
configure:5182: result: .libs
configure:5348: checking for the correct version of gmp.h
configure:5368: /home/anushruth/tools/android-ndk-r10d/toolchains/arm-linux-androideabi-4.6/prebuilt/linux-x86_64/bin/arm-linux-androideabi-gcc -c -g -O2 --sysroot=/home/anushruth/tools/android-ndk-r10b/platforms/android-9/arch-arm/usr/ -I/home/anushruth/tools/android-ndk-r10b/platforms/android-9/arch-arm/usr/include -I/home/anushruth/experiment/sysroot//include -I/home/anushruth/experiment/sysroot//include -I/home/anushruth/experiment/sysroot//include   conftest.c >&5
configure:5368: $? = 0
configure:5386: /home/anushruth/tools/android-ndk-r10d/toolchains/arm-linux-androideabi-4.6/prebuilt/linux-x86_64/bin/arm-linux-androideabi-gcc -c -g -O2 --sysroot=/home/anushruth/tools/android-ndk-r10b/platforms/android-9/arch-arm/usr/ -I/home/anushruth/tools/android-ndk-r10b/platforms/android-9/arch-arm/usr/include -I/home/anushruth/experiment/sysroot//include -I/home/anushruth/experiment/sysroot//include -I/home/anushruth/experiment/sysroot//include   conftest.c >&5
configure:5386: $? = 0
configure:5387: result: yes
configure:5403: checking for the correct version of mpfr.h
configure:5421: /home/anushruth/tools/android-ndk-r10d/toolchains/arm-linux-androideabi-4.6/prebuilt/linux-x86_64/bin/arm-linux-androideabi-gcc -c -g -O2 --sysroot=/home/anushruth/tools/android-ndk-r10b/platforms/android-9/arch-arm/usr/ -I/home/anushruth/tools/android-ndk-r10b/platforms/android-9/arch-arm/usr/include -I/home/anushruth/experiment/sysroot//include -I/home/anushruth/experiment/sysroot//include -I/home/anushruth/experiment/sysroot//include   conftest.c >&5
configure:5421: $? = 0
configure:5438: /home/anushruth/tools/android-ndk-r10d/toolchains/arm-linux-androideabi-4.6/prebuilt/linux-x86_64/bin/arm-linux-androideabi-gcc -c -g -O2 --sysroot=/home/anushruth/tools/android-ndk-r10b/platforms/android-9/arch-arm/usr/ -I/home/anushruth/tools/android-ndk-r10b/platforms/android-9/arch-arm/usr/include -I/home/anushruth/experiment/sysroot//include -I/home/anushruth/experiment/sysroot//include -I/home/anushruth/experiment/sysroot//include   conftest.c >&5
configure:5438: $? = 0
configure:5439: result: yes
configure:5456: checking for the correct version of mpc.h
configure:5473: /home/anushruth/tools/android-ndk-r10d/toolchains/arm-linux-androideabi-4.6/prebuilt/linux-x86_64/bin/arm-linux-androideabi-gcc -c -g -O2 --sysroot=/home/anushruth/tools/android-ndk-r10b/platforms/android-9/arch-arm/usr/ -I/home/anushruth/tools/android-ndk-r10b/platforms/android-9/arch-arm/usr/include -I/home/anushruth/experiment/sysroot//include -I/home/anushruth/experiment/sysroot//include -I/home/anushruth/experiment/sysroot//include   conftest.c >&5
configure:5473: $? = 0
configure:5489: /home/anushruth/tools/android-ndk-r10d/toolchains/arm-linux-androideabi-4.6/prebuilt/linux-x86_64/bin/arm-linux-androideabi-gcc -c -g -O2 --sysroot=/home/anushruth/tools/android-ndk-r10b/platforms/android-9/arch-arm/usr/ -I/home/anushruth/tools/android-ndk-r10b/platforms/android-9/arch-arm/usr/include -I/home/anushruth/experiment/sysroot//include -I/home/anushruth/experiment/sysroot//include -I/home/anushruth/experiment/sysroot//include   conftest.c >&5
configure:5489: $? = 0
configure:5490: result: yes
configure:5508: checking for the correct version of the gmp/mpfr/mpc libraries
configure:5539: /home/anushruth/tools/android-ndk-r10d/toolchains/arm-linux-androideabi-4.6/prebuilt/linux-x86_64/bin/arm-linux-androideabi-gcc -o conftest -g -O2 --sysroot=/home/anushruth/tools/android-ndk-r10b/platforms/android-9/arch-arm/usr/ -I/home/anushruth/tools/android-ndk-r10b/platforms/android-9/arch-arm/usr/include -I/home/anushruth/experiment/sysroot//include -I/home/anushruth/experiment/sysroot//include -I/home/anushruth/experiment/sysroot//include   --sysroot=/home/anushruth/tools/android-ndk-r10d/platforms/android-9/arch-arm/ conftest.c  -L/home/anushruth/experiment/sysroot//lib -L/home/anushruth/experiment/sysroot//lib -L/home/anushruth/experiment/sysroot//lib -lmpc -lmpfr -lgmp >&5
configure:5539: $? = 0
configure:5540: result: yes
configure:5724: checking for PWL_handle_timeout in -lpwl
configure:5749: /home/anushruth/tools/android-ndk-r10d/toolchains/arm-linux-androideabi-4.6/prebuilt/linux-x86_64/bin/arm-linux-androideabi-gcc -o conftest -g -O2 --sysroot=/home/anushruth/tools/android-ndk-r10b/platforms/android-9/arch-arm/usr/ -I/home/anushruth/tools/android-ndk-r10b/platforms/android-9/arch-arm/usr/include  --sysroot=/home/anushruth/tools/android-ndk-r10d/platforms/android-9/arch-arm/  conftest.c -lpwl   >&5
/home/anushruth/tools/android-ndk-r10d/toolchains/arm-linux-androideabi-4.6/prebuilt/linux-x86_64/bin/../lib/gcc/arm-linux-androideabi/4.6/../../../../arm-linux-androideabi/bin/ld: error: cannot find -lpwl
/home/anushruth/tools/android-ndk-r10d/toolchains/arm-linux-androideabi-4.6/prebuilt/linux-x86_64/bin/../lib/gcc/arm-linux-androideabi/4.6/../../../../arm-linux-androideabi/bin/ld: /tmp/cc4VIVLB.o: in function main:conftest.c:21: error: undefined reference to 'PWL_handle_timeout'
collect2: ld returned 1 exit status
configure:5749: $? = 1
configure: failed program was:
| /* confdefs.h */
| #define PACKAGE_NAME ""
| #define PACKAGE_TARNAME ""
| #define PACKAGE_VERSION ""
| #define PACKAGE_STRING ""
| #define PACKAGE_BUGREPORT ""
| #define PACKAGE_URL ""
| #define LT_OBJDIR ".libs/"
| /* end confdefs.h.  */
| 
| /* Override any GCC internal prototype to avoid an error.
|    Use char because int might match the return type of a GCC
|    builtin and then its argument prototype would still apply.  */
| #ifdef __cplusplus
| extern "C"
| #endif
| char PWL_handle_timeout ();
| int
| main ()
| {
| return PWL_handle_timeout ();
|   ;
|   return 0;
| }
configure:5758: result: no
configure:5772: checking for version 0.11 (revision 0 or later) of PPL
configure:5789: /home/anushruth/tools/android-ndk-r10d/toolchains/arm-linux-androideabi-4.6/prebuilt/linux-x86_64/bin/arm-linux-androideabi-gcc -c -g -O2 --sysroot=/home/anushruth/tools/android-ndk-r10b/platforms/android-9/arch-arm/usr/ -I/home/anushruth/tools/android-ndk-r10b/platforms/android-9/arch-arm/usr/include  -I/home/anushruth/experiment/sysroot//include -I/home/anushruth/experiment/sysroot//include -I/home/anushruth/experiment/sysroot//include   conftest.c >&5
conftest.c:10:19: fatal error: ppl_c.h: No such file or directory
compilation terminated.
configure:5789: $? = 1
configure: failed program was:
| /* confdefs.h */
| #define PACKAGE_NAME ""
| #define PACKAGE_TARNAME ""
| #define PACKAGE_VERSION ""
| #define PACKAGE_STRING ""
| #define PACKAGE_BUGREPORT ""
| #define PACKAGE_URL ""
| #define LT_OBJDIR ".libs/"
| /* end confdefs.h.  */
| #include "ppl_c.h"
| int
| main ()
| {
| 
|     #if PPL_VERSION_MAJOR != 0 || PPL_VERSION_MINOR < 11
|     choke me
|     #endif
| 
|   ;
|   return 0;
| }
configure:5793: result: no
configure:7218: checking for default BUILD_CONFIG
configure:7250: result: 
configure:7740: checking for bison
configure:7756: found /usr/bin/bison
configure:7767: result: bison -y
configure:7788: checking for bison
configure:7804: found /usr/bin/bison
configure:7815: result: bison
configure:7835: checking for gm4
configure:7865: result: no
configure:7835: checking for gnum4
configure:7865: result: no
configure:7835: checking for m4
configure:7851: found /usr/bin/m4
configure:7862: result: m4
configure:7882: checking for flex
configure:7898: found /usr/bin/flex
configure:7909: result: flex
configure:7930: checking for flex
configure:7946: found /usr/bin/flex
configure:7957: result: flex
configure:7977: checking for makeinfo
configure:7993: found /usr/bin/makeinfo
configure:8004: result: makeinfo
configure:8038: checking for expect
configure:8068: result: no
configure:8087: checking for runtest
configure:8117: result: no
configure:8193: checking for arm-linux-androideabi-ar
configure:8223: result: no
configure:8334: checking for arm-linux-androideabi-as
configure:8364: result: no
configure:8475: checking for arm-linux-androideabi-dlltool
configure:8505: result: no
configure:8574: checking for ld
configure:8601: result: /home/anushruth/tools/android-ndk-r10d/toolchains/arm-linux-androideabi-4.6/prebuilt/linux-x86_64/bin/../lib/gcc/arm-linux-androideabi/4.6/../../../../arm-linux-androideabi/bin/ld
configure:8616: checking for arm-linux-androideabi-ld
configure:8643: result: /home/anushruth/tools/android-ndk-r10d/toolchains/arm-linux-androideabi-4.6/prebuilt/linux-x86_64/bin/../lib/gcc/arm-linux-androideabi/4.6/../../../../arm-linux-androideabi/bin/ld
configure:8757: checking for arm-linux-androideabi-lipo
configure:8787: result: no
configure:8898: checking for arm-linux-androideabi-nm
configure:8928: result: no
configure:9039: checking for arm-linux-androideabi-ranlib
configure:9069: result: no
configure:9175: checking for arm-linux-androideabi-strip
configure:9205: result: no
configure:9311: checking for arm-linux-androideabi-windres
configure:9341: result: no
configure:9452: checking for arm-linux-androideabi-windmc
configure:9482: result: no
configure:9593: checking for arm-linux-androideabi-objcopy
configure:9623: result: no
configure:9734: checking for arm-linux-androideabi-objdump
configure:9764: result: no
configure:9914: checking for arm-linux-androideabi-cc
configure:9944: result: no
configure:9914: checking for arm-linux-androideabi-gcc
configure:9944: result: no
configure:10075: checking for arm-linux-androideabi-c++
configure:10105: result: no
configure:10075: checking for arm-linux-androideabi-g++
configure:10105: result: no
configure:10075: checking for arm-linux-androideabi-cxx
configure:10105: result: no
configure:10075: checking for arm-linux-androideabi-gxx
configure:10105: result: no
configure:10236: checking for arm-linux-androideabi-gcc
configure:10266: result: no
configure:10392: checking for arm-linux-androideabi-gcj
configure:10422: result: no
configure:10553: checking for arm-linux-androideabi-gfortran
configure:10583: result: no
configure:10714: checking for arm-linux-androideabi-gccgo
configure:10744: result: no
configure:10955: checking for arm-linux-androideabi-ar
configure:10985: result: no
configure:11185: checking for arm-linux-androideabi-as
configure:11215: result: no
configure:11415: checking for arm-linux-androideabi-dlltool
configure:11445: result: no
configure:11645: checking for arm-linux-androideabi-ld
configure:11675: result: no
configure:11875: checking for arm-linux-androideabi-lipo
configure:11905: result: no
configure:12105: checking for arm-linux-androideabi-nm
configure:12135: result: no
configure:12335: checking for arm-linux-androideabi-objdump
configure:12365: result: no
configure:12565: checking for arm-linux-androideabi-ranlib
configure:12595: result: no
configure:12795: checking for arm-linux-androideabi-strip
configure:12825: result: no
configure:13025: checking for arm-linux-androideabi-windres
configure:13055: result: no
configure:13255: checking for arm-linux-androideabi-windmc
configure:13285: result: no
configure:13352: checking where to find the target ar
configure:13362: result: pre-installed
configure:13394: checking where to find the target as
configure:13404: result: pre-installed
configure:13436: checking where to find the target cc
configure:13446: result: pre-installed
configure:13478: checking where to find the target c++
configure:13488: result: pre-installed
configure:13523: checking where to find the target c++ for libstdc++
configure:13533: result: pre-installed
configure:13568: checking where to find the target dlltool
configure:13578: result: pre-installed
configure:13610: checking where to find the target gcc
configure:13620: result: pre-installed
configure:13652: checking where to find the target gcj
configure:13662: result: pre-installed
configure:13697: checking where to find the target gfortran
configure:13707: result: pre-installed
configure:13742: checking where to find the target gccgo
configure:13752: result: pre-installed
configure:13787: checking where to find the target ld
configure:13797: result: pre-installed
configure:13829: checking where to find the target lipo
configure:13839: result: pre-installed
configure:13860: checking where to find the target nm
configure:13870: result: pre-installed
configure:13902: checking where to find the target objdump
configure:13912: result: pre-installed
configure:13944: checking where to find the target ranlib
configure:13954: result: pre-installed
configure:13986: checking where to find the target strip
configure:13996: result: pre-installed
configure:14028: checking where to find the target windres
configure:14038: result: pre-installed
configure:14070: checking where to find the target windmc
configure:14080: result: pre-installed
configure:14140: checking whether to enable maintainer-specific portions of Makefiles
configure:14149: result: no
configure:14182: checking whether -fkeep-inline-functions is supported
configure:14201: /home/anushruth/tools/android-ndk-r10d/toolchains/arm-linux-androideabi-4.6/prebuilt/linux-x86_64/bin/arm-linux-androideabi-gcc -c -g -O2 --sysroot=/home/anushruth/tools/android-ndk-r10b/platforms/android-9/arch-arm/usr/ -I/home/anushruth/tools/android-ndk-r10b/platforms/android-9/arch-arm/usr/include -fkeep-inline-functions  conftest.c >&5
configure:14201: $? = 0
configure:14202: result: yes
configure:14399: creating ./config.status

## ---------------------- ##
## Running config.status. ##
## ---------------------- ##

This file was extended by config.status, which was
generated by GNU Autoconf 2.64.  Invocation command line was

  CONFIG_FILES    = 
  CONFIG_HEADERS  = 
  CONFIG_LINKS    = 
  CONFIG_COMMANDS = 
  $ ./config.status 

on work

config.status:960: creating Makefile

## ---------------- ##
## Cache variables. ##
## ---------------- ##

ac_cv_build=x86_64-unknown-linux-gnu
ac_cv_c_compiler_gnu=yes
ac_cv_cxx_compiler_gnu=yes
ac_cv_env_AR_FOR_TARGET_set=
ac_cv_env_AR_FOR_TARGET_value=
ac_cv_env_AR_set=
ac_cv_env_AR_value=
ac_cv_env_AS_FOR_TARGET_set=
ac_cv_env_AS_FOR_TARGET_value=
ac_cv_env_AS_set=
ac_cv_env_AS_value=
ac_cv_env_CCC_set=
ac_cv_env_CCC_value=
ac_cv_env_CC_FOR_TARGET_set=
ac_cv_env_CC_FOR_TARGET_value=
ac_cv_env_CC_set=set
ac_cv_env_CC_value=/home/anushruth/tools/android-ndk-r10d/toolchains/arm-linux-androideabi-4.6/prebuilt/linux-x86_64/bin/arm-linux-androideabi-gcc
ac_cv_env_CFLAGS_set=set
ac_cv_env_CFLAGS_value='-g -O2 --sysroot=/home/anushruth/tools/android-ndk-r10b/platforms/android-9/arch-arm/usr/ -I/home/anushruth/tools/android-ndk-r10b/platforms/android-9/arch-arm/usr/include'
ac_cv_env_CPPFLAGS_set=
ac_cv_env_CPPFLAGS_value=
ac_cv_env_CXXFLAGS_set=
ac_cv_env_CXXFLAGS_value=
ac_cv_env_CXX_FOR_TARGET_set=
ac_cv_env_CXX_FOR_TARGET_value=
ac_cv_env_CXX_set=set
ac_cv_env_CXX_value=/home/anushruth/tools/android-ndk-r10d/toolchains/arm-linux-androideabi-4.6/prebuilt/linux-x86_64/bin/arm-linux-androideabi-g++
ac_cv_env_DLLTOOL_FOR_TARGET_set=
ac_cv_env_DLLTOOL_FOR_TARGET_value=
ac_cv_env_DLLTOOL_set=
ac_cv_env_DLLTOOL_value=
ac_cv_env_GCC_FOR_TARGET_set=
ac_cv_env_GCC_FOR_TARGET_value=
ac_cv_env_GCJ_FOR_TARGET_set=
ac_cv_env_GCJ_FOR_TARGET_value=
ac_cv_env_GFORTRAN_FOR_TARGET_set=
ac_cv_env_GFORTRAN_FOR_TARGET_value=
ac_cv_env_GOC_FOR_TARGET_set=
ac_cv_env_GOC_FOR_TARGET_value=
ac_cv_env_LDFLAGS_set=set
ac_cv_env_LDFLAGS_value=--sysroot=/home/anushruth/tools/android-ndk-r10d/platforms/android-9/arch-arm/
ac_cv_env_LD_FOR_TARGET_set=
ac_cv_env_LD_FOR_TARGET_value=
ac_cv_env_LD_set=
ac_cv_env_LD_value=
ac_cv_env_LIBS_set=
ac_cv_env_LIBS_value=
ac_cv_env_LIPO_FOR_TARGET_set=
ac_cv_env_LIPO_FOR_TARGET_value=
ac_cv_env_LIPO_set=
ac_cv_env_LIPO_value=
ac_cv_env_NM_FOR_TARGET_set=
ac_cv_env_NM_FOR_TARGET_value=
ac_cv_env_NM_set=
ac_cv_env_NM_value=
ac_cv_env_OBJCOPY_set=
ac_cv_env_OBJCOPY_value=
ac_cv_env_OBJDUMP_FOR_TARGET_set=
ac_cv_env_OBJDUMP_FOR_TARGET_value=
ac_cv_env_OBJDUMP_set=
ac_cv_env_OBJDUMP_value=
ac_cv_env_RANLIB_FOR_TARGET_set=
ac_cv_env_RANLIB_FOR_TARGET_value=
ac_cv_env_RANLIB_set=
ac_cv_env_RANLIB_value=
ac_cv_env_STRIP_FOR_TARGET_set=
ac_cv_env_STRIP_FOR_TARGET_value=
ac_cv_env_STRIP_set=
ac_cv_env_STRIP_value=
ac_cv_env_WINDMC_FOR_TARGET_set=
ac_cv_env_WINDMC_FOR_TARGET_value=
ac_cv_env_WINDMC_set=
ac_cv_env_WINDMC_value=
ac_cv_env_WINDRES_FOR_TARGET_set=
ac_cv_env_WINDRES_FOR_TARGET_value=
ac_cv_env_WINDRES_set=
ac_cv_env_WINDRES_value=
ac_cv_env_build_alias_set=
ac_cv_env_build_alias_value=
ac_cv_env_build_configargs_set=
ac_cv_env_build_configargs_value=
ac_cv_env_host_alias_set=set
ac_cv_env_host_alias_value=arm-linux-androideabi
ac_cv_env_host_configargs_set=
ac_cv_env_host_configargs_value=
ac_cv_env_target_alias_set=set
ac_cv_env_target_alias_value=arm-linux-androideabi
ac_cv_env_target_configargs_set=
ac_cv_env_target_configargs_value=
ac_cv_host=arm-unknown-linux-androideabi
ac_cv_lib_pwl_PWL_handle_timeout=no
ac_cv_objext=o
ac_cv_path_SED=/bin/sed
ac_cv_path_install='/usr/bin/install -c'
ac_cv_prog_AWK=gawk
ac_cv_prog_BISON=bison
ac_cv_prog_CC=/home/anushruth/tools/android-ndk-r10d/toolchains/arm-linux-androideabi-4.6/prebuilt/linux-x86_64/bin/arm-linux-androideabi-gcc
ac_cv_prog_FLEX=flex
ac_cv_prog_LD=/home/anushruth/tools/android-ndk-r10d/toolchains/arm-linux-androideabi-4.6/prebuilt/linux-x86_64/bin/../lib/gcc/arm-linux-androideabi/4.6/../../../../arm-linux-androideabi/bin/ld
ac_cv_prog_LEX=flex
ac_cv_prog_M4=m4
ac_cv_prog_MAKEINFO=makeinfo
ac_cv_prog_YACC='bison -y'
ac_cv_prog_cc_c89=
ac_cv_prog_cc_g=yes
ac_cv_prog_cxx_g=yes
ac_cv_target=arm-unknown-linux-androideabi
acx_cv_cc_gcc_supports_ada=no
acx_cv_prog_LN=ln
gcc_cv_prog_cmp_skip='cmp --ignore-initial=16 $$f1 $$f2'
gcc_cv_tool_dirs=
gcc_cv_tool_prefix=/home/anushruth/experiment/sysroot
lt_cv_objdir=.libs

## ----------------- ##
## Output variables. ##
## ----------------- ##

AR='arm-linux-androideabi-ar'
AR_FOR_BUILD='ar'
AR_FOR_TARGET='arm-linux-androideabi-ar'
AS='arm-linux-androideabi-as'
AS_FOR_BUILD='as'
AS_FOR_TARGET='arm-linux-androideabi-as'
AWK='gawk'
BISON='bison'
BUILD_CONFIG=''
CC='/home/anushruth/tools/android-ndk-r10d/toolchains/arm-linux-androideabi-4.6/prebuilt/linux-x86_64/bin/arm-linux-androideabi-gcc'
CC_FOR_BUILD='gcc'
CC_FOR_TARGET='arm-linux-androideabi-cc'
CFLAGS='-g -O2 --sysroot=/home/anushruth/tools/android-ndk-r10b/platforms/android-9/arch-arm/usr/ -I/home/anushruth/tools/android-ndk-r10b/platforms/android-9/arch-arm/usr/include'
CFLAGS_FOR_BUILD=''
CFLAGS_FOR_TARGET='-g -O2 --sysroot=/home/anushruth/tools/android-ndk-r10b/platforms/android-9/arch-arm/usr/ -I/home/anushruth/tools/android-ndk-r10b/platforms/android-9/arch-arm/usr/include'
COMPILER_AS_FOR_TARGET='$(AS_FOR_TARGET)'
COMPILER_LD_FOR_TARGET='$(LD_FOR_TARGET)'
COMPILER_NM_FOR_TARGET='$(NM_FOR_TARGET)'
CONFIGURE_GDB_TK=''
CPPFLAGS=''
CXX='/home/anushruth/tools/android-ndk-r10d/toolchains/arm-linux-androideabi-4.6/prebuilt/linux-x86_64/bin/arm-linux-androideabi-g++'
CXXFLAGS='-g -O2'
CXXFLAGS_FOR_BUILD=''
CXXFLAGS_FOR_TARGET='-g -O2'
CXX_FOR_BUILD='g++'
CXX_FOR_TARGET='arm-linux-androideabi-c++'
DEBUG_PREFIX_CFLAGS_FOR_TARGET=''
DEFS='-DPACKAGE_NAME=\"\" -DPACKAGE_TARNAME=\"\" -DPACKAGE_VERSION=\"\" -DPACKAGE_STRING=\"\" -DPACKAGE_BUGREPORT=\"\" -DPACKAGE_URL=\"\" -DLT_OBJDIR=\".libs/\"'
DLLTOOL='arm-linux-androideabi-dlltool'
DLLTOOL_FOR_BUILD='dlltool'
DLLTOOL_FOR_TARGET='arm-linux-androideabi-dlltool'
ECHO_C=''
ECHO_N='-n'
ECHO_T=''
EXEEXT=''
EXPECT='expect'
FLAGS_FOR_TARGET=''
FLEX='flex'
GCC_FOR_TARGET='arm-linux-androideabi-gcc'
GCC_SHLIB_SUBDIR=''
GCJ_FOR_BUILD='gcj'
GCJ_FOR_TARGET='arm-linux-androideabi-gcj'
GDB_TK=''
GFORTRAN_FOR_BUILD='gfortran'
GFORTRAN_FOR_TARGET='arm-linux-androideabi-gfortran'
GNATBIND='no'
GNATMAKE='no'
GOC_FOR_BUILD='gccgo'
GOC_FOR_TARGET='arm-linux-androideabi-gccgo'
INSTALL_DATA='${INSTALL} -m 644'
INSTALL_GDB_TK=''
INSTALL_PROGRAM='${INSTALL}'
INSTALL_SCRIPT='${INSTALL}'
LD='/home/anushruth/tools/android-ndk-r10d/toolchains/arm-linux-androideabi-4.6/prebuilt/linux-x86_64/bin/../lib/gcc/arm-linux-androideabi/4.6/../../../../arm-linux-androideabi/bin/ld'
LDFLAGS='--sysroot=/home/anushruth/tools/android-ndk-r10d/platforms/android-9/arch-arm/'
LDFLAGS_FOR_BUILD=''
LD_FOR_BUILD='ld'
LD_FOR_TARGET='arm-linux-androideabi-ld'
LEX='flex'
LIBOBJS=''
LIBS=''
LIPO='arm-linux-androideabi-lipo'
LIPO_FOR_TARGET='arm-linux-androideabi-lipo'
LN='ln'
LN_S='ln -s'
LTLIBOBJS=''
M4='m4'
MAINT='#'
MAINTAINER_MODE_FALSE=''
MAINTAINER_MODE_TRUE='#'
MAKEINFO='makeinfo'
NM='arm-linux-androideabi-nm'
NM_FOR_BUILD='nm'
NM_FOR_TARGET='arm-linux-androideabi-nm'
OBJCOPY='arm-linux-androideabi-objcopy'
OBJDUMP='arm-linux-androideabi-objdump'
OBJDUMP_FOR_TARGET='arm-linux-androideabi-objdump'
OBJEXT='o'
PACKAGE_BUGREPORT=''
PACKAGE_NAME=''
PACKAGE_STRING=''
PACKAGE_TARNAME=''
PACKAGE_URL=''
PACKAGE_VERSION=''
PATH_SEPARATOR=':'
RANLIB='true'
RANLIB_FOR_BUILD='ranlib'
RANLIB_FOR_TARGET='arm-linux-androideabi-ranlib'
RAW_CXX_FOR_TARGET='arm-linux-androideabi-c++'
RPATH_ENVVAR='LD_LIBRARY_PATH'
RUNTEST='runtest'
SED='/bin/sed'
SHELL='/bin/sh'
STRIP='true'
STRIP_FOR_TARGET='arm-linux-androideabi-strip'
SYSROOT_CFLAGS_FOR_TARGET=''
TOPLEVEL_CONFIGURE_ARGUMENTS='./configure --prefix=/home/anushruth/experiment/sysroot/ --target=arm-linux-androideabi --with-gmp=/home/anushruth/experiment/sysroot/ --with-mpfr=/home/anushruth/experiment/sysroot/ --with-mpc=/home/anushruth/experiment/sysroot/ --disable-nls --disable-shared --disable-multilib --disable-decimal-float --disable-threads --disable-libatomic --disable-libgomp --disable-libitm --disable-libquadmath --disable-libsanitizer --disable-libssp --disable-libvtv --disable-libcilkrts --disable-libstdc++-v3 --enable-languages=c,c++ --host=arm-linux-androideabi --without-headers CC=/home/anushruth/tools/android-ndk-r10d/toolchains/arm-linux-androideabi-4.6/prebuilt/linux-x86_64/bin/arm-linux-androideabi-gcc CXX=/home/anushruth/tools/android-ndk-r10d/toolchains/arm-linux-androideabi-4.6/prebuilt/linux-x86_64/bin/arm-linux-androideabi-g++ LDFLAGS=--sysroot=/home/anushruth/tools/android-ndk-r10d/platforms/android-9/arch-arm/ CFLAGS='\''-g -O2 --sysroot=/home/anushruth/tools/android-ndk-r10b/platforms/android-9/arch-arm/usr/ -I/home/anushruth/tools/android-ndk-r10b/platforms/android-9/arch-arm/usr/include'\'''
WINDMC='arm-linux-androideabi-windmc'
WINDMC_FOR_BUILD='windmc'
WINDMC_FOR_TARGET='arm-linux-androideabi-windmc'
WINDRES='arm-linux-androideabi-windres'
WINDRES_FOR_BUILD='windres'
WINDRES_FOR_TARGET='arm-linux-androideabi-windres'
YACC='bison -y'
ac_ct_CC=''
ac_ct_CXX=''
bindir='${exec_prefix}/bin'
build='x86_64-unknown-linux-gnu'
build_alias=''
build_configargs=' --cache-file=../config.cache '\''--prefix=/home/anushruth/experiment/sysroot/'\'' '\''--with-gmp=/home/anushruth/experiment/sysroot/'\'' '\''--with-mpfr=/home/anushruth/experiment/sysroot/'\'' '\''--with-mpc=/home/anushruth/experiment/sysroot/'\'' '\''--disable-nls'\'' '\''--disable-shared'\'' '\''--disable-multilib'\'' '\''--disable-decimal-float'\'' '\''--disable-threads'\'' '\''--disable-libatomic'\'' '\''--disable-libgomp'\'' '\''--disable-libitm'\'' '\''--disable-libquadmath'\'' '\''--disable-libsanitizer'\'' '\''--disable-libssp'\'' '\''--disable-libvtv'\'' '\''--disable-libcilkrts'\'' '\''--disable-libstdc++-v3'\'' '\''--without-headers'\'' '\''--enable-languages=c,c++,lto'\'' --program-transform-name='\''s,y,y,'\'' --disable-option-checking'
build_configdirs=' libiberty fixincludes'
build_cpu='x86_64'
build_libsubdir='build-x86_64-unknown-linux-gnu'
build_noncanonical='x86_64-unknown-linux-gnu'
build_os='linux-gnu'
build_subdir='build-x86_64-unknown-linux-gnu'
build_tooldir='${exec_prefix}/arm-linux-androideabi'
build_vendor='unknown'
clooginc=''
clooglibs=''
compare_exclusions='gcc/cc*-checksum$(objext) | gcc/ada/*tools/*'
config_shell='/bin/sh'
configdirs=' intl libiberty zlib libcpp libdecnumber fixincludes gcc lto-plugin'
datadir='${datarootdir}'
datarootdir='${prefix}/share'
do_compare='cmp --ignore-initial=16 $$f1 $$f2'
docdir='${datarootdir}/doc/${PACKAGE}'
dvidir='${docdir}'
exec_prefix='${prefix}'
extra_host_libiberty_configure_flags='--enable-shared'
extra_mpc_gmp_configure_flags=''
extra_mpc_mpfr_configure_flags=''
extra_mpfr_configure_flags=''
gmpinc='-I/home/anushruth/experiment/sysroot//include -I/home/anushruth/experiment/sysroot//include -I/home/anushruth/experiment/sysroot//include '
gmplibs='-L/home/anushruth/experiment/sysroot//lib -L/home/anushruth/experiment/sysroot//lib -L/home/anushruth/experiment/sysroot//lib -lmpc -lmpfr -lgmp'
host='arm-unknown-linux-androideabi'
host_alias='arm-linux-androideabi'
host_configargs=' --cache-file=./config.cache  '\''--prefix=/home/anushruth/experiment/sysroot/'\'' '\''--with-gmp=/home/anushruth/experiment/sysroot/'\'' '\''--with-mpfr=/home/anushruth/experiment/sysroot/'\'' '\''--with-mpc=/home/anushruth/experiment/sysroot/'\'' '\''--disable-nls'\'' '\''--disable-shared'\'' '\''--disable-multilib'\'' '\''--disable-decimal-float'\'' '\''--disable-threads'\'' '\''--disable-libatomic'\'' '\''--disable-libgomp'\'' '\''--disable-libitm'\'' '\''--disable-libquadmath'\'' '\''--disable-libsanitizer'\'' '\''--disable-libssp'\'' '\''--disable-libvtv'\'' '\''--disable-libcilkrts'\'' '\''--disable-libstdc++-v3'\'' '\''--without-headers'\'' '\''--enable-languages=c,c++,lto'\'' --program-transform-name='\''s,y,y,'\'' --disable-option-checking'
host_cpu='arm'
host_noncanonical='arm-linux-androideabi'
host_os='linux-androideabi'
host_subdir='host-arm-linux-androideabi'
host_vendor='unknown'
htmldir='${docdir}'
includedir='${prefix}/include'
infodir='${datarootdir}/info'
libdir='${exec_prefix}/lib'
libexecdir='${exec_prefix}/libexec'
localedir='${datarootdir}/locale'
localstatedir='${prefix}/var'
mandir='${datarootdir}/man'
oldincludedir='/usr/include'
pdfdir='${docdir}'
poststage1_ldflags='-static-libstdc++ -static-libgcc'
poststage1_libs=''
pplinc=''
ppllibs=''
prefix='/home/anushruth/experiment/sysroot'
program_transform_name='s,y,y,'
psdir='${docdir}'
sbindir='${exec_prefix}/sbin'
sharedstatedir='${prefix}/com'
stage1_cflags='-g -fkeep-inline-functions'
stage1_checking='--enable-checking=yes,types'
stage1_languages='c,lto'
stage1_ldflags=''
stage1_libs=''
stage2_werror_flag=''
sysconfdir='${prefix}/etc'
target='arm-unknown-linux-androideabi'
target_alias='arm-linux-androideabi'
target_configargs='--cache-file=./config.cache   '\''--prefix=/home/anushruth/experiment/sysroot/'\'' '\''--with-gmp=/home/anushruth/experiment/sysroot/'\'' '\''--with-mpfr=/home/anushruth/experiment/sysroot/'\'' '\''--with-mpc=/home/anushruth/experiment/sysroot/'\'' '\''--disable-nls'\'' '\''--disable-shared'\'' '\''--disable-multilib'\'' '\''--disable-decimal-float'\'' '\''--disable-threads'\'' '\''--disable-libatomic'\'' '\''--disable-libgomp'\'' '\''--disable-libitm'\'' '\''--disable-libquadmath'\'' '\''--disable-libsanitizer'\'' '\''--disable-libssp'\'' '\''--disable-libvtv'\'' '\''--disable-libcilkrts'\'' '\''--disable-libstdc++-v3'\'' '\''--without-headers'\'' '\''--enable-languages=c,c++,lto'\'' --program-transform-name='\''s,y,y,'\'' --disable-option-checking'
target_configdirs=' libgcc libmudflap'
target_cpu='arm'
target_noncanonical='arm-linux-androideabi'
target_os='linux-androideabi'
target_subdir='arm-linux-androideabi'
target_vendor='unknown'
tooldir='${exec_prefix}/arm-linux-androideabi'

## ------------------- ##
## File substitutions. ##
## ------------------- ##

alphaieee_frag='/dev/null'
host_makefile_frag='/dev/null'
ospace_frag='/dev/null'
serialization_dependencies='serdep.tmp'
target_makefile_frag='./config/mt-gnu'

## ----------- ##
## confdefs.h. ##
## ----------- ##

/* confdefs.h */
#define PACKAGE_NAME ""
#define PACKAGE_TARNAME ""
#define PACKAGE_VERSION ""
#define PACKAGE_STRING ""
#define PACKAGE_BUGREPORT ""
#define PACKAGE_URL ""
#define LT_OBJDIR ".libs/"

configure: exit 0
