This file contains any messages produced by compilers while
running configure, to aid debugging if configure makes a mistake.

It was created by configure, which was
generated by GNU Autoconf 2.64.  Invocation command line was

  $ /Users/regnarts/Documents/androux/androux/gcc/intl/configure --cache-file=./config.cache --prefix=/Users/regnarts/Documents/androux/androux/system --with-gmp=/Users/regnarts/Documents/androux/androux/system --with-mpc=/Users/regnarts/Documents/androux/androux/system --with-mpfr=/Users/regnarts/Documents/androux/androux/system --disable-multilib --enable-languages=c,c++,lto --program-transform-name=s,y,y, --disable-option-checking --build=i386-apple-darwin14.0.0 --host=arm-linux-androideabi --target=arm-linux-androideabi --srcdir=../../gcc/intl

## --------- ##
## Platform. ##
## --------- ##

hostname = Anushruths-MacBook-Air.local
uname -m = x86_64
uname -r = 14.0.0
uname -s = Darwin
uname -v = Darwin Kernel Version 14.0.0: Fri Sep 19 00:26:44 PDT 2014; root:xnu-2782.1.97~2/RELEASE_X86_64

/usr/bin/uname -p = i386
/bin/uname -X     = unknown

/bin/arch              = unknown
/usr/bin/arch -k       = unknown
/usr/convex/getsysinfo = unknown
/usr/bin/hostinfo      = Mach kernel version:
	 Darwin Kernel Version 14.0.0: Fri Sep 19 00:26:44 PDT 2014; root:xnu-2782.1.97~2/RELEASE_X86_64
Kernel configured for up to 4 processors.
2 processors are physically available.
4 processors are logically available.
Processor type: x86_64h (Intel x86-64h Haswell)
Processors active: 0 1 2 3
Primary memory available: 4.00 gigabytes
Default processor set: 194 tasks, 912 threads, 4 processors
Load average: 4.04, Mach factor: 1.00
/bin/machine           = unknown
/usr/bin/oslevel       = unknown
/bin/universe          = unknown

PATH: /opt/local/bin
PATH: /opt/local/sbin
PATH: /opt/local/bin
PATH: /opt/local/sbin
PATH: /usr/bin
PATH: /bin
PATH: /usr/sbin
PATH: /sbin
PATH: /usr/local/bin
PATH: /usr/android/android-ndk-r10b
PATH: /usr/android/adt-bundle-mac-x86_64-20140702/sdk/platform-tools
PATH: /Users/regnarts/Documents/androux/androux/toolchains/arm-linux-androideabi-4.8/prebuilt/darwin-x86_64/bin/
PATH: /Users/regnarts/Documents/androux/androux/toolchains/arm-linux-androideabi-4.8/prebuilt/darwin-x86_64/bin/


## ----------- ##
## Core tests. ##
## ----------- ##

configure:2098: creating cache ./config.cache
configure:2179: checking whether /Applications/Xcode.app/Contents/Developer/usr/bin/make sets $(MAKE)
configure:2201: result: yes
configure:2247: checking for a BSD-compatible install
configure:2315: result: /usr/bin/install -c
configure:2340: checking whether NLS is requested
configure:2349: result: yes
configure:2387: checking for msgfmt
configure:2418: result: /opt/local/bin/msgfmt
configure:2427: checking for gmsgfmt
configure:2458: result: /opt/local/bin/msgfmt
configure:2498: checking for xgettext
configure:2529: result: /opt/local/bin/xgettext
configure:2569: checking for msgmerge
configure:2599: result: /opt/local/bin/msgmerge
configure:2642: checking for arm-linux-androideabi-gcc
configure:2669: result: arm-linux-androideabi-gcc
configure:2938: checking for C compiler version
configure:2947: arm-linux-androideabi-gcc --version >&5
arm-linux-androideabi-gcc (GCC) 4.8
Copyright (C) 2013 Free Software Foundation, Inc.
This is free software; see the source for copying conditions.  There is NO
warranty; not even for MERCHANTABILITY or FITNESS FOR A PARTICULAR PURPOSE.

configure:2958: $? = 0
configure:2947: arm-linux-androideabi-gcc -v >&5
Using built-in specs.
COLLECT_GCC=arm-linux-androideabi-gcc
COLLECT_LTO_WRAPPER=/Users/regnarts/Documents/androux/androux/toolchains/arm-linux-androideabi-4.8/prebuilt/darwin-x86_64/bin/../libexec/gcc/arm-linux-androideabi/4.8/lto-wrapper
Target: arm-linux-androideabi
Configured with: /s/ndk-toolchain/src/build/../gcc/gcc-4.8/configure --prefix=/tmp/ndk-User/build/toolchain/prefix --target=arm-linux-androideabi --host=x86_64-apple-darwin --build=x86_64-apple-darwin --with-gnu-as --with-gnu-ld --enable-languages=c,c++ --with-gmp=/tmp/ndk-User/build/toolchain/temp-install --with-mpfr=/tmp/ndk-User/build/toolchain/temp-install --with-mpc=/tmp/ndk-User/build/toolchain/temp-install --with-cloog=/tmp/ndk-User/build/toolchain/temp-install --with-isl=/tmp/ndk-User/build/toolchain/temp-install --with-ppl=/tmp/ndk-User/build/toolchain/temp-install --disable-ppl-version-check --disable-cloog-version-check --disable-isl-version-check --enable-cloog-backend=isl --with-host-libstdcxx='-static-libgcc -lstdc++ -lm' --disable-libssp --enable-threads --disable-nls --disable-libmudflap --disable-libgomp --disable-libstdc__-v3 --disable-sjlj-exceptions --disable-shared --disable-tls --disable-libitm --with-float=soft --with-fpu=vfp --with-arch=armv5te --enable-target-optspace --enable-initfini-array --disable-nls --prefix=/tmp/ndk-User/build/toolchain/prefix --with-sysroot=/tmp/ndk-User/build/toolchain/prefix/sysroot --with-binutils-version=2.24 --with-mpfr-version=3.1.1 --with-mpc-version=1.0.1 --with-gmp-version=5.0.5 --with-gcc-version=4.8 --with-gdb-version=7.6 --with-python=/Users/User/mydroid/ndk/prebuilt/darwin-x86_64/bin/python-config.sh --with-gxx-include-dir=/tmp/ndk-User/build/toolchain/prefix/include/c++/4.8 --with-bugurl=http://source.android.com/source/report-bugs.html --disable-bootstrap --disable-libquadmath --enable-plugins --enable-libgomp --disable-libsanitizer --enable-gold --enable-graphite=yes --with-cloog-version=0.18.0 --with-isl-version=0.11.1 --enable-eh-frame-hdr-for-static --with-arch=armv5te --program-transform-name='s&^&arm-linux-androideabi-&' --enable-gold=default
Thread model: posix
gcc version 4.8 (GCC) 
configure:2958: $? = 0
configure:2947: arm-linux-androideabi-gcc -V >&5
arm-linux-androideabi-gcc: error: unrecognized command line option '-V'
arm-linux-androideabi-gcc: fatal error: no input files
compilation terminated.
configure:2958: $? = 1
configure:2947: arm-linux-androideabi-gcc -qversion >&5
arm-linux-androideabi-gcc: error: unrecognized command line option '-qversion'
arm-linux-androideabi-gcc: fatal error: no input files
compilation terminated.
configure:2958: $? = 1
configure:2978: checking for C compiler default output file name
configure:3000: arm-linux-androideabi-gcc -g -O2 -I/Users/regnarts/Documents/androux/androux/platforms/android-9/arch-arm/usr/include/ --sysroot=/Users/regnarts/Documents/androux/androux/platforms/android-9/arch-arm   -L/Users/regnarts/Documents/androux/androux/platforms/android-9/arch-arm/usr/lib/ conftest.c  >&5
configure:3004: $? = 0
configure:3041: result: a.out
configure:3057: checking whether the C compiler works
configure:3085: result: yes
configure:3092: checking whether we are cross compiling
configure:3094: result: yes
configure:3097: checking for suffix of executables
configure:3104: arm-linux-androideabi-gcc -o conftest -g -O2 -I/Users/regnarts/Documents/androux/androux/platforms/android-9/arch-arm/usr/include/ --sysroot=/Users/regnarts/Documents/androux/androux/platforms/android-9/arch-arm   -L/Users/regnarts/Documents/androux/androux/platforms/android-9/arch-arm/usr/lib/ conftest.c  >&5
configure:3108: $? = 0
configure:3130: result: 
configure:3136: checking for suffix of object files
configure:3158: arm-linux-androideabi-gcc -c -g -O2 -I/Users/regnarts/Documents/androux/androux/platforms/android-9/arch-arm/usr/include/ --sysroot=/Users/regnarts/Documents/androux/androux/platforms/android-9/arch-arm  conftest.c >&5
configure:3162: $? = 0
configure:3183: result: o
configure:3187: checking whether we are using the GNU C compiler
configure:3206: arm-linux-androideabi-gcc -c -g -O2 -I/Users/regnarts/Documents/androux/androux/platforms/android-9/arch-arm/usr/include/ --sysroot=/Users/regnarts/Documents/androux/androux/platforms/android-9/arch-arm  conftest.c >&5
configure:3206: $? = 0
configure:3215: result: yes
configure:3224: checking whether arm-linux-androideabi-gcc accepts -g
configure:3244: arm-linux-androideabi-gcc -c -g  conftest.c >&5
configure:3244: $? = 0
configure:3285: result: yes
configure:3302: checking for arm-linux-androideabi-gcc option to accept ISO C89
configure:3366: arm-linux-androideabi-gcc  -c -g -O2 -I/Users/regnarts/Documents/androux/androux/platforms/android-9/arch-arm/usr/include/ --sysroot=/Users/regnarts/Documents/androux/androux/platforms/android-9/arch-arm  conftest.c >&5
configure:3366: $? = 0
configure:3379: result: none needed
configure:3403: checking build system type
configure:3417: result: i386-apple-darwin14.0.0
configure:3437: checking host system type
configure:3450: result: arm-unknown-linux-androideabi
configure:3473: checking for arm-linux-androideabi-ranlib
configure:3500: result: arm-linux-androideabi-ranlib
configure:3563: checking for library containing strerror
configure:3594: arm-linux-androideabi-gcc -o conftest -g -O2 -I/Users/regnarts/Documents/androux/androux/platforms/android-9/arch-arm/usr/include/ --sysroot=/Users/regnarts/Documents/androux/androux/platforms/android-9/arch-arm   -L/Users/regnarts/Documents/androux/androux/platforms/android-9/arch-arm/usr/lib/ conftest.c  >&5
configure:3594: $? = 0
configure:3611: result: none required
configure:3624: checking how to run the C preprocessor
configure:3655: arm-linux-androideabi-gcc -E  conftest.c
In file included from /Users/regnarts/Documents/androux/androux/toolchains/arm-linux-androideabi-4.8/prebuilt/darwin-x86_64/lib/gcc/arm-linux-androideabi/4.8/include-fixed/syslimits.h:7:0,
                 from /Users/regnarts/Documents/androux/androux/toolchains/arm-linux-androideabi-4.8/prebuilt/darwin-x86_64/lib/gcc/arm-linux-androideabi/4.8/include-fixed/limits.h:34,
                 from conftest.c:10:
/Users/regnarts/Documents/androux/androux/toolchains/arm-linux-androideabi-4.8/prebuilt/darwin-x86_64/lib/gcc/arm-linux-androideabi/4.8/include-fixed/limits.h:168:61: error: no include path in which to search for limits.h
 #include_next <limits.h>  /* recurse down to the real one */
                                                             ^
configure:3655: $? = 1
configure: failed program was:
| /* confdefs.h */
| #define PACKAGE_NAME ""
| #define PACKAGE_TARNAME ""
| #define PACKAGE_VERSION ""
| #define PACKAGE_STRING ""
| #define PACKAGE_BUGREPORT ""
| #define PACKAGE_URL ""
| /* end confdefs.h.  */
| #ifdef __STDC__
| # include <limits.h>
| #else
| # include <assert.h>
| #endif
| 		     Syntax error
configure:3655: arm-linux-androideabi-gcc -E  conftest.c
In file included from /Users/regnarts/Documents/androux/androux/toolchains/arm-linux-androideabi-4.8/prebuilt/darwin-x86_64/lib/gcc/arm-linux-androideabi/4.8/include-fixed/syslimits.h:7:0,
                 from /Users/regnarts/Documents/androux/androux/toolchains/arm-linux-androideabi-4.8/prebuilt/darwin-x86_64/lib/gcc/arm-linux-androideabi/4.8/include-fixed/limits.h:34,
                 from conftest.c:10:
/Users/regnarts/Documents/androux/androux/toolchains/arm-linux-androideabi-4.8/prebuilt/darwin-x86_64/lib/gcc/arm-linux-androideabi/4.8/include-fixed/limits.h:168:61: error: no include path in which to search for limits.h
 #include_next <limits.h>  /* recurse down to the real one */
                                                             ^
configure:3655: $? = 1
configure: failed program was:
| /* confdefs.h */
| #define PACKAGE_NAME ""
| #define PACKAGE_TARNAME ""
| #define PACKAGE_VERSION ""
| #define PACKAGE_STRING ""
| #define PACKAGE_BUGREPORT ""
| #define PACKAGE_URL ""
| /* end confdefs.h.  */
| #ifdef __STDC__
| # include <limits.h>
| #else
| # include <assert.h>
| #endif
| 		     Syntax error
configure:3655: arm-linux-androideabi-gcc -E -traditional-cpp  conftest.c
conftest.c:12:0: fatal error: assert.h: No such file or directory
 # include <assert.h>
 ^
compilation terminated.
configure:3655: $? = 1
configure: failed program was:
| /* confdefs.h */
| #define PACKAGE_NAME ""
| #define PACKAGE_TARNAME ""
| #define PACKAGE_VERSION ""
| #define PACKAGE_STRING ""
| #define PACKAGE_BUGREPORT ""
| #define PACKAGE_URL ""
| /* end confdefs.h.  */
| #ifdef __STDC__
| # include <limits.h>
| #else
| # include <assert.h>
| #endif
| 		     Syntax error
configure:3655: arm-linux-androideabi-gcc -E -traditional-cpp  conftest.c
conftest.c:12:0: fatal error: assert.h: No such file or directory
 # include <assert.h>
 ^
compilation terminated.
configure:3655: $? = 1
configure: failed program was:
| /* confdefs.h */
| #define PACKAGE_NAME ""
| #define PACKAGE_TARNAME ""
| #define PACKAGE_VERSION ""
| #define PACKAGE_STRING ""
| #define PACKAGE_BUGREPORT ""
| #define PACKAGE_URL ""
| /* end confdefs.h.  */
| #ifdef __STDC__
| # include <limits.h>
| #else
| # include <assert.h>
| #endif
| 		     Syntax error
configure:3655: /lib/cpp  conftest.c
configure:3655: $? = 0
configure:3669: /lib/cpp  conftest.c
conftest.c:9:10: fatal error: 'ac_nonexistent.h' file not found
#include <ac_nonexistent.h>
         ^
1 error generated.
configure:3669: $? = 1
configure: failed program was:
| /* confdefs.h */
| #define PACKAGE_NAME ""
| #define PACKAGE_TARNAME ""
| #define PACKAGE_VERSION ""
| #define PACKAGE_STRING ""
| #define PACKAGE_BUGREPORT ""
| #define PACKAGE_URL ""
| /* end confdefs.h.  */
| #include <ac_nonexistent.h>
configure:3694: result: /lib/cpp
configure:3714: /lib/cpp  conftest.c
configure:3714: $? = 0
configure:3728: /lib/cpp  conftest.c
conftest.c:9:10: fatal error: 'ac_nonexistent.h' file not found
#include <ac_nonexistent.h>
         ^
1 error generated.
configure:3728: $? = 1
configure: failed program was:
| /* confdefs.h */
| #define PACKAGE_NAME ""
| #define PACKAGE_TARNAME ""
| #define PACKAGE_VERSION ""
| #define PACKAGE_STRING ""
| #define PACKAGE_BUGREPORT ""
| #define PACKAGE_URL ""
| /* end confdefs.h.  */
| #include <ac_nonexistent.h>
configure:3757: checking for grep that handles long lines and -e
configure:3815: result: /usr/bin/grep
configure:3820: checking for egrep
configure:3882: result: /usr/bin/grep -E
configure:3887: checking for ANSI C header files
configure:3907: arm-linux-androideabi-gcc -c -g -O2 -I/Users/regnarts/Documents/androux/androux/platforms/android-9/arch-arm/usr/include/ --sysroot=/Users/regnarts/Documents/androux/androux/platforms/android-9/arch-arm  conftest.c >&5
configure:3907: $? = 0
In file included from conftest.c:9:
In file included from /usr/include/string.h:63:
In file included from /usr/include/Availability.h:151:
/usr/include/AvailabilityInternal.h:5614:10: error: unterminated conditional directive
        #if __MAC_OS_X_VERSION_MIN_REQUIRED >= __MAC_10_7
         ^
/usr/include/AvailabilityInternal.h:5583:10: error: unterminated conditional directive
        #if __MAC_OS_X_VERSION_MIN_REQUIRED >= __MAC_10_6
         ^
/usr/include/AvailabilityInternal.h:5556:10: error: unterminated conditional directive
        #if __MAC_OS_X_VERSION_MIN_REQUIRED >= __MAC_10_5
         ^
/usr/include/AvailabilityInternal.h:5533:10: error: unterminated conditional directive
        #if __MAC_OS_X_VERSION_MIN_REQUIRED >= __MAC_10_4
         ^
/usr/include/AvailabilityInternal.h:5514:10: error: unterminated conditional directive
        #if __MAC_OS_X_VERSION_MIN_REQUIRED >= __MAC_10_3
         ^
/usr/include/AvailabilityInternal.h:5499:10: error: unterminated conditional directive
        #if __MAC_OS_X_VERSION_MIN_REQUIRED >= __MAC_10_2
         ^
/usr/include/AvailabilityInternal.h:5488:10: error: unterminated conditional directive
        #if __MAC_OS_X_VERSION_MIN_REQUIRED >= __MAC_10_1
         ^
/usr/include/AvailabilityInternal.h:58:2: error: unterminated conditional directive
#ifdef __IPHONE_OS_VERSION_MIN_REQUIRED
 ^
/usr/include/AvailabilityInternal.h:30:2: error: unterminated conditional directive
#ifndef __AVAILABILITY_INTERNAL__
 ^
In file included from conftest.c:9:
In file included from /usr/include/string.h:63:
/usr/include/Availability.h:197:2: error: #else without #if
#else
 ^
/usr/include/Availability.h:200:2: error: #endif without #if
#endif
 ^
/usr/include/Availability.h:206:2: error: #endif without #if
#endif /* __AVAILABILITY__ */
 ^
In file included from conftest.c:9:
In file included from /usr/include/string.h:176:
In file included from /usr/include/strings.h:64:
/usr/include/Availability.h:197:2: error: #else without #if
#else
 ^
/usr/include/Availability.h:200:2: error: #endif without #if
#endif
 ^
/usr/include/Availability.h:206:2: error: #endif without #if
#endif /* __AVAILABILITY__ */
 ^
In file included from conftest.c:9:
In file included from /usr/include/string.h:186:
In file included from /usr/include/secure/_string.h:31:
/usr/include/Availability.h:197:2: error: #else without #if
#else
 ^
/usr/include/Availability.h:200:2: error: #endif without #if
#endif
 ^
/usr/include/Availability.h:206:2: error: #endif without #if
#endif /* __AVAILABILITY__ */
 ^
18 errors generated.
In file included from conftest.c:9:
In file included from /usr/include/stdlib.h:61:
In file included from /usr/include/Availability.h:151:
/usr/include/AvailabilityInternal.h:5614:10: error: unterminated conditional directive
        #if __MAC_OS_X_VERSION_MIN_REQUIRED >= __MAC_10_7
         ^
/usr/include/AvailabilityInternal.h:5583:10: error: unterminated conditional directive
        #if __MAC_OS_X_VERSION_MIN_REQUIRED >= __MAC_10_6
         ^
/usr/include/AvailabilityInternal.h:5556:10: error: unterminated conditional directive
        #if __MAC_OS_X_VERSION_MIN_REQUIRED >= __MAC_10_5
         ^
/usr/include/AvailabilityInternal.h:5533:10: error: unterminated conditional directive
        #if __MAC_OS_X_VERSION_MIN_REQUIRED >= __MAC_10_4
         ^
/usr/include/AvailabilityInternal.h:5514:10: error: unterminated conditional directive
        #if __MAC_OS_X_VERSION_MIN_REQUIRED >= __MAC_10_3
         ^
/usr/include/AvailabilityInternal.h:5499:10: error: unterminated conditional directive
        #if __MAC_OS_X_VERSION_MIN_REQUIRED >= __MAC_10_2
         ^
/usr/include/AvailabilityInternal.h:5488:10: error: unterminated conditional directive
        #if __MAC_OS_X_VERSION_MIN_REQUIRED >= __MAC_10_1
         ^
/usr/include/AvailabilityInternal.h:58:2: error: unterminated conditional directive
#ifdef __IPHONE_OS_VERSION_MIN_REQUIRED
 ^
/usr/include/AvailabilityInternal.h:30:2: error: unterminated conditional directive
#ifndef __AVAILABILITY_INTERNAL__
 ^
In file included from conftest.c:9:
In file included from /usr/include/stdlib.h:61:
/usr/include/Availability.h:197:2: error: #else without #if
#else
 ^
/usr/include/Availability.h:200:2: error: #endif without #if
#endif
 ^
/usr/include/Availability.h:206:2: error: #endif without #if
#endif /* __AVAILABILITY__ */
 ^
In file included from conftest.c:9:
In file included from /usr/include/stdlib.h:65:
In file included from /usr/include/sys/wait.h:110:
In file included from /usr/include/sys/resource.h:75:
/usr/include/Availability.h:197:2: error: #else without #if
#else
 ^
/usr/include/Availability.h:200:2: error: #endif without #if
#endif
 ^
/usr/include/Availability.h:206:2: error: #endif without #if
#endif /* __AVAILABILITY__ */
 ^
15 errors generated.
configure:3991: result: yes
configure:3999: checking for an ANSI C-conforming const
configure:4064: arm-linux-androideabi-gcc -c -g -O2 -I/Users/regnarts/Documents/androux/androux/platforms/android-9/arch-arm/usr/include/ --sysroot=/Users/regnarts/Documents/androux/androux/platforms/android-9/arch-arm  conftest.c >&5
configure:4064: $? = 0
configure:4071: result: yes
configure:4079: checking for inline
configure:4095: arm-linux-androideabi-gcc -c -g -O2 -I/Users/regnarts/Documents/androux/androux/platforms/android-9/arch-arm/usr/include/ --sysroot=/Users/regnarts/Documents/androux/androux/platforms/android-9/arch-arm  conftest.c >&5
configure:4095: $? = 0
configure:4103: result: inline
configure:4126: checking for sys/types.h
configure:4126: arm-linux-androideabi-gcc -c -g -O2 -I/Users/regnarts/Documents/androux/androux/platforms/android-9/arch-arm/usr/include/ --sysroot=/Users/regnarts/Documents/androux/androux/platforms/android-9/arch-arm  conftest.c >&5
configure:4126: $? = 0
configure:4126: result: yes
configure:4126: checking for sys/stat.h
configure:4126: arm-linux-androideabi-gcc -c -g -O2 -I/Users/regnarts/Documents/androux/androux/platforms/android-9/arch-arm/usr/include/ --sysroot=/Users/regnarts/Documents/androux/androux/platforms/android-9/arch-arm  conftest.c >&5
configure:4126: $? = 0
configure:4126: result: yes
configure:4126: checking for stdlib.h
configure:4126: arm-linux-androideabi-gcc -c -g -O2 -I/Users/regnarts/Documents/androux/androux/platforms/android-9/arch-arm/usr/include/ --sysroot=/Users/regnarts/Documents/androux/androux/platforms/android-9/arch-arm  conftest.c >&5
configure:4126: $? = 0
configure:4126: result: yes
configure:4126: checking for string.h
configure:4126: arm-linux-androideabi-gcc -c -g -O2 -I/Users/regnarts/Documents/androux/androux/platforms/android-9/arch-arm/usr/include/ --sysroot=/Users/regnarts/Documents/androux/androux/platforms/android-9/arch-arm  conftest.c >&5
configure:4126: $? = 0
configure:4126: result: yes
configure:4126: checking for memory.h
configure:4126: arm-linux-androideabi-gcc -c -g -O2 -I/Users/regnarts/Documents/androux/androux/platforms/android-9/arch-arm/usr/include/ --sysroot=/Users/regnarts/Documents/androux/androux/platforms/android-9/arch-arm  conftest.c >&5
configure:4126: $? = 0
configure:4126: result: yes
configure:4126: checking for strings.h
configure:4126: arm-linux-androideabi-gcc -c -g -O2 -I/Users/regnarts/Documents/androux/androux/platforms/android-9/arch-arm/usr/include/ --sysroot=/Users/regnarts/Documents/androux/androux/platforms/android-9/arch-arm  conftest.c >&5
configure:4126: $? = 0
configure:4126: result: yes
configure:4126: checking for inttypes.h
configure:4126: arm-linux-androideabi-gcc -c -g -O2 -I/Users/regnarts/Documents/androux/androux/platforms/android-9/arch-arm/usr/include/ --sysroot=/Users/regnarts/Documents/androux/androux/platforms/android-9/arch-arm  conftest.c >&5
configure:4126: $? = 0
configure:4126: result: yes
configure:4126: checking for stdint.h
configure:4126: arm-linux-androideabi-gcc -c -g -O2 -I/Users/regnarts/Documents/androux/androux/platforms/android-9/arch-arm/usr/include/ --sysroot=/Users/regnarts/Documents/androux/androux/platforms/android-9/arch-arm  conftest.c >&5
configure:4126: $? = 0
configure:4126: result: yes
configure:4126: checking for unistd.h
configure:4126: arm-linux-androideabi-gcc -c -g -O2 -I/Users/regnarts/Documents/androux/androux/platforms/android-9/arch-arm/usr/include/ --sysroot=/Users/regnarts/Documents/androux/androux/platforms/android-9/arch-arm  conftest.c >&5
configure:4126: $? = 0
configure:4126: result: yes
configure:4139: checking for off_t
configure:4139: arm-linux-androideabi-gcc -c -g -O2 -I/Users/regnarts/Documents/androux/androux/platforms/android-9/arch-arm/usr/include/ --sysroot=/Users/regnarts/Documents/androux/androux/platforms/android-9/arch-arm  conftest.c >&5
configure:4139: $? = 0
configure:4139: arm-linux-androideabi-gcc -c -g -O2 -I/Users/regnarts/Documents/androux/androux/platforms/android-9/arch-arm/usr/include/ --sysroot=/Users/regnarts/Documents/androux/androux/platforms/android-9/arch-arm  conftest.c >&5
conftest.c: In function 'main':
conftest.c:55:20: error: expected expression before ')' token
 if (sizeof ((off_t)))
                    ^
configure:4139: $? = 1
configure: failed program was:
| /* confdefs.h */
| #define PACKAGE_NAME ""
| #define PACKAGE_TARNAME ""
| #define PACKAGE_VERSION ""
| #define PACKAGE_STRING ""
| #define PACKAGE_BUGREPORT ""
| #define PACKAGE_URL ""
| #define STDC_HEADERS 1
| #define HAVE_SYS_TYPES_H 1
| #define HAVE_SYS_STAT_H 1
| #define HAVE_STDLIB_H 1
| #define HAVE_STRING_H 1
| #define HAVE_MEMORY_H 1
| #define HAVE_STRINGS_H 1
| #define HAVE_INTTYPES_H 1
| #define HAVE_STDINT_H 1
| #define HAVE_UNISTD_H 1
| /* end confdefs.h.  */
| #include <stdio.h>
| #ifdef HAVE_SYS_TYPES_H
| # include <sys/types.h>
| #endif
| #ifdef HAVE_SYS_STAT_H
| # include <sys/stat.h>
| #endif
| #ifdef STDC_HEADERS
| # include <stdlib.h>
| # include <stddef.h>
| #else
| # ifdef HAVE_STDLIB_H
| #  include <stdlib.h>
| # endif
| #endif
| #ifdef HAVE_STRING_H
| # if !defined STDC_HEADERS && defined HAVE_MEMORY_H
| #  include <memory.h>
| # endif
| # include <string.h>
| #endif
| #ifdef HAVE_STRINGS_H
| # include <strings.h>
| #endif
| #ifdef HAVE_INTTYPES_H
| # include <inttypes.h>
| #endif
| #ifdef HAVE_STDINT_H
| # include <stdint.h>
| #endif
| #ifdef HAVE_UNISTD_H
| # include <unistd.h>
| #endif
| int
| main ()
| {
| if (sizeof ((off_t)))
| 	    return 0;
|   ;
|   return 0;
| }
configure:4139: result: yes
configure:4150: checking for size_t
configure:4150: arm-linux-androideabi-gcc -c -g -O2 -I/Users/regnarts/Documents/androux/androux/platforms/android-9/arch-arm/usr/include/ --sysroot=/Users/regnarts/Documents/androux/androux/platforms/android-9/arch-arm  conftest.c >&5
configure:4150: $? = 0
configure:4150: arm-linux-androideabi-gcc -c -g -O2 -I/Users/regnarts/Documents/androux/androux/platforms/android-9/arch-arm/usr/include/ --sysroot=/Users/regnarts/Documents/androux/androux/platforms/android-9/arch-arm  conftest.c >&5
conftest.c: In function 'main':
conftest.c:55:21: error: expected expression before ')' token
 if (sizeof ((size_t)))
                     ^
configure:4150: $? = 1
configure: failed program was:
| /* confdefs.h */
| #define PACKAGE_NAME ""
| #define PACKAGE_TARNAME ""
| #define PACKAGE_VERSION ""
| #define PACKAGE_STRING ""
| #define PACKAGE_BUGREPORT ""
| #define PACKAGE_URL ""
| #define STDC_HEADERS 1
| #define HAVE_SYS_TYPES_H 1
| #define HAVE_SYS_STAT_H 1
| #define HAVE_STDLIB_H 1
| #define HAVE_STRING_H 1
| #define HAVE_MEMORY_H 1
| #define HAVE_STRINGS_H 1
| #define HAVE_INTTYPES_H 1
| #define HAVE_STDINT_H 1
| #define HAVE_UNISTD_H 1
| /* end confdefs.h.  */
| #include <stdio.h>
| #ifdef HAVE_SYS_TYPES_H
| # include <sys/types.h>
| #endif
| #ifdef HAVE_SYS_STAT_H
| # include <sys/stat.h>
| #endif
| #ifdef STDC_HEADERS
| # include <stdlib.h>
| # include <stddef.h>
| #else
| # ifdef HAVE_STDLIB_H
| #  include <stdlib.h>
| # endif
| #endif
| #ifdef HAVE_STRING_H
| # if !defined STDC_HEADERS && defined HAVE_MEMORY_H
| #  include <memory.h>
| # endif
| # include <string.h>
| #endif
| #ifdef HAVE_STRINGS_H
| # include <strings.h>
| #endif
| #ifdef HAVE_INTTYPES_H
| # include <inttypes.h>
| #endif
| #ifdef HAVE_STDINT_H
| # include <stdint.h>
| #endif
| #ifdef HAVE_UNISTD_H
| # include <unistd.h>
| #endif
| int
| main ()
| {
| if (sizeof ((size_t)))
| 	    return 0;
|   ;
|   return 0;
| }
configure:4150: result: yes
configure:4163: checking for working alloca.h
configure:4180: arm-linux-androideabi-gcc -o conftest -g -O2 -I/Users/regnarts/Documents/androux/androux/platforms/android-9/arch-arm/usr/include/ --sysroot=/Users/regnarts/Documents/androux/androux/platforms/android-9/arch-arm   -L/Users/regnarts/Documents/androux/androux/platforms/android-9/arch-arm/usr/lib/ conftest.c  >&5
configure:4180: $? = 0
configure:4188: result: yes
configure:4196: checking for alloca
configure:4233: arm-linux-androideabi-gcc -o conftest -g -O2 -I/Users/regnarts/Documents/androux/androux/platforms/android-9/arch-arm/usr/include/ --sysroot=/Users/regnarts/Documents/androux/androux/platforms/android-9/arch-arm   -L/Users/regnarts/Documents/androux/androux/platforms/android-9/arch-arm/usr/lib/ conftest.c  >&5
configure:4233: $? = 0
configure:4241: result: yes
configure:4354: checking for stdlib.h
configure:4354: result: yes
configure:4354: checking for unistd.h
configure:4354: result: yes
configure:4367: checking for getpagesize
configure:4367: arm-linux-androideabi-gcc -o conftest -g -O2 -I/Users/regnarts/Documents/androux/androux/platforms/android-9/arch-arm/usr/include/ --sysroot=/Users/regnarts/Documents/androux/androux/platforms/android-9/arch-arm   -L/Users/regnarts/Documents/androux/androux/platforms/android-9/arch-arm/usr/lib/ conftest.c  >&5
conftest.c:57: error: undefined reference to 'getpagesize'
collect2: error: ld returned 1 exit status
configure:4367: $? = 1
configure: failed program was:
| /* confdefs.h */
| #define PACKAGE_NAME ""
| #define PACKAGE_TARNAME ""
| #define PACKAGE_VERSION ""
| #define PACKAGE_STRING ""
| #define PACKAGE_BUGREPORT ""
| #define PACKAGE_URL ""
| #define STDC_HEADERS 1
| #define HAVE_SYS_TYPES_H 1
| #define HAVE_SYS_STAT_H 1
| #define HAVE_STDLIB_H 1
| #define HAVE_STRING_H 1
| #define HAVE_MEMORY_H 1
| #define HAVE_STRINGS_H 1
| #define HAVE_INTTYPES_H 1
| #define HAVE_STDINT_H 1
| #define HAVE_UNISTD_H 1
| #define HAVE_ALLOCA_H 1
| #define HAVE_ALLOCA 1
| #define HAVE_STDLIB_H 1
| #define HAVE_UNISTD_H 1
| /* end confdefs.h.  */
| /* Define getpagesize to an innocuous variant, in case <limits.h> declares getpagesize.
|    For example, HP-UX 11i <limits.h> declares gettimeofday.  */
| #define getpagesize innocuous_getpagesize
| 
| /* System header to define __stub macros and hopefully few prototypes,
|     which can conflict with char getpagesize (); below.
|     Prefer <limits.h> to <assert.h> if __STDC__ is defined, since
|     <limits.h> exists even on freestanding compilers.  */
| 
| #ifdef __STDC__
| # include <limits.h>
| #else
| # include <assert.h>
| #endif
| 
| #undef getpagesize
| 
| /* Override any GCC internal prototype to avoid an error.
|    Use char because int might match the return type of a GCC
|    builtin and then its argument prototype would still apply.  */
| #ifdef __cplusplus
| extern "C"
| #endif
| char getpagesize ();
| /* The GNU C library defines this for functions which it implements
|     to always fail with ENOSYS.  Some functions are actually named
|     something starting with __ and the normal name is an alias.  */
| #if defined __stub_getpagesize || defined __stub___getpagesize
| choke me
| #endif
| 
| int
| main ()
| {
| return getpagesize ();
|   ;
|   return 0;
| }
configure:4367: result: no
configure:4376: checking for working mmap
configure:4523: result: no
configure:4533: checking whether we are using the GNU C Library 2.1 or newer
conftest.c:24:10: fatal error: 'features.h' file not found
#include <features.h>
         ^
1 error generated.
configure:4560: result: no
configure:4568: checking whether integer division by zero raises SIGFPE
configure:4636: result: guessing no
configure:4649: checking for inttypes.h
configure:4666: arm-linux-androideabi-gcc -c -g -O2 -I/Users/regnarts/Documents/androux/androux/platforms/android-9/arch-arm/usr/include/ --sysroot=/Users/regnarts/Documents/androux/androux/platforms/android-9/arch-arm  conftest.c >&5
configure:4666: $? = 0
configure:4673: result: yes
configure:4684: checking for stdint.h
configure:4701: arm-linux-androideabi-gcc -c -g -O2 -I/Users/regnarts/Documents/androux/androux/platforms/android-9/arch-arm/usr/include/ --sysroot=/Users/regnarts/Documents/androux/androux/platforms/android-9/arch-arm  conftest.c >&5
configure:4701: $? = 0
configure:4708: result: yes
configure:4719: checking for unsigned long long
configure:4736: arm-linux-androideabi-gcc -o conftest -g -O2 -I/Users/regnarts/Documents/androux/androux/platforms/android-9/arch-arm/usr/include/ --sysroot=/Users/regnarts/Documents/androux/androux/platforms/android-9/arch-arm   -L/Users/regnarts/Documents/androux/androux/platforms/android-9/arch-arm/usr/lib/ conftest.c  >&5
configure:4736: $? = 0
configure:4744: result: yes
configure:4772: checking for inttypes.h
configure:4790: arm-linux-androideabi-gcc -c -g -O2 -I/Users/regnarts/Documents/androux/androux/platforms/android-9/arch-arm/usr/include/ --sysroot=/Users/regnarts/Documents/androux/androux/platforms/android-9/arch-arm  conftest.c >&5
configure:4790: $? = 0
configure:4798: result: yes
configure:4811: checking whether the inttypes.h PRIxNN macros are broken
configure:4832: arm-linux-androideabi-gcc -c -g -O2 -I/Users/regnarts/Documents/androux/androux/platforms/android-9/arch-arm/usr/include/ --sysroot=/Users/regnarts/Documents/androux/androux/platforms/android-9/arch-arm  conftest.c >&5
configure:4832: $? = 0
configure:4840: result: no
configure:4891: checking for ld used by GCC
configure:4954: result: /Users/regnarts/Documents/androux/androux/toolchains/arm-linux-androideabi-4.8/prebuilt/darwin-x86_64/bin/../lib/gcc/arm-linux-androideabi/4.8/../../../../arm-linux-androideabi/bin/ld
configure:4961: checking if the linker (/Users/regnarts/Documents/androux/androux/toolchains/arm-linux-androideabi-4.8/prebuilt/darwin-x86_64/bin/../lib/gcc/arm-linux-androideabi/4.8/../../../../arm-linux-androideabi/bin/ld) is GNU ld
GNU gold (GNU Binutils 2.24) 1.11
configure:4973: result: yes
configure:4979: checking for shared library run path origin
configure:4992: result: done
configure:5398: checking argz.h usability
configure:5398: arm-linux-androideabi-gcc -c -g -O2 -I/Users/regnarts/Documents/androux/androux/platforms/android-9/arch-arm/usr/include/ --sysroot=/Users/regnarts/Documents/androux/androux/platforms/android-9/arch-arm  conftest.c >&5
conftest.c:62:18: fatal error: argz.h: No such file or directory
 #include <argz.h>
                  ^
compilation terminated.
configure:5398: $? = 1
configure: failed program was:
| /* confdefs.h */
| #define PACKAGE_NAME ""
| #define PACKAGE_TARNAME ""
| #define PACKAGE_VERSION ""
| #define PACKAGE_STRING ""
| #define PACKAGE_BUGREPORT ""
| #define PACKAGE_URL ""
| #define STDC_HEADERS 1
| #define HAVE_SYS_TYPES_H 1
| #define HAVE_SYS_STAT_H 1
| #define HAVE_STDLIB_H 1
| #define HAVE_STRING_H 1
| #define HAVE_MEMORY_H 1
| #define HAVE_STRINGS_H 1
| #define HAVE_INTTYPES_H 1
| #define HAVE_STDINT_H 1
| #define HAVE_UNISTD_H 1
| #define HAVE_ALLOCA_H 1
| #define HAVE_ALLOCA 1
| #define HAVE_STDLIB_H 1
| #define HAVE_UNISTD_H 1
| #define INTDIV0_RAISES_SIGFPE 0
| #define HAVE_INTTYPES_H_WITH_UINTMAX 1
| #define HAVE_STDINT_H_WITH_UINTMAX 1
| #define HAVE_UNSIGNED_LONG_LONG 1
| #define HAVE_UINTMAX_T 1
| #define HAVE_INTTYPES_H 1
| /* end confdefs.h.  */
| #include <stdio.h>
| #ifdef HAVE_SYS_TYPES_H
| # include <sys/types.h>
| #endif
| #ifdef HAVE_SYS_STAT_H
| # include <sys/stat.h>
| #endif
| #ifdef STDC_HEADERS
| # include <stdlib.h>
| # include <stddef.h>
| #else
| # ifdef HAVE_STDLIB_H
| #  include <stdlib.h>
| # endif
| #endif
| #ifdef HAVE_STRING_H
| # if !defined STDC_HEADERS && defined HAVE_MEMORY_H
| #  include <memory.h>
| # endif
| # include <string.h>
| #endif
| #ifdef HAVE_STRINGS_H
| # include <strings.h>
| #endif
| #ifdef HAVE_INTTYPES_H
| # include <inttypes.h>
| #endif
| #ifdef HAVE_STDINT_H
| # include <stdint.h>
| #endif
| #ifdef HAVE_UNISTD_H
| # include <unistd.h>
| #endif
| #include <argz.h>
configure:5398: result: no
configure:5398: checking argz.h presence
configure:5398: /lib/cpp  conftest.c
conftest.c:29:10: fatal error: 'argz.h' file not found
#include <argz.h>
         ^
1 error generated.
configure:5398: $? = 1
configure: failed program was:
| /* confdefs.h */
| #define PACKAGE_NAME ""
| #define PACKAGE_TARNAME ""
| #define PACKAGE_VERSION ""
| #define PACKAGE_STRING ""
| #define PACKAGE_BUGREPORT ""
| #define PACKAGE_URL ""
| #define STDC_HEADERS 1
| #define HAVE_SYS_TYPES_H 1
| #define HAVE_SYS_STAT_H 1
| #define HAVE_STDLIB_H 1
| #define HAVE_STRING_H 1
| #define HAVE_MEMORY_H 1
| #define HAVE_STRINGS_H 1
| #define HAVE_INTTYPES_H 1
| #define HAVE_STDINT_H 1
| #define HAVE_UNISTD_H 1
| #define HAVE_ALLOCA_H 1
| #define HAVE_ALLOCA 1
| #define HAVE_STDLIB_H 1
| #define HAVE_UNISTD_H 1
| #define INTDIV0_RAISES_SIGFPE 0
| #define HAVE_INTTYPES_H_WITH_UINTMAX 1
| #define HAVE_STDINT_H_WITH_UINTMAX 1
| #define HAVE_UNSIGNED_LONG_LONG 1
| #define HAVE_UINTMAX_T 1
| #define HAVE_INTTYPES_H 1
| /* end confdefs.h.  */
| #include <argz.h>
configure:5398: result: no
configure:5398: checking for argz.h
configure:5398: result: no
configure:5398: checking limits.h usability
configure:5398: arm-linux-androideabi-gcc -c -g -O2 -I/Users/regnarts/Documents/androux/androux/platforms/android-9/arch-arm/usr/include/ --sysroot=/Users/regnarts/Documents/androux/androux/platforms/android-9/arch-arm  conftest.c >&5
configure:5398: $? = 0
configure:5398: result: yes
configure:5398: checking limits.h presence
configure:5398: /lib/cpp  conftest.c
configure:5398: $? = 0
configure:5398: result: yes
configure:5398: checking for limits.h
configure:5398: result: yes
configure:5398: checking locale.h usability
configure:5398: arm-linux-androideabi-gcc -c -g -O2 -I/Users/regnarts/Documents/androux/androux/platforms/android-9/arch-arm/usr/include/ --sysroot=/Users/regnarts/Documents/androux/androux/platforms/android-9/arch-arm  conftest.c >&5
configure:5398: $? = 0
configure:5398: result: yes
configure:5398: checking locale.h presence
configure:5398: /lib/cpp  conftest.c
configure:5398: $? = 0
configure:5398: result: yes
configure:5398: checking for locale.h
configure:5398: result: yes
configure:5398: checking nl_types.h usability
configure:5398: arm-linux-androideabi-gcc -c -g -O2 -I/Users/regnarts/Documents/androux/androux/platforms/android-9/arch-arm/usr/include/ --sysroot=/Users/regnarts/Documents/androux/androux/platforms/android-9/arch-arm  conftest.c >&5
conftest.c:64:22: fatal error: nl_types.h: No such file or directory
 #include <nl_types.h>
                      ^
compilation terminated.
configure:5398: $? = 1
configure: failed program was:
| /* confdefs.h */
| #define PACKAGE_NAME ""
| #define PACKAGE_TARNAME ""
| #define PACKAGE_VERSION ""
| #define PACKAGE_STRING ""
| #define PACKAGE_BUGREPORT ""
| #define PACKAGE_URL ""
| #define STDC_HEADERS 1
| #define HAVE_SYS_TYPES_H 1
| #define HAVE_SYS_STAT_H 1
| #define HAVE_STDLIB_H 1
| #define HAVE_STRING_H 1
| #define HAVE_MEMORY_H 1
| #define HAVE_STRINGS_H 1
| #define HAVE_INTTYPES_H 1
| #define HAVE_STDINT_H 1
| #define HAVE_UNISTD_H 1
| #define HAVE_ALLOCA_H 1
| #define HAVE_ALLOCA 1
| #define HAVE_STDLIB_H 1
| #define HAVE_UNISTD_H 1
| #define INTDIV0_RAISES_SIGFPE 0
| #define HAVE_INTTYPES_H_WITH_UINTMAX 1
| #define HAVE_STDINT_H_WITH_UINTMAX 1
| #define HAVE_UNSIGNED_LONG_LONG 1
| #define HAVE_UINTMAX_T 1
| #define HAVE_INTTYPES_H 1
| #define HAVE_LIMITS_H 1
| #define HAVE_LOCALE_H 1
| /* end confdefs.h.  */
| #include <stdio.h>
| #ifdef HAVE_SYS_TYPES_H
| # include <sys/types.h>
| #endif
| #ifdef HAVE_SYS_STAT_H
| # include <sys/stat.h>
| #endif
| #ifdef STDC_HEADERS
| # include <stdlib.h>
| # include <stddef.h>
| #else
| # ifdef HAVE_STDLIB_H
| #  include <stdlib.h>
| # endif
| #endif
| #ifdef HAVE_STRING_H
| # if !defined STDC_HEADERS && defined HAVE_MEMORY_H
| #  include <memory.h>
| # endif
| # include <string.h>
| #endif
| #ifdef HAVE_STRINGS_H
| # include <strings.h>
| #endif
| #ifdef HAVE_INTTYPES_H
| # include <inttypes.h>
| #endif
| #ifdef HAVE_STDINT_H
| # include <stdint.h>
| #endif
| #ifdef HAVE_UNISTD_H
| # include <unistd.h>
| #endif
| #include <nl_types.h>
configure:5398: result: no
configure:5398: checking nl_types.h presence
configure:5398: /lib/cpp  conftest.c
configure:5398: $? = 0
configure:5398: result: yes
configure:5398: WARNING: nl_types.h: present but cannot be compiled
configure:5398: WARNING: nl_types.h:     check for missing prerequisite headers?
configure:5398: WARNING: nl_types.h: see the Autoconf documentation
configure:5398: WARNING: nl_types.h:     section "Present But Cannot Be Compiled"
configure:5398: WARNING: nl_types.h: proceeding with the compiler's result
configure:5398: checking for nl_types.h
configure:5398: result: no
configure:5398: checking malloc.h usability
configure:5398: arm-linux-androideabi-gcc -c -g -O2 -I/Users/regnarts/Documents/androux/androux/platforms/android-9/arch-arm/usr/include/ --sysroot=/Users/regnarts/Documents/androux/androux/platforms/android-9/arch-arm  conftest.c >&5
configure:5398: $? = 0
configure:5398: result: yes
configure:5398: checking malloc.h presence
configure:5398: /lib/cpp  conftest.c
conftest.c:31:10: fatal error: 'malloc.h' file not found
#include <malloc.h>
         ^
1 error generated.
configure:5398: $? = 1
configure: failed program was:
| /* confdefs.h */
| #define PACKAGE_NAME ""
| #define PACKAGE_TARNAME ""
| #define PACKAGE_VERSION ""
| #define PACKAGE_STRING ""
| #define PACKAGE_BUGREPORT ""
| #define PACKAGE_URL ""
| #define STDC_HEADERS 1
| #define HAVE_SYS_TYPES_H 1
| #define HAVE_SYS_STAT_H 1
| #define HAVE_STDLIB_H 1
| #define HAVE_STRING_H 1
| #define HAVE_MEMORY_H 1
| #define HAVE_STRINGS_H 1
| #define HAVE_INTTYPES_H 1
| #define HAVE_STDINT_H 1
| #define HAVE_UNISTD_H 1
| #define HAVE_ALLOCA_H 1
| #define HAVE_ALLOCA 1
| #define HAVE_STDLIB_H 1
| #define HAVE_UNISTD_H 1
| #define INTDIV0_RAISES_SIGFPE 0
| #define HAVE_INTTYPES_H_WITH_UINTMAX 1
| #define HAVE_STDINT_H_WITH_UINTMAX 1
| #define HAVE_UNSIGNED_LONG_LONG 1
| #define HAVE_UINTMAX_T 1
| #define HAVE_INTTYPES_H 1
| #define HAVE_LIMITS_H 1
| #define HAVE_LOCALE_H 1
| /* end confdefs.h.  */
| #include <malloc.h>
configure:5398: result: no
configure:5398: WARNING: malloc.h: accepted by the compiler, rejected by the preprocessor!
configure:5398: WARNING: malloc.h: proceeding with the compiler's result
configure:5398: checking for malloc.h
configure:5398: result: yes
configure:5398: checking stddef.h usability
configure:5398: arm-linux-androideabi-gcc -c -g -O2 -I/Users/regnarts/Documents/androux/androux/platforms/android-9/arch-arm/usr/include/ --sysroot=/Users/regnarts/Documents/androux/androux/platforms/android-9/arch-arm  conftest.c >&5
configure:5398: $? = 0
configure:5398: result: yes
configure:5398: checking stddef.h presence
configure:5398: /lib/cpp  conftest.c
configure:5398: $? = 0
configure:5398: result: yes
configure:5398: checking for stddef.h
configure:5398: result: yes
configure:5398: checking for stdlib.h
configure:5398: result: yes
configure:5398: checking for string.h
configure:5398: result: yes
configure:5398: checking for unistd.h
configure:5398: result: yes
configure:5398: checking sys/param.h usability
configure:5398: arm-linux-androideabi-gcc -c -g -O2 -I/Users/regnarts/Documents/androux/androux/platforms/android-9/arch-arm/usr/include/ --sysroot=/Users/regnarts/Documents/androux/androux/platforms/android-9/arch-arm  conftest.c >&5
configure:5398: $? = 0
configure:5398: result: yes
configure:5398: checking sys/param.h presence
configure:5398: /lib/cpp  conftest.c
configure:5398: $? = 0
configure:5398: result: yes
configure:5398: checking for sys/param.h
configure:5398: result: yes
configure:5415: checking for feof_unlocked
configure:5415: arm-linux-androideabi-gcc -o conftest -g -O2 -I/Users/regnarts/Documents/androux/androux/platforms/android-9/arch-arm/usr/include/ --sysroot=/Users/regnarts/Documents/androux/androux/platforms/android-9/arch-arm   -L/Users/regnarts/Documents/androux/androux/platforms/android-9/arch-arm/usr/lib/ conftest.c  >&5
conftest.c:71: error: undefined reference to 'feof_unlocked'
collect2: error: ld returned 1 exit status
configure:5415: $? = 1
configure: failed program was:
| /* confdefs.h */
| #define PACKAGE_NAME ""
| #define PACKAGE_TARNAME ""
| #define PACKAGE_VERSION ""
| #define PACKAGE_STRING ""
| #define PACKAGE_BUGREPORT ""
| #define PACKAGE_URL ""
| #define STDC_HEADERS 1
| #define HAVE_SYS_TYPES_H 1
| #define HAVE_SYS_STAT_H 1
| #define HAVE_STDLIB_H 1
| #define HAVE_STRING_H 1
| #define HAVE_MEMORY_H 1
| #define HAVE_STRINGS_H 1
| #define HAVE_INTTYPES_H 1
| #define HAVE_STDINT_H 1
| #define HAVE_UNISTD_H 1
| #define HAVE_ALLOCA_H 1
| #define HAVE_ALLOCA 1
| #define HAVE_STDLIB_H 1
| #define HAVE_UNISTD_H 1
| #define INTDIV0_RAISES_SIGFPE 0
| #define HAVE_INTTYPES_H_WITH_UINTMAX 1
| #define HAVE_STDINT_H_WITH_UINTMAX 1
| #define HAVE_UNSIGNED_LONG_LONG 1
| #define HAVE_UINTMAX_T 1
| #define HAVE_INTTYPES_H 1
| #define HAVE_LIMITS_H 1
| #define HAVE_LOCALE_H 1
| #define HAVE_MALLOC_H 1
| #define HAVE_STDDEF_H 1
| #define HAVE_STDLIB_H 1
| #define HAVE_STRING_H 1
| #define HAVE_UNISTD_H 1
| #define HAVE_SYS_PARAM_H 1
| /* end confdefs.h.  */
| /* Define feof_unlocked to an innocuous variant, in case <limits.h> declares feof_unlocked.
|    For example, HP-UX 11i <limits.h> declares gettimeofday.  */
| #define feof_unlocked innocuous_feof_unlocked
| 
| /* System header to define __stub macros and hopefully few prototypes,
|     which can conflict with char feof_unlocked (); below.
|     Prefer <limits.h> to <assert.h> if __STDC__ is defined, since
|     <limits.h> exists even on freestanding compilers.  */
| 
| #ifdef __STDC__
| # include <limits.h>
| #else
| # include <assert.h>
| #endif
| 
| #undef feof_unlocked
| 
| /* Override any GCC internal prototype to avoid an error.
|    Use char because int might match the return type of a GCC
|    builtin and then its argument prototype would still apply.  */
| #ifdef __cplusplus
| extern "C"
| #endif
| char feof_unlocked ();
| /* The GNU C library defines this for functions which it implements
|     to always fail with ENOSYS.  Some functions are actually named
|     something starting with __ and the normal name is an alias.  */
| #if defined __stub_feof_unlocked || defined __stub___feof_unlocked
| choke me
| #endif
| 
| int
| main ()
| {
| return feof_unlocked ();
|   ;
|   return 0;
| }
configure:5415: result: no
configure:5415: checking for fgets_unlocked
configure:5415: arm-linux-androideabi-gcc -o conftest -g -O2 -I/Users/regnarts/Documents/androux/androux/platforms/android-9/arch-arm/usr/include/ --sysroot=/Users/regnarts/Documents/androux/androux/platforms/android-9/arch-arm   -L/Users/regnarts/Documents/androux/androux/platforms/android-9/arch-arm/usr/lib/ conftest.c  >&5
conftest.c:71: error: undefined reference to 'fgets_unlocked'
collect2: error: ld returned 1 exit status
configure:5415: $? = 1
configure: failed program was:
| /* confdefs.h */
| #define PACKAGE_NAME ""
| #define PACKAGE_TARNAME ""
| #define PACKAGE_VERSION ""
| #define PACKAGE_STRING ""
| #define PACKAGE_BUGREPORT ""
| #define PACKAGE_URL ""
| #define STDC_HEADERS 1
| #define HAVE_SYS_TYPES_H 1
| #define HAVE_SYS_STAT_H 1
| #define HAVE_STDLIB_H 1
| #define HAVE_STRING_H 1
| #define HAVE_MEMORY_H 1
| #define HAVE_STRINGS_H 1
| #define HAVE_INTTYPES_H 1
| #define HAVE_STDINT_H 1
| #define HAVE_UNISTD_H 1
| #define HAVE_ALLOCA_H 1
| #define HAVE_ALLOCA 1
| #define HAVE_STDLIB_H 1
| #define HAVE_UNISTD_H 1
| #define INTDIV0_RAISES_SIGFPE 0
| #define HAVE_INTTYPES_H_WITH_UINTMAX 1
| #define HAVE_STDINT_H_WITH_UINTMAX 1
| #define HAVE_UNSIGNED_LONG_LONG 1
| #define HAVE_UINTMAX_T 1
| #define HAVE_INTTYPES_H 1
| #define HAVE_LIMITS_H 1
| #define HAVE_LOCALE_H 1
| #define HAVE_MALLOC_H 1
| #define HAVE_STDDEF_H 1
| #define HAVE_STDLIB_H 1
| #define HAVE_STRING_H 1
| #define HAVE_UNISTD_H 1
| #define HAVE_SYS_PARAM_H 1
| /* end confdefs.h.  */
| /* Define fgets_unlocked to an innocuous variant, in case <limits.h> declares fgets_unlocked.
|    For example, HP-UX 11i <limits.h> declares gettimeofday.  */
| #define fgets_unlocked innocuous_fgets_unlocked
| 
| /* System header to define __stub macros and hopefully few prototypes,
|     which can conflict with char fgets_unlocked (); below.
|     Prefer <limits.h> to <assert.h> if __STDC__ is defined, since
|     <limits.h> exists even on freestanding compilers.  */
| 
| #ifdef __STDC__
| # include <limits.h>
| #else
| # include <assert.h>
| #endif
| 
| #undef fgets_unlocked
| 
| /* Override any GCC internal prototype to avoid an error.
|    Use char because int might match the return type of a GCC
|    builtin and then its argument prototype would still apply.  */
| #ifdef __cplusplus
| extern "C"
| #endif
| char fgets_unlocked ();
| /* The GNU C library defines this for functions which it implements
|     to always fail with ENOSYS.  Some functions are actually named
|     something starting with __ and the normal name is an alias.  */
| #if defined __stub_fgets_unlocked || defined __stub___fgets_unlocked
| choke me
| #endif
| 
| int
| main ()
| {
| return fgets_unlocked ();
|   ;
|   return 0;
| }
configure:5415: result: no
configure:5415: checking for getc_unlocked
configure:5415: arm-linux-androideabi-gcc -o conftest -g -O2 -I/Users/regnarts/Documents/androux/androux/platforms/android-9/arch-arm/usr/include/ --sysroot=/Users/regnarts/Documents/androux/androux/platforms/android-9/arch-arm   -L/Users/regnarts/Documents/androux/androux/platforms/android-9/arch-arm/usr/lib/ conftest.c  >&5
configure:5415: $? = 0
configure:5415: result: yes
configure:5415: checking for getcwd
configure:5415: arm-linux-androideabi-gcc -o conftest -g -O2 -I/Users/regnarts/Documents/androux/androux/platforms/android-9/arch-arm/usr/include/ --sysroot=/Users/regnarts/Documents/androux/androux/platforms/android-9/arch-arm   -L/Users/regnarts/Documents/androux/androux/platforms/android-9/arch-arm/usr/lib/ conftest.c  >&5
configure:5415: $? = 0
configure:5415: result: yes
configure:5415: checking for getegid
configure:5415: arm-linux-androideabi-gcc -o conftest -g -O2 -I/Users/regnarts/Documents/androux/androux/platforms/android-9/arch-arm/usr/include/ --sysroot=/Users/regnarts/Documents/androux/androux/platforms/android-9/arch-arm   -L/Users/regnarts/Documents/androux/androux/platforms/android-9/arch-arm/usr/lib/ conftest.c  >&5
configure:5415: $? = 0
configure:5415: result: yes
configure:5415: checking for geteuid
configure:5415: arm-linux-androideabi-gcc -o conftest -g -O2 -I/Users/regnarts/Documents/androux/androux/platforms/android-9/arch-arm/usr/include/ --sysroot=/Users/regnarts/Documents/androux/androux/platforms/android-9/arch-arm   -L/Users/regnarts/Documents/androux/androux/platforms/android-9/arch-arm/usr/lib/ conftest.c  >&5
configure:5415: $? = 0
configure:5415: result: yes
configure:5415: checking for getgid
configure:5415: arm-linux-androideabi-gcc -o conftest -g -O2 -I/Users/regnarts/Documents/androux/androux/platforms/android-9/arch-arm/usr/include/ --sysroot=/Users/regnarts/Documents/androux/androux/platforms/android-9/arch-arm   -L/Users/regnarts/Documents/androux/androux/platforms/android-9/arch-arm/usr/lib/ conftest.c  >&5
configure:5415: $? = 0
configure:5415: result: yes
configure:5415: checking for getuid
configure:5415: arm-linux-androideabi-gcc -o conftest -g -O2 -I/Users/regnarts/Documents/androux/androux/platforms/android-9/arch-arm/usr/include/ --sysroot=/Users/regnarts/Documents/androux/androux/platforms/android-9/arch-arm   -L/Users/regnarts/Documents/androux/androux/platforms/android-9/arch-arm/usr/lib/ conftest.c  >&5
configure:5415: $? = 0
configure:5415: result: yes
configure:5415: checking for mempcpy
configure:5415: arm-linux-androideabi-gcc -o conftest -g -O2 -I/Users/regnarts/Documents/androux/androux/platforms/android-9/arch-arm/usr/include/ --sysroot=/Users/regnarts/Documents/androux/androux/platforms/android-9/arch-arm   -L/Users/regnarts/Documents/androux/androux/platforms/android-9/arch-arm/usr/lib/ conftest.c  >&5
conftest.c:66:6: warning: conflicting types for built-in function 'mempcpy' [enabled by default]
 char mempcpy ();
      ^
conftest.c:77: error: undefined reference to 'mempcpy'
collect2: error: ld returned 1 exit status
configure:5415: $? = 1
configure: failed program was:
| /* confdefs.h */
| #define PACKAGE_NAME ""
| #define PACKAGE_TARNAME ""
| #define PACKAGE_VERSION ""
| #define PACKAGE_STRING ""
| #define PACKAGE_BUGREPORT ""
| #define PACKAGE_URL ""
| #define STDC_HEADERS 1
| #define HAVE_SYS_TYPES_H 1
| #define HAVE_SYS_STAT_H 1
| #define HAVE_STDLIB_H 1
| #define HAVE_STRING_H 1
| #define HAVE_MEMORY_H 1
| #define HAVE_STRINGS_H 1
| #define HAVE_INTTYPES_H 1
| #define HAVE_STDINT_H 1
| #define HAVE_UNISTD_H 1
| #define HAVE_ALLOCA_H 1
| #define HAVE_ALLOCA 1
| #define HAVE_STDLIB_H 1
| #define HAVE_UNISTD_H 1
| #define INTDIV0_RAISES_SIGFPE 0
| #define HAVE_INTTYPES_H_WITH_UINTMAX 1
| #define HAVE_STDINT_H_WITH_UINTMAX 1
| #define HAVE_UNSIGNED_LONG_LONG 1
| #define HAVE_UINTMAX_T 1
| #define HAVE_INTTYPES_H 1
| #define HAVE_LIMITS_H 1
| #define HAVE_LOCALE_H 1
| #define HAVE_MALLOC_H 1
| #define HAVE_STDDEF_H 1
| #define HAVE_STDLIB_H 1
| #define HAVE_STRING_H 1
| #define HAVE_UNISTD_H 1
| #define HAVE_SYS_PARAM_H 1
| #define HAVE_GETC_UNLOCKED 1
| #define HAVE_GETCWD 1
| #define HAVE_GETEGID 1
| #define HAVE_GETEUID 1
| #define HAVE_GETGID 1
| #define HAVE_GETUID 1
| /* end confdefs.h.  */
| /* Define mempcpy to an innocuous variant, in case <limits.h> declares mempcpy.
|    For example, HP-UX 11i <limits.h> declares gettimeofday.  */
| #define mempcpy innocuous_mempcpy
| 
| /* System header to define __stub macros and hopefully few prototypes,
|     which can conflict with char mempcpy (); below.
|     Prefer <limits.h> to <assert.h> if __STDC__ is defined, since
|     <limits.h> exists even on freestanding compilers.  */
| 
| #ifdef __STDC__
| # include <limits.h>
| #else
| # include <assert.h>
| #endif
| 
| #undef mempcpy
| 
| /* Override any GCC internal prototype to avoid an error.
|    Use char because int might match the return type of a GCC
|    builtin and then its argument prototype would still apply.  */
| #ifdef __cplusplus
| extern "C"
| #endif
| char mempcpy ();
| /* The GNU C library defines this for functions which it implements
|     to always fail with ENOSYS.  Some functions are actually named
|     something starting with __ and the normal name is an alias.  */
| #if defined __stub_mempcpy || defined __stub___mempcpy
| choke me
| #endif
| 
| int
| main ()
| {
| return mempcpy ();
|   ;
|   return 0;
| }
configure:5415: result: no
configure:5415: checking for munmap
configure:5415: arm-linux-androideabi-gcc -o conftest -g -O2 -I/Users/regnarts/Documents/androux/androux/platforms/android-9/arch-arm/usr/include/ --sysroot=/Users/regnarts/Documents/androux/androux/platforms/android-9/arch-arm   -L/Users/regnarts/Documents/androux/androux/platforms/android-9/arch-arm/usr/lib/ conftest.c  >&5
configure:5415: $? = 0
configure:5415: result: yes
configure:5415: checking for putenv
configure:5415: arm-linux-androideabi-gcc -o conftest -g -O2 -I/Users/regnarts/Documents/androux/androux/platforms/android-9/arch-arm/usr/include/ --sysroot=/Users/regnarts/Documents/androux/androux/platforms/android-9/arch-arm   -L/Users/regnarts/Documents/androux/androux/platforms/android-9/arch-arm/usr/lib/ conftest.c  >&5
configure:5415: $? = 0
configure:5415: result: yes
configure:5415: checking for setenv
configure:5415: arm-linux-androideabi-gcc -o conftest -g -O2 -I/Users/regnarts/Documents/androux/androux/platforms/android-9/arch-arm/usr/include/ --sysroot=/Users/regnarts/Documents/androux/androux/platforms/android-9/arch-arm   -L/Users/regnarts/Documents/androux/androux/platforms/android-9/arch-arm/usr/lib/ conftest.c  >&5
configure:5415: $? = 0
configure:5415: result: yes
configure:5415: checking for setlocale
configure:5415: arm-linux-androideabi-gcc -o conftest -g -O2 -I/Users/regnarts/Documents/androux/androux/platforms/android-9/arch-arm/usr/include/ --sysroot=/Users/regnarts/Documents/androux/androux/platforms/android-9/arch-arm   -L/Users/regnarts/Documents/androux/androux/platforms/android-9/arch-arm/usr/lib/ conftest.c  >&5
configure:5415: $? = 0
configure:5415: result: yes
configure:5415: checking for stpcpy
configure:5415: arm-linux-androideabi-gcc -o conftest -g -O2 -I/Users/regnarts/Documents/androux/androux/platforms/android-9/arch-arm/usr/include/ --sysroot=/Users/regnarts/Documents/androux/androux/platforms/android-9/arch-arm   -L/Users/regnarts/Documents/androux/androux/platforms/android-9/arch-arm/usr/lib/ conftest.c  >&5
conftest.c:70:6: warning: conflicting types for built-in function 'stpcpy' [enabled by default]
 char stpcpy ();
      ^
conftest.c:81: error: undefined reference to 'stpcpy'
collect2: error: ld returned 1 exit status
configure:5415: $? = 1
configure: failed program was:
| /* confdefs.h */
| #define PACKAGE_NAME ""
| #define PACKAGE_TARNAME ""
| #define PACKAGE_VERSION ""
| #define PACKAGE_STRING ""
| #define PACKAGE_BUGREPORT ""
| #define PACKAGE_URL ""
| #define STDC_HEADERS 1
| #define HAVE_SYS_TYPES_H 1
| #define HAVE_SYS_STAT_H 1
| #define HAVE_STDLIB_H 1
| #define HAVE_STRING_H 1
| #define HAVE_MEMORY_H 1
| #define HAVE_STRINGS_H 1
| #define HAVE_INTTYPES_H 1
| #define HAVE_STDINT_H 1
| #define HAVE_UNISTD_H 1
| #define HAVE_ALLOCA_H 1
| #define HAVE_ALLOCA 1
| #define HAVE_STDLIB_H 1
| #define HAVE_UNISTD_H 1
| #define INTDIV0_RAISES_SIGFPE 0
| #define HAVE_INTTYPES_H_WITH_UINTMAX 1
| #define HAVE_STDINT_H_WITH_UINTMAX 1
| #define HAVE_UNSIGNED_LONG_LONG 1
| #define HAVE_UINTMAX_T 1
| #define HAVE_INTTYPES_H 1
| #define HAVE_LIMITS_H 1
| #define HAVE_LOCALE_H 1
| #define HAVE_MALLOC_H 1
| #define HAVE_STDDEF_H 1
| #define HAVE_STDLIB_H 1
| #define HAVE_STRING_H 1
| #define HAVE_UNISTD_H 1
| #define HAVE_SYS_PARAM_H 1
| #define HAVE_GETC_UNLOCKED 1
| #define HAVE_GETCWD 1
| #define HAVE_GETEGID 1
| #define HAVE_GETEUID 1
| #define HAVE_GETGID 1
| #define HAVE_GETUID 1
| #define HAVE_MUNMAP 1
| #define HAVE_PUTENV 1
| #define HAVE_SETENV 1
| #define HAVE_SETLOCALE 1
| /* end confdefs.h.  */
| /* Define stpcpy to an innocuous variant, in case <limits.h> declares stpcpy.
|    For example, HP-UX 11i <limits.h> declares gettimeofday.  */
| #define stpcpy innocuous_stpcpy
| 
| /* System header to define __stub macros and hopefully few prototypes,
|     which can conflict with char stpcpy (); below.
|     Prefer <limits.h> to <assert.h> if __STDC__ is defined, since
|     <limits.h> exists even on freestanding compilers.  */
| 
| #ifdef __STDC__
| # include <limits.h>
| #else
| # include <assert.h>
| #endif
| 
| #undef stpcpy
| 
| /* Override any GCC internal prototype to avoid an error.
|    Use char because int might match the return type of a GCC
|    builtin and then its argument prototype would still apply.  */
| #ifdef __cplusplus
| extern "C"
| #endif
| char stpcpy ();
| /* The GNU C library defines this for functions which it implements
|     to always fail with ENOSYS.  Some functions are actually named
|     something starting with __ and the normal name is an alias.  */
| #if defined __stub_stpcpy || defined __stub___stpcpy
| choke me
| #endif
| 
| int
| main ()
| {
| return stpcpy ();
|   ;
|   return 0;
| }
configure:5415: result: no
configure:5415: checking for strcasecmp
configure:5415: arm-linux-androideabi-gcc -o conftest -g -O2 -I/Users/regnarts/Documents/androux/androux/platforms/android-9/arch-arm/usr/include/ --sysroot=/Users/regnarts/Documents/androux/androux/platforms/android-9/arch-arm   -L/Users/regnarts/Documents/androux/androux/platforms/android-9/arch-arm/usr/lib/ conftest.c  >&5
conftest.c:70:6: warning: conflicting types for built-in function 'strcasecmp' [enabled by default]
 char strcasecmp ();
      ^
configure:5415: $? = 0
configure:5415: result: yes
configure:5415: checking for strdup
configure:5415: arm-linux-androideabi-gcc -o conftest -g -O2 -I/Users/regnarts/Documents/androux/androux/platforms/android-9/arch-arm/usr/include/ --sysroot=/Users/regnarts/Documents/androux/androux/platforms/android-9/arch-arm   -L/Users/regnarts/Documents/androux/androux/platforms/android-9/arch-arm/usr/lib/ conftest.c  >&5
conftest.c:71:6: warning: conflicting types for built-in function 'strdup' [enabled by default]
 char strdup ();
      ^
configure:5415: $? = 0
configure:5415: result: yes
configure:5415: checking for strtoul
configure:5415: arm-linux-androideabi-gcc -o conftest -g -O2 -I/Users/regnarts/Documents/androux/androux/platforms/android-9/arch-arm/usr/include/ --sysroot=/Users/regnarts/Documents/androux/androux/platforms/android-9/arch-arm   -L/Users/regnarts/Documents/androux/androux/platforms/android-9/arch-arm/usr/lib/ conftest.c  >&5
configure:5415: $? = 0
configure:5415: result: yes
configure:5415: checking for tsearch
configure:5415: arm-linux-androideabi-gcc -o conftest -g -O2 -I/Users/regnarts/Documents/androux/androux/platforms/android-9/arch-arm/usr/include/ --sysroot=/Users/regnarts/Documents/androux/androux/platforms/android-9/arch-arm   -L/Users/regnarts/Documents/androux/androux/platforms/android-9/arch-arm/usr/lib/ conftest.c  >&5
conftest.c:84: error: undefined reference to 'tsearch'
collect2: error: ld returned 1 exit status
configure:5415: $? = 1
configure: failed program was:
| /* confdefs.h */
| #define PACKAGE_NAME ""
| #define PACKAGE_TARNAME ""
| #define PACKAGE_VERSION ""
| #define PACKAGE_STRING ""
| #define PACKAGE_BUGREPORT ""
| #define PACKAGE_URL ""
| #define STDC_HEADERS 1
| #define HAVE_SYS_TYPES_H 1
| #define HAVE_SYS_STAT_H 1
| #define HAVE_STDLIB_H 1
| #define HAVE_STRING_H 1
| #define HAVE_MEMORY_H 1
| #define HAVE_STRINGS_H 1
| #define HAVE_INTTYPES_H 1
| #define HAVE_STDINT_H 1
| #define HAVE_UNISTD_H 1
| #define HAVE_ALLOCA_H 1
| #define HAVE_ALLOCA 1
| #define HAVE_STDLIB_H 1
| #define HAVE_UNISTD_H 1
| #define INTDIV0_RAISES_SIGFPE 0
| #define HAVE_INTTYPES_H_WITH_UINTMAX 1
| #define HAVE_STDINT_H_WITH_UINTMAX 1
| #define HAVE_UNSIGNED_LONG_LONG 1
| #define HAVE_UINTMAX_T 1
| #define HAVE_INTTYPES_H 1
| #define HAVE_LIMITS_H 1
| #define HAVE_LOCALE_H 1
| #define HAVE_MALLOC_H 1
| #define HAVE_STDDEF_H 1
| #define HAVE_STDLIB_H 1
| #define HAVE_STRING_H 1
| #define HAVE_UNISTD_H 1
| #define HAVE_SYS_PARAM_H 1
| #define HAVE_GETC_UNLOCKED 1
| #define HAVE_GETCWD 1
| #define HAVE_GETEGID 1
| #define HAVE_GETEUID 1
| #define HAVE_GETGID 1
| #define HAVE_GETUID 1
| #define HAVE_MUNMAP 1
| #define HAVE_PUTENV 1
| #define HAVE_SETENV 1
| #define HAVE_SETLOCALE 1
| #define HAVE_STRCASECMP 1
| #define HAVE_STRDUP 1
| #define HAVE_STRTOUL 1
| /* end confdefs.h.  */
| /* Define tsearch to an innocuous variant, in case <limits.h> declares tsearch.
|    For example, HP-UX 11i <limits.h> declares gettimeofday.  */
| #define tsearch innocuous_tsearch
| 
| /* System header to define __stub macros and hopefully few prototypes,
|     which can conflict with char tsearch (); below.
|     Prefer <limits.h> to <assert.h> if __STDC__ is defined, since
|     <limits.h> exists even on freestanding compilers.  */
| 
| #ifdef __STDC__
| # include <limits.h>
| #else
| # include <assert.h>
| #endif
| 
| #undef tsearch
| 
| /* Override any GCC internal prototype to avoid an error.
|    Use char because int might match the return type of a GCC
|    builtin and then its argument prototype would still apply.  */
| #ifdef __cplusplus
| extern "C"
| #endif
| char tsearch ();
| /* The GNU C library defines this for functions which it implements
|     to always fail with ENOSYS.  Some functions are actually named
|     something starting with __ and the normal name is an alias.  */
| #if defined __stub_tsearch || defined __stub___tsearch
| choke me
| #endif
| 
| int
| main ()
| {
| return tsearch ();
|   ;
|   return 0;
| }
configure:5415: result: no
configure:5415: checking for __argz_count
configure:5415: arm-linux-androideabi-gcc -o conftest -g -O2 -I/Users/regnarts/Documents/androux/androux/platforms/android-9/arch-arm/usr/include/ --sysroot=/Users/regnarts/Documents/androux/androux/platforms/android-9/arch-arm   -L/Users/regnarts/Documents/androux/androux/platforms/android-9/arch-arm/usr/lib/ conftest.c  >&5
conftest.c:84: error: undefined reference to '__argz_count'
collect2: error: ld returned 1 exit status
configure:5415: $? = 1
configure: failed program was:
| /* confdefs.h */
| #define PACKAGE_NAME ""
| #define PACKAGE_TARNAME ""
| #define PACKAGE_VERSION ""
| #define PACKAGE_STRING ""
| #define PACKAGE_BUGREPORT ""
| #define PACKAGE_URL ""
| #define STDC_HEADERS 1
| #define HAVE_SYS_TYPES_H 1
| #define HAVE_SYS_STAT_H 1
| #define HAVE_STDLIB_H 1
| #define HAVE_STRING_H 1
| #define HAVE_MEMORY_H 1
| #define HAVE_STRINGS_H 1
| #define HAVE_INTTYPES_H 1
| #define HAVE_STDINT_H 1
| #define HAVE_UNISTD_H 1
| #define HAVE_ALLOCA_H 1
| #define HAVE_ALLOCA 1
| #define HAVE_STDLIB_H 1
| #define HAVE_UNISTD_H 1
| #define INTDIV0_RAISES_SIGFPE 0
| #define HAVE_INTTYPES_H_WITH_UINTMAX 1
| #define HAVE_STDINT_H_WITH_UINTMAX 1
| #define HAVE_UNSIGNED_LONG_LONG 1
| #define HAVE_UINTMAX_T 1
| #define HAVE_INTTYPES_H 1
| #define HAVE_LIMITS_H 1
| #define HAVE_LOCALE_H 1
| #define HAVE_MALLOC_H 1
| #define HAVE_STDDEF_H 1
| #define HAVE_STDLIB_H 1
| #define HAVE_STRING_H 1
| #define HAVE_UNISTD_H 1
| #define HAVE_SYS_PARAM_H 1
| #define HAVE_GETC_UNLOCKED 1
| #define HAVE_GETCWD 1
| #define HAVE_GETEGID 1
| #define HAVE_GETEUID 1
| #define HAVE_GETGID 1
| #define HAVE_GETUID 1
| #define HAVE_MUNMAP 1
| #define HAVE_PUTENV 1
| #define HAVE_SETENV 1
| #define HAVE_SETLOCALE 1
| #define HAVE_STRCASECMP 1
| #define HAVE_STRDUP 1
| #define HAVE_STRTOUL 1
| /* end confdefs.h.  */
| /* Define __argz_count to an innocuous variant, in case <limits.h> declares __argz_count.
|    For example, HP-UX 11i <limits.h> declares gettimeofday.  */
| #define __argz_count innocuous___argz_count
| 
| /* System header to define __stub macros and hopefully few prototypes,
|     which can conflict with char __argz_count (); below.
|     Prefer <limits.h> to <assert.h> if __STDC__ is defined, since
|     <limits.h> exists even on freestanding compilers.  */
| 
| #ifdef __STDC__
| # include <limits.h>
| #else
| # include <assert.h>
| #endif
| 
| #undef __argz_count
| 
| /* Override any GCC internal prototype to avoid an error.
|    Use char because int might match the return type of a GCC
|    builtin and then its argument prototype would still apply.  */
| #ifdef __cplusplus
| extern "C"
| #endif
| char __argz_count ();
| /* The GNU C library defines this for functions which it implements
|     to always fail with ENOSYS.  Some functions are actually named
|     something starting with __ and the normal name is an alias.  */
| #if defined __stub___argz_count || defined __stub_____argz_count
| choke me
| #endif
| 
| int
| main ()
| {
| return __argz_count ();
|   ;
|   return 0;
| }
configure:5415: result: no
configure:5415: checking for __argz_stringify
configure:5415: arm-linux-androideabi-gcc -o conftest -g -O2 -I/Users/regnarts/Documents/androux/androux/platforms/android-9/arch-arm/usr/include/ --sysroot=/Users/regnarts/Documents/androux/androux/platforms/android-9/arch-arm   -L/Users/regnarts/Documents/androux/androux/platforms/android-9/arch-arm/usr/lib/ conftest.c  >&5
conftest.c:84: error: undefined reference to '__argz_stringify'
collect2: error: ld returned 1 exit status
configure:5415: $? = 1
configure: failed program was:
| /* confdefs.h */
| #define PACKAGE_NAME ""
| #define PACKAGE_TARNAME ""
| #define PACKAGE_VERSION ""
| #define PACKAGE_STRING ""
| #define PACKAGE_BUGREPORT ""
| #define PACKAGE_URL ""
| #define STDC_HEADERS 1
| #define HAVE_SYS_TYPES_H 1
| #define HAVE_SYS_STAT_H 1
| #define HAVE_STDLIB_H 1
| #define HAVE_STRING_H 1
| #define HAVE_MEMORY_H 1
| #define HAVE_STRINGS_H 1
| #define HAVE_INTTYPES_H 1
| #define HAVE_STDINT_H 1
| #define HAVE_UNISTD_H 1
| #define HAVE_ALLOCA_H 1
| #define HAVE_ALLOCA 1
| #define HAVE_STDLIB_H 1
| #define HAVE_UNISTD_H 1
| #define INTDIV0_RAISES_SIGFPE 0
| #define HAVE_INTTYPES_H_WITH_UINTMAX 1
| #define HAVE_STDINT_H_WITH_UINTMAX 1
| #define HAVE_UNSIGNED_LONG_LONG 1
| #define HAVE_UINTMAX_T 1
| #define HAVE_INTTYPES_H 1
| #define HAVE_LIMITS_H 1
| #define HAVE_LOCALE_H 1
| #define HAVE_MALLOC_H 1
| #define HAVE_STDDEF_H 1
| #define HAVE_STDLIB_H 1
| #define HAVE_STRING_H 1
| #define HAVE_UNISTD_H 1
| #define HAVE_SYS_PARAM_H 1
| #define HAVE_GETC_UNLOCKED 1
| #define HAVE_GETCWD 1
| #define HAVE_GETEGID 1
| #define HAVE_GETEUID 1
| #define HAVE_GETGID 1
| #define HAVE_GETUID 1
| #define HAVE_MUNMAP 1
| #define HAVE_PUTENV 1
| #define HAVE_SETENV 1
| #define HAVE_SETLOCALE 1
| #define HAVE_STRCASECMP 1
| #define HAVE_STRDUP 1
| #define HAVE_STRTOUL 1
| /* end confdefs.h.  */
| /* Define __argz_stringify to an innocuous variant, in case <limits.h> declares __argz_stringify.
|    For example, HP-UX 11i <limits.h> declares gettimeofday.  */
| #define __argz_stringify innocuous___argz_stringify
| 
| /* System header to define __stub macros and hopefully few prototypes,
|     which can conflict with char __argz_stringify (); below.
|     Prefer <limits.h> to <assert.h> if __STDC__ is defined, since
|     <limits.h> exists even on freestanding compilers.  */
| 
| #ifdef __STDC__
| # include <limits.h>
| #else
| # include <assert.h>
| #endif
| 
| #undef __argz_stringify
| 
| /* Override any GCC internal prototype to avoid an error.
|    Use char because int might match the return type of a GCC
|    builtin and then its argument prototype would still apply.  */
| #ifdef __cplusplus
| extern "C"
| #endif
| char __argz_stringify ();
| /* The GNU C library defines this for functions which it implements
|     to always fail with ENOSYS.  Some functions are actually named
|     something starting with __ and the normal name is an alias.  */
| #if defined __stub___argz_stringify || defined __stub_____argz_stringify
| choke me
| #endif
| 
| int
| main ()
| {
| return __argz_stringify ();
|   ;
|   return 0;
| }
configure:5415: result: no
configure:5415: checking for __argz_next
configure:5415: arm-linux-androideabi-gcc -o conftest -g -O2 -I/Users/regnarts/Documents/androux/androux/platforms/android-9/arch-arm/usr/include/ --sysroot=/Users/regnarts/Documents/androux/androux/platforms/android-9/arch-arm   -L/Users/regnarts/Documents/androux/androux/platforms/android-9/arch-arm/usr/lib/ conftest.c  >&5
conftest.c:84: error: undefined reference to '__argz_next'
collect2: error: ld returned 1 exit status
configure:5415: $? = 1
configure: failed program was:
| /* confdefs.h */
| #define PACKAGE_NAME ""
| #define PACKAGE_TARNAME ""
| #define PACKAGE_VERSION ""
| #define PACKAGE_STRING ""
| #define PACKAGE_BUGREPORT ""
| #define PACKAGE_URL ""
| #define STDC_HEADERS 1
| #define HAVE_SYS_TYPES_H 1
| #define HAVE_SYS_STAT_H 1
| #define HAVE_STDLIB_H 1
| #define HAVE_STRING_H 1
| #define HAVE_MEMORY_H 1
| #define HAVE_STRINGS_H 1
| #define HAVE_INTTYPES_H 1
| #define HAVE_STDINT_H 1
| #define HAVE_UNISTD_H 1
| #define HAVE_ALLOCA_H 1
| #define HAVE_ALLOCA 1
| #define HAVE_STDLIB_H 1
| #define HAVE_UNISTD_H 1
| #define INTDIV0_RAISES_SIGFPE 0
| #define HAVE_INTTYPES_H_WITH_UINTMAX 1
| #define HAVE_STDINT_H_WITH_UINTMAX 1
| #define HAVE_UNSIGNED_LONG_LONG 1
| #define HAVE_UINTMAX_T 1
| #define HAVE_INTTYPES_H 1
| #define HAVE_LIMITS_H 1
| #define HAVE_LOCALE_H 1
| #define HAVE_MALLOC_H 1
| #define HAVE_STDDEF_H 1
| #define HAVE_STDLIB_H 1
| #define HAVE_STRING_H 1
| #define HAVE_UNISTD_H 1
| #define HAVE_SYS_PARAM_H 1
| #define HAVE_GETC_UNLOCKED 1
| #define HAVE_GETCWD 1
| #define HAVE_GETEGID 1
| #define HAVE_GETEUID 1
| #define HAVE_GETGID 1
| #define HAVE_GETUID 1
| #define HAVE_MUNMAP 1
| #define HAVE_PUTENV 1
| #define HAVE_SETENV 1
| #define HAVE_SETLOCALE 1
| #define HAVE_STRCASECMP 1
| #define HAVE_STRDUP 1
| #define HAVE_STRTOUL 1
| /* end confdefs.h.  */
| /* Define __argz_next to an innocuous variant, in case <limits.h> declares __argz_next.
|    For example, HP-UX 11i <limits.h> declares gettimeofday.  */
| #define __argz_next innocuous___argz_next
| 
| /* System header to define __stub macros and hopefully few prototypes,
|     which can conflict with char __argz_next (); below.
|     Prefer <limits.h> to <assert.h> if __STDC__ is defined, since
|     <limits.h> exists even on freestanding compilers.  */
| 
| #ifdef __STDC__
| # include <limits.h>
| #else
| # include <assert.h>
| #endif
| 
| #undef __argz_next
| 
| /* Override any GCC internal prototype to avoid an error.
|    Use char because int might match the return type of a GCC
|    builtin and then its argument prototype would still apply.  */
| #ifdef __cplusplus
| extern "C"
| #endif
| char __argz_next ();
| /* The GNU C library defines this for functions which it implements
|     to always fail with ENOSYS.  Some functions are actually named
|     something starting with __ and the normal name is an alias.  */
| #if defined __stub___argz_next || defined __stub_____argz_next
| choke me
| #endif
| 
| int
| main ()
| {
| return __argz_next ();
|   ;
|   return 0;
| }
configure:5415: result: no
configure:5415: checking for __fsetlocking
configure:5415: arm-linux-androideabi-gcc -o conftest -g -O2 -I/Users/regnarts/Documents/androux/androux/platforms/android-9/arch-arm/usr/include/ --sysroot=/Users/regnarts/Documents/androux/androux/platforms/android-9/arch-arm   -L/Users/regnarts/Documents/androux/androux/platforms/android-9/arch-arm/usr/lib/ conftest.c  >&5
conftest.c:84: error: undefined reference to '__fsetlocking'
collect2: error: ld returned 1 exit status
configure:5415: $? = 1
configure: failed program was:
| /* confdefs.h */
| #define PACKAGE_NAME ""
| #define PACKAGE_TARNAME ""
| #define PACKAGE_VERSION ""
| #define PACKAGE_STRING ""
| #define PACKAGE_BUGREPORT ""
| #define PACKAGE_URL ""
| #define STDC_HEADERS 1
| #define HAVE_SYS_TYPES_H 1
| #define HAVE_SYS_STAT_H 1
| #define HAVE_STDLIB_H 1
| #define HAVE_STRING_H 1
| #define HAVE_MEMORY_H 1
| #define HAVE_STRINGS_H 1
| #define HAVE_INTTYPES_H 1
| #define HAVE_STDINT_H 1
| #define HAVE_UNISTD_H 1
| #define HAVE_ALLOCA_H 1
| #define HAVE_ALLOCA 1
| #define HAVE_STDLIB_H 1
| #define HAVE_UNISTD_H 1
| #define INTDIV0_RAISES_SIGFPE 0
| #define HAVE_INTTYPES_H_WITH_UINTMAX 1
| #define HAVE_STDINT_H_WITH_UINTMAX 1
| #define HAVE_UNSIGNED_LONG_LONG 1
| #define HAVE_UINTMAX_T 1
| #define HAVE_INTTYPES_H 1
| #define HAVE_LIMITS_H 1
| #define HAVE_LOCALE_H 1
| #define HAVE_MALLOC_H 1
| #define HAVE_STDDEF_H 1
| #define HAVE_STDLIB_H 1
| #define HAVE_STRING_H 1
| #define HAVE_UNISTD_H 1
| #define HAVE_SYS_PARAM_H 1
| #define HAVE_GETC_UNLOCKED 1
| #define HAVE_GETCWD 1
| #define HAVE_GETEGID 1
| #define HAVE_GETEUID 1
| #define HAVE_GETGID 1
| #define HAVE_GETUID 1
| #define HAVE_MUNMAP 1
| #define HAVE_PUTENV 1
| #define HAVE_SETENV 1
| #define HAVE_SETLOCALE 1
| #define HAVE_STRCASECMP 1
| #define HAVE_STRDUP 1
| #define HAVE_STRTOUL 1
| /* end confdefs.h.  */
| /* Define __fsetlocking to an innocuous variant, in case <limits.h> declares __fsetlocking.
|    For example, HP-UX 11i <limits.h> declares gettimeofday.  */
| #define __fsetlocking innocuous___fsetlocking
| 
| /* System header to define __stub macros and hopefully few prototypes,
|     which can conflict with char __fsetlocking (); below.
|     Prefer <limits.h> to <assert.h> if __STDC__ is defined, since
|     <limits.h> exists even on freestanding compilers.  */
| 
| #ifdef __STDC__
| # include <limits.h>
| #else
| # include <assert.h>
| #endif
| 
| #undef __fsetlocking
| 
| /* Override any GCC internal prototype to avoid an error.
|    Use char because int might match the return type of a GCC
|    builtin and then its argument prototype would still apply.  */
| #ifdef __cplusplus
| extern "C"
| #endif
| char __fsetlocking ();
| /* The GNU C library defines this for functions which it implements
|     to always fail with ENOSYS.  Some functions are actually named
|     something starting with __ and the normal name is an alias.  */
| #if defined __stub___fsetlocking || defined __stub_____fsetlocking
| choke me
| #endif
| 
| int
| main ()
| {
| return __fsetlocking ();
|   ;
|   return 0;
| }
configure:5415: result: no
configure:5456: checking for iconv
configure:5478: arm-linux-androideabi-gcc -o conftest -g -O2 -I/Users/regnarts/Documents/androux/androux/platforms/android-9/arch-arm/usr/include/ --sysroot=/Users/regnarts/Documents/androux/androux/platforms/android-9/arch-arm   -L/Users/regnarts/Documents/androux/androux/platforms/android-9/arch-arm/usr/lib/ conftest.c  >&5
conftest.c:51:19: fatal error: iconv.h: No such file or directory
 #include <iconv.h>
                   ^
compilation terminated.
configure:5478: $? = 1
configure: failed program was:
| /* confdefs.h */
| #define PACKAGE_NAME ""
| #define PACKAGE_TARNAME ""
| #define PACKAGE_VERSION ""
| #define PACKAGE_STRING ""
| #define PACKAGE_BUGREPORT ""
| #define PACKAGE_URL ""
| #define STDC_HEADERS 1
| #define HAVE_SYS_TYPES_H 1
| #define HAVE_SYS_STAT_H 1
| #define HAVE_STDLIB_H 1
| #define HAVE_STRING_H 1
| #define HAVE_MEMORY_H 1
| #define HAVE_STRINGS_H 1
| #define HAVE_INTTYPES_H 1
| #define HAVE_STDINT_H 1
| #define HAVE_UNISTD_H 1
| #define HAVE_ALLOCA_H 1
| #define HAVE_ALLOCA 1
| #define HAVE_STDLIB_H 1
| #define HAVE_UNISTD_H 1
| #define INTDIV0_RAISES_SIGFPE 0
| #define HAVE_INTTYPES_H_WITH_UINTMAX 1
| #define HAVE_STDINT_H_WITH_UINTMAX 1
| #define HAVE_UNSIGNED_LONG_LONG 1
| #define HAVE_UINTMAX_T 1
| #define HAVE_INTTYPES_H 1
| #define HAVE_LIMITS_H 1
| #define HAVE_LOCALE_H 1
| #define HAVE_MALLOC_H 1
| #define HAVE_STDDEF_H 1
| #define HAVE_STDLIB_H 1
| #define HAVE_STRING_H 1
| #define HAVE_UNISTD_H 1
| #define HAVE_SYS_PARAM_H 1
| #define HAVE_GETC_UNLOCKED 1
| #define HAVE_GETCWD 1
| #define HAVE_GETEGID 1
| #define HAVE_GETEUID 1
| #define HAVE_GETGID 1
| #define HAVE_GETUID 1
| #define HAVE_MUNMAP 1
| #define HAVE_PUTENV 1
| #define HAVE_SETENV 1
| #define HAVE_SETLOCALE 1
| #define HAVE_STRCASECMP 1
| #define HAVE_STRDUP 1
| #define HAVE_STRTOUL 1
| /* end confdefs.h.  */
| #include <stdlib.h>
| #include <iconv.h>
| int
| main ()
| {
| iconv_t cd = iconv_open("","");
|        iconv(cd,NULL,NULL,NULL,NULL);
|        iconv_close(cd);
|   ;
|   return 0;
| }
configure:5500: arm-linux-androideabi-gcc -o conftest -g -O2 -I/Users/regnarts/Documents/androux/androux/platforms/android-9/arch-arm/usr/include/ --sysroot=/Users/regnarts/Documents/androux/androux/platforms/android-9/arch-arm   -L/Users/regnarts/Documents/androux/androux/platforms/android-9/arch-arm/usr/lib/ conftest.c  -liconv >&5
conftest.c:51:19: fatal error: iconv.h: No such file or directory
 #include <iconv.h>
                   ^
compilation terminated.
configure:5500: $? = 1
configure: failed program was:
| /* confdefs.h */
| #define PACKAGE_NAME ""
| #define PACKAGE_TARNAME ""
| #define PACKAGE_VERSION ""
| #define PACKAGE_STRING ""
| #define PACKAGE_BUGREPORT ""
| #define PACKAGE_URL ""
| #define STDC_HEADERS 1
| #define HAVE_SYS_TYPES_H 1
| #define HAVE_SYS_STAT_H 1
| #define HAVE_STDLIB_H 1
| #define HAVE_STRING_H 1
| #define HAVE_MEMORY_H 1
| #define HAVE_STRINGS_H 1
| #define HAVE_INTTYPES_H 1
| #define HAVE_STDINT_H 1
| #define HAVE_UNISTD_H 1
| #define HAVE_ALLOCA_H 1
| #define HAVE_ALLOCA 1
| #define HAVE_STDLIB_H 1
| #define HAVE_UNISTD_H 1
| #define INTDIV0_RAISES_SIGFPE 0
| #define HAVE_INTTYPES_H_WITH_UINTMAX 1
| #define HAVE_STDINT_H_WITH_UINTMAX 1
| #define HAVE_UNSIGNED_LONG_LONG 1
| #define HAVE_UINTMAX_T 1
| #define HAVE_INTTYPES_H 1
| #define HAVE_LIMITS_H 1
| #define HAVE_LOCALE_H 1
| #define HAVE_MALLOC_H 1
| #define HAVE_STDDEF_H 1
| #define HAVE_STDLIB_H 1
| #define HAVE_STRING_H 1
| #define HAVE_UNISTD_H 1
| #define HAVE_SYS_PARAM_H 1
| #define HAVE_GETC_UNLOCKED 1
| #define HAVE_GETCWD 1
| #define HAVE_GETEGID 1
| #define HAVE_GETEUID 1
| #define HAVE_GETGID 1
| #define HAVE_GETUID 1
| #define HAVE_MUNMAP 1
| #define HAVE_PUTENV 1
| #define HAVE_SETENV 1
| #define HAVE_SETLOCALE 1
| #define HAVE_STRCASECMP 1
| #define HAVE_STRDUP 1
| #define HAVE_STRTOUL 1
| /* end confdefs.h.  */
| #include <stdlib.h>
| #include <iconv.h>
| int
| main ()
| {
| iconv_t cd = iconv_open("","");
|          iconv(cd,NULL,NULL,NULL,NULL);
|          iconv_close(cd);
|   ;
|   return 0;
| }
configure:5510: result: no, consider installing GNU libiconv
configure:5582: checking for nl_langinfo and CODESET
configure:5598: arm-linux-androideabi-gcc -o conftest -g -O2 -I/Users/regnarts/Documents/androux/androux/platforms/android-9/arch-arm/usr/include/ --sysroot=/Users/regnarts/Documents/androux/androux/platforms/android-9/arch-arm   -L/Users/regnarts/Documents/androux/androux/platforms/android-9/arch-arm/usr/lib/ conftest.c  >&5
conftest.c:50:22: fatal error: langinfo.h: No such file or directory
 #include <langinfo.h>
                      ^
compilation terminated.
configure:5598: $? = 1
configure: failed program was:
| /* confdefs.h */
| #define PACKAGE_NAME ""
| #define PACKAGE_TARNAME ""
| #define PACKAGE_VERSION ""
| #define PACKAGE_STRING ""
| #define PACKAGE_BUGREPORT ""
| #define PACKAGE_URL ""
| #define STDC_HEADERS 1
| #define HAVE_SYS_TYPES_H 1
| #define HAVE_SYS_STAT_H 1
| #define HAVE_STDLIB_H 1
| #define HAVE_STRING_H 1
| #define HAVE_MEMORY_H 1
| #define HAVE_STRINGS_H 1
| #define HAVE_INTTYPES_H 1
| #define HAVE_STDINT_H 1
| #define HAVE_UNISTD_H 1
| #define HAVE_ALLOCA_H 1
| #define HAVE_ALLOCA 1
| #define HAVE_STDLIB_H 1
| #define HAVE_UNISTD_H 1
| #define INTDIV0_RAISES_SIGFPE 0
| #define HAVE_INTTYPES_H_WITH_UINTMAX 1
| #define HAVE_STDINT_H_WITH_UINTMAX 1
| #define HAVE_UNSIGNED_LONG_LONG 1
| #define HAVE_UINTMAX_T 1
| #define HAVE_INTTYPES_H 1
| #define HAVE_LIMITS_H 1
| #define HAVE_LOCALE_H 1
| #define HAVE_MALLOC_H 1
| #define HAVE_STDDEF_H 1
| #define HAVE_STDLIB_H 1
| #define HAVE_STRING_H 1
| #define HAVE_UNISTD_H 1
| #define HAVE_SYS_PARAM_H 1
| #define HAVE_GETC_UNLOCKED 1
| #define HAVE_GETCWD 1
| #define HAVE_GETEGID 1
| #define HAVE_GETEUID 1
| #define HAVE_GETGID 1
| #define HAVE_GETUID 1
| #define HAVE_MUNMAP 1
| #define HAVE_PUTENV 1
| #define HAVE_SETENV 1
| #define HAVE_SETLOCALE 1
| #define HAVE_STRCASECMP 1
| #define HAVE_STRDUP 1
| #define HAVE_STRTOUL 1
| /* end confdefs.h.  */
| #include <langinfo.h>
| int
| main ()
| {
| char* cs = nl_langinfo(CODESET);
|   ;
|   return 0;
| }
configure:5607: result: no
configure:5617: checking for LC_MESSAGES
configure:5633: arm-linux-androideabi-gcc -o conftest -g -O2 -I/Users/regnarts/Documents/androux/androux/platforms/android-9/arch-arm/usr/include/ --sysroot=/Users/regnarts/Documents/androux/androux/platforms/android-9/arch-arm   -L/Users/regnarts/Documents/androux/androux/platforms/android-9/arch-arm/usr/lib/ conftest.c  >&5
configure:5633: $? = 0
configure:5641: result: yes
configure:5655: checking for bison
configure:5671: found /opt/local/bin/bison
configure:5682: result: bison
configure:5696: checking version of bison
configure:5705: result: 2.7.12, ok
configure:5727: checking whether NLS is requested
configure:5736: result: yes
configure:5752: checking whether included gettext is requested
configure:5762: result: no
configure:5773: checking for GNU gettext in libc
configure:5792: arm-linux-androideabi-gcc -o conftest -g -O2 -I/Users/regnarts/Documents/androux/androux/platforms/android-9/arch-arm/usr/include/ --sysroot=/Users/regnarts/Documents/androux/androux/platforms/android-9/arch-arm   -L/Users/regnarts/Documents/androux/androux/platforms/android-9/arch-arm/usr/lib/ conftest.c  >&5
conftest.c:51:21: fatal error: libintl.h: No such file or directory
 #include <libintl.h>
                     ^
compilation terminated.
configure:5792: $? = 1
configure: failed program was:
| /* confdefs.h */
| #define PACKAGE_NAME ""
| #define PACKAGE_TARNAME ""
| #define PACKAGE_VERSION ""
| #define PACKAGE_STRING ""
| #define PACKAGE_BUGREPORT ""
| #define PACKAGE_URL ""
| #define STDC_HEADERS 1
| #define HAVE_SYS_TYPES_H 1
| #define HAVE_SYS_STAT_H 1
| #define HAVE_STDLIB_H 1
| #define HAVE_STRING_H 1
| #define HAVE_MEMORY_H 1
| #define HAVE_STRINGS_H 1
| #define HAVE_INTTYPES_H 1
| #define HAVE_STDINT_H 1
| #define HAVE_UNISTD_H 1
| #define HAVE_ALLOCA_H 1
| #define HAVE_ALLOCA 1
| #define HAVE_STDLIB_H 1
| #define HAVE_UNISTD_H 1
| #define INTDIV0_RAISES_SIGFPE 0
| #define HAVE_INTTYPES_H_WITH_UINTMAX 1
| #define HAVE_STDINT_H_WITH_UINTMAX 1
| #define HAVE_UNSIGNED_LONG_LONG 1
| #define HAVE_UINTMAX_T 1
| #define HAVE_INTTYPES_H 1
| #define HAVE_LIMITS_H 1
| #define HAVE_LOCALE_H 1
| #define HAVE_MALLOC_H 1
| #define HAVE_STDDEF_H 1
| #define HAVE_STDLIB_H 1
| #define HAVE_STRING_H 1
| #define HAVE_UNISTD_H 1
| #define HAVE_SYS_PARAM_H 1
| #define HAVE_GETC_UNLOCKED 1
| #define HAVE_GETCWD 1
| #define HAVE_GETEGID 1
| #define HAVE_GETEUID 1
| #define HAVE_GETGID 1
| #define HAVE_GETUID 1
| #define HAVE_MUNMAP 1
| #define HAVE_PUTENV 1
| #define HAVE_SETENV 1
| #define HAVE_SETLOCALE 1
| #define HAVE_STRCASECMP 1
| #define HAVE_STRDUP 1
| #define HAVE_STRTOUL 1
| #define HAVE_LC_MESSAGES 1
| /* end confdefs.h.  */
| #include <libintl.h>
| extern int _nl_msg_cat_cntr;
| extern int *_nl_domain_bindings;
| int
| main ()
| {
| bindtextdomain ("", "");
| return (int) gettext ("") + _nl_msg_cat_cntr + *_nl_domain_bindings
|   ;
|   return 0;
| }
configure:5800: result: no
configure:6183: checking for GNU gettext in libintl
configure:6210: arm-linux-androideabi-gcc -o conftest -g -O2 -I/Users/regnarts/Documents/androux/androux/platforms/android-9/arch-arm/usr/include/ --sysroot=/Users/regnarts/Documents/androux/androux/platforms/android-9/arch-arm    -L/Users/regnarts/Documents/androux/androux/platforms/android-9/arch-arm/usr/lib/ conftest.c  -lintl >&5
conftest.c:51:21: fatal error: libintl.h: No such file or directory
 #include <libintl.h>
                     ^
compilation terminated.
configure:6210: $? = 1
configure: failed program was:
| /* confdefs.h */
| #define PACKAGE_NAME ""
| #define PACKAGE_TARNAME ""
| #define PACKAGE_VERSION ""
| #define PACKAGE_STRING ""
| #define PACKAGE_BUGREPORT ""
| #define PACKAGE_URL ""
| #define STDC_HEADERS 1
| #define HAVE_SYS_TYPES_H 1
| #define HAVE_SYS_STAT_H 1
| #define HAVE_STDLIB_H 1
| #define HAVE_STRING_H 1
| #define HAVE_MEMORY_H 1
| #define HAVE_STRINGS_H 1
| #define HAVE_INTTYPES_H 1
| #define HAVE_STDINT_H 1
| #define HAVE_UNISTD_H 1
| #define HAVE_ALLOCA_H 1
| #define HAVE_ALLOCA 1
| #define HAVE_STDLIB_H 1
| #define HAVE_UNISTD_H 1
| #define INTDIV0_RAISES_SIGFPE 0
| #define HAVE_INTTYPES_H_WITH_UINTMAX 1
| #define HAVE_STDINT_H_WITH_UINTMAX 1
| #define HAVE_UNSIGNED_LONG_LONG 1
| #define HAVE_UINTMAX_T 1
| #define HAVE_INTTYPES_H 1
| #define HAVE_LIMITS_H 1
| #define HAVE_LOCALE_H 1
| #define HAVE_MALLOC_H 1
| #define HAVE_STDDEF_H 1
| #define HAVE_STDLIB_H 1
| #define HAVE_STRING_H 1
| #define HAVE_UNISTD_H 1
| #define HAVE_SYS_PARAM_H 1
| #define HAVE_GETC_UNLOCKED 1
| #define HAVE_GETCWD 1
| #define HAVE_GETEGID 1
| #define HAVE_GETEUID 1
| #define HAVE_GETGID 1
| #define HAVE_GETUID 1
| #define HAVE_MUNMAP 1
| #define HAVE_PUTENV 1
| #define HAVE_SETENV 1
| #define HAVE_SETLOCALE 1
| #define HAVE_STRCASECMP 1
| #define HAVE_STRDUP 1
| #define HAVE_STRTOUL 1
| #define HAVE_LC_MESSAGES 1
| /* end confdefs.h.  */
| #include <libintl.h>
| extern int _nl_msg_cat_cntr;
| extern
| #ifdef __cplusplus
| "C"
| #endif
| const char *_nl_expand_alias ();
| int
| main ()
| {
| bindtextdomain ("", "");
| return (int) gettext ("") + _nl_msg_cat_cntr + *_nl_expand_alias (0)
|   ;
|   return 0;
| }
configure:6249: result: no
configure:6294: checking whether to use NLS
configure:6296: result: yes
configure:6299: checking where the gettext function comes from
configure:6310: result: included intl directory
configure:6424: checking for aclocal
configure:6440: found /opt/local/bin/aclocal
configure:6451: result: aclocal
configure:6467: checking for autoconf
configure:6483: found /opt/local/bin/autoconf
configure:6494: result: autoconf
configure:6510: checking for autoheader
configure:6526: found /opt/local/bin/autoheader
configure:6537: result: autoheader
configure:6646: updating cache ./config.cache
configure:6683: creating ./config.status

## ---------------------- ##
## Running config.status. ##
## ---------------------- ##

This file was extended by config.status, which was
generated by GNU Autoconf 2.64.  Invocation command line was

  CONFIG_FILES    = 
  CONFIG_HEADERS  = 
  CONFIG_LINKS    = 
  CONFIG_COMMANDS = 
  $ ./config.status 

on Anushruths-MacBook-Air.local

config.status:898: creating Makefile
config.status:898: creating config.intl
config.status:898: creating config.h
config.status:1071: executing default-1 commands

## ---------------- ##
## Cache variables. ##
## ---------------- ##

ac_cv_build=i386-apple-darwin14.0.0
ac_cv_c_compiler_gnu=yes
ac_cv_c_const=yes
ac_cv_c_inline=inline
ac_cv_env_CC_set=set
ac_cv_env_CC_value=arm-linux-androideabi-gcc
ac_cv_env_CFLAGS_set=set
ac_cv_env_CFLAGS_value='-g -O2 -I/Users/regnarts/Documents/androux/androux/platforms/android-9/arch-arm/usr/include/ --sysroot=/Users/regnarts/Documents/androux/androux/platforms/android-9/arch-arm'
ac_cv_env_CPPFLAGS_set=
ac_cv_env_CPPFLAGS_value=
ac_cv_env_CPP_set=
ac_cv_env_CPP_value=
ac_cv_env_LDFLAGS_set=set
ac_cv_env_LDFLAGS_value=' -L/Users/regnarts/Documents/androux/androux/platforms/android-9/arch-arm/usr/lib/'
ac_cv_env_LIBS_set=
ac_cv_env_LIBS_value=
ac_cv_env_build_alias_set=set
ac_cv_env_build_alias_value=i386-apple-darwin14.0.0
ac_cv_env_host_alias_set=set
ac_cv_env_host_alias_value=arm-linux-androideabi
ac_cv_env_target_alias_set=set
ac_cv_env_target_alias_value=arm-linux-androideabi
ac_cv_func___argz_count=no
ac_cv_func___argz_next=no
ac_cv_func___argz_stringify=no
ac_cv_func___fsetlocking=no
ac_cv_func_alloca_works=yes
ac_cv_func_feof_unlocked=no
ac_cv_func_fgets_unlocked=no
ac_cv_func_getc_unlocked=yes
ac_cv_func_getcwd=yes
ac_cv_func_getegid=yes
ac_cv_func_geteuid=yes
ac_cv_func_getgid=yes
ac_cv_func_getpagesize=no
ac_cv_func_getuid=yes
ac_cv_func_mempcpy=no
ac_cv_func_mmap_fixed_mapped=no
ac_cv_func_munmap=yes
ac_cv_func_putenv=yes
ac_cv_func_setenv=yes
ac_cv_func_setlocale=yes
ac_cv_func_stpcpy=no
ac_cv_func_strcasecmp=yes
ac_cv_func_strdup=yes
ac_cv_func_strtoul=yes
ac_cv_func_tsearch=no
ac_cv_gnu_library_2_1=no
ac_cv_header_argz_h=no
ac_cv_header_inttypes_h=yes
ac_cv_header_limits_h=yes
ac_cv_header_locale_h=yes
ac_cv_header_malloc_h=yes
ac_cv_header_memory_h=yes
ac_cv_header_nl_types_h=no
ac_cv_header_stdc=yes
ac_cv_header_stddef_h=yes
ac_cv_header_stdint_h=yes
ac_cv_header_stdlib_h=yes
ac_cv_header_string_h=yes
ac_cv_header_strings_h=yes
ac_cv_header_sys_param_h=yes
ac_cv_header_sys_stat_h=yes
ac_cv_header_sys_types_h=yes
ac_cv_header_unistd_h=yes
ac_cv_host=arm-unknown-linux-androideabi
ac_cv_objext=o
ac_cv_path_EGREP='/usr/bin/grep -E'
ac_cv_path_GMSGFMT=/opt/local/bin/msgfmt
ac_cv_path_GREP=/usr/bin/grep
ac_cv_path_MSGFMT=/opt/local/bin/msgfmt
ac_cv_path_MSGMERGE=/opt/local/bin/msgmerge
ac_cv_path_XGETTEXT=/opt/local/bin/xgettext
ac_cv_prog_ACLOCAL=aclocal
ac_cv_prog_AUTOCONF=autoconf
ac_cv_prog_AUTOHEADER=autoheader
ac_cv_prog_CC=arm-linux-androideabi-gcc
ac_cv_prog_CPP=/lib/cpp
ac_cv_prog_INTLBISON=bison
ac_cv_prog_RANLIB=arm-linux-androideabi-ranlib
ac_cv_prog_cc_c89=
ac_cv_prog_cc_g=yes
ac_cv_prog_make__Applications_Xcode_app_Contents_Developer_usr_bin_make_set=yes
ac_cv_search_strerror='none required'
ac_cv_type_off_t=yes
ac_cv_type_size_t=yes
ac_cv_type_unsigned_long_long=yes
ac_cv_working_alloca_h=yes
acl_cv_hardcode_direct=no
acl_cv_hardcode_libdir_flag_spec='${wl}-rpath ${wl}$libdir'
acl_cv_hardcode_libdir_separator=
acl_cv_hardcode_minus_L=no
acl_cv_libext=a
acl_cv_path_LD=/Users/regnarts/Documents/androux/androux/toolchains/arm-linux-androideabi-4.8/prebuilt/darwin-x86_64/bin/../lib/gcc/arm-linux-androideabi/4.8/../../../../arm-linux-androideabi/bin/ld
acl_cv_prog_gnu_ld=yes
acl_cv_rpath=done
acl_cv_shlibext=so
acl_cv_wl=-Wl,
am_cv_func_iconv='no, consider installing GNU libiconv'
am_cv_langinfo_codeset=no
am_cv_lib_iconv=no
am_cv_val_LC_MESSAGES=yes
gt_cv_func_gnugettext1_libc=no
gt_cv_func_gnugettext1_libintl=no
gt_cv_header_inttypes_h=yes
gt_cv_int_divbyzero_sigfpe='guessing no'
gt_cv_inttypes_pri_broken=no
jm_ac_cv_header_inttypes_h=yes
jm_ac_cv_header_stdint_h=yes
nls_cv_force_use_gnu_gettext=no
nls_cv_header_intl=
nls_cv_header_libgt=
nls_cv_use_gnu_gettext=yes

## ----------------- ##
## Output variables. ##
## ----------------- ##

ACLOCAL='aclocal'
ALLOCA=''
AUTOCONF='autoconf'
AUTOHEADER='autoheader'
BUILD_INCLUDED_LIBINTL='yes'
CATOBJEXT='.gmo'
CC='arm-linux-androideabi-gcc'
CFLAGS='-g -O2 -I/Users/regnarts/Documents/androux/androux/platforms/android-9/arch-arm/usr/include/ --sysroot=/Users/regnarts/Documents/androux/androux/platforms/android-9/arch-arm'
CPP='/lib/cpp'
CPPFLAGS=''
DATADIRNAME='share'
DEFS='-DHAVE_CONFIG_H'
ECHO_C='\c'
ECHO_N=''
ECHO_T=''
EGREP='/usr/bin/grep -E'
EXEEXT=''
GENCAT='gencat'
GLIBC21='no'
GMSGFMT='/opt/local/bin/msgfmt'
GREP='/usr/bin/grep'
INCINTL='-I${top_builddir}/../intl'
INSTALL_DATA='/usr/bin/install -c -m 644'
INSTALL_PROGRAM='/usr/bin/install -c'
INSTALL_SCRIPT='/usr/bin/install -c'
INSTOBJEXT='.mo'
INTLBISON='bison'
INTLLIBS='${top_builddir}/intl/libintl.a '
INTLOBJS='$(GETTOBJS)'
INTL_LIBTOOL_SUFFIX_PREFIX=''
LDFLAGS=' -L/Users/regnarts/Documents/androux/androux/platforms/android-9/arch-arm/usr/lib/'
LIBICONV=''
LIBINTL='${top_builddir}/../intl/libintl.a'
LIBINTL_DEP='${top_builddir}/../intl/libintl.a'
LIBOBJS=''
LIBS=''
LTLIBICONV=''
LTLIBINTL='${top_builddir}/../intl/libintl.a'
LTLIBOBJS=''
MAINT='#'
MKINSTALLDIRS='$(top_builddir)/../../gcc/intl/../mkinstalldirs'
MSGFMT='/opt/local/bin/msgfmt'
MSGMERGE='/opt/local/bin/msgmerge'
OBJEXT='o'
PACKAGE_BUGREPORT=''
PACKAGE_NAME=''
PACKAGE_STRING=''
PACKAGE_TARNAME=''
PACKAGE_URL=''
PACKAGE_VERSION=''
PATH_SEPARATOR=':'
POSUB='po'
RANLIB='arm-linux-androideabi-ranlib'
SET_MAKE=''
SHELL='/bin/sh'
USE_INCLUDED_LIBINTL='yes'
USE_NLS='yes'
XGETTEXT='/opt/local/bin/xgettext'
ac_ct_CC=''
bindir='${exec_prefix}/bin'
build='i386-apple-darwin14.0.0'
build_alias='i386-apple-darwin14.0.0'
build_cpu='i386'
build_os='darwin14.0.0'
build_vendor='apple'
datadir='${datarootdir}'
datarootdir='${prefix}/share'
docdir='${datarootdir}/doc/${PACKAGE}'
dvidir='${docdir}'
exec_prefix='${prefix}'
host='arm-unknown-linux-androideabi'
host_alias='arm-linux-androideabi'
host_cpu='arm'
host_os='linux-androideabi'
host_vendor='unknown'
htmldir='${docdir}'
includedir='${prefix}/include'
infodir='${datarootdir}/info'
libdir='${exec_prefix}/lib'
libexecdir='${exec_prefix}/libexec'
localedir='${datarootdir}/locale'
localstatedir='${prefix}/var'
mandir='${datarootdir}/man'
oldincludedir='/usr/include'
pdfdir='${docdir}'
prefix='/Users/regnarts/Documents/androux/androux/system'
program_transform_name='s,y,y,'
psdir='${docdir}'
sbindir='${exec_prefix}/sbin'
sharedstatedir='${prefix}/com'
sysconfdir='${prefix}/etc'
target_alias='arm-linux-androideabi'

## ----------- ##
## confdefs.h. ##
## ----------- ##

/* confdefs.h */
#define PACKAGE_NAME ""
#define PACKAGE_TARNAME ""
#define PACKAGE_VERSION ""
#define PACKAGE_STRING ""
#define PACKAGE_BUGREPORT ""
#define PACKAGE_URL ""
#define STDC_HEADERS 1
#define HAVE_SYS_TYPES_H 1
#define HAVE_SYS_STAT_H 1
#define HAVE_STDLIB_H 1
#define HAVE_STRING_H 1
#define HAVE_MEMORY_H 1
#define HAVE_STRINGS_H 1
#define HAVE_INTTYPES_H 1
#define HAVE_STDINT_H 1
#define HAVE_UNISTD_H 1
#define HAVE_ALLOCA_H 1
#define HAVE_ALLOCA 1
#define HAVE_STDLIB_H 1
#define HAVE_UNISTD_H 1
#define INTDIV0_RAISES_SIGFPE 0
#define HAVE_INTTYPES_H_WITH_UINTMAX 1
#define HAVE_STDINT_H_WITH_UINTMAX 1
#define HAVE_UNSIGNED_LONG_LONG 1
#define HAVE_UINTMAX_T 1
#define HAVE_INTTYPES_H 1
#define HAVE_LIMITS_H 1
#define HAVE_LOCALE_H 1
#define HAVE_MALLOC_H 1
#define HAVE_STDDEF_H 1
#define HAVE_STDLIB_H 1
#define HAVE_STRING_H 1
#define HAVE_UNISTD_H 1
#define HAVE_SYS_PARAM_H 1
#define HAVE_GETC_UNLOCKED 1
#define HAVE_GETCWD 1
#define HAVE_GETEGID 1
#define HAVE_GETEUID 1
#define HAVE_GETGID 1
#define HAVE_GETUID 1
#define HAVE_MUNMAP 1
#define HAVE_PUTENV 1
#define HAVE_SETENV 1
#define HAVE_SETLOCALE 1
#define HAVE_STRCASECMP 1
#define HAVE_STRDUP 1
#define HAVE_STRTOUL 1
#define HAVE_LC_MESSAGES 1
#define ENABLE_NLS 1
#define IN_LIBINTL 1
#define IN_LIBRARY 1
#define DEPENDS_ON_LIBICONV 1
#define ENABLE_RELOCATABLE 1
#define NO_XMALLOC 1
#define set_relocation_prefix libintl_set_relocation_prefix
#define relocate libintl_relocate

configure: exit 0

## ---------------------- ##
## Running config.status. ##
## ---------------------- ##

This file was extended by config.status, which was
generated by GNU Autoconf 2.64.  Invocation command line was

  CONFIG_FILES    = 
  CONFIG_HEADERS  = 
  CONFIG_LINKS    = 
  CONFIG_COMMANDS = 
  $ ./config.status config.h

on Anushruths-MacBook-Air.local

config.status:898: creating config.h
config.status:1057: config.h is unchanged

## ---------------------- ##
## Running config.status. ##
## ---------------------- ##

This file was extended by config.status, which was
generated by GNU Autoconf 2.64.  Invocation command line was

  CONFIG_FILES    = 
  CONFIG_HEADERS  = 
  CONFIG_LINKS    = 
  CONFIG_COMMANDS = 
  $ ./config.status config.h

on Anushruths-MacBook-Air.local

config.status:898: creating config.h
config.status:1057: config.h is unchanged
