This file contains any messages produced by compilers while
running configure, to aid debugging if configure makes a mistake.

It was created by configure, which was
generated by GNU Autoconf 2.64.  Invocation command line was

  $ /home/anushruth/exps/androux/gcc/zlib/configure --cache-file=./config.cache --prefix=/home/anushruth/exps/androux/system --with-gmp=/home/anushruth/exps/androux/system --with-mpc=/home/anushruth/exps/androux/system --with-mpfr=/home/anushruth/exps/androux/system --disable-multilib --enable-languages=c,c++,lto --program-transform-name=s,y,y, --disable-option-checking --build=x86_64-unknown-linux-gnu --host=arm-linux-androideabi --target=arm-linux-androideabi --srcdir=../../gcc/zlib

## --------- ##
## Platform. ##
## --------- ##

hostname = work
uname -m = x86_64
uname -r = 3.13.0-43-generic
uname -s = Linux
uname -v = #72-Ubuntu SMP Mon Dec 8 19:35:06 UTC 2014

/usr/bin/uname -p = unknown
/bin/uname -X     = unknown

/bin/arch              = unknown
/usr/bin/arch -k       = unknown
/usr/convex/getsysinfo = unknown
/usr/bin/hostinfo      = unknown
/bin/machine           = unknown
/usr/bin/oslevel       = unknown
/bin/universe          = unknown

PATH: /home/anushruth/bin
PATH: /usr/local/sbin
PATH: /usr/local/bin
PATH: /usr/sbin
PATH: /usr/bin
PATH: /sbin
PATH: /bin
PATH: /usr/games
PATH: /usr/local/games
PATH: /usr/java/jdk1.6.0_45/bin
PATH: /usr/java/jdk1.6.0_45/jre/bin
PATH: /home/anushruth/exps/androux/toolchains/arm-linux-androideabi-4.8/prebuilt/linux-x86_64/bin/


## ----------- ##
## Core tests. ##
## ----------- ##

configure:2103: creating cache ./config.cache
configure:2246: checking build system type
configure:2260: result: x86_64-unknown-linux-gnu
configure:2280: checking host system type
configure:2293: result: arm-unknown-linux-androideabi
configure:2313: checking target system type
configure:2326: result: arm-unknown-linux-androideabi
configure:2374: checking for a BSD-compatible install
configure:2442: result: /usr/bin/install -c
configure:2453: checking whether build environment is sane
configure:2503: result: yes
configure:2552: checking for arm-linux-androideabi-strip
configure:2568: found /home/anushruth/exps/androux/toolchains/arm-linux-androideabi-4.8/prebuilt/linux-x86_64/bin//arm-linux-androideabi-strip
configure:2579: result: arm-linux-androideabi-strip
configure:2644: checking for a thread-safe mkdir -p
configure:2683: result: /bin/mkdir -p
configure:2696: checking for gawk
configure:2723: result: gawk
configure:2734: checking whether make sets $(MAKE)
configure:2756: result: yes
configure:2838: checking whether to enable maintainer-specific portions of Makefiles
configure:2847: result: no
configure:2918: checking for arm-linux-androideabi-gcc
configure:2945: result: arm-linux-androideabi-cc
configure:3214: checking for C compiler version
configure:3223: arm-linux-androideabi-cc --version >&5
arm-linux-androideabi-gcc (GCC) 4.8
Copyright (C) 2013 Free Software Foundation, Inc.
This is free software; see the source for copying conditions.  There is NO
warranty; not even for MERCHANTABILITY or FITNESS FOR A PARTICULAR PURPOSE.

configure:3234: $? = 0
configure:3223: arm-linux-androideabi-cc -v >&5
Using built-in specs.
COLLECT_GCC=arm-linux-androideabi-gcc
COLLECT_LTO_WRAPPER=/home/anushruth/exps/androux/toolchains/arm-linux-androideabi-4.8/prebuilt/linux-x86_64/bin/../libexec/gcc/arm-linux-androideabi/4.8/lto-wrapper
Target: arm-linux-androideabi
Configured with: /s/ndk-toolchain/src/build/../gcc/gcc-4.8/configure --prefix=/tmp/ndk-andrewhsieh/build/toolchain/prefix --target=arm-linux-androideabi --host=x86_64-linux-gnu --build=x86_64-linux-gnu --with-gnu-as --with-gnu-ld --enable-languages=c,c++ --with-gmp=/tmp/ndk-andrewhsieh/build/toolchain/temp-install --with-mpfr=/tmp/ndk-andrewhsieh/build/toolchain/temp-install --with-mpc=/tmp/ndk-andrewhsieh/build/toolchain/temp-install --with-cloog=/tmp/ndk-andrewhsieh/build/toolchain/temp-install --with-isl=/tmp/ndk-andrewhsieh/build/toolchain/temp-install --with-ppl=/tmp/ndk-andrewhsieh/build/toolchain/temp-install --disable-ppl-version-check --disable-cloog-version-check --disable-isl-version-check --enable-cloog-backend=isl --with-host-libstdcxx='-static-libgcc -Wl,-Bstatic,-lstdc++,-Bdynamic -lm' --disable-libssp --enable-threads --disable-nls --disable-libmudflap --disable-libgomp --disable-libstdc__-v3 --disable-sjlj-exceptions --disable-shared --disable-tls --disable-libitm --with-float=soft --with-fpu=vfp --with-arch=armv5te --enable-target-optspace --enable-initfini-array --disable-nls --prefix=/tmp/ndk-andrewhsieh/build/toolchain/prefix --with-sysroot=/tmp/ndk-andrewhsieh/build/toolchain/prefix/sysroot --with-binutils-version=2.24 --with-mpfr-version=3.1.1 --with-mpc-version=1.0.1 --with-gmp-version=5.0.5 --with-gcc-version=4.8 --with-gdb-version=7.6 --with-python=/usr/local/google/home/andrewhsieh/mydroid/ndk/prebuilt/linux-x86_64/bin/python-config.sh --with-gxx-include-dir=/tmp/ndk-andrewhsieh/build/toolchain/prefix/include/c++/4.8 --with-bugurl=http://source.android.com/source/report-bugs.html --enable-languages=c,c++ --disable-bootstrap --enable-plugins --enable-libgomp --disable-libsanitizer --enable-gold --enable-graphite=yes --with-cloog-version=0.18.0 --with-isl-version=0.11.1 --enable-eh-frame-hdr-for-static --with-arch=armv5te --program-transform-name='s&^&arm-linux-androideabi-&' --enable-gold=default
Thread model: posix
gcc version 4.8 (GCC) 
configure:3234: $? = 0
configure:3223: arm-linux-androideabi-cc -V >&5
arm-linux-androideabi-gcc: error: unrecognized command line option '-V'
arm-linux-androideabi-gcc: fatal error: no input files
compilation terminated.
configure:3234: $? = 1
configure:3223: arm-linux-androideabi-cc -qversion >&5
arm-linux-androideabi-gcc: error: unrecognized command line option '-qversion'
arm-linux-androideabi-gcc: fatal error: no input files
compilation terminated.
configure:3234: $? = 1
configure:3250: arm-linux-androideabi-cc -o conftest -g -O2 -I/home/anushruth/exps/androux/platforms/android-9/arch-arm/usr/include/ --sysroot=/home/anushruth/exps/androux/platforms/android-9/arch-arm   -L/home/anushruth/exps/androux/platforms/android-9/arch-arm/usr/lib/ conftest.c  >&5
configure:3253: $? = 0
configure:3282: checking for C compiler default output file name
configure:3304: arm-linux-androideabi-cc -g -O2 -I/home/anushruth/exps/androux/platforms/android-9/arch-arm/usr/include/ --sysroot=/home/anushruth/exps/androux/platforms/android-9/arch-arm   -L/home/anushruth/exps/androux/platforms/android-9/arch-arm/usr/lib/ conftest.c  >&5
configure:3308: $? = 0
configure:3345: result: a.out
configure:3361: checking whether the C compiler works
configure:3389: result: yes
configure:3396: checking whether we are cross compiling
configure:3398: result: yes
configure:3401: checking for suffix of executables
configure:3408: arm-linux-androideabi-cc -o conftest -g -O2 -I/home/anushruth/exps/androux/platforms/android-9/arch-arm/usr/include/ --sysroot=/home/anushruth/exps/androux/platforms/android-9/arch-arm   -L/home/anushruth/exps/androux/platforms/android-9/arch-arm/usr/lib/ conftest.c  >&5
configure:3412: $? = 0
configure:3434: result: 
configure:3441: checking for suffix of object files
configure:3463: arm-linux-androideabi-cc -c -g -O2 -I/home/anushruth/exps/androux/platforms/android-9/arch-arm/usr/include/ --sysroot=/home/anushruth/exps/androux/platforms/android-9/arch-arm  conftest.c >&5
configure:3467: $? = 0
configure:3488: result: o
configure:3492: checking whether we are using the GNU C compiler
configure:3511: arm-linux-androideabi-cc -c -g -O2 -I/home/anushruth/exps/androux/platforms/android-9/arch-arm/usr/include/ --sysroot=/home/anushruth/exps/androux/platforms/android-9/arch-arm  conftest.c >&5
configure:3511: $? = 0
configure:3520: result: yes
configure:3529: checking whether arm-linux-androideabi-cc accepts -g
configure:3549: arm-linux-androideabi-cc -c -g  conftest.c >&5
configure:3549: $? = 0
configure:3590: result: yes
configure:3607: checking for arm-linux-androideabi-cc option to accept ISO C89
configure:3671: arm-linux-androideabi-cc  -c -g -O2 -I/home/anushruth/exps/androux/platforms/android-9/arch-arm/usr/include/ --sysroot=/home/anushruth/exps/androux/platforms/android-9/arch-arm  conftest.c >&5
configure:3671: $? = 0
configure:3684: result: none needed
configure:3715: checking for style of include used by make
configure:3743: result: GNU
configure:3768: checking dependency style of arm-linux-androideabi-cc
configure:3878: result: gcc3
configure:3943: checking how to print strings
configure:3970: result: printf
configure:3991: checking for a sed that does not truncate output
configure:4055: result: /bin/sed
configure:4073: checking for grep that handles long lines and -e
configure:4131: result: /bin/grep
configure:4136: checking for egrep
configure:4198: result: /bin/grep -E
configure:4203: checking for fgrep
configure:4265: result: /bin/grep -F
configure:4300: checking for ld used by arm-linux-androideabi-cc
configure:4367: result: /home/anushruth/exps/androux/toolchains/arm-linux-androideabi-4.8/prebuilt/linux-x86_64/bin/../lib/gcc/arm-linux-androideabi/4.8/../../../../arm-linux-androideabi/bin/ld
configure:4374: checking if the linker (/home/anushruth/exps/androux/toolchains/arm-linux-androideabi-4.8/prebuilt/linux-x86_64/bin/../lib/gcc/arm-linux-androideabi/4.8/../../../../arm-linux-androideabi/bin/ld) is GNU ld
configure:4389: result: yes
configure:4401: checking for BSD- or MS-compatible name lister (nm)
configure:4450: result: arm-linux-androideabi-nm
configure:4580: checking the name lister (arm-linux-androideabi-nm) interface
configure:4587: arm-linux-androideabi-cc -c -g -O2 -I/home/anushruth/exps/androux/platforms/android-9/arch-arm/usr/include/ --sysroot=/home/anushruth/exps/androux/platforms/android-9/arch-arm  conftest.c >&5
configure:4590: arm-linux-androideabi-nm "conftest.o"
configure:4593: output
00000000 B some_variable
configure:4600: result: BSD nm
configure:4603: checking whether ln -s works
configure:4607: result: yes
configure:4615: checking the maximum length of command line arguments
configure:4740: result: 3458764513820540925
configure:4757: checking whether the shell understands some XSI constructs
configure:4767: result: yes
configure:4771: checking whether the shell understands "+="
configure:4777: result: yes
configure:4812: checking for /home/anushruth/exps/androux/toolchains/arm-linux-androideabi-4.8/prebuilt/linux-x86_64/bin/../lib/gcc/arm-linux-androideabi/4.8/../../../../arm-linux-androideabi/bin/ld option to reload object files
configure:4819: result: -r
configure:4848: checking for arm-linux-androideabi-objdump
configure:4875: result: arm-linux-androideabi-objdump
configure:4947: checking how to recognize dependent libraries
configure:5148: result: pass_all
configure:5168: checking for arm-linux-androideabi-ar
configure:5195: result: arm-linux-androideabi-ar
configure:5273: checking for arm-linux-androideabi-strip
configure:5300: result: arm-linux-androideabi-strip
configure:5372: checking for arm-linux-androideabi-ranlib
configure:5399: result: arm-linux-androideabi-ranlib
configure:5541: checking command to parse arm-linux-androideabi-nm output from arm-linux-androideabi-cc object
configure:5659: arm-linux-androideabi-cc -c -g -O2 -I/home/anushruth/exps/androux/platforms/android-9/arch-arm/usr/include/ --sysroot=/home/anushruth/exps/androux/platforms/android-9/arch-arm  conftest.c >&5
configure:5662: $? = 0
configure:5666: arm-linux-androideabi-nm conftest.o \| sed -n -e 's/^.*[ ]\([ABCDGIRSTW][ABCDGIRSTW]*\)[ ][ ]*\([_A-Za-z][_A-Za-z0-9]*\)$/\1 \2 \2/p' \> conftest.nm
configure:5669: $? = 0
configure:5723: arm-linux-androideabi-cc -o conftest -g -O2 -I/home/anushruth/exps/androux/platforms/android-9/arch-arm/usr/include/ --sysroot=/home/anushruth/exps/androux/platforms/android-9/arch-arm   -L/home/anushruth/exps/androux/platforms/android-9/arch-arm/usr/lib/ conftest.c conftstm.o >&5
configure:5726: $? = 0
configure:5764: result: ok
configure:6609: checking how to run the C preprocessor
configure:6640: arm-linux-androideabi-cc -E  conftest.c
configure:6640: $? = 0
configure:6654: arm-linux-androideabi-cc -E  conftest.c
conftest.c:11:28: fatal error: ac_nonexistent.h: No such file or directory
 #include <ac_nonexistent.h>
                            ^
compilation terminated.
configure:6654: $? = 1
configure: failed program was:
| /* confdefs.h */
| #define PACKAGE_NAME ""
| #define PACKAGE_TARNAME ""
| #define PACKAGE_VERSION ""
| #define PACKAGE_STRING ""
| #define PACKAGE_BUGREPORT ""
| #define PACKAGE_URL ""
| #define PACKAGE "zlib"
| #define VERSION "1.1.4"
| /* end confdefs.h.  */
| #include <ac_nonexistent.h>
configure:6679: result: arm-linux-androideabi-cc -E
configure:6699: arm-linux-androideabi-cc -E  conftest.c
configure:6699: $? = 0
configure:6713: arm-linux-androideabi-cc -E  conftest.c
conftest.c:11:28: fatal error: ac_nonexistent.h: No such file or directory
 #include <ac_nonexistent.h>
                            ^
compilation terminated.
configure:6713: $? = 1
configure: failed program was:
| /* confdefs.h */
| #define PACKAGE_NAME ""
| #define PACKAGE_TARNAME ""
| #define PACKAGE_VERSION ""
| #define PACKAGE_STRING ""
| #define PACKAGE_BUGREPORT ""
| #define PACKAGE_URL ""
| #define PACKAGE "zlib"
| #define VERSION "1.1.4"
| /* end confdefs.h.  */
| #include <ac_nonexistent.h>
configure:6742: checking for ANSI C header files
configure:6762: arm-linux-androideabi-cc -c -g -O2 -I/home/anushruth/exps/androux/platforms/android-9/arch-arm/usr/include/ --sysroot=/home/anushruth/exps/androux/platforms/android-9/arch-arm  conftest.c >&5
configure:6762: $? = 0
configure:6846: result: yes
configure:6859: checking for sys/types.h
configure:6859: arm-linux-androideabi-cc -c -g -O2 -I/home/anushruth/exps/androux/platforms/android-9/arch-arm/usr/include/ --sysroot=/home/anushruth/exps/androux/platforms/android-9/arch-arm  conftest.c >&5
configure:6859: $? = 0
configure:6859: result: yes
configure:6859: checking for sys/stat.h
configure:6859: arm-linux-androideabi-cc -c -g -O2 -I/home/anushruth/exps/androux/platforms/android-9/arch-arm/usr/include/ --sysroot=/home/anushruth/exps/androux/platforms/android-9/arch-arm  conftest.c >&5
configure:6859: $? = 0
configure:6859: result: yes
configure:6859: checking for stdlib.h
configure:6859: arm-linux-androideabi-cc -c -g -O2 -I/home/anushruth/exps/androux/platforms/android-9/arch-arm/usr/include/ --sysroot=/home/anushruth/exps/androux/platforms/android-9/arch-arm  conftest.c >&5
configure:6859: $? = 0
configure:6859: result: yes
configure:6859: checking for string.h
configure:6859: arm-linux-androideabi-cc -c -g -O2 -I/home/anushruth/exps/androux/platforms/android-9/arch-arm/usr/include/ --sysroot=/home/anushruth/exps/androux/platforms/android-9/arch-arm  conftest.c >&5
configure:6859: $? = 0
configure:6859: result: yes
configure:6859: checking for memory.h
configure:6859: arm-linux-androideabi-cc -c -g -O2 -I/home/anushruth/exps/androux/platforms/android-9/arch-arm/usr/include/ --sysroot=/home/anushruth/exps/androux/platforms/android-9/arch-arm  conftest.c >&5
configure:6859: $? = 0
configure:6859: result: yes
configure:6859: checking for strings.h
configure:6859: arm-linux-androideabi-cc -c -g -O2 -I/home/anushruth/exps/androux/platforms/android-9/arch-arm/usr/include/ --sysroot=/home/anushruth/exps/androux/platforms/android-9/arch-arm  conftest.c >&5
configure:6859: $? = 0
configure:6859: result: yes
configure:6859: checking for inttypes.h
configure:6859: arm-linux-androideabi-cc -c -g -O2 -I/home/anushruth/exps/androux/platforms/android-9/arch-arm/usr/include/ --sysroot=/home/anushruth/exps/androux/platforms/android-9/arch-arm  conftest.c >&5
configure:6859: $? = 0
configure:6859: result: yes
configure:6859: checking for stdint.h
configure:6859: arm-linux-androideabi-cc -c -g -O2 -I/home/anushruth/exps/androux/platforms/android-9/arch-arm/usr/include/ --sysroot=/home/anushruth/exps/androux/platforms/android-9/arch-arm  conftest.c >&5
configure:6859: $? = 0
configure:6859: result: yes
configure:6859: checking for unistd.h
configure:6859: arm-linux-androideabi-cc -c -g -O2 -I/home/anushruth/exps/androux/platforms/android-9/arch-arm/usr/include/ --sysroot=/home/anushruth/exps/androux/platforms/android-9/arch-arm  conftest.c >&5
configure:6859: $? = 0
configure:6859: result: yes
configure:6874: checking for dlfcn.h
configure:6874: arm-linux-androideabi-cc -c -g -O2 -I/home/anushruth/exps/androux/platforms/android-9/arch-arm/usr/include/ --sysroot=/home/anushruth/exps/androux/platforms/android-9/arch-arm  conftest.c >&5
configure:6874: $? = 0
configure:6874: result: yes
configure:7061: checking for objdir
configure:7076: result: .libs
configure:7347: checking if arm-linux-androideabi-cc supports -fno-rtti -fno-exceptions
configure:7365: arm-linux-androideabi-cc -c -g -O2 -I/home/anushruth/exps/androux/platforms/android-9/arch-arm/usr/include/ --sysroot=/home/anushruth/exps/androux/platforms/android-9/arch-arm  -fno-rtti -fno-exceptions conftest.c >&5
cc1: warning: command line option '-fno-rtti' is valid for C++/ObjC++ but not for C [enabled by default]
configure:7369: $? = 0
configure:7382: result: no
configure:7402: checking for arm-linux-androideabi-cc option to produce PIC
configure:7687: result: -fPIC -DPIC
configure:7699: checking if arm-linux-androideabi-cc PIC flag -fPIC -DPIC works
configure:7717: arm-linux-androideabi-cc -c -g -O2 -I/home/anushruth/exps/androux/platforms/android-9/arch-arm/usr/include/ --sysroot=/home/anushruth/exps/androux/platforms/android-9/arch-arm  -fPIC -DPIC -DPIC conftest.c >&5
configure:7721: $? = 0
configure:7734: result: yes
configure:7758: checking if arm-linux-androideabi-cc static flag -static works
configure:7786: result: yes
configure:7801: checking if arm-linux-androideabi-cc supports -c -o file.o
configure:7822: arm-linux-androideabi-cc -c -g -O2 -I/home/anushruth/exps/androux/platforms/android-9/arch-arm/usr/include/ --sysroot=/home/anushruth/exps/androux/platforms/android-9/arch-arm  -o out/conftest2.o conftest.c >&5
configure:7826: $? = 0
configure:7848: result: yes
configure:7856: checking if arm-linux-androideabi-cc supports -c -o file.o
configure:7903: result: yes
configure:7936: checking whether the arm-linux-androideabi-cc linker (/home/anushruth/exps/androux/toolchains/arm-linux-androideabi-4.8/prebuilt/linux-x86_64/bin/../lib/gcc/arm-linux-androideabi/4.8/../../../../arm-linux-androideabi/bin/ld) supports shared libraries
configure:9016: result: yes
configure:9053: checking whether -lc should be explicitly linked in
configure:9061: arm-linux-androideabi-cc -c -g -O2 -I/home/anushruth/exps/androux/platforms/android-9/arch-arm/usr/include/ --sysroot=/home/anushruth/exps/androux/platforms/android-9/arch-arm  conftest.c >&5
configure:9064: $? = 0
configure:9079: arm-linux-androideabi-cc -shared conftest.o  -v -Wl,-soname -Wl,conftest -o conftest 2\>\&1 \| /bin/grep  -lc  \>/dev/null 2\>\&1
configure:9082: $? = 0
configure:9096: result: no
configure:9261: checking dynamic linker characteristics
configure:9715: arm-linux-androideabi-cc -o conftest -g -O2 -I/home/anushruth/exps/androux/platforms/android-9/arch-arm/usr/include/ --sysroot=/home/anushruth/exps/androux/platforms/android-9/arch-arm   -L/home/anushruth/exps/androux/platforms/android-9/arch-arm/usr/lib/ -Wl,-rpath -Wl,/foo conftest.c  >&5
configure:9715: $? = 0
configure:9937: result: GNU/Linux ld.so
configure:10044: checking how to hardcode library paths into programs
configure:10069: result: immediate
configure:10624: checking whether stripping libraries is possible
configure:10629: result: yes
configure:10664: checking if libtool supports shared libraries
configure:10666: result: yes
configure:10669: checking whether to build shared libraries
configure:10690: result: yes
configure:10693: checking whether to build static libraries
configure:10697: result: yes
configure:10740: checking how to run the C preprocessor
configure:10810: result: arm-linux-androideabi-cc -E
configure:10830: arm-linux-androideabi-cc -E  conftest.c
configure:10830: $? = 0
configure:10844: arm-linux-androideabi-cc -E  conftest.c
conftest.c:23:28: fatal error: ac_nonexistent.h: No such file or directory
 #include <ac_nonexistent.h>
                            ^
compilation terminated.
configure:10844: $? = 1
configure: failed program was:
| /* confdefs.h */
| #define PACKAGE_NAME ""
| #define PACKAGE_TARNAME ""
| #define PACKAGE_VERSION ""
| #define PACKAGE_STRING ""
| #define PACKAGE_BUGREPORT ""
| #define PACKAGE_URL ""
| #define PACKAGE "zlib"
| #define VERSION "1.1.4"
| #define STDC_HEADERS 1
| #define HAVE_SYS_TYPES_H 1
| #define HAVE_SYS_STAT_H 1
| #define HAVE_STDLIB_H 1
| #define HAVE_STRING_H 1
| #define HAVE_MEMORY_H 1
| #define HAVE_STRINGS_H 1
| #define HAVE_INTTYPES_H 1
| #define HAVE_STDINT_H 1
| #define HAVE_UNISTD_H 1
| #define HAVE_DLFCN_H 1
| #define LT_OBJDIR ".libs/"
| /* end confdefs.h.  */
| #include <ac_nonexistent.h>
configure:10897: checking for stdlib.h
configure:10897: result: yes
configure:10897: checking for unistd.h
configure:10897: result: yes
configure:10910: checking for getpagesize
configure:10910: arm-linux-androideabi-cc -o conftest -g -O2 -I/home/anushruth/exps/androux/platforms/android-9/arch-arm/usr/include/ --sysroot=/home/anushruth/exps/androux/platforms/android-9/arch-arm   -L/home/anushruth/exps/androux/platforms/android-9/arch-arm/usr/lib/ conftest.c  >&5
conftest.c:59: error: undefined reference to 'getpagesize'
collect2: error: ld returned 1 exit status
configure:10910: $? = 1
configure: failed program was:
| /* confdefs.h */
| #define PACKAGE_NAME ""
| #define PACKAGE_TARNAME ""
| #define PACKAGE_VERSION ""
| #define PACKAGE_STRING ""
| #define PACKAGE_BUGREPORT ""
| #define PACKAGE_URL ""
| #define PACKAGE "zlib"
| #define VERSION "1.1.4"
| #define STDC_HEADERS 1
| #define HAVE_SYS_TYPES_H 1
| #define HAVE_SYS_STAT_H 1
| #define HAVE_STDLIB_H 1
| #define HAVE_STRING_H 1
| #define HAVE_MEMORY_H 1
| #define HAVE_STRINGS_H 1
| #define HAVE_INTTYPES_H 1
| #define HAVE_STDINT_H 1
| #define HAVE_UNISTD_H 1
| #define HAVE_DLFCN_H 1
| #define LT_OBJDIR ".libs/"
| #define HAVE_STDLIB_H 1
| #define HAVE_UNISTD_H 1
| /* end confdefs.h.  */
| /* Define getpagesize to an innocuous variant, in case <limits.h> declares getpagesize.
|    For example, HP-UX 11i <limits.h> declares gettimeofday.  */
| #define getpagesize innocuous_getpagesize
| 
| /* System header to define __stub macros and hopefully few prototypes,
|     which can conflict with char getpagesize (); below.
|     Prefer <limits.h> to <assert.h> if __STDC__ is defined, since
|     <limits.h> exists even on freestanding compilers.  */
| 
| #ifdef __STDC__
| # include <limits.h>
| #else
| # include <assert.h>
| #endif
| 
| #undef getpagesize
| 
| /* Override any GCC internal prototype to avoid an error.
|    Use char because int might match the return type of a GCC
|    builtin and then its argument prototype would still apply.  */
| #ifdef __cplusplus
| extern "C"
| #endif
| char getpagesize ();
| /* The GNU C library defines this for functions which it implements
|     to always fail with ENOSYS.  Some functions are actually named
|     something starting with __ and the normal name is an alias.  */
| #if defined __stub_getpagesize || defined __stub___getpagesize
| choke me
| #endif
| 
| int
| main ()
| {
| return getpagesize ();
|   ;
|   return 0;
| }
configure:10910: result: no
configure:10919: checking for working mmap
configure:11066: result: no
configure:11079: checking for memcpy
configure:11079: arm-linux-androideabi-cc -o conftest -g -O2 -I/home/anushruth/exps/androux/platforms/android-9/arch-arm/usr/include/ --sysroot=/home/anushruth/exps/androux/platforms/android-9/arch-arm   -L/home/anushruth/exps/androux/platforms/android-9/arch-arm/usr/lib/ conftest.c  >&5
conftest.c:48:6: warning: conflicting types for built-in function 'memcpy' [enabled by default]
 char memcpy ();
      ^
configure:11079: $? = 0
configure:11079: result: yes
configure:11079: checking for strerror
configure:11079: arm-linux-androideabi-cc -o conftest -g -O2 -I/home/anushruth/exps/androux/platforms/android-9/arch-arm/usr/include/ --sysroot=/home/anushruth/exps/androux/platforms/android-9/arch-arm   -L/home/anushruth/exps/androux/platforms/android-9/arch-arm/usr/lib/ conftest.c  >&5
configure:11079: $? = 0
configure:11079: result: yes
configure:11145: checking for unistd.h
configure:11145: result: yes
configure:11258: updating cache ./config.cache
configure:11355: creating ./config.status

## ---------------------- ##
## Running config.status. ##
## ---------------------- ##

This file was extended by config.status, which was
generated by GNU Autoconf 2.64.  Invocation command line was

  CONFIG_FILES    = 
  CONFIG_HEADERS  = 
  CONFIG_LINKS    = 
  CONFIG_COMMANDS = 
  $ ./config.status 

on work

config.status:1015: creating Makefile
config.status:1171: executing default-1 commands
config.status:1171: executing depfiles commands
config.status:1171: executing libtool commands

## ---------------- ##
## Cache variables. ##
## ---------------- ##

ac_cv_build=x86_64-unknown-linux-gnu
ac_cv_c_compiler_gnu=yes
ac_cv_env_CPPFLAGS_set=
ac_cv_env_CPPFLAGS_value=
ac_cv_env_CPP_set=
ac_cv_env_CPP_value=
ac_cv_env_build_alias_set=set
ac_cv_env_build_alias_value=x86_64-unknown-linux-gnu
ac_cv_env_host_alias_set=set
ac_cv_env_host_alias_value=arm-linux-androideabi
ac_cv_env_target_alias_set=set
ac_cv_env_target_alias_value=arm-linux-androideabi
ac_cv_func_getpagesize=no
ac_cv_func_memcpy=yes
ac_cv_func_mmap_fixed_mapped=no
ac_cv_func_strerror=yes
ac_cv_header_dlfcn_h=yes
ac_cv_header_inttypes_h=yes
ac_cv_header_memory_h=yes
ac_cv_header_stdc=yes
ac_cv_header_stdint_h=yes
ac_cv_header_stdlib_h=yes
ac_cv_header_string_h=yes
ac_cv_header_strings_h=yes
ac_cv_header_sys_stat_h=yes
ac_cv_header_sys_types_h=yes
ac_cv_header_unistd_h=yes
ac_cv_host=arm-unknown-linux-androideabi
ac_cv_objext=o
ac_cv_path_EGREP='/bin/grep -E'
ac_cv_path_FGREP='/bin/grep -F'
ac_cv_path_GREP=/bin/grep
ac_cv_path_SED=/bin/sed
ac_cv_path_mkdir=/bin/mkdir
ac_cv_prog_AR=arm-linux-androideabi-ar
ac_cv_prog_AWK=gawk
ac_cv_prog_CC=arm-linux-androideabi-cc
ac_cv_prog_CPP='arm-linux-androideabi-cc -E'
ac_cv_prog_OBJDUMP=arm-linux-androideabi-objdump
ac_cv_prog_RANLIB=arm-linux-androideabi-ranlib
ac_cv_prog_STRIP=arm-linux-androideabi-strip
ac_cv_prog_cc_c89=
ac_cv_prog_cc_g=yes
ac_cv_prog_make_make_set=yes
ac_cv_target=arm-unknown-linux-androideabi
am_cv_CC_dependencies_compiler_type=gcc3
lt_cv_archive_cmds_need_lc=no
lt_cv_deplibs_check_method=pass_all
lt_cv_file_magic_cmd='$MAGIC_CMD'
lt_cv_file_magic_test_file=
lt_cv_ld_reload_flag=-r
lt_cv_nm_interface='BSD nm'
lt_cv_objdir=.libs
lt_cv_path_LD=/home/anushruth/exps/androux/toolchains/arm-linux-androideabi-4.8/prebuilt/linux-x86_64/bin/../lib/gcc/arm-linux-androideabi/4.8/../../../../arm-linux-androideabi/bin/ld
lt_cv_path_NM=arm-linux-androideabi-nm
lt_cv_prog_compiler_c_o=yes
lt_cv_prog_compiler_pic_works=yes
lt_cv_prog_compiler_rtti_exceptions=no
lt_cv_prog_compiler_static_works=yes
lt_cv_prog_gnu_ld=yes
lt_cv_shlibpath_overrides_runpath=yes
lt_cv_sys_global_symbol_pipe='sed -n -e '\''s/^.*[	 ]\([ABCDGIRSTW][ABCDGIRSTW]*\)[	 ][	 ]*\([_A-Za-z][_A-Za-z0-9]*\)$/\1 \2 \2/p'\'''
lt_cv_sys_global_symbol_to_c_name_address='sed -n -e '\''s/^: \([^ ]*\) $/  {\"\1\", (void *) 0},/p'\'' -e '\''s/^[ABCDGIRSTW]* \([^ ]*\) \([^ ]*\)$/  {"\2", (void *) \&\2},/p'\'''
lt_cv_sys_global_symbol_to_c_name_address_lib_prefix='sed -n -e '\''s/^: \([^ ]*\) $/  {\"\1\", (void *) 0},/p'\'' -e '\''s/^[ABCDGIRSTW]* \([^ ]*\) \(lib[^ ]*\)$/  {"\2", (void *) \&\2},/p'\'' -e '\''s/^[ABCDGIRSTW]* \([^ ]*\) \([^ ]*\)$/  {"lib\2", (void *) \&\2},/p'\'''
lt_cv_sys_global_symbol_to_cdecl='sed -n -e '\''s/^T .* \(.*\)$/extern int \1();/p'\'' -e '\''s/^[ABCDGIRSTW]* .* \(.*\)$/extern char \1;/p'\'''
lt_cv_sys_max_cmd_len=3458764513820540925

## ----------------- ##
## Output variables. ##
## ----------------- ##

ACLOCAL='${SHELL} /home/anushruth/exps/androux/gcc/missing --run aclocal-1.11'
AMDEPBACKSLASH='\'
AMDEP_FALSE='#'
AMDEP_TRUE=''
AMTAR='${SHELL} /home/anushruth/exps/androux/gcc/missing --run tar'
AR='arm-linux-androideabi-ar'
AUTOCONF='${SHELL} /home/anushruth/exps/androux/gcc/missing --run autoconf'
AUTOHEADER='${SHELL} /home/anushruth/exps/androux/gcc/missing --run autoheader'
AUTOMAKE='${SHELL} /home/anushruth/exps/androux/gcc/missing --run automake-1.11'
AWK='gawk'
CC='arm-linux-androideabi-cc'
CCDEPMODE='depmode=gcc3'
CFLAGS='-g -O2 -I/home/anushruth/exps/androux/platforms/android-9/arch-arm/usr/include/ --sysroot=/home/anushruth/exps/androux/platforms/android-9/arch-arm'
COMPPATH='.'
CPP='arm-linux-androideabi-cc -E'
CPPFLAGS=''
CYGPATH_W='echo'
DEFS='-DPACKAGE_NAME=\"\" -DPACKAGE_TARNAME=\"\" -DPACKAGE_VERSION=\"\" -DPACKAGE_STRING=\"\" -DPACKAGE_BUGREPORT=\"\" -DPACKAGE_URL=\"\" -DPACKAGE=\"zlib\" -DVERSION=\"1.1.4\" -DSTDC_HEADERS=1 -DHAVE_SYS_TYPES_H=1 -DHAVE_SYS_STAT_H=1 -DHAVE_STDLIB_H=1 -DHAVE_STRING_H=1 -DHAVE_MEMORY_H=1 -DHAVE_STRINGS_H=1 -DHAVE_INTTYPES_H=1 -DHAVE_STDINT_H=1 -DHAVE_UNISTD_H=1 -DHAVE_DLFCN_H=1 -DLT_OBJDIR=\".libs/\" -DHAVE_STDLIB_H=1 -DHAVE_UNISTD_H=1 -DHAVE_MEMCPY=1 -DHAVE_STRERROR=1 -DHAVE_UNISTD_H=1'
DEPDIR='.deps'
DSYMUTIL=''
DUMPBIN=''
ECHO_C=''
ECHO_N='-n'
ECHO_T=''
EGREP='/bin/grep -E'
EXEEXT=''
FGREP='/bin/grep -F'
GREP='/bin/grep'
INSTALL_DATA='/usr/bin/install -c -m 644'
INSTALL_PROGRAM='/usr/bin/install -c'
INSTALL_SCRIPT='/usr/bin/install -c'
INSTALL_STRIP_PROGRAM='$(install_sh) -c -s'
LD='/home/anushruth/exps/androux/toolchains/arm-linux-androideabi-4.8/prebuilt/linux-x86_64/bin/../lib/gcc/arm-linux-androideabi/4.8/../../../../arm-linux-androideabi/bin/ld'
LDFLAGS=' -L/home/anushruth/exps/androux/platforms/android-9/arch-arm/usr/lib/'
LIBOBJS=''
LIBS=''
LIBTOOL='$(SHELL) $(top_builddir)/libtool'
LIPO=''
LN_S='ln -s'
LTLIBOBJS=''
MAINT='#'
MAINTAINER_MODE_FALSE=''
MAINTAINER_MODE_TRUE='#'
MAKEINFO='makeinfo --split-size=5000000'
MKDIR_P='/bin/mkdir -p'
NM='arm-linux-androideabi-nm'
NMEDIT=''
OBJDUMP='arm-linux-androideabi-objdump'
OBJEXT='o'
OTOOL64=''
OTOOL=''
PACKAGE='zlib'
PACKAGE_BUGREPORT=''
PACKAGE_NAME=''
PACKAGE_STRING=''
PACKAGE_TARNAME=''
PACKAGE_URL=''
PACKAGE_VERSION=''
PATH_SEPARATOR=':'
RANLIB='arm-linux-androideabi-ranlib'
SED='/bin/sed'
SET_MAKE=''
SHELL='/bin/sh'
STRIP='arm-linux-androideabi-strip'
TARGET_LIBRARY_FALSE=''
TARGET_LIBRARY_TRUE='#'
VERSION='1.1.4'
ac_ct_CC=''
ac_ct_DUMPBIN=''
am__EXEEXT_FALSE=''
am__EXEEXT_TRUE='#'
am__fastdepCC_FALSE='#'
am__fastdepCC_TRUE=''
am__include='include'
am__isrc=' -I$(srcdir)'
am__leading_dot='.'
am__quote=''
am__tar='${AMTAR} chof - "$$tardir"'
am__untar='${AMTAR} xf -'
bindir='${exec_prefix}/bin'
build='x86_64-unknown-linux-gnu'
build_alias='x86_64-unknown-linux-gnu'
build_cpu='x86_64'
build_os='linux-gnu'
build_vendor='unknown'
datadir='${datarootdir}'
datarootdir='${prefix}/share'
docdir='${datarootdir}/doc/${PACKAGE}'
dvidir='${docdir}'
exec_prefix='${prefix}'
host='arm-unknown-linux-androideabi'
host_alias='arm-linux-androideabi'
host_cpu='arm'
host_os='linux-androideabi'
host_vendor='unknown'
htmldir='${docdir}'
includedir='${prefix}/include'
infodir='${datarootdir}/info'
install_sh='${SHELL} /home/anushruth/exps/androux/gcc/install-sh'
libdir='${exec_prefix}/lib'
libexecdir='${exec_prefix}/libexec'
localedir='${datarootdir}/locale'
localstatedir='${prefix}/var'
mandir='${datarootdir}/man'
mkdir_p='/bin/mkdir -p'
mkinstalldirs='/home/anushruth/exps/androux/gcc/mkinstalldirs'
multi_basedir='../../gcc/zlib/..'
oldincludedir='/usr/include'
pdfdir='${docdir}'
prefix='/home/anushruth/exps/androux/system'
program_transform_name='s,y,y,'
psdir='${docdir}'
sbindir='${exec_prefix}/sbin'
sharedstatedir='${prefix}/com'
sysconfdir='${prefix}/etc'
target='arm-unknown-linux-androideabi'
target_alias='arm-linux-androideabi'
target_all='libzgcj.la'
target_cpu='arm'
target_os='linux-androideabi'
target_vendor='unknown'
toolexecdir='$(libdir)/gcc-lib/$(target_alias)'
toolexeclibdir='$(libdir)'

## ----------- ##
## confdefs.h. ##
## ----------- ##

/* confdefs.h */
#define PACKAGE_NAME ""
#define PACKAGE_TARNAME ""
#define PACKAGE_VERSION ""
#define PACKAGE_STRING ""
#define PACKAGE_BUGREPORT ""
#define PACKAGE_URL ""
#define PACKAGE "zlib"
#define VERSION "1.1.4"
#define STDC_HEADERS 1
#define HAVE_SYS_TYPES_H 1
#define HAVE_SYS_STAT_H 1
#define HAVE_STDLIB_H 1
#define HAVE_STRING_H 1
#define HAVE_MEMORY_H 1
#define HAVE_STRINGS_H 1
#define HAVE_INTTYPES_H 1
#define HAVE_STDINT_H 1
#define HAVE_UNISTD_H 1
#define HAVE_DLFCN_H 1
#define LT_OBJDIR ".libs/"
#define HAVE_STDLIB_H 1
#define HAVE_UNISTD_H 1
#define HAVE_MEMCPY 1
#define HAVE_STRERROR 1
#define HAVE_UNISTD_H 1

configure: exit 0
