This file contains any messages produced by compilers while
running configure, to aid debugging if configure makes a mistake.

It was created by GCC Quad-precision Math Library configure 0.1, which was
generated by GNU Autoconf 2.64.  Invocation command line was

  $ /Users/regnarts/Documents/androux/androux/gcc/libquadmath/configure --cache-file=./config.cache --prefix=/Users/regnarts/Documents/androux/androux/system --with-gmp=/Users/regnarts/Documents/androux/androux/system --with-mpc=/Users/regnarts/Documents/androux/androux/system --with-mpfr=/Users/regnarts/Documents/androux/androux/system --disable-multilib --enable-languages=c,c++,lto --program-transform-name=s,y,y, --disable-option-checking --with-target-subdir=arm-linux-androideabi --build=i386-apple-darwin14.0.0 --host=arm-linux-androideabi --target=arm-linux-androideabi --srcdir=../../../gcc/libquadmath

## --------- ##
## Platform. ##
## --------- ##

hostname = Anushruths-MacBook-Air.local
uname -m = x86_64
uname -r = 14.0.0
uname -s = Darwin
uname -v = Darwin Kernel Version 14.0.0: Fri Sep 19 00:26:44 PDT 2014; root:xnu-2782.1.97~2/RELEASE_X86_64

/usr/bin/uname -p = i386
/bin/uname -X     = unknown

/bin/arch              = unknown
/usr/bin/arch -k       = unknown
/usr/convex/getsysinfo = unknown
/usr/bin/hostinfo      = Mach kernel version:
	 Darwin Kernel Version 14.0.0: Fri Sep 19 00:26:44 PDT 2014; root:xnu-2782.1.97~2/RELEASE_X86_64
Kernel configured for up to 4 processors.
2 processors are physically available.
4 processors are logically available.
Processor type: x86_64h (Intel x86-64h Haswell)
Processors active: 0 1 2 3
Primary memory available: 4.00 gigabytes
Default processor set: 240 tasks, 1114 threads, 4 processors
Load average: 8.80, Mach factor: 0.42
/bin/machine           = unknown
/usr/bin/oslevel       = unknown
/bin/universe          = unknown

PATH: /opt/local/bin
PATH: /opt/local/sbin
PATH: /opt/local/bin
PATH: /opt/local/sbin
PATH: /usr/bin
PATH: /bin
PATH: /usr/sbin
PATH: /sbin
PATH: /usr/local/bin
PATH: /usr/android/android-ndk-r10b
PATH: /usr/android/adt-bundle-mac-x86_64-20140702/sdk/platform-tools
PATH: /Users/regnarts/Documents/androux/androux/toolchains/arm-linux-androideabi-4.8/prebuilt/darwin-x86_64/bin/
PATH: /Users/regnarts/Documents/androux/androux/toolchains/arm-linux-androideabi-4.8/prebuilt/darwin-x86_64/bin/


## ----------- ##
## Core tests. ##
## ----------- ##

configure:2127: creating cache ./config.cache
configure:2248: checking build system type
configure:2262: result: i386-apple-darwin14.0.0
configure:2282: checking host system type
configure:2295: result: arm-unknown-linux-androideabi
configure:2315: checking target system type
configure:2328: result: arm-unknown-linux-androideabi
configure:2392: checking for a BSD-compatible install
configure:2460: result: /usr/bin/install -c
configure:2471: checking whether build environment is sane
configure:2521: result: yes
configure:2570: checking for arm-linux-androideabi-strip
configure:2597: result: /Users/regnarts/Documents/androux/androux/toolchains/arm-linux-androideabi-4.8/prebuilt/darwin-x86_64/bin/../lib/gcc/arm-linux-androideabi/4.8/../../../../arm-linux-androideabi/bin/strip
configure:2662: checking for a thread-safe mkdir -p
configure:2701: result: ../../../gcc/libquadmath/../install-sh -c -d
configure:2714: checking for gawk
configure:2741: result: awk
configure:2752: checking whether /Applications/Xcode.app/Contents/Developer/usr/bin/make sets $(MAKE)
configure:2774: result: yes
configure:2855: checking for --enable-version-specific-runtime-libs
configure:2868: result: no
configure:2885: checking for style of include used by /Applications/Xcode.app/Contents/Developer/usr/bin/make
configure:2913: result: GNU
configure:2943: checking for arm-linux-androideabi-gcc
configure:2970: result: arm-linux-androideabi-cc    
configure:3239: checking for C compiler version
configure:3248: arm-linux-androideabi-cc     --version >&5
arm-linux-androideabi-gcc (GCC) 4.8
Copyright (C) 2013 Free Software Foundation, Inc.
This is free software; see the source for copying conditions.  There is NO
warranty; not even for MERCHANTABILITY or FITNESS FOR A PARTICULAR PURPOSE.

configure:3259: $? = 0
configure:3248: arm-linux-androideabi-cc     -v >&5
Using built-in specs.
COLLECT_GCC=arm-linux-androideabi-gcc
COLLECT_LTO_WRAPPER=/Users/regnarts/Documents/androux/androux/toolchains/arm-linux-androideabi-4.8/prebuilt/darwin-x86_64/bin/../libexec/gcc/arm-linux-androideabi/4.8/lto-wrapper
Target: arm-linux-androideabi
Configured with: /s/ndk-toolchain/src/build/../gcc/gcc-4.8/configure --prefix=/tmp/ndk-User/build/toolchain/prefix --target=arm-linux-androideabi --host=x86_64-apple-darwin --build=x86_64-apple-darwin --with-gnu-as --with-gnu-ld --enable-languages=c,c++ --with-gmp=/tmp/ndk-User/build/toolchain/temp-install --with-mpfr=/tmp/ndk-User/build/toolchain/temp-install --with-mpc=/tmp/ndk-User/build/toolchain/temp-install --with-cloog=/tmp/ndk-User/build/toolchain/temp-install --with-isl=/tmp/ndk-User/build/toolchain/temp-install --with-ppl=/tmp/ndk-User/build/toolchain/temp-install --disable-ppl-version-check --disable-cloog-version-check --disable-isl-version-check --enable-cloog-backend=isl --with-host-libstdcxx='-static-libgcc -lstdc++ -lm' --disable-libssp --enable-threads --disable-nls --disable-libmudflap --disable-libgomp --disable-libstdc__-v3 --disable-sjlj-exceptions --disable-shared --disable-tls --disable-libitm --with-float=soft --with-fpu=vfp --with-arch=armv5te --enable-target-optspace --enable-initfini-array --disable-nls --prefix=/tmp/ndk-User/build/toolchain/prefix --with-sysroot=/tmp/ndk-User/build/toolchain/prefix/sysroot --with-binutils-version=2.24 --with-mpfr-version=3.1.1 --with-mpc-version=1.0.1 --with-gmp-version=5.0.5 --with-gcc-version=4.8 --with-gdb-version=7.6 --with-python=/Users/User/mydroid/ndk/prebuilt/darwin-x86_64/bin/python-config.sh --with-gxx-include-dir=/tmp/ndk-User/build/toolchain/prefix/include/c++/4.8 --with-bugurl=http://source.android.com/source/report-bugs.html --disable-bootstrap --disable-libquadmath --enable-plugins --enable-libgomp --disable-libsanitizer --enable-gold --enable-graphite=yes --with-cloog-version=0.18.0 --with-isl-version=0.11.1 --enable-eh-frame-hdr-for-static --with-arch=armv5te --program-transform-name='s&^&arm-linux-androideabi-&' --enable-gold=default
Thread model: posix
gcc version 4.8 (GCC) 
configure:3259: $? = 0
configure:3248: arm-linux-androideabi-cc     -V >&5
arm-linux-androideabi-gcc: error: unrecognized command line option '-V'
arm-linux-androideabi-gcc: fatal error: no input files
compilation terminated.
configure:3259: $? = 1
configure:3248: arm-linux-androideabi-cc     -qversion >&5
arm-linux-androideabi-gcc: error: unrecognized command line option '-qversion'
arm-linux-androideabi-gcc: fatal error: no input files
compilation terminated.
configure:3259: $? = 1
configure:3275: arm-linux-androideabi-cc     -o conftest -g -O2 -I/Users/regnarts/Documents/androux/androux/platforms/android-9/arch-arm/usr/include/ --sysroot=/Users/regnarts/Documents/androux/androux/platforms/android-9/arch-arm   conftest.c  >&5
configure:3278: $? = 0
configure:3307: checking for C compiler default output file name
configure:3329: arm-linux-androideabi-cc     -g -O2 -I/Users/regnarts/Documents/androux/androux/platforms/android-9/arch-arm/usr/include/ --sysroot=/Users/regnarts/Documents/androux/androux/platforms/android-9/arch-arm   conftest.c  >&5
configure:3333: $? = 0
configure:3370: result: a.out
configure:3386: checking whether the C compiler works
configure:3414: result: yes
configure:3421: checking whether we are cross compiling
configure:3423: result: yes
configure:3426: checking for suffix of executables
configure:3433: arm-linux-androideabi-cc     -o conftest -g -O2 -I/Users/regnarts/Documents/androux/androux/platforms/android-9/arch-arm/usr/include/ --sysroot=/Users/regnarts/Documents/androux/androux/platforms/android-9/arch-arm   conftest.c  >&5
configure:3437: $? = 0
configure:3459: result: 
configure:3466: checking for suffix of object files
configure:3488: arm-linux-androideabi-cc     -c -g -O2 -I/Users/regnarts/Documents/androux/androux/platforms/android-9/arch-arm/usr/include/ --sysroot=/Users/regnarts/Documents/androux/androux/platforms/android-9/arch-arm  conftest.c >&5
configure:3492: $? = 0
configure:3513: result: o
configure:3517: checking whether we are using the GNU C compiler
configure:3536: arm-linux-androideabi-cc     -c -g -O2 -I/Users/regnarts/Documents/androux/androux/platforms/android-9/arch-arm/usr/include/ --sysroot=/Users/regnarts/Documents/androux/androux/platforms/android-9/arch-arm  conftest.c >&5
configure:3536: $? = 0
configure:3545: result: yes
configure:3554: checking whether arm-linux-androideabi-cc     accepts -g
configure:3574: arm-linux-androideabi-cc     -c -g  conftest.c >&5
configure:3574: $? = 0
configure:3615: result: yes
configure:3632: checking for arm-linux-androideabi-cc     option to accept ISO C89
configure:3696: arm-linux-androideabi-cc      -c -g -O2 -I/Users/regnarts/Documents/androux/androux/platforms/android-9/arch-arm/usr/include/ --sysroot=/Users/regnarts/Documents/androux/androux/platforms/android-9/arch-arm  conftest.c >&5
configure:3696: $? = 0
configure:3709: result: none needed
configure:3731: checking dependency style of arm-linux-androideabi-cc    
configure:3841: result: gcc3
configure:3862: checking how to run the C preprocessor
configure:3893: arm-linux-androideabi-cc     -E  conftest.c
configure:3893: $? = 0
configure:3907: arm-linux-androideabi-cc     -E  conftest.c
conftest.c:11:28: fatal error: ac_nonexistent.h: No such file or directory
 #include <ac_nonexistent.h>
                            ^
compilation terminated.
configure:3907: $? = 1
configure: failed program was:
| /* confdefs.h */
| #define PACKAGE_NAME "GCC Quad-precision Math Library"
| #define PACKAGE_TARNAME "libquadmath"
| #define PACKAGE_VERSION "0.1"
| #define PACKAGE_STRING "GCC Quad-precision Math Library 0.1"
| #define PACKAGE_BUGREPORT ""
| #define PACKAGE_URL ""
| #define PACKAGE "libquadmath"
| #define VERSION "0.1"
| /* end confdefs.h.  */
| #include <ac_nonexistent.h>
configure:3932: result: arm-linux-androideabi-cc     -E
configure:3952: arm-linux-androideabi-cc     -E  conftest.c
configure:3952: $? = 0
configure:3966: arm-linux-androideabi-cc     -E  conftest.c
conftest.c:11:28: fatal error: ac_nonexistent.h: No such file or directory
 #include <ac_nonexistent.h>
                            ^
compilation terminated.
configure:3966: $? = 1
configure: failed program was:
| /* confdefs.h */
| #define PACKAGE_NAME "GCC Quad-precision Math Library"
| #define PACKAGE_TARNAME "libquadmath"
| #define PACKAGE_VERSION "0.1"
| #define PACKAGE_STRING "GCC Quad-precision Math Library 0.1"
| #define PACKAGE_BUGREPORT ""
| #define PACKAGE_URL ""
| #define PACKAGE "libquadmath"
| #define VERSION "0.1"
| /* end confdefs.h.  */
| #include <ac_nonexistent.h>
configure:3995: checking for grep that handles long lines and -e
configure:4053: result: /usr/bin/grep
configure:4058: checking for egrep
configure:4120: result: /usr/bin/grep -E
configure:4125: checking for ANSI C header files
configure:4145: arm-linux-androideabi-cc     -c -g -O2 -I/Users/regnarts/Documents/androux/androux/platforms/android-9/arch-arm/usr/include/ --sysroot=/Users/regnarts/Documents/androux/androux/platforms/android-9/arch-arm  conftest.c >&5
configure:4145: $? = 0
configure:4229: result: yes
configure:4242: checking for sys/types.h
configure:4242: arm-linux-androideabi-cc     -c -g -O2 -I/Users/regnarts/Documents/androux/androux/platforms/android-9/arch-arm/usr/include/ --sysroot=/Users/regnarts/Documents/androux/androux/platforms/android-9/arch-arm  conftest.c >&5
configure:4242: $? = 0
configure:4242: result: yes
configure:4242: checking for sys/stat.h
configure:4242: arm-linux-androideabi-cc     -c -g -O2 -I/Users/regnarts/Documents/androux/androux/platforms/android-9/arch-arm/usr/include/ --sysroot=/Users/regnarts/Documents/androux/androux/platforms/android-9/arch-arm  conftest.c >&5
configure:4242: $? = 0
configure:4242: result: yes
configure:4242: checking for stdlib.h
configure:4242: arm-linux-androideabi-cc     -c -g -O2 -I/Users/regnarts/Documents/androux/androux/platforms/android-9/arch-arm/usr/include/ --sysroot=/Users/regnarts/Documents/androux/androux/platforms/android-9/arch-arm  conftest.c >&5
configure:4242: $? = 0
configure:4242: result: yes
configure:4242: checking for string.h
configure:4242: arm-linux-androideabi-cc     -c -g -O2 -I/Users/regnarts/Documents/androux/androux/platforms/android-9/arch-arm/usr/include/ --sysroot=/Users/regnarts/Documents/androux/androux/platforms/android-9/arch-arm  conftest.c >&5
configure:4242: $? = 0
configure:4242: result: yes
configure:4242: checking for memory.h
configure:4242: arm-linux-androideabi-cc     -c -g -O2 -I/Users/regnarts/Documents/androux/androux/platforms/android-9/arch-arm/usr/include/ --sysroot=/Users/regnarts/Documents/androux/androux/platforms/android-9/arch-arm  conftest.c >&5
configure:4242: $? = 0
configure:4242: result: yes
configure:4242: checking for strings.h
configure:4242: arm-linux-androideabi-cc     -c -g -O2 -I/Users/regnarts/Documents/androux/androux/platforms/android-9/arch-arm/usr/include/ --sysroot=/Users/regnarts/Documents/androux/androux/platforms/android-9/arch-arm  conftest.c >&5
configure:4242: $? = 0
configure:4242: result: yes
configure:4242: checking for inttypes.h
configure:4242: arm-linux-androideabi-cc     -c -g -O2 -I/Users/regnarts/Documents/androux/androux/platforms/android-9/arch-arm/usr/include/ --sysroot=/Users/regnarts/Documents/androux/androux/platforms/android-9/arch-arm  conftest.c >&5
configure:4242: $? = 0
configure:4242: result: yes
configure:4242: checking for stdint.h
configure:4242: arm-linux-androideabi-cc     -c -g -O2 -I/Users/regnarts/Documents/androux/androux/platforms/android-9/arch-arm/usr/include/ --sysroot=/Users/regnarts/Documents/androux/androux/platforms/android-9/arch-arm  conftest.c >&5
configure:4242: $? = 0
configure:4242: result: yes
configure:4242: checking for unistd.h
configure:4242: arm-linux-androideabi-cc     -c -g -O2 -I/Users/regnarts/Documents/androux/androux/platforms/android-9/arch-arm/usr/include/ --sysroot=/Users/regnarts/Documents/androux/androux/platforms/android-9/arch-arm  conftest.c >&5
configure:4242: $? = 0
configure:4242: result: yes
configure:4256: checking minix/config.h usability
configure:4256: arm-linux-androideabi-cc     -c -g -O2 -I/Users/regnarts/Documents/androux/androux/platforms/android-9/arch-arm/usr/include/ --sysroot=/Users/regnarts/Documents/androux/androux/platforms/android-9/arch-arm  conftest.c >&5
conftest.c:54:26: fatal error: minix/config.h: No such file or directory
 #include <minix/config.h>
                          ^
compilation terminated.
configure:4256: $? = 1
configure: failed program was:
| /* confdefs.h */
| #define PACKAGE_NAME "GCC Quad-precision Math Library"
| #define PACKAGE_TARNAME "libquadmath"
| #define PACKAGE_VERSION "0.1"
| #define PACKAGE_STRING "GCC Quad-precision Math Library 0.1"
| #define PACKAGE_BUGREPORT ""
| #define PACKAGE_URL ""
| #define PACKAGE "libquadmath"
| #define VERSION "0.1"
| #define STDC_HEADERS 1
| #define HAVE_SYS_TYPES_H 1
| #define HAVE_SYS_STAT_H 1
| #define HAVE_STDLIB_H 1
| #define HAVE_STRING_H 1
| #define HAVE_MEMORY_H 1
| #define HAVE_STRINGS_H 1
| #define HAVE_INTTYPES_H 1
| #define HAVE_STDINT_H 1
| #define HAVE_UNISTD_H 1
| /* end confdefs.h.  */
| #include <stdio.h>
| #ifdef HAVE_SYS_TYPES_H
| # include <sys/types.h>
| #endif
| #ifdef HAVE_SYS_STAT_H
| # include <sys/stat.h>
| #endif
| #ifdef STDC_HEADERS
| # include <stdlib.h>
| # include <stddef.h>
| #else
| # ifdef HAVE_STDLIB_H
| #  include <stdlib.h>
| # endif
| #endif
| #ifdef HAVE_STRING_H
| # if !defined STDC_HEADERS && defined HAVE_MEMORY_H
| #  include <memory.h>
| # endif
| # include <string.h>
| #endif
| #ifdef HAVE_STRINGS_H
| # include <strings.h>
| #endif
| #ifdef HAVE_INTTYPES_H
| # include <inttypes.h>
| #endif
| #ifdef HAVE_STDINT_H
| # include <stdint.h>
| #endif
| #ifdef HAVE_UNISTD_H
| # include <unistd.h>
| #endif
| #include <minix/config.h>
configure:4256: result: no
configure:4256: checking minix/config.h presence
configure:4256: arm-linux-androideabi-cc     -E  conftest.c
conftest.c:21:26: fatal error: minix/config.h: No such file or directory
 #include <minix/config.h>
                          ^
compilation terminated.
configure:4256: $? = 1
configure: failed program was:
| /* confdefs.h */
| #define PACKAGE_NAME "GCC Quad-precision Math Library"
| #define PACKAGE_TARNAME "libquadmath"
| #define PACKAGE_VERSION "0.1"
| #define PACKAGE_STRING "GCC Quad-precision Math Library 0.1"
| #define PACKAGE_BUGREPORT ""
| #define PACKAGE_URL ""
| #define PACKAGE "libquadmath"
| #define VERSION "0.1"
| #define STDC_HEADERS 1
| #define HAVE_SYS_TYPES_H 1
| #define HAVE_SYS_STAT_H 1
| #define HAVE_STDLIB_H 1
| #define HAVE_STRING_H 1
| #define HAVE_MEMORY_H 1
| #define HAVE_STRINGS_H 1
| #define HAVE_INTTYPES_H 1
| #define HAVE_STDINT_H 1
| #define HAVE_UNISTD_H 1
| /* end confdefs.h.  */
| #include <minix/config.h>
configure:4256: result: no
configure:4256: checking for minix/config.h
configure:4256: result: no
configure:4277: checking whether it is safe to define __EXTENSIONS__
configure:4295: arm-linux-androideabi-cc     -c -g -O2 -I/Users/regnarts/Documents/androux/androux/platforms/android-9/arch-arm/usr/include/ --sysroot=/Users/regnarts/Documents/androux/androux/platforms/android-9/arch-arm  conftest.c >&5
configure:4295: $? = 0
configure:4302: result: yes
configure:4322: checking for makeinfo
configure:4349: result: makeinfo --split-size=5000000
configure:4359: checking for modern makeinfo
configure:4374: result: yes
configure:4469: checking how to print strings
configure:4496: result: printf
configure:4517: checking for a sed that does not truncate output
configure:4581: result: /usr/bin/sed
configure:4599: checking for fgrep
configure:4661: result: /usr/bin/grep -F
configure:4696: checking for ld used by arm-linux-androideabi-cc    
configure:4763: result: /Users/regnarts/Documents/androux/androux/toolchains/arm-linux-androideabi-4.8/prebuilt/darwin-x86_64/bin/../lib/gcc/arm-linux-androideabi/4.8/../../../../arm-linux-androideabi/bin/ld
configure:4770: checking if the linker (/Users/regnarts/Documents/androux/androux/toolchains/arm-linux-androideabi-4.8/prebuilt/darwin-x86_64/bin/../lib/gcc/arm-linux-androideabi/4.8/../../../../arm-linux-androideabi/bin/ld) is GNU ld
configure:4785: result: yes
configure:4797: checking for BSD- or MS-compatible name lister (nm)
configure:4846: result: /Users/regnarts/Documents/androux/androux/toolchains/arm-linux-androideabi-4.8/prebuilt/darwin-x86_64/bin/../lib/gcc/arm-linux-androideabi/4.8/../../../../arm-linux-androideabi/bin/nm
configure:4976: checking the name lister (/Users/regnarts/Documents/androux/androux/toolchains/arm-linux-androideabi-4.8/prebuilt/darwin-x86_64/bin/../lib/gcc/arm-linux-androideabi/4.8/../../../../arm-linux-androideabi/bin/nm) interface
configure:4983: arm-linux-androideabi-cc     -c -g -O2 -I/Users/regnarts/Documents/androux/androux/platforms/android-9/arch-arm/usr/include/ --sysroot=/Users/regnarts/Documents/androux/androux/platforms/android-9/arch-arm  conftest.c >&5
configure:4986: /Users/regnarts/Documents/androux/androux/toolchains/arm-linux-androideabi-4.8/prebuilt/darwin-x86_64/bin/../lib/gcc/arm-linux-androideabi/4.8/../../../../arm-linux-androideabi/bin/nm "conftest.o"
configure:4989: output
00000000 B some_variable
configure:4996: result: BSD nm
configure:4999: checking whether ln -s works
configure:5003: result: yes
configure:5011: checking the maximum length of command line arguments
configure:5136: result: 196608
configure:5153: checking whether the shell understands some XSI constructs
configure:5163: result: yes
configure:5167: checking whether the shell understands "+="
configure:5173: result: yes
configure:5208: checking for /Users/regnarts/Documents/androux/androux/toolchains/arm-linux-androideabi-4.8/prebuilt/darwin-x86_64/bin/../lib/gcc/arm-linux-androideabi/4.8/../../../../arm-linux-androideabi/bin/ld option to reload object files
configure:5215: result: -r
configure:5244: checking for arm-linux-androideabi-objdump
configure:5271: result: /Users/regnarts/Documents/androux/androux/toolchains/arm-linux-androideabi-4.8/prebuilt/darwin-x86_64/bin/../lib/gcc/arm-linux-androideabi/4.8/../../../../arm-linux-androideabi/bin/objdump
configure:5343: checking how to recognize dependent libraries
configure:5544: result: pass_all
configure:5564: checking for arm-linux-androideabi-ar
configure:5591: result: /Users/regnarts/Documents/androux/androux/toolchains/arm-linux-androideabi-4.8/prebuilt/darwin-x86_64/bin/../lib/gcc/arm-linux-androideabi/4.8/../../../../arm-linux-androideabi/bin/ar
configure:5669: checking for arm-linux-androideabi-strip
configure:5696: result: /Users/regnarts/Documents/androux/androux/toolchains/arm-linux-androideabi-4.8/prebuilt/darwin-x86_64/bin/../lib/gcc/arm-linux-androideabi/4.8/../../../../arm-linux-androideabi/bin/strip
configure:5768: checking for arm-linux-androideabi-ranlib
configure:5795: result: /Users/regnarts/Documents/androux/androux/toolchains/arm-linux-androideabi-4.8/prebuilt/darwin-x86_64/bin/../lib/gcc/arm-linux-androideabi/4.8/../../../../arm-linux-androideabi/bin/ranlib
configure:5937: checking command to parse /Users/regnarts/Documents/androux/androux/toolchains/arm-linux-androideabi-4.8/prebuilt/darwin-x86_64/bin/../lib/gcc/arm-linux-androideabi/4.8/../../../../arm-linux-androideabi/bin/nm output from arm-linux-androideabi-cc     object
configure:6055: arm-linux-androideabi-cc     -c -g -O2 -I/Users/regnarts/Documents/androux/androux/platforms/android-9/arch-arm/usr/include/ --sysroot=/Users/regnarts/Documents/androux/androux/platforms/android-9/arch-arm  conftest.c >&5
configure:6058: $? = 0
configure:6062: /Users/regnarts/Documents/androux/androux/toolchains/arm-linux-androideabi-4.8/prebuilt/darwin-x86_64/bin/../lib/gcc/arm-linux-androideabi/4.8/../../../../arm-linux-androideabi/bin/nm conftest.o \| sed -n -e 's/^.*[ ]\([ABCDGIRSTW][ABCDGIRSTW]*\)[ ][ ]*\([_A-Za-z][_A-Za-z0-9]*\)$/\1 \2 \2/p' \> conftest.nm
configure:6065: $? = 0
configure:6119: arm-linux-androideabi-cc     -o conftest -g -O2 -I/Users/regnarts/Documents/androux/androux/platforms/android-9/arch-arm/usr/include/ --sysroot=/Users/regnarts/Documents/androux/androux/platforms/android-9/arch-arm   conftest.c conftstm.o >&5
configure:6122: $? = 0
configure:6160: result: ok
configure:7001: checking for dlfcn.h
configure:7001: arm-linux-androideabi-cc     -c -g -O2 -I/Users/regnarts/Documents/androux/androux/platforms/android-9/arch-arm/usr/include/ --sysroot=/Users/regnarts/Documents/androux/androux/platforms/android-9/arch-arm  conftest.c >&5
configure:7001: $? = 0
configure:7001: result: yes
configure:7188: checking for objdir
configure:7203: result: .libs
configure:7474: checking if arm-linux-androideabi-cc     supports -fno-rtti -fno-exceptions
configure:7492: arm-linux-androideabi-cc     -c -g -O2 -I/Users/regnarts/Documents/androux/androux/platforms/android-9/arch-arm/usr/include/ --sysroot=/Users/regnarts/Documents/androux/androux/platforms/android-9/arch-arm  -fno-rtti -fno-exceptions conftest.c >&5
cc1: warning: command line option '-fno-rtti' is valid for C++/ObjC++ but not for C [enabled by default]
configure:7496: $? = 0
configure:7509: result: no
configure:7529: checking for arm-linux-androideabi-cc     option to produce PIC
configure:7814: result: -fPIC -DPIC
configure:7826: checking if arm-linux-androideabi-cc     PIC flag -fPIC -DPIC works
configure:7844: arm-linux-androideabi-cc     -c -g -O2 -I/Users/regnarts/Documents/androux/androux/platforms/android-9/arch-arm/usr/include/ --sysroot=/Users/regnarts/Documents/androux/androux/platforms/android-9/arch-arm  -fPIC -DPIC -DPIC conftest.c >&5
configure:7848: $? = 0
configure:7861: result: yes
configure:7885: checking if arm-linux-androideabi-cc     static flag -static works
configure:7913: result: yes
configure:7928: checking if arm-linux-androideabi-cc     supports -c -o file.o
configure:7949: arm-linux-androideabi-cc     -c -g -O2 -I/Users/regnarts/Documents/androux/androux/platforms/android-9/arch-arm/usr/include/ --sysroot=/Users/regnarts/Documents/androux/androux/platforms/android-9/arch-arm  -o out/conftest2.o conftest.c >&5
configure:7953: $? = 0
configure:7975: result: yes
configure:7983: checking if arm-linux-androideabi-cc     supports -c -o file.o
configure:8030: result: yes
configure:8063: checking whether the arm-linux-androideabi-cc     linker (/Users/regnarts/Documents/androux/androux/toolchains/arm-linux-androideabi-4.8/prebuilt/darwin-x86_64/bin/../lib/gcc/arm-linux-androideabi/4.8/../../../../arm-linux-androideabi/bin/ld) supports shared libraries
configure:9143: result: yes
configure:9180: checking whether -lc should be explicitly linked in
configure:9188: arm-linux-androideabi-cc     -c -g -O2 -I/Users/regnarts/Documents/androux/androux/platforms/android-9/arch-arm/usr/include/ --sysroot=/Users/regnarts/Documents/androux/androux/platforms/android-9/arch-arm  conftest.c >&5
configure:9191: $? = 0
configure:9206: arm-linux-androideabi-cc     -shared conftest.o  -v -Wl,-soname -Wl,conftest -o conftest 2\>\&1 \| /usr/bin/grep  -lc  \>/dev/null 2\>\&1
configure:9209: $? = 0
configure:9223: result: no
configure:9388: checking dynamic linker characteristics
configure:9842: arm-linux-androideabi-cc     -o conftest -g -O2 -I/Users/regnarts/Documents/androux/androux/platforms/android-9/arch-arm/usr/include/ --sysroot=/Users/regnarts/Documents/androux/androux/platforms/android-9/arch-arm   -Wl,-rpath -Wl,/foo conftest.c  >&5
configure:9842: $? = 0
configure:10064: result: GNU/Linux ld.so
configure:10171: checking how to hardcode library paths into programs
configure:10196: result: immediate
configure:10751: checking whether stripping libraries is possible
configure:10756: result: yes
configure:10791: checking if libtool supports shared libraries
configure:10793: result: yes
configure:10796: checking whether to build shared libraries
configure:10817: result: yes
configure:10820: checking whether to build static libraries
configure:10824: result: yes
configure:10885: checking whether to enable maintainer-specific portions of Makefiles
configure:10894: result: no
configure:10966: checking for arm-linux-androideabi-gcc
configure:10993: result: arm-linux-androideabi-cc    
configure:11262: checking for C compiler version
configure:11271: arm-linux-androideabi-cc     --version >&5
arm-linux-androideabi-gcc (GCC) 4.8
Copyright (C) 2013 Free Software Foundation, Inc.
This is free software; see the source for copying conditions.  There is NO
warranty; not even for MERCHANTABILITY or FITNESS FOR A PARTICULAR PURPOSE.

configure:11282: $? = 0
configure:11271: arm-linux-androideabi-cc     -v >&5
Using built-in specs.
COLLECT_GCC=arm-linux-androideabi-gcc
COLLECT_LTO_WRAPPER=/Users/regnarts/Documents/androux/androux/toolchains/arm-linux-androideabi-4.8/prebuilt/darwin-x86_64/bin/../libexec/gcc/arm-linux-androideabi/4.8/lto-wrapper
Target: arm-linux-androideabi
Configured with: /s/ndk-toolchain/src/build/../gcc/gcc-4.8/configure --prefix=/tmp/ndk-User/build/toolchain/prefix --target=arm-linux-androideabi --host=x86_64-apple-darwin --build=x86_64-apple-darwin --with-gnu-as --with-gnu-ld --enable-languages=c,c++ --with-gmp=/tmp/ndk-User/build/toolchain/temp-install --with-mpfr=/tmp/ndk-User/build/toolchain/temp-install --with-mpc=/tmp/ndk-User/build/toolchain/temp-install --with-cloog=/tmp/ndk-User/build/toolchain/temp-install --with-isl=/tmp/ndk-User/build/toolchain/temp-install --with-ppl=/tmp/ndk-User/build/toolchain/temp-install --disable-ppl-version-check --disable-cloog-version-check --disable-isl-version-check --enable-cloog-backend=isl --with-host-libstdcxx='-static-libgcc -lstdc++ -lm' --disable-libssp --enable-threads --disable-nls --disable-libmudflap --disable-libgomp --disable-libstdc__-v3 --disable-sjlj-exceptions --disable-shared --disable-tls --disable-libitm --with-float=soft --with-fpu=vfp --with-arch=armv5te --enable-target-optspace --enable-initfini-array --disable-nls --prefix=/tmp/ndk-User/build/toolchain/prefix --with-sysroot=/tmp/ndk-User/build/toolchain/prefix/sysroot --with-binutils-version=2.24 --with-mpfr-version=3.1.1 --with-mpc-version=1.0.1 --with-gmp-version=5.0.5 --with-gcc-version=4.8 --with-gdb-version=7.6 --with-python=/Users/User/mydroid/ndk/prebuilt/darwin-x86_64/bin/python-config.sh --with-gxx-include-dir=/tmp/ndk-User/build/toolchain/prefix/include/c++/4.8 --with-bugurl=http://source.android.com/source/report-bugs.html --disable-bootstrap --disable-libquadmath --enable-plugins --enable-libgomp --disable-libsanitizer --enable-gold --enable-graphite=yes --with-cloog-version=0.18.0 --with-isl-version=0.11.1 --enable-eh-frame-hdr-for-static --with-arch=armv5te --program-transform-name='s&^&arm-linux-androideabi-&' --enable-gold=default
Thread model: posix
gcc version 4.8 (GCC) 
configure:11282: $? = 0
configure:11271: arm-linux-androideabi-cc     -V >&5
arm-linux-androideabi-gcc: error: unrecognized command line option '-V'
arm-linux-androideabi-gcc: fatal error: no input files
compilation terminated.
configure:11282: $? = 1
configure:11271: arm-linux-androideabi-cc     -qversion >&5
arm-linux-androideabi-gcc: error: unrecognized command line option '-qversion'
arm-linux-androideabi-gcc: fatal error: no input files
compilation terminated.
configure:11282: $? = 1
configure:11286: checking whether we are using the GNU C compiler
configure:11314: result: yes
configure:11323: checking whether arm-linux-androideabi-cc     accepts -g
configure:11384: result: yes
configure:11401: checking for arm-linux-androideabi-cc     option to accept ISO C89
configure:11478: result: none needed
configure:11500: checking dependency style of arm-linux-androideabi-cc    
configure:11610: result: gcc3
configure:11630: checking whether arm-linux-androideabi-cc     and cc understand -c and -o together
configure:11661: arm-linux-androideabi-cc     -c conftest.c -o conftest2.o >&5
configure:11665: $? = 0
configure:11671: arm-linux-androideabi-cc     -c conftest.c -o conftest2.o >&5
configure:11675: $? = 0
configure:11686: cc -c conftest.c >&5
configure:11690: $? = 0
configure:11698: cc -c conftest.c -o conftest2.o >&5
configure:11702: $? = 0
configure:11708: cc -c conftest.c -o conftest2.o >&5
configure:11712: $? = 0
configure:11730: result: yes
configure:11764: checking how to run the C preprocessor
configure:11834: result: arm-linux-androideabi-cc     -E
configure:11854: arm-linux-androideabi-cc     -E  conftest.c
configure:11854: $? = 0
configure:11868: arm-linux-androideabi-cc     -E  conftest.c
conftest.c:28:28: fatal error: ac_nonexistent.h: No such file or directory
 #include <ac_nonexistent.h>
                            ^
compilation terminated.
configure:11868: $? = 1
configure: failed program was:
| /* confdefs.h */
| #define PACKAGE_NAME "GCC Quad-precision Math Library"
| #define PACKAGE_TARNAME "libquadmath"
| #define PACKAGE_VERSION "0.1"
| #define PACKAGE_STRING "GCC Quad-precision Math Library 0.1"
| #define PACKAGE_BUGREPORT ""
| #define PACKAGE_URL ""
| #define PACKAGE "libquadmath"
| #define VERSION "0.1"
| #define STDC_HEADERS 1
| #define HAVE_SYS_TYPES_H 1
| #define HAVE_SYS_STAT_H 1
| #define HAVE_STDLIB_H 1
| #define HAVE_STRING_H 1
| #define HAVE_MEMORY_H 1
| #define HAVE_STRINGS_H 1
| #define HAVE_INTTYPES_H 1
| #define HAVE_STDINT_H 1
| #define HAVE_UNISTD_H 1
| #define __EXTENSIONS__ 1
| #define _ALL_SOURCE 1
| #define _GNU_SOURCE 1
| #define _POSIX_PTHREAD_SEMANTICS 1
| #define _TANDEM_SOURCE 1
| #define HAVE_DLFCN_H 1
| #define LT_OBJDIR ".libs/"
| /* end confdefs.h.  */
| #include <ac_nonexistent.h>
configure:11930: checking fenv.h usability
configure:11930: arm-linux-androideabi-cc     -c -g -O2 -I/Users/regnarts/Documents/androux/androux/platforms/android-9/arch-arm/usr/include/ --sysroot=/Users/regnarts/Documents/androux/androux/platforms/android-9/arch-arm  conftest.c >&5
configure:11930: $? = 0
configure:11930: result: yes
configure:11930: checking fenv.h presence
configure:11930: arm-linux-androideabi-cc     -E  conftest.c
configure:11930: $? = 0
configure:11930: result: yes
configure:11930: checking for fenv.h
configure:11930: result: yes
configure:11930: checking langinfo.h usability
configure:11930: arm-linux-androideabi-cc     -c -g -O2 -I/Users/regnarts/Documents/androux/androux/platforms/android-9/arch-arm/usr/include/ --sysroot=/Users/regnarts/Documents/androux/androux/platforms/android-9/arch-arm  conftest.c >&5
conftest.c:62:22: fatal error: langinfo.h: No such file or directory
 #include <langinfo.h>
                      ^
compilation terminated.
configure:11930: $? = 1
configure: failed program was:
| /* confdefs.h */
| #define PACKAGE_NAME "GCC Quad-precision Math Library"
| #define PACKAGE_TARNAME "libquadmath"
| #define PACKAGE_VERSION "0.1"
| #define PACKAGE_STRING "GCC Quad-precision Math Library 0.1"
| #define PACKAGE_BUGREPORT ""
| #define PACKAGE_URL ""
| #define PACKAGE "libquadmath"
| #define VERSION "0.1"
| #define STDC_HEADERS 1
| #define HAVE_SYS_TYPES_H 1
| #define HAVE_SYS_STAT_H 1
| #define HAVE_STDLIB_H 1
| #define HAVE_STRING_H 1
| #define HAVE_MEMORY_H 1
| #define HAVE_STRINGS_H 1
| #define HAVE_INTTYPES_H 1
| #define HAVE_STDINT_H 1
| #define HAVE_UNISTD_H 1
| #define __EXTENSIONS__ 1
| #define _ALL_SOURCE 1
| #define _GNU_SOURCE 1
| #define _POSIX_PTHREAD_SEMANTICS 1
| #define _TANDEM_SOURCE 1
| #define HAVE_DLFCN_H 1
| #define LT_OBJDIR ".libs/"
| #define HAVE_FENV_H 1
| /* end confdefs.h.  */
| #include <stdio.h>
| #ifdef HAVE_SYS_TYPES_H
| # include <sys/types.h>
| #endif
| #ifdef HAVE_SYS_STAT_H
| # include <sys/stat.h>
| #endif
| #ifdef STDC_HEADERS
| # include <stdlib.h>
| # include <stddef.h>
| #else
| # ifdef HAVE_STDLIB_H
| #  include <stdlib.h>
| # endif
| #endif
| #ifdef HAVE_STRING_H
| # if !defined STDC_HEADERS && defined HAVE_MEMORY_H
| #  include <memory.h>
| # endif
| # include <string.h>
| #endif
| #ifdef HAVE_STRINGS_H
| # include <strings.h>
| #endif
| #ifdef HAVE_INTTYPES_H
| # include <inttypes.h>
| #endif
| #ifdef HAVE_STDINT_H
| # include <stdint.h>
| #endif
| #ifdef HAVE_UNISTD_H
| # include <unistd.h>
| #endif
| #include <langinfo.h>
configure:11930: result: no
configure:11930: checking langinfo.h presence
configure:11930: arm-linux-androideabi-cc     -E  conftest.c
conftest.c:29:22: fatal error: langinfo.h: No such file or directory
 #include <langinfo.h>
                      ^
compilation terminated.
configure:11930: $? = 1
configure: failed program was:
| /* confdefs.h */
| #define PACKAGE_NAME "GCC Quad-precision Math Library"
| #define PACKAGE_TARNAME "libquadmath"
| #define PACKAGE_VERSION "0.1"
| #define PACKAGE_STRING "GCC Quad-precision Math Library 0.1"
| #define PACKAGE_BUGREPORT ""
| #define PACKAGE_URL ""
| #define PACKAGE "libquadmath"
| #define VERSION "0.1"
| #define STDC_HEADERS 1
| #define HAVE_SYS_TYPES_H 1
| #define HAVE_SYS_STAT_H 1
| #define HAVE_STDLIB_H 1
| #define HAVE_STRING_H 1
| #define HAVE_MEMORY_H 1
| #define HAVE_STRINGS_H 1
| #define HAVE_INTTYPES_H 1
| #define HAVE_STDINT_H 1
| #define HAVE_UNISTD_H 1
| #define __EXTENSIONS__ 1
| #define _ALL_SOURCE 1
| #define _GNU_SOURCE 1
| #define _POSIX_PTHREAD_SEMANTICS 1
| #define _TANDEM_SOURCE 1
| #define HAVE_DLFCN_H 1
| #define LT_OBJDIR ".libs/"
| #define HAVE_FENV_H 1
| /* end confdefs.h.  */
| #include <langinfo.h>
configure:11930: result: no
configure:11930: checking for langinfo.h
configure:11930: result: no
configure:11930: checking locale.h usability
configure:11930: arm-linux-androideabi-cc     -c -g -O2 -I/Users/regnarts/Documents/androux/androux/platforms/android-9/arch-arm/usr/include/ --sysroot=/Users/regnarts/Documents/androux/androux/platforms/android-9/arch-arm  conftest.c >&5
configure:11930: $? = 0
configure:11930: result: yes
configure:11930: checking locale.h presence
configure:11930: arm-linux-androideabi-cc     -E  conftest.c
configure:11930: $? = 0
configure:11930: result: yes
configure:11930: checking for locale.h
configure:11930: result: yes
configure:11930: checking wchar.h usability
configure:11930: arm-linux-androideabi-cc     -c -g -O2 -I/Users/regnarts/Documents/androux/androux/platforms/android-9/arch-arm/usr/include/ --sysroot=/Users/regnarts/Documents/androux/androux/platforms/android-9/arch-arm  conftest.c >&5
configure:11930: $? = 0
configure:11930: result: yes
configure:11930: checking wchar.h presence
configure:11930: arm-linux-androideabi-cc     -E  conftest.c
configure:11930: $? = 0
configure:11930: result: yes
configure:11930: checking for wchar.h
configure:11930: result: yes
configure:11930: checking wctype.h usability
configure:11930: arm-linux-androideabi-cc     -c -g -O2 -I/Users/regnarts/Documents/androux/androux/platforms/android-9/arch-arm/usr/include/ --sysroot=/Users/regnarts/Documents/androux/androux/platforms/android-9/arch-arm  conftest.c >&5
configure:11930: $? = 0
configure:11930: result: yes
configure:11930: checking wctype.h presence
configure:11930: arm-linux-androideabi-cc     -E  conftest.c
configure:11930: $? = 0
configure:11930: result: yes
configure:11930: checking for wctype.h
configure:11930: result: yes
configure:11930: checking limits.h usability
configure:11930: arm-linux-androideabi-cc     -c -g -O2 -I/Users/regnarts/Documents/androux/androux/platforms/android-9/arch-arm/usr/include/ --sysroot=/Users/regnarts/Documents/androux/androux/platforms/android-9/arch-arm  conftest.c >&5
configure:11930: $? = 0
configure:11930: result: yes
configure:11930: checking limits.h presence
configure:11930: arm-linux-androideabi-cc     -E  conftest.c
configure:11930: $? = 0
configure:11930: result: yes
configure:11930: checking for limits.h
configure:11930: result: yes
configure:11930: checking ctype.h usability
configure:11930: arm-linux-androideabi-cc     -c -g -O2 -I/Users/regnarts/Documents/androux/androux/platforms/android-9/arch-arm/usr/include/ --sysroot=/Users/regnarts/Documents/androux/androux/platforms/android-9/arch-arm  conftest.c >&5
configure:11930: $? = 0
configure:11930: result: yes
configure:11930: checking ctype.h presence
configure:11930: arm-linux-androideabi-cc     -E  conftest.c
configure:11930: $? = 0
configure:11930: result: yes
configure:11930: checking for ctype.h
configure:11930: result: yes
configure:11930: checking printf.h usability
configure:11930: arm-linux-androideabi-cc     -c -g -O2 -I/Users/regnarts/Documents/androux/androux/platforms/android-9/arch-arm/usr/include/ --sysroot=/Users/regnarts/Documents/androux/androux/platforms/android-9/arch-arm  conftest.c >&5
conftest.c:67:20: fatal error: printf.h: No such file or directory
 #include <printf.h>
                    ^
compilation terminated.
configure:11930: $? = 1
configure: failed program was:
| /* confdefs.h */
| #define PACKAGE_NAME "GCC Quad-precision Math Library"
| #define PACKAGE_TARNAME "libquadmath"
| #define PACKAGE_VERSION "0.1"
| #define PACKAGE_STRING "GCC Quad-precision Math Library 0.1"
| #define PACKAGE_BUGREPORT ""
| #define PACKAGE_URL ""
| #define PACKAGE "libquadmath"
| #define VERSION "0.1"
| #define STDC_HEADERS 1
| #define HAVE_SYS_TYPES_H 1
| #define HAVE_SYS_STAT_H 1
| #define HAVE_STDLIB_H 1
| #define HAVE_STRING_H 1
| #define HAVE_MEMORY_H 1
| #define HAVE_STRINGS_H 1
| #define HAVE_INTTYPES_H 1
| #define HAVE_STDINT_H 1
| #define HAVE_UNISTD_H 1
| #define __EXTENSIONS__ 1
| #define _ALL_SOURCE 1
| #define _GNU_SOURCE 1
| #define _POSIX_PTHREAD_SEMANTICS 1
| #define _TANDEM_SOURCE 1
| #define HAVE_DLFCN_H 1
| #define LT_OBJDIR ".libs/"
| #define HAVE_FENV_H 1
| #define HAVE_LOCALE_H 1
| #define HAVE_WCHAR_H 1
| #define HAVE_WCTYPE_H 1
| #define HAVE_LIMITS_H 1
| #define HAVE_CTYPE_H 1
| /* end confdefs.h.  */
| #include <stdio.h>
| #ifdef HAVE_SYS_TYPES_H
| # include <sys/types.h>
| #endif
| #ifdef HAVE_SYS_STAT_H
| # include <sys/stat.h>
| #endif
| #ifdef STDC_HEADERS
| # include <stdlib.h>
| # include <stddef.h>
| #else
| # ifdef HAVE_STDLIB_H
| #  include <stdlib.h>
| # endif
| #endif
| #ifdef HAVE_STRING_H
| # if !defined STDC_HEADERS && defined HAVE_MEMORY_H
| #  include <memory.h>
| # endif
| # include <string.h>
| #endif
| #ifdef HAVE_STRINGS_H
| # include <strings.h>
| #endif
| #ifdef HAVE_INTTYPES_H
| # include <inttypes.h>
| #endif
| #ifdef HAVE_STDINT_H
| # include <stdint.h>
| #endif
| #ifdef HAVE_UNISTD_H
| # include <unistd.h>
| #endif
| #include <printf.h>
configure:11930: result: no
configure:11930: checking printf.h presence
configure:11930: arm-linux-androideabi-cc     -E  conftest.c
conftest.c:34:20: fatal error: printf.h: No such file or directory
 #include <printf.h>
                    ^
compilation terminated.
configure:11930: $? = 1
configure: failed program was:
| /* confdefs.h */
| #define PACKAGE_NAME "GCC Quad-precision Math Library"
| #define PACKAGE_TARNAME "libquadmath"
| #define PACKAGE_VERSION "0.1"
| #define PACKAGE_STRING "GCC Quad-precision Math Library 0.1"
| #define PACKAGE_BUGREPORT ""
| #define PACKAGE_URL ""
| #define PACKAGE "libquadmath"
| #define VERSION "0.1"
| #define STDC_HEADERS 1
| #define HAVE_SYS_TYPES_H 1
| #define HAVE_SYS_STAT_H 1
| #define HAVE_STDLIB_H 1
| #define HAVE_STRING_H 1
| #define HAVE_MEMORY_H 1
| #define HAVE_STRINGS_H 1
| #define HAVE_INTTYPES_H 1
| #define HAVE_STDINT_H 1
| #define HAVE_UNISTD_H 1
| #define __EXTENSIONS__ 1
| #define _ALL_SOURCE 1
| #define _GNU_SOURCE 1
| #define _POSIX_PTHREAD_SEMANTICS 1
| #define _TANDEM_SOURCE 1
| #define HAVE_DLFCN_H 1
| #define LT_OBJDIR ".libs/"
| #define HAVE_FENV_H 1
| #define HAVE_LOCALE_H 1
| #define HAVE_WCHAR_H 1
| #define HAVE_WCTYPE_H 1
| #define HAVE_LIMITS_H 1
| #define HAVE_CTYPE_H 1
| /* end confdefs.h.  */
| #include <printf.h>
configure:11930: result: no
configure:11930: checking for printf.h
configure:11930: result: no
configure:11930: checking errno.h usability
configure:11930: arm-linux-androideabi-cc     -c -g -O2 -I/Users/regnarts/Documents/androux/androux/platforms/android-9/arch-arm/usr/include/ --sysroot=/Users/regnarts/Documents/androux/androux/platforms/android-9/arch-arm  conftest.c >&5
configure:11930: $? = 0
configure:11930: result: yes
configure:11930: checking errno.h presence
configure:11930: arm-linux-androideabi-cc     -E  conftest.c
configure:11930: $? = 0
configure:11930: result: yes
configure:11930: checking for errno.h
configure:11930: result: yes
configure:11945: checking for sqrtl in -lm
configure:11973: arm-linux-androideabi-cc     -o conftest -g -O2 -I/Users/regnarts/Documents/androux/androux/platforms/android-9/arch-arm/usr/include/ --sysroot=/Users/regnarts/Documents/androux/androux/platforms/android-9/arch-arm   conftest.c -lm   >&5
conftest.c:42:6: warning: conflicting types for built-in function 'sqrtl' [enabled by default]
 char sqrtl ();
      ^
conftest.c:46: error: undefined reference to 'sqrtl'
collect2: error: ld returned 1 exit status
configure:11973: $? = 1
configure: failed program was:
| /* confdefs.h */
| #define PACKAGE_NAME "GCC Quad-precision Math Library"
| #define PACKAGE_TARNAME "libquadmath"
| #define PACKAGE_VERSION "0.1"
| #define PACKAGE_STRING "GCC Quad-precision Math Library 0.1"
| #define PACKAGE_BUGREPORT ""
| #define PACKAGE_URL ""
| #define PACKAGE "libquadmath"
| #define VERSION "0.1"
| #define STDC_HEADERS 1
| #define HAVE_SYS_TYPES_H 1
| #define HAVE_SYS_STAT_H 1
| #define HAVE_STDLIB_H 1
| #define HAVE_STRING_H 1
| #define HAVE_MEMORY_H 1
| #define HAVE_STRINGS_H 1
| #define HAVE_INTTYPES_H 1
| #define HAVE_STDINT_H 1
| #define HAVE_UNISTD_H 1
| #define __EXTENSIONS__ 1
| #define _ALL_SOURCE 1
| #define _GNU_SOURCE 1
| #define _POSIX_PTHREAD_SEMANTICS 1
| #define _TANDEM_SOURCE 1
| #define HAVE_DLFCN_H 1
| #define LT_OBJDIR ".libs/"
| #define HAVE_FENV_H 1
| #define HAVE_LOCALE_H 1
| #define HAVE_WCHAR_H 1
| #define HAVE_WCTYPE_H 1
| #define HAVE_LIMITS_H 1
| #define HAVE_CTYPE_H 1
| #define HAVE_ERRNO_H 1
| /* end confdefs.h.  */
| 
| /* Override any GCC internal prototype to avoid an error.
|    Use char because int might match the return type of a GCC
|    builtin and then its argument prototype would still apply.  */
| #ifdef __cplusplus
| extern "C"
| #endif
| char sqrtl ();
| int
| main ()
| {
| return sqrtl ();
|   ;
|   return 0;
| }
configure:11982: result: no
configure:11990: checking for cbrtl in -lm
configure:12018: arm-linux-androideabi-cc     -o conftest -g -O2 -I/Users/regnarts/Documents/androux/androux/platforms/android-9/arch-arm/usr/include/ --sysroot=/Users/regnarts/Documents/androux/androux/platforms/android-9/arch-arm   conftest.c -lm   >&5
conftest.c:42:6: warning: conflicting types for built-in function 'cbrtl' [enabled by default]
 char cbrtl ();
      ^
conftest.c:46: error: undefined reference to 'cbrtl'
collect2: error: ld returned 1 exit status
configure:12018: $? = 1
configure: failed program was:
| /* confdefs.h */
| #define PACKAGE_NAME "GCC Quad-precision Math Library"
| #define PACKAGE_TARNAME "libquadmath"
| #define PACKAGE_VERSION "0.1"
| #define PACKAGE_STRING "GCC Quad-precision Math Library 0.1"
| #define PACKAGE_BUGREPORT ""
| #define PACKAGE_URL ""
| #define PACKAGE "libquadmath"
| #define VERSION "0.1"
| #define STDC_HEADERS 1
| #define HAVE_SYS_TYPES_H 1
| #define HAVE_SYS_STAT_H 1
| #define HAVE_STDLIB_H 1
| #define HAVE_STRING_H 1
| #define HAVE_MEMORY_H 1
| #define HAVE_STRINGS_H 1
| #define HAVE_INTTYPES_H 1
| #define HAVE_STDINT_H 1
| #define HAVE_UNISTD_H 1
| #define __EXTENSIONS__ 1
| #define _ALL_SOURCE 1
| #define _GNU_SOURCE 1
| #define _POSIX_PTHREAD_SEMANTICS 1
| #define _TANDEM_SOURCE 1
| #define HAVE_DLFCN_H 1
| #define LT_OBJDIR ".libs/"
| #define HAVE_FENV_H 1
| #define HAVE_LOCALE_H 1
| #define HAVE_WCHAR_H 1
| #define HAVE_WCTYPE_H 1
| #define HAVE_LIMITS_H 1
| #define HAVE_CTYPE_H 1
| #define HAVE_ERRNO_H 1
| /* end confdefs.h.  */
| 
| /* Override any GCC internal prototype to avoid an error.
|    Use char because int might match the return type of a GCC
|    builtin and then its argument prototype would still apply.  */
| #ifdef __cplusplus
| extern "C"
| #endif
| char cbrtl ();
| int
| main ()
| {
| return cbrtl ();
|   ;
|   return 0;
| }
configure:12027: result: no
configure:12035: checking for feholdexcept in -lm
configure:12063: arm-linux-androideabi-cc     -o conftest -g -O2 -I/Users/regnarts/Documents/androux/androux/platforms/android-9/arch-arm/usr/include/ --sysroot=/Users/regnarts/Documents/androux/androux/platforms/android-9/arch-arm   conftest.c -lm   >&5
conftest.c:46: error: undefined reference to 'feholdexcept'
collect2: error: ld returned 1 exit status
configure:12063: $? = 1
configure: failed program was:
| /* confdefs.h */
| #define PACKAGE_NAME "GCC Quad-precision Math Library"
| #define PACKAGE_TARNAME "libquadmath"
| #define PACKAGE_VERSION "0.1"
| #define PACKAGE_STRING "GCC Quad-precision Math Library 0.1"
| #define PACKAGE_BUGREPORT ""
| #define PACKAGE_URL ""
| #define PACKAGE "libquadmath"
| #define VERSION "0.1"
| #define STDC_HEADERS 1
| #define HAVE_SYS_TYPES_H 1
| #define HAVE_SYS_STAT_H 1
| #define HAVE_STDLIB_H 1
| #define HAVE_STRING_H 1
| #define HAVE_MEMORY_H 1
| #define HAVE_STRINGS_H 1
| #define HAVE_INTTYPES_H 1
| #define HAVE_STDINT_H 1
| #define HAVE_UNISTD_H 1
| #define __EXTENSIONS__ 1
| #define _ALL_SOURCE 1
| #define _GNU_SOURCE 1
| #define _POSIX_PTHREAD_SEMANTICS 1
| #define _TANDEM_SOURCE 1
| #define HAVE_DLFCN_H 1
| #define LT_OBJDIR ".libs/"
| #define HAVE_FENV_H 1
| #define HAVE_LOCALE_H 1
| #define HAVE_WCHAR_H 1
| #define HAVE_WCTYPE_H 1
| #define HAVE_LIMITS_H 1
| #define HAVE_CTYPE_H 1
| #define HAVE_ERRNO_H 1
| /* end confdefs.h.  */
| 
| /* Override any GCC internal prototype to avoid an error.
|    Use char because int might match the return type of a GCC
|    builtin and then its argument prototype would still apply.  */
| #ifdef __cplusplus
| extern "C"
| #endif
| char feholdexcept ();
| int
| main ()
| {
| return feholdexcept ();
|   ;
|   return 0;
| }
configure:12072: result: no
configure:12080: checking for fesetround in -lm
configure:12108: arm-linux-androideabi-cc     -o conftest -g -O2 -I/Users/regnarts/Documents/androux/androux/platforms/android-9/arch-arm/usr/include/ --sysroot=/Users/regnarts/Documents/androux/androux/platforms/android-9/arch-arm   conftest.c -lm   >&5
conftest.c:46: error: undefined reference to 'fesetround'
collect2: error: ld returned 1 exit status
configure:12108: $? = 1
configure: failed program was:
| /* confdefs.h */
| #define PACKAGE_NAME "GCC Quad-precision Math Library"
| #define PACKAGE_TARNAME "libquadmath"
| #define PACKAGE_VERSION "0.1"
| #define PACKAGE_STRING "GCC Quad-precision Math Library 0.1"
| #define PACKAGE_BUGREPORT ""
| #define PACKAGE_URL ""
| #define PACKAGE "libquadmath"
| #define VERSION "0.1"
| #define STDC_HEADERS 1
| #define HAVE_SYS_TYPES_H 1
| #define HAVE_SYS_STAT_H 1
| #define HAVE_STDLIB_H 1
| #define HAVE_STRING_H 1
| #define HAVE_MEMORY_H 1
| #define HAVE_STRINGS_H 1
| #define HAVE_INTTYPES_H 1
| #define HAVE_STDINT_H 1
| #define HAVE_UNISTD_H 1
| #define __EXTENSIONS__ 1
| #define _ALL_SOURCE 1
| #define _GNU_SOURCE 1
| #define _POSIX_PTHREAD_SEMANTICS 1
| #define _TANDEM_SOURCE 1
| #define HAVE_DLFCN_H 1
| #define LT_OBJDIR ".libs/"
| #define HAVE_FENV_H 1
| #define HAVE_LOCALE_H 1
| #define HAVE_WCHAR_H 1
| #define HAVE_WCTYPE_H 1
| #define HAVE_LIMITS_H 1
| #define HAVE_CTYPE_H 1
| #define HAVE_ERRNO_H 1
| /* end confdefs.h.  */
| 
| /* Override any GCC internal prototype to avoid an error.
|    Use char because int might match the return type of a GCC
|    builtin and then its argument prototype would still apply.  */
| #ifdef __cplusplus
| extern "C"
| #endif
| char fesetround ();
| int
| main ()
| {
| return fesetround ();
|   ;
|   return 0;
| }
configure:12117: result: no
configure:12125: checking for feupdateenv in -lm
configure:12153: arm-linux-androideabi-cc     -o conftest -g -O2 -I/Users/regnarts/Documents/androux/androux/platforms/android-9/arch-arm/usr/include/ --sysroot=/Users/regnarts/Documents/androux/androux/platforms/android-9/arch-arm   conftest.c -lm   >&5
conftest.c:46: error: undefined reference to 'feupdateenv'
collect2: error: ld returned 1 exit status
configure:12153: $? = 1
configure: failed program was:
| /* confdefs.h */
| #define PACKAGE_NAME "GCC Quad-precision Math Library"
| #define PACKAGE_TARNAME "libquadmath"
| #define PACKAGE_VERSION "0.1"
| #define PACKAGE_STRING "GCC Quad-precision Math Library 0.1"
| #define PACKAGE_BUGREPORT ""
| #define PACKAGE_URL ""
| #define PACKAGE "libquadmath"
| #define VERSION "0.1"
| #define STDC_HEADERS 1
| #define HAVE_SYS_TYPES_H 1
| #define HAVE_SYS_STAT_H 1
| #define HAVE_STDLIB_H 1
| #define HAVE_STRING_H 1
| #define HAVE_MEMORY_H 1
| #define HAVE_STRINGS_H 1
| #define HAVE_INTTYPES_H 1
| #define HAVE_STDINT_H 1
| #define HAVE_UNISTD_H 1
| #define __EXTENSIONS__ 1
| #define _ALL_SOURCE 1
| #define _GNU_SOURCE 1
| #define _POSIX_PTHREAD_SEMANTICS 1
| #define _TANDEM_SOURCE 1
| #define HAVE_DLFCN_H 1
| #define LT_OBJDIR ".libs/"
| #define HAVE_FENV_H 1
| #define HAVE_LOCALE_H 1
| #define HAVE_WCHAR_H 1
| #define HAVE_WCTYPE_H 1
| #define HAVE_LIMITS_H 1
| #define HAVE_CTYPE_H 1
| #define HAVE_ERRNO_H 1
| /* end confdefs.h.  */
| 
| /* Override any GCC internal prototype to avoid an error.
|    Use char because int might match the return type of a GCC
|    builtin and then its argument prototype would still apply.  */
| #ifdef __cplusplus
| extern "C"
| #endif
| char feupdateenv ();
| int
| main ()
| {
| return feupdateenv ();
|   ;
|   return 0;
| }
configure:12162: result: no
configure:12170: checking for fesetenv in -lm
configure:12198: arm-linux-androideabi-cc     -o conftest -g -O2 -I/Users/regnarts/Documents/androux/androux/platforms/android-9/arch-arm/usr/include/ --sysroot=/Users/regnarts/Documents/androux/androux/platforms/android-9/arch-arm   conftest.c -lm   >&5
conftest.c:46: error: undefined reference to 'fesetenv'
collect2: error: ld returned 1 exit status
configure:12198: $? = 1
configure: failed program was:
| /* confdefs.h */
| #define PACKAGE_NAME "GCC Quad-precision Math Library"
| #define PACKAGE_TARNAME "libquadmath"
| #define PACKAGE_VERSION "0.1"
| #define PACKAGE_STRING "GCC Quad-precision Math Library 0.1"
| #define PACKAGE_BUGREPORT ""
| #define PACKAGE_URL ""
| #define PACKAGE "libquadmath"
| #define VERSION "0.1"
| #define STDC_HEADERS 1
| #define HAVE_SYS_TYPES_H 1
| #define HAVE_SYS_STAT_H 1
| #define HAVE_STDLIB_H 1
| #define HAVE_STRING_H 1
| #define HAVE_MEMORY_H 1
| #define HAVE_STRINGS_H 1
| #define HAVE_INTTYPES_H 1
| #define HAVE_STDINT_H 1
| #define HAVE_UNISTD_H 1
| #define __EXTENSIONS__ 1
| #define _ALL_SOURCE 1
| #define _GNU_SOURCE 1
| #define _POSIX_PTHREAD_SEMANTICS 1
| #define _TANDEM_SOURCE 1
| #define HAVE_DLFCN_H 1
| #define LT_OBJDIR ".libs/"
| #define HAVE_FENV_H 1
| #define HAVE_LOCALE_H 1
| #define HAVE_WCHAR_H 1
| #define HAVE_WCTYPE_H 1
| #define HAVE_LIMITS_H 1
| #define HAVE_CTYPE_H 1
| #define HAVE_ERRNO_H 1
| /* end confdefs.h.  */
| 
| /* Override any GCC internal prototype to avoid an error.
|    Use char because int might match the return type of a GCC
|    builtin and then its argument prototype would still apply.  */
| #ifdef __cplusplus
| extern "C"
| #endif
| char fesetenv ();
| int
| main ()
| {
| return fesetenv ();
|   ;
|   return 0;
| }
configure:12207: result: no
configure:12215: checking for fetestexcept in -lm
configure:12243: arm-linux-androideabi-cc     -o conftest -g -O2 -I/Users/regnarts/Documents/androux/androux/platforms/android-9/arch-arm/usr/include/ --sysroot=/Users/regnarts/Documents/androux/androux/platforms/android-9/arch-arm   conftest.c -lm   >&5
conftest.c:46: error: undefined reference to 'fetestexcept'
collect2: error: ld returned 1 exit status
configure:12243: $? = 1
configure: failed program was:
| /* confdefs.h */
| #define PACKAGE_NAME "GCC Quad-precision Math Library"
| #define PACKAGE_TARNAME "libquadmath"
| #define PACKAGE_VERSION "0.1"
| #define PACKAGE_STRING "GCC Quad-precision Math Library 0.1"
| #define PACKAGE_BUGREPORT ""
| #define PACKAGE_URL ""
| #define PACKAGE "libquadmath"
| #define VERSION "0.1"
| #define STDC_HEADERS 1
| #define HAVE_SYS_TYPES_H 1
| #define HAVE_SYS_STAT_H 1
| #define HAVE_STDLIB_H 1
| #define HAVE_STRING_H 1
| #define HAVE_MEMORY_H 1
| #define HAVE_STRINGS_H 1
| #define HAVE_INTTYPES_H 1
| #define HAVE_STDINT_H 1
| #define HAVE_UNISTD_H 1
| #define __EXTENSIONS__ 1
| #define _ALL_SOURCE 1
| #define _GNU_SOURCE 1
| #define _POSIX_PTHREAD_SEMANTICS 1
| #define _TANDEM_SOURCE 1
| #define HAVE_DLFCN_H 1
| #define LT_OBJDIR ".libs/"
| #define HAVE_FENV_H 1
| #define HAVE_LOCALE_H 1
| #define HAVE_WCHAR_H 1
| #define HAVE_WCTYPE_H 1
| #define HAVE_LIMITS_H 1
| #define HAVE_CTYPE_H 1
| #define HAVE_ERRNO_H 1
| /* end confdefs.h.  */
| 
| /* Override any GCC internal prototype to avoid an error.
|    Use char because int might match the return type of a GCC
|    builtin and then its argument prototype would still apply.  */
| #ifdef __cplusplus
| extern "C"
| #endif
| char fetestexcept ();
| int
| main ()
| {
| return fetestexcept ();
|   ;
|   return 0;
| }
configure:12252: result: no
configure:12262: checking for strtoull
configure:12262: arm-linux-androideabi-cc     -o conftest -g -O2 -I/Users/regnarts/Documents/androux/androux/platforms/android-9/arch-arm/usr/include/ --sysroot=/Users/regnarts/Documents/androux/androux/platforms/android-9/arch-arm   conftest.c  >&5
configure:12262: $? = 0
configure:12262: result: yes
configure:12312: checking whether hidden visibility is supported
configure:12326: arm-linux-androideabi-cc     -c -g -O2 -I/Users/regnarts/Documents/androux/androux/platforms/android-9/arch-arm/usr/include/ --sysroot=/Users/regnarts/Documents/androux/androux/platforms/android-9/arch-arm -Werror  conftest.c >&5
configure:12326: $? = 0
configure:12332: result: yes
configure:12342: checking whether symbol versioning is supported
configure:12378: arm-linux-androideabi-cc     -o conftest -g -O2 -I/Users/regnarts/Documents/androux/androux/platforms/android-9/arch-arm/usr/include/ --sysroot=/Users/regnarts/Documents/androux/androux/platforms/android-9/arch-arm   -fPIC -shared -Wl,--version-script,./conftest.map conftest.c  >&5
configure:12378: $? = 0
configure:12423: result: gnu
configure:12450: checking whether __float128 is supported
configure:12536: arm-linux-androideabi-cc     -o conftest -g -O2 -I/Users/regnarts/Documents/androux/androux/platforms/android-9/arch-arm/usr/include/ --sysroot=/Users/regnarts/Documents/androux/androux/platforms/android-9/arch-arm   conftest.c  >&5
conftest.c:38:5: error: unknown machine mode 'TC'
     typedef _Complex float __attribute__((mode(TC))) __complex128;
     ^
conftest.c:40:5: error: unknown type name '__float128'
     __float128 foo (__float128 x)
     ^
conftest.c:40:21: error: unknown type name '__float128'
     __float128 foo (__float128 x)
                     ^
conftest.c:46:6: error: unsupported non-standard suffix on floating constant
      z2 = x / 7.Q;
      ^
conftest.c:52:5: error: unknown type name '__float128'
     __float128 bar (__float128 x)
     ^
conftest.c:52:21: error: unknown type name '__float128'
     __float128 bar (__float128 x)
                     ^
conftest.c: In function 'main':
conftest.c:61:5: error: unsupported non-standard suffix on floating constant
     foo (1.2Q);
     ^
conftest.c:62:5: error: unsupported non-standard suffix on floating constant
     bar (1.2Q);
     ^
configure:12536: $? = 1
configure: failed program was:
| /* confdefs.h */
| #define PACKAGE_NAME "GCC Quad-precision Math Library"
| #define PACKAGE_TARNAME "libquadmath"
| #define PACKAGE_VERSION "0.1"
| #define PACKAGE_STRING "GCC Quad-precision Math Library 0.1"
| #define PACKAGE_BUGREPORT ""
| #define PACKAGE_URL ""
| #define PACKAGE "libquadmath"
| #define VERSION "0.1"
| #define STDC_HEADERS 1
| #define HAVE_SYS_TYPES_H 1
| #define HAVE_SYS_STAT_H 1
| #define HAVE_STDLIB_H 1
| #define HAVE_STRING_H 1
| #define HAVE_MEMORY_H 1
| #define HAVE_STRINGS_H 1
| #define HAVE_INTTYPES_H 1
| #define HAVE_STDINT_H 1
| #define HAVE_UNISTD_H 1
| #define __EXTENSIONS__ 1
| #define _ALL_SOURCE 1
| #define _GNU_SOURCE 1
| #define _POSIX_PTHREAD_SEMANTICS 1
| #define _TANDEM_SOURCE 1
| #define HAVE_DLFCN_H 1
| #define LT_OBJDIR ".libs/"
| #define HAVE_FENV_H 1
| #define HAVE_LOCALE_H 1
| #define HAVE_WCHAR_H 1
| #define HAVE_WCTYPE_H 1
| #define HAVE_LIMITS_H 1
| #define HAVE_CTYPE_H 1
| #define HAVE_ERRNO_H 1
| #define HAVE_STRTOULL 1
| #define HAVE_HIDDEN_VISIBILITY 1
| /* end confdefs.h.  */
| 
|     typedef _Complex float __attribute__((mode(TC))) __complex128;
| 
|     __float128 foo (__float128 x)
|     {
| 
|      __complex128 z1, z2;
| 
|      z1 = x;
|      z2 = x / 7.Q;
|      z2 /= z1;
| 
|      return (__float128) z2;
|     }
| 
|     __float128 bar (__float128 x)
|     {
|       return x * __builtin_huge_valq ();
|     }
| 
| int
| main ()
| {
| 
|     foo (1.2Q);
|     bar (1.2Q);
| 
|   ;
|   return 0;
| }
configure:12549: result: no
configure:12561: checking whether printf hooks are supported
configure:12586: arm-linux-androideabi-cc     -c -g -O2 -I/Users/regnarts/Documents/androux/androux/platforms/android-9/arch-arm/usr/include/ --sysroot=/Users/regnarts/Documents/androux/androux/platforms/android-9/arch-arm  conftest.c >&5
conftest.c:38:20: fatal error: printf.h: No such file or directory
 #include <printf.h>
                    ^
compilation terminated.
configure:12586: $? = 1
configure: failed program was:
| /* confdefs.h */
| #define PACKAGE_NAME "GCC Quad-precision Math Library"
| #define PACKAGE_TARNAME "libquadmath"
| #define PACKAGE_VERSION "0.1"
| #define PACKAGE_STRING "GCC Quad-precision Math Library 0.1"
| #define PACKAGE_BUGREPORT ""
| #define PACKAGE_URL ""
| #define PACKAGE "libquadmath"
| #define VERSION "0.1"
| #define STDC_HEADERS 1
| #define HAVE_SYS_TYPES_H 1
| #define HAVE_SYS_STAT_H 1
| #define HAVE_STDLIB_H 1
| #define HAVE_STRING_H 1
| #define HAVE_MEMORY_H 1
| #define HAVE_STRINGS_H 1
| #define HAVE_INTTYPES_H 1
| #define HAVE_STDINT_H 1
| #define HAVE_UNISTD_H 1
| #define __EXTENSIONS__ 1
| #define _ALL_SOURCE 1
| #define _GNU_SOURCE 1
| #define _POSIX_PTHREAD_SEMANTICS 1
| #define _TANDEM_SOURCE 1
| #define HAVE_DLFCN_H 1
| #define LT_OBJDIR ".libs/"
| #define HAVE_FENV_H 1
| #define HAVE_LOCALE_H 1
| #define HAVE_WCHAR_H 1
| #define HAVE_WCTYPE_H 1
| #define HAVE_LIMITS_H 1
| #define HAVE_CTYPE_H 1
| #define HAVE_ERRNO_H 1
| #define HAVE_STRTOULL 1
| #define HAVE_HIDDEN_VISIBILITY 1
| /* end confdefs.h.  */
| 
| #include <printf.h>
| #include <stdarg.h>
| #include <stdlib.h>
| extern void flt128_va (void *, va_list *);
| extern int flt128_ais (const struct printf_info *, size_t, int *, int *);
| extern int flt128_printf_fp (FILE *, const struct printf_info *, const void *const *);
| 
| int
| main ()
| {
| 
| int pa_flt128 = register_printf_type (flt128_va);
| int mod_Q = register_printf_modifier (L"Q");
| int res = register_printf_specifier ('f', flt128_printf_fp, flt128_ais);
| struct printf_info info = { .user = -1 };
| 
|   ;
|   return 0;
| }
configure:12592: result: no
configure:12602: checking whether nl_langinfo should be used
configure:12624: arm-linux-androideabi-cc     -c -g -O2 -I/Users/regnarts/Documents/androux/androux/platforms/android-9/arch-arm/usr/include/ --sysroot=/Users/regnarts/Documents/androux/androux/platforms/android-9/arch-arm  conftest.c >&5
conftest.c:37:22: fatal error: langinfo.h: No such file or directory
 #include <langinfo.h>
                      ^
compilation terminated.
configure:12624: $? = 1
configure: failed program was:
| /* confdefs.h */
| #define PACKAGE_NAME "GCC Quad-precision Math Library"
| #define PACKAGE_TARNAME "libquadmath"
| #define PACKAGE_VERSION "0.1"
| #define PACKAGE_STRING "GCC Quad-precision Math Library 0.1"
| #define PACKAGE_BUGREPORT ""
| #define PACKAGE_URL ""
| #define PACKAGE "libquadmath"
| #define VERSION "0.1"
| #define STDC_HEADERS 1
| #define HAVE_SYS_TYPES_H 1
| #define HAVE_SYS_STAT_H 1
| #define HAVE_STDLIB_H 1
| #define HAVE_STRING_H 1
| #define HAVE_MEMORY_H 1
| #define HAVE_STRINGS_H 1
| #define HAVE_INTTYPES_H 1
| #define HAVE_STDINT_H 1
| #define HAVE_UNISTD_H 1
| #define __EXTENSIONS__ 1
| #define _ALL_SOURCE 1
| #define _GNU_SOURCE 1
| #define _POSIX_PTHREAD_SEMANTICS 1
| #define _TANDEM_SOURCE 1
| #define HAVE_DLFCN_H 1
| #define LT_OBJDIR ".libs/"
| #define HAVE_FENV_H 1
| #define HAVE_LOCALE_H 1
| #define HAVE_WCHAR_H 1
| #define HAVE_WCTYPE_H 1
| #define HAVE_LIMITS_H 1
| #define HAVE_CTYPE_H 1
| #define HAVE_ERRNO_H 1
| #define HAVE_STRTOULL 1
| #define HAVE_HIDDEN_VISIBILITY 1
| /* end confdefs.h.  */
| #include <langinfo.h>
| int
| main ()
| {
| 
| const char *s;
| s = nl_langinfo (DECIMAL_POINT);
| s = nl_langinfo (MON_DECIMAL_POINT);
| s = nl_langinfo (GROUPING);
| s = nl_langinfo (MON_GROUPING);
| s = nl_langinfo (THOUSANDS_SEP);
| s = nl_langinfo (MON_THOUSANDS_SEP);
| (void) s;
| 
|   ;
|   return 0;
| }
configure:12630: result: no
configure:12638: checking whether nl_langinfo should be used for wide char locale info
configure:12658: arm-linux-androideabi-cc     -c -g -O2 -I/Users/regnarts/Documents/androux/androux/platforms/android-9/arch-arm/usr/include/ --sysroot=/Users/regnarts/Documents/androux/androux/platforms/android-9/arch-arm  conftest.c >&5
conftest.c:37:22: fatal error: langinfo.h: No such file or directory
 #include <langinfo.h>
                      ^
compilation terminated.
configure:12658: $? = 1
configure: failed program was:
| /* confdefs.h */
| #define PACKAGE_NAME "GCC Quad-precision Math Library"
| #define PACKAGE_TARNAME "libquadmath"
| #define PACKAGE_VERSION "0.1"
| #define PACKAGE_STRING "GCC Quad-precision Math Library 0.1"
| #define PACKAGE_BUGREPORT ""
| #define PACKAGE_URL ""
| #define PACKAGE "libquadmath"
| #define VERSION "0.1"
| #define STDC_HEADERS 1
| #define HAVE_SYS_TYPES_H 1
| #define HAVE_SYS_STAT_H 1
| #define HAVE_STDLIB_H 1
| #define HAVE_STRING_H 1
| #define HAVE_MEMORY_H 1
| #define HAVE_STRINGS_H 1
| #define HAVE_INTTYPES_H 1
| #define HAVE_STDINT_H 1
| #define HAVE_UNISTD_H 1
| #define __EXTENSIONS__ 1
| #define _ALL_SOURCE 1
| #define _GNU_SOURCE 1
| #define _POSIX_PTHREAD_SEMANTICS 1
| #define _TANDEM_SOURCE 1
| #define HAVE_DLFCN_H 1
| #define LT_OBJDIR ".libs/"
| #define HAVE_FENV_H 1
| #define HAVE_LOCALE_H 1
| #define HAVE_WCHAR_H 1
| #define HAVE_WCTYPE_H 1
| #define HAVE_LIMITS_H 1
| #define HAVE_CTYPE_H 1
| #define HAVE_ERRNO_H 1
| #define HAVE_STRTOULL 1
| #define HAVE_HIDDEN_VISIBILITY 1
| /* end confdefs.h.  */
| #include <langinfo.h>
| int
| main ()
| {
| 
| const char *s;
| s = nl_langinfo (_NL_NUMERIC_DECIMAL_POINT_WC);
| s = nl_langinfo (_NL_MONETARY_DECIMAL_POINT_WC);
| s = nl_langinfo (_NL_NUMERIC_THOUSANDS_SEP_WC);
| s = nl_langinfo (_NL_MONETARY_THOUSANDS_SEP_WC);
| (void) s;
| 
|   ;
|   return 0;
| }
configure:12664: result: no
configure:12672: checking whether localeconv should be used
configure:12695: arm-linux-androideabi-cc     -c -g -O2 -I/Users/regnarts/Documents/androux/androux/platforms/android-9/arch-arm/usr/include/ --sysroot=/Users/regnarts/Documents/androux/androux/platforms/android-9/arch-arm  conftest.c >&5
conftest.c: In function 'main':
conftest.c:44:6: error: 'const struct lconv' has no member named 'decimal_point'
 s = l->decimal_point;
      ^
conftest.c:45:6: error: 'const struct lconv' has no member named 'mon_decimal_point'
 s = l->mon_decimal_point;
      ^
conftest.c:46:6: error: 'const struct lconv' has no member named 'grouping'
 s = l->grouping;
      ^
conftest.c:47:6: error: 'const struct lconv' has no member named 'mon_grouping'
 s = l->mon_grouping;
      ^
conftest.c:48:6: error: 'const struct lconv' has no member named 'thousands_sep'
 s = l->thousands_sep;
      ^
conftest.c:49:6: error: 'const struct lconv' has no member named 'mon_thousands_sep'
 s = l->mon_thousands_sep;
      ^
configure:12695: $? = 1
configure: failed program was:
| /* confdefs.h */
| #define PACKAGE_NAME "GCC Quad-precision Math Library"
| #define PACKAGE_TARNAME "libquadmath"
| #define PACKAGE_VERSION "0.1"
| #define PACKAGE_STRING "GCC Quad-precision Math Library 0.1"
| #define PACKAGE_BUGREPORT ""
| #define PACKAGE_URL ""
| #define PACKAGE "libquadmath"
| #define VERSION "0.1"
| #define STDC_HEADERS 1
| #define HAVE_SYS_TYPES_H 1
| #define HAVE_SYS_STAT_H 1
| #define HAVE_STDLIB_H 1
| #define HAVE_STRING_H 1
| #define HAVE_MEMORY_H 1
| #define HAVE_STRINGS_H 1
| #define HAVE_INTTYPES_H 1
| #define HAVE_STDINT_H 1
| #define HAVE_UNISTD_H 1
| #define __EXTENSIONS__ 1
| #define _ALL_SOURCE 1
| #define _GNU_SOURCE 1
| #define _POSIX_PTHREAD_SEMANTICS 1
| #define _TANDEM_SOURCE 1
| #define HAVE_DLFCN_H 1
| #define LT_OBJDIR ".libs/"
| #define HAVE_FENV_H 1
| #define HAVE_LOCALE_H 1
| #define HAVE_WCHAR_H 1
| #define HAVE_WCTYPE_H 1
| #define HAVE_LIMITS_H 1
| #define HAVE_CTYPE_H 1
| #define HAVE_ERRNO_H 1
| #define HAVE_STRTOULL 1
| #define HAVE_HIDDEN_VISIBILITY 1
| /* end confdefs.h.  */
| #include <locale.h>
| int
| main ()
| {
| 
| const struct lconv *l = localeconv ();
| const char *s;
| s = l->decimal_point;
| s = l->mon_decimal_point;
| s = l->grouping;
| s = l->mon_grouping;
| s = l->thousands_sep;
| s = l->mon_thousands_sep;
| (void) s;
| 
|   ;
|   return 0;
| }
configure:12701: result: no
configure:12711: checking whether i18n number rewriting support for quadmath_snprintf should be added
configure:12740: arm-linux-androideabi-cc     -c -g -O2 -I/Users/regnarts/Documents/androux/androux/platforms/android-9/arch-arm/usr/include/ --sysroot=/Users/regnarts/Documents/androux/androux/platforms/android-9/arch-arm  conftest.c >&5
conftest.c:37:22: fatal error: langinfo.h: No such file or directory
 #include <langinfo.h>
                      ^
compilation terminated.
configure:12740: $? = 1
configure: failed program was:
| /* confdefs.h */
| #define PACKAGE_NAME "GCC Quad-precision Math Library"
| #define PACKAGE_TARNAME "libquadmath"
| #define PACKAGE_VERSION "0.1"
| #define PACKAGE_STRING "GCC Quad-precision Math Library 0.1"
| #define PACKAGE_BUGREPORT ""
| #define PACKAGE_URL ""
| #define PACKAGE "libquadmath"
| #define VERSION "0.1"
| #define STDC_HEADERS 1
| #define HAVE_SYS_TYPES_H 1
| #define HAVE_SYS_STAT_H 1
| #define HAVE_STDLIB_H 1
| #define HAVE_STRING_H 1
| #define HAVE_MEMORY_H 1
| #define HAVE_STRINGS_H 1
| #define HAVE_INTTYPES_H 1
| #define HAVE_STDINT_H 1
| #define HAVE_UNISTD_H 1
| #define __EXTENSIONS__ 1
| #define _ALL_SOURCE 1
| #define _GNU_SOURCE 1
| #define _POSIX_PTHREAD_SEMANTICS 1
| #define _TANDEM_SOURCE 1
| #define HAVE_DLFCN_H 1
| #define LT_OBJDIR ".libs/"
| #define HAVE_FENV_H 1
| #define HAVE_LOCALE_H 1
| #define HAVE_WCHAR_H 1
| #define HAVE_WCTYPE_H 1
| #define HAVE_LIMITS_H 1
| #define HAVE_CTYPE_H 1
| #define HAVE_ERRNO_H 1
| #define HAVE_STRTOULL 1
| #define HAVE_HIDDEN_VISIBILITY 1
| /* end confdefs.h.  */
| #include <langinfo.h>
| #include <limits.h>
| #include <string.h>
| #include <wchar.h>
| #include <wctype.h>
| int
| main ()
| {
| 
| const char *s;
| char decimal[MB_LEN_MAX];
| wctrans_t map = wctrans ("to_outpunct");
| wint_t wdecimal = towctrans (L'.', map);
| mbstate_t state;
| memset (&state, '\0', sizeof (state));
| wcrtomb (decimal, wdecimal, &state);
| s = nl_langinfo (_NL_CTYPE_OUTDIGIT0_MB);
| s = nl_langinfo (_NL_CTYPE_OUTDIGIT0_WC);
| s = nl_langinfo (_NL_CTYPE_MB_CUR_MAX);
| (void) s;
| 
|   ;
|   return 0;
| }
configure:12746: result: no
configure:12819: updating cache ./config.cache
configure:12841: checking generated-files-in-srcdir
configure:12854: result: no
configure:13018: creating ./config.status

## ---------------------- ##
## Running config.status. ##
## ---------------------- ##

This file was extended by GCC Quad-precision Math Library config.status 0.1, which was
generated by GNU Autoconf 2.64.  Invocation command line was

  CONFIG_FILES    = 
  CONFIG_HEADERS  = 
  CONFIG_LINKS    = 
  CONFIG_COMMANDS = 
  $ ./config.status 

on Anushruths-MacBook-Air.local

config.status:1125: creating Makefile
config.status:1125: creating config.h
config.status:1338: executing depfiles commands
config.status:1338: executing libtool commands
config.status:1338: executing default-1 commands

## ---------------- ##
## Cache variables. ##
## ---------------- ##

ac_cv_build=i386-apple-darwin14.0.0
ac_cv_c_compiler_gnu=yes
ac_cv_env_CC_set=set
ac_cv_env_CC_value='arm-linux-androideabi-cc    '
ac_cv_env_CFLAGS_set=set
ac_cv_env_CFLAGS_value='-g -O2 -I/Users/regnarts/Documents/androux/androux/platforms/android-9/arch-arm/usr/include/ --sysroot=/Users/regnarts/Documents/androux/androux/platforms/android-9/arch-arm'
ac_cv_env_CPPFLAGS_set=set
ac_cv_env_CPPFLAGS_value=
ac_cv_env_CPP_set=
ac_cv_env_CPP_value=
ac_cv_env_LDFLAGS_set=set
ac_cv_env_LDFLAGS_value=
ac_cv_env_LIBS_set=
ac_cv_env_LIBS_value=
ac_cv_env_build_alias_set=set
ac_cv_env_build_alias_value=i386-apple-darwin14.0.0
ac_cv_env_host_alias_set=set
ac_cv_env_host_alias_value=arm-linux-androideabi
ac_cv_env_target_alias_set=set
ac_cv_env_target_alias_value=arm-linux-androideabi
ac_cv_func_strtoull=yes
ac_cv_header_ctype_h=yes
ac_cv_header_dlfcn_h=yes
ac_cv_header_errno_h=yes
ac_cv_header_fenv_h=yes
ac_cv_header_inttypes_h=yes
ac_cv_header_langinfo_h=no
ac_cv_header_limits_h=yes
ac_cv_header_locale_h=yes
ac_cv_header_memory_h=yes
ac_cv_header_minix_config_h=no
ac_cv_header_printf_h=no
ac_cv_header_stdc=yes
ac_cv_header_stdint_h=yes
ac_cv_header_stdlib_h=yes
ac_cv_header_string_h=yes
ac_cv_header_strings_h=yes
ac_cv_header_sys_stat_h=yes
ac_cv_header_sys_types_h=yes
ac_cv_header_unistd_h=yes
ac_cv_header_wchar_h=yes
ac_cv_header_wctype_h=yes
ac_cv_host=arm-unknown-linux-androideabi
ac_cv_lib_m_cbrtl=no
ac_cv_lib_m_feholdexcept=no
ac_cv_lib_m_fesetenv=no
ac_cv_lib_m_fesetround=no
ac_cv_lib_m_fetestexcept=no
ac_cv_lib_m_feupdateenv=no
ac_cv_lib_m_sqrtl=no
ac_cv_objext=o
ac_cv_path_EGREP='/usr/bin/grep -E'
ac_cv_path_FGREP='/usr/bin/grep -F'
ac_cv_path_GREP=/usr/bin/grep
ac_cv_path_SED=/usr/bin/sed
ac_cv_prog_AR=/Users/regnarts/Documents/androux/androux/toolchains/arm-linux-androideabi-4.8/prebuilt/darwin-x86_64/bin/../lib/gcc/arm-linux-androideabi/4.8/../../../../arm-linux-androideabi/bin/ar
ac_cv_prog_AWK=awk
ac_cv_prog_CC='arm-linux-androideabi-cc    '
ac_cv_prog_CPP='arm-linux-androideabi-cc     -E'
ac_cv_prog_MAKEINFO='makeinfo --split-size=5000000'
ac_cv_prog_OBJDUMP=/Users/regnarts/Documents/androux/androux/toolchains/arm-linux-androideabi-4.8/prebuilt/darwin-x86_64/bin/../lib/gcc/arm-linux-androideabi/4.8/../../../../arm-linux-androideabi/bin/objdump
ac_cv_prog_RANLIB=/Users/regnarts/Documents/androux/androux/toolchains/arm-linux-androideabi-4.8/prebuilt/darwin-x86_64/bin/../lib/gcc/arm-linux-androideabi/4.8/../../../../arm-linux-androideabi/bin/ranlib
ac_cv_prog_STRIP=/Users/regnarts/Documents/androux/androux/toolchains/arm-linux-androideabi-4.8/prebuilt/darwin-x86_64/bin/../lib/gcc/arm-linux-androideabi/4.8/../../../../arm-linux-androideabi/bin/strip
ac_cv_prog_cc_arm_linux_androideabi_cc_c_o=yes
ac_cv_prog_cc_c89=
ac_cv_prog_cc_g=yes
ac_cv_prog_make__Applications_Xcode_app_Contents_Developer_usr_bin_make_set=yes
ac_cv_safe_to_define___extensions__=yes
ac_cv_target=arm-unknown-linux-androideabi
am_cv_CC_dependencies_compiler_type=gcc3
gcc_cv_prog_makeinfo_modern=yes
libquad_cv_have_float128=no
lt_cv_archive_cmds_need_lc=no
lt_cv_deplibs_check_method=pass_all
lt_cv_file_magic_cmd='$MAGIC_CMD'
lt_cv_file_magic_test_file=
lt_cv_ld_reload_flag=-r
lt_cv_nm_interface='BSD nm'
lt_cv_objdir=.libs
lt_cv_path_LD=/Users/regnarts/Documents/androux/androux/toolchains/arm-linux-androideabi-4.8/prebuilt/darwin-x86_64/bin/../lib/gcc/arm-linux-androideabi/4.8/../../../../arm-linux-androideabi/bin/ld
lt_cv_path_NM=/Users/regnarts/Documents/androux/androux/toolchains/arm-linux-androideabi-4.8/prebuilt/darwin-x86_64/bin/../lib/gcc/arm-linux-androideabi/4.8/../../../../arm-linux-androideabi/bin/nm
lt_cv_prog_compiler_c_o=yes
lt_cv_prog_compiler_pic_works=yes
lt_cv_prog_compiler_rtti_exceptions=no
lt_cv_prog_compiler_static_works=yes
lt_cv_prog_gnu_ld=yes
lt_cv_shlibpath_overrides_runpath=yes
lt_cv_sys_global_symbol_pipe='sed -n -e '\''s/^.*[	 ]\([ABCDGIRSTW][ABCDGIRSTW]*\)[	 ][	 ]*\([_A-Za-z][_A-Za-z0-9]*\)$/\1 \2 \2/p'\'''
lt_cv_sys_global_symbol_to_c_name_address='sed -n -e '\''s/^: \([^ ]*\) $/  {\"\1\", (void *) 0},/p'\'' -e '\''s/^[ABCDGIRSTW]* \([^ ]*\) \([^ ]*\)$/  {"\2", (void *) \&\2},/p'\'''
lt_cv_sys_global_symbol_to_c_name_address_lib_prefix='sed -n -e '\''s/^: \([^ ]*\) $/  {\"\1\", (void *) 0},/p'\'' -e '\''s/^[ABCDGIRSTW]* \([^ ]*\) \(lib[^ ]*\)$/  {"\2", (void *) \&\2},/p'\'' -e '\''s/^[ABCDGIRSTW]* \([^ ]*\) \([^ ]*\)$/  {"lib\2", (void *) \&\2},/p'\'''
lt_cv_sys_global_symbol_to_cdecl='sed -n -e '\''s/^T .* \(.*\)$/extern int \1();/p'\'' -e '\''s/^[ABCDGIRSTW]* .* \(.*\)$/extern char \1;/p'\'''
lt_cv_sys_max_cmd_len=196608

## ----------------- ##
## Output variables. ##
## ----------------- ##

ACLOCAL='${SHELL} /Users/regnarts/Documents/androux/androux/gcc/missing --run aclocal-1.11'
AMDEPBACKSLASH='\'
AMDEP_FALSE='#'
AMDEP_TRUE=''
AMTAR='${SHELL} /Users/regnarts/Documents/androux/androux/gcc/missing --run tar'
AR='/Users/regnarts/Documents/androux/androux/toolchains/arm-linux-androideabi-4.8/prebuilt/darwin-x86_64/bin/../lib/gcc/arm-linux-androideabi/4.8/../../../../arm-linux-androideabi/bin/ar'
AUTOCONF='${SHELL} /Users/regnarts/Documents/androux/androux/gcc/missing --run autoconf'
AUTOHEADER='${SHELL} /Users/regnarts/Documents/androux/androux/gcc/missing --run autoheader'
AUTOMAKE='${SHELL} /Users/regnarts/Documents/androux/androux/gcc/missing --run automake-1.11'
AWK='awk'
BUILD_INFO_FALSE='#'
BUILD_INFO_TRUE=''
BUILD_LIBQUADMATH_FALSE=''
BUILD_LIBQUADMATH_TRUE='#'
CC='arm-linux-androideabi-cc    '
CCDEPMODE='depmode=gcc3'
CFLAGS='-g -O2 -I/Users/regnarts/Documents/androux/androux/platforms/android-9/arch-arm/usr/include/ --sysroot=/Users/regnarts/Documents/androux/androux/platforms/android-9/arch-arm'
CPP='arm-linux-androideabi-cc     -E'
CPPFLAGS=''
CYGPATH_W='echo'
DEFS='-DHAVE_CONFIG_H'
DEPDIR='.deps'
DSYMUTIL=''
DUMPBIN=''
ECHO_C='\c'
ECHO_N=''
ECHO_T=''
EGREP='/usr/bin/grep -E'
EXEEXT=''
FGREP='/usr/bin/grep -F'
GENINSRC_FALSE=''
GENINSRC_TRUE='#'
GREP='/usr/bin/grep'
INSTALL_DATA='/usr/bin/install -c -m 644'
INSTALL_PROGRAM='/usr/bin/install -c'
INSTALL_SCRIPT='/usr/bin/install -c'
INSTALL_STRIP_PROGRAM='$(install_sh) -c -s'
LD='/Users/regnarts/Documents/androux/androux/toolchains/arm-linux-androideabi-4.8/prebuilt/darwin-x86_64/bin/../lib/gcc/arm-linux-androideabi/4.8/../../../../arm-linux-androideabi/bin/ld'
LDFLAGS=''
LIBOBJS=''
LIBQUAD_USE_SYMVER_FALSE='#'
LIBQUAD_USE_SYMVER_GNU_FALSE='#'
LIBQUAD_USE_SYMVER_GNU_TRUE=''
LIBQUAD_USE_SYMVER_SUN_FALSE=''
LIBQUAD_USE_SYMVER_SUN_TRUE='#'
LIBQUAD_USE_SYMVER_TRUE=''
LIBS=''
LIBTOOL='$(SHELL) $(top_builddir)/libtool'
LIPO='arm-linux-androideabi-lipo'
LN_S='ln -s'
LTLIBOBJS=''
MAINT='#'
MAINTAINER_MODE_FALSE=''
MAINTAINER_MODE_TRUE='#'
MAKEINFO='makeinfo --split-size=5000000'
MKDIR_P='../../../gcc/libquadmath/../install-sh -c -d'
NM='/Users/regnarts/Documents/androux/androux/toolchains/arm-linux-androideabi-4.8/prebuilt/darwin-x86_64/bin/../lib/gcc/arm-linux-androideabi/4.8/../../../../arm-linux-androideabi/bin/nm'
NMEDIT=''
OBJDUMP='/Users/regnarts/Documents/androux/androux/toolchains/arm-linux-androideabi-4.8/prebuilt/darwin-x86_64/bin/../lib/gcc/arm-linux-androideabi/4.8/../../../../arm-linux-androideabi/bin/objdump'
OBJEXT='o'
OTOOL64=''
OTOOL=''
PACKAGE='libquadmath'
PACKAGE_BUGREPORT=''
PACKAGE_NAME='GCC Quad-precision Math Library'
PACKAGE_STRING='GCC Quad-precision Math Library 0.1'
PACKAGE_TARNAME='libquadmath'
PACKAGE_URL=''
PACKAGE_VERSION='0.1'
PATH_SEPARATOR=':'
RANLIB='/Users/regnarts/Documents/androux/androux/toolchains/arm-linux-androideabi-4.8/prebuilt/darwin-x86_64/bin/../lib/gcc/arm-linux-androideabi/4.8/../../../../arm-linux-androideabi/bin/ranlib'
REPORT_BUGS_TEXI='@uref{http://gcc.gnu.org/bugs.html}'
REPORT_BUGS_TO='<http://gcc.gnu.org/bugs.html>'
SED='/usr/bin/sed'
SET_MAKE=''
SHELL='/bin/sh'
STRIP='/Users/regnarts/Documents/androux/androux/toolchains/arm-linux-androideabi-4.8/prebuilt/darwin-x86_64/bin/../lib/gcc/arm-linux-androideabi/4.8/../../../../arm-linux-androideabi/bin/strip'
VERSION='0.1'
ac_ct_CC=''
ac_ct_DUMPBIN=''
am__EXEEXT_FALSE=''
am__EXEEXT_TRUE='#'
am__fastdepCC_FALSE='#'
am__fastdepCC_TRUE=''
am__include='include'
am__isrc=' -I$(srcdir)'
am__leading_dot='.'
am__quote=''
am__tar='${AMTAR} chof - "$$tardir"'
am__untar='${AMTAR} xf -'
bindir='${exec_prefix}/bin'
build='i386-apple-darwin14.0.0'
build_alias='i386-apple-darwin14.0.0'
build_cpu='i386'
build_os='darwin14.0.0'
build_vendor='apple'
datadir='${datarootdir}'
datarootdir='${prefix}/share'
docdir='${datarootdir}/doc/${PACKAGE_TARNAME}'
dvidir='${docdir}'
enable_shared='yes'
enable_static='yes'
exec_prefix='${prefix}'
host='arm-unknown-linux-androideabi'
host_alias='arm-linux-androideabi'
host_cpu='arm'
host_os='linux-androideabi'
host_vendor='unknown'
htmldir='${docdir}'
includedir='${prefix}/include'
infodir='${datarootdir}/info'
install_sh='${SHELL} /Users/regnarts/Documents/androux/androux/gcc/install-sh'
libdir='${exec_prefix}/lib'
libexecdir='${exec_prefix}/libexec'
localedir='${datarootdir}/locale'
localstatedir='${prefix}/var'
lt_host_flags=''
mandir='${datarootdir}/man'
mkdir_p='$(top_builddir)/../../../gcc/libquadmath/../install-sh -c -d'
multi_basedir='../../../gcc/libquadmath/..'
oldincludedir='/usr/include'
pdfdir='${docdir}'
prefix='/Users/regnarts/Documents/androux/androux/system'
program_transform_name='s,y,y,'
psdir='${docdir}'
sbindir='${exec_prefix}/sbin'
sharedstatedir='${prefix}/com'
sysconfdir='${prefix}/etc'
target='arm-unknown-linux-androideabi'
target_alias='arm-linux-androideabi'
target_cpu='arm'
target_noncanonical='arm-linux-androideabi'
target_os='linux-androideabi'
target_vendor='unknown'
toolexecdir='$(libdir)/gcc-lib/$(target_alias)'
toolexeclibdir='$(libdir)'

## ----------- ##
## confdefs.h. ##
## ----------- ##

/* confdefs.h */
#define PACKAGE_NAME "GCC Quad-precision Math Library"
#define PACKAGE_TARNAME "libquadmath"
#define PACKAGE_VERSION "0.1"
#define PACKAGE_STRING "GCC Quad-precision Math Library 0.1"
#define PACKAGE_BUGREPORT ""
#define PACKAGE_URL ""
#define PACKAGE "libquadmath"
#define VERSION "0.1"
#define STDC_HEADERS 1
#define HAVE_SYS_TYPES_H 1
#define HAVE_SYS_STAT_H 1
#define HAVE_STDLIB_H 1
#define HAVE_STRING_H 1
#define HAVE_MEMORY_H 1
#define HAVE_STRINGS_H 1
#define HAVE_INTTYPES_H 1
#define HAVE_STDINT_H 1
#define HAVE_UNISTD_H 1
#define __EXTENSIONS__ 1
#define _ALL_SOURCE 1
#define _GNU_SOURCE 1
#define _POSIX_PTHREAD_SEMANTICS 1
#define _TANDEM_SOURCE 1
#define HAVE_DLFCN_H 1
#define LT_OBJDIR ".libs/"
#define HAVE_FENV_H 1
#define HAVE_LOCALE_H 1
#define HAVE_WCHAR_H 1
#define HAVE_WCTYPE_H 1
#define HAVE_LIMITS_H 1
#define HAVE_CTYPE_H 1
#define HAVE_ERRNO_H 1
#define HAVE_STRTOULL 1
#define HAVE_HIDDEN_VISIBILITY 1

configure: exit 0
